2020-04-22T09:37:32.612Z [fbb1b9e145b366  ] [ACCEPTED LOGIN]   for client : jffe@000 / 127.0.0.1.
2020-04-22T09:37:41.492Z [2cbc000c7ebb8910] [ACCEPTED LOGIN]   for client : anonymous / 172.17.0.1.
2020-04-22T09:37:41.657Z [2cbc000c7ebb8910] [ACCEPTED LOGIN]   for client : anonymous / 172.17.0.1.
2020-04-22T09:37:41.782Z [219dd36eaae76413] [ACCEPTED LOGIN]   for client : anonymous / 172.17.0.1.
2020-04-22T09:37:42.178Z [6cae2ecb3557d382] [ACCEPTED LOGIN]   for client : anonymous / 172.17.0.1.
2020-04-22T09:37:43.786Z [1c53d99d05369fb0] [ACCEPTED LOGIN]   for client : anonymous / 172.17.0.1.
2020-04-22T09:37:47.540Z [55510533ccfd5ec8] [ACCEPTED LOGIN]   for client : admin / 172.17.0.1.
2020-04-22T09:37:47.871Z [5d8e8c758cd9c3dc] [ACCEPTED LOGIN]   for client : admin / 172.17.0.1.
2020-04-22T09:37:47.922Z [3f290e0bcf29e26b] [ACCEPTED LOGIN]   for client : admin / 172.17.0.1.
2020-04-22T09:37:58.637Z [6830756aff1ceccf] [ACCEPTED LOGIN]   for client : admin / 172.17.0.1.
2020-04-22T09:37:58.656Z [369bd3f9671b87c5] [ACCEPTED LOGIN]   for client : admin / 172.17.0.1.
2020-04-22T09:38:04.897Z [21db6a1ca2851c87] [ACCEPTED LOGIN]   for client : jffe@000 / 127.0.0.1.
2020-04-22T09:38:04.904Z [40d3ea16aab8eb11] [ACCEPTED LOGIN]   for client : jffe@000 / 127.0.0.1.
2020-04-22T09:38:04.916Z [42609076d4d07f6d] [ACCEPTED LOGIN]   for client : jffe@000 / 127.0.0.1.
2020-04-22T09:38:04.925Z [24b78fc09721a513] [ACCEPTED LOGIN]   for client : jffe@000 / 127.0.0.1.
2020-04-22T09:38:13.188Z [2e0338b43271a2ee] [ACCEPTED DELETE] example-repo-local:  for client : admin / 172.17.0.1.
2020-04-22T09:38:13.316Z [2e0338b43271a2ee] [ACCEPTED CONFIGURATION_CHANGE]   for client : admin / 172.17.0.1.
2020-04-22T09:38:16.088Z [349a63596bfd6e1a] [ACCEPTED LOGIN]   for client : admin / 172.17.0.1.
2020-04-22T09:38:16.097Z [349a63596bfd6e1a] [ACCEPTED LOGIN]   for client : admin / 172.17.0.1.
2020-04-22T09:38:34.872Z [4622d27a1f1a2881] [ACCEPTED LOGIN]   for client : jffe@000 / 127.0.0.1.
2020-04-22T09:38:34.872Z [10e49144b2ba2949] [ACCEPTED LOGIN]   for client : jffe@000 / 127.0.0.1.
2020-04-22T09:38:34.877Z [6e5735f545068cb ] [ACCEPTED LOGIN]   for client : jffe@000 / 127.0.0.1.
2020-04-22T09:38:34.892Z [56b085b6f578339 ] [ACCEPTED LOGIN]   for client : jffe@000 / 127.0.0.1.
2020-04-22T09:38:37.770Z [2c0fedbc0c2127a9] [ACCEPTED LOGIN]   for client : admin / 172.17.0.1.
2020-04-22T09:39:02.783Z [6a53a72a4566000a] [ACCEPTED LOGIN]   for client : admin / 172.17.0.1.
2020-04-22T09:39:04.877Z [40574b6dfa827b49] [ACCEPTED LOGIN]   for client : jffe@000 / 127.0.0.1.
2020-04-22T09:39:04.884Z [624bc666f97b9566] [ACCEPTED LOGIN]   for client : jffe@000 / 127.0.0.1.
2020-04-22T09:39:04.885Z [1703c7dedcfe2fb8] [ACCEPTED LOGIN]   for client : jffe@000 / 127.0.0.1.
2020-04-22T09:39:04.886Z [5101f6cb27e502f0] [ACCEPTED LOGIN]   for client : jffe@000 / 127.0.0.1.
2020-04-22T09:39:27.772Z [15730548977907dc] [ACCEPTED LOGIN]   for client : admin / 172.17.0.1.
2020-04-22T09:39:34.881Z [22aeb98add90f010] [ACCEPTED LOGIN]   for client : jffe@000 / 127.0.0.1.
2020-04-22T09:39:34.881Z [4d5ed273346ac426] [ACCEPTED LOGIN]   for client : jffe@000 / 127.0.0.1.
2020-04-22T09:39:34.888Z [55c4a14196e4e539] [ACCEPTED LOGIN]   for client : jffe@000 / 127.0.0.1.
2020-04-22T09:39:34.890Z [6b6ad3d79a000032] [ACCEPTED LOGIN]   for client : jffe@000 / 127.0.0.1.
2020-04-22T09:39:52.769Z [68f725eab2625374] [ACCEPTED LOGIN]   for client : admin / 172.17.0.1.
2020-04-22T09:40:04.878Z [500b1b6c671e3c55] [ACCEPTED LOGIN]   for client : jffe@000 / 127.0.0.1.
2020-04-22T09:40:04.879Z [65f5b45ad2ab9e01] [ACCEPTED LOGIN]   for client : jffe@000 / 127.0.0.1.
2020-04-22T09:40:04.886Z [6930ecb5249f7cb ] [ACCEPTED LOGIN]   for client : jffe@000 / 127.0.0.1.
2020-04-22T09:40:04.887Z [7d3728e6b160245e] [ACCEPTED LOGIN]   for client : jffe@000 / 127.0.0.1.
2020-04-22T09:40:17.782Z [1f16643f3b321487] [ACCEPTED LOGIN]   for client : admin / 172.17.0.1.
2020-04-22T09:40:34.881Z [85d089587ae7f2f ] [ACCEPTED LOGIN]   for client : jffe@000 / 127.0.0.1.
2020-04-22T09:40:34.883Z [203f4f73ca08637 ] [ACCEPTED LOGIN]   for client : jffe@000 / 127.0.0.1.
2020-04-22T09:40:34.884Z [54967dc94055016a] [ACCEPTED LOGIN]   for client : jffe@000 / 127.0.0.1.
2020-04-22T09:40:34.897Z [2cc7c6df7c7d9c67] [ACCEPTED LOGIN]   for client : jffe@000 / 127.0.0.1.
2020-04-22T09:40:42.774Z [786f1076e333c374] [ACCEPTED LOGIN]   for client : admin / 172.17.0.1.
2020-04-22T09:41:04.877Z [524f9e51664fe6d8] [ACCEPTED LOGIN]   for client : jffe@000 / 127.0.0.1.
2020-04-22T09:41:04.881Z [2fd7c6364525b354] [ACCEPTED LOGIN]   for client : jffe@000 / 127.0.0.1.
2020-04-22T09:41:04.883Z [245b2029d03d9a07] [ACCEPTED LOGIN]   for client : jffe@000 / 127.0.0.1.
2020-04-22T09:41:04.883Z [468b75d2e7993742] [ACCEPTED LOGIN]   for client : jffe@000 / 127.0.0.1.
2020-04-22T09:41:07.777Z [77369ae7f8970405] [ACCEPTED LOGIN]   for client : admin / 172.17.0.1.
2020-04-22T09:41:32.794Z [7f7b4d1088a201fe] [ACCEPTED LOGIN]   for client : admin / 172.17.0.1.
2020-04-22T09:41:34.894Z [185456bc553dd3a5] [ACCEPTED LOGIN]   for client : jffe@000 / 127.0.0.1.
2020-04-22T09:41:34.903Z [12958921ad40bd34] [ACCEPTED LOGIN]   for client : jffe@000 / 127.0.0.1.
2020-04-22T09:41:34.904Z [2e911563a94c0130] [ACCEPTED LOGIN]   for client : jffe@000 / 127.0.0.1.
2020-04-22T09:41:34.904Z [6470e4c0b7a6195a] [ACCEPTED LOGIN]   for client : jffe@000 / 127.0.0.1.
2020-04-22T09:41:57.792Z [76cc2d85e62265e7] [ACCEPTED LOGIN]   for client : admin / 172.17.0.1.
2020-04-22T09:42:04.888Z [35937c13b973b7d2] [ACCEPTED LOGIN]   for client : jffe@000 / 127.0.0.1.
2020-04-22T09:42:04.895Z [1c3838936cfee330] [ACCEPTED LOGIN]   for client : jffe@000 / 127.0.0.1.
2020-04-22T09:42:04.906Z [4cf7d80c7aaaf56d] [ACCEPTED LOGIN]   for client : jffe@000 / 127.0.0.1.
2020-04-22T09:42:04.906Z [1d37047d69f21418] [ACCEPTED LOGIN]   for client : jffe@000 / 127.0.0.1.
2020-04-22T09:42:22.791Z [3ae470edda3db766] [ACCEPTED LOGIN]   for client : admin / 172.17.0.1.
2020-04-22T09:42:34.888Z [60473f5160d641f2] [ACCEPTED LOGIN]   for client : jffe@000 / 127.0.0.1.
2020-04-22T09:42:34.892Z [4a6249973d21fc17] [ACCEPTED LOGIN]   for client : jffe@000 / 127.0.0.1.
2020-04-22T09:42:34.895Z [2b7b3eabfff58795] [ACCEPTED LOGIN]   for client : jffe@000 / 127.0.0.1.
2020-04-22T09:42:34.899Z [3ea87f8558eb8723] [ACCEPTED LOGIN]   for client : jffe@000 / 127.0.0.1.
2020-04-22T09:42:47.796Z [75656b5253a6afe5] [ACCEPTED LOGIN]   for client : admin / 172.17.0.1.
2020-04-22T09:43:04.891Z [50e0e7eaf8e8240b] [ACCEPTED LOGIN]   for client : jffe@000 / 127.0.0.1.
2020-04-22T09:43:04.896Z [427fa3de7036be34] [ACCEPTED LOGIN]   for client : jffe@000 / 127.0.0.1.
2020-04-22T09:43:04.896Z [27748bb115fc4587] [ACCEPTED LOGIN]   for client : jffe@000 / 127.0.0.1.
2020-04-22T09:43:04.903Z [250fad7ebf01fdae] [ACCEPTED LOGIN]   for client : jffe@000 / 127.0.0.1.
2020-04-22T09:43:12.789Z [407e36dca76f6da5] [ACCEPTED LOGIN]   for client : admin / 172.17.0.1.
2020-04-22T09:43:34.904Z [74fb5dc785dcd687] [ACCEPTED LOGIN]   for client : jffe@000 / 127.0.0.1.
2020-04-22T09:43:34.909Z [624f46ef8e8b8a5b] [ACCEPTED LOGIN]   for client : jffe@000 / 127.0.0.1.
2020-04-22T09:43:34.910Z [28a194de94743440] [ACCEPTED LOGIN]   for client : jffe@000 / 127.0.0.1.
2020-04-22T09:43:34.911Z [feb2839ac54fce8 ] [ACCEPTED LOGIN]   for client : jffe@000 / 127.0.0.1.
2020-04-22T09:43:37.802Z [56fda82bf259210a] [ACCEPTED LOGIN]   for client : admin / 172.17.0.1.
2020-04-22T09:44:02.819Z [171f19cfd038ea4f] [ACCEPTED LOGIN]   for client : admin / 172.17.0.1.
2020-04-22T09:44:04.896Z [454fbc0e716a6b1c] [ACCEPTED LOGIN]   for client : jffe@000 / 127.0.0.1.
2020-04-22T09:44:04.898Z [5a4659e586b89735] [ACCEPTED LOGIN]   for client : jffe@000 / 127.0.0.1.
2020-04-22T09:44:04.907Z [557940a2bc328e3a] [ACCEPTED LOGIN]   for client : jffe@000 / 127.0.0.1.
2020-04-22T09:44:27.816Z [1ca18b4aa1be7cd1] [ACCEPTED LOGIN]   for client : admin / 172.17.0.1.
2020-04-22T09:44:34.920Z [7f1c7d6931123131] [ACCEPTED LOGIN]   for client : jffe@000 / 127.0.0.1.
2020-04-22T09:44:34.925Z [1176ea5ea9110b57] [ACCEPTED LOGIN]   for client : jffe@000 / 127.0.0.1.
2020-04-22T09:44:34.926Z [882a039969eb103 ] [ACCEPTED LOGIN]   for client : jffe@000 / 127.0.0.1.
2020-04-22T09:44:34.935Z [46ddba28787d707b] [ACCEPTED LOGIN]   for client : jffe@000 / 127.0.0.1.
2020-04-22T09:44:52.832Z [25fff340c5a85b49] [ACCEPTED LOGIN]   for client : admin / 172.17.0.1.
2020-04-22T09:45:04.930Z [61a4b72c6e9c270f] [ACCEPTED LOGIN]   for client : jffe@000 / 127.0.0.1.
2020-04-22T09:45:04.930Z [f2c135c40c38bf0 ] [ACCEPTED LOGIN]   for client : jffe@000 / 127.0.0.1.
2020-04-22T09:45:04.932Z [7d7ce5ee3bbae7e6] [ACCEPTED LOGIN]   for client : jffe@000 / 127.0.0.1.
2020-04-22T09:45:04.932Z [354ecd730a39b13e] [ACCEPTED LOGIN]   for client : jffe@000 / 127.0.0.1.
2020-04-22T09:45:17.826Z [1a1b935b1ee822fd] [ACCEPTED LOGIN]   for client : admin / 172.17.0.1.
2020-04-22T09:45:34.951Z [46bcee8a679fd999] [ACCEPTED LOGIN]   for client : jffe@000 / 127.0.0.1.
2020-04-22T09:45:34.952Z [4a81a1a34f5fc2cc] [ACCEPTED LOGIN]   for client : jffe@000 / 127.0.0.1.
2020-04-22T09:45:34.954Z [7643737d30627d74] [ACCEPTED LOGIN]   for client : jffe@000 / 127.0.0.1.
2020-04-22T09:45:34.958Z [36706e2eec509a0f] [ACCEPTED LOGIN]   for client : jffe@000 / 127.0.0.1.
2020-04-22T09:45:42.831Z [3e105f789805a500] [ACCEPTED LOGIN]   for client : admin / 172.17.0.1.
2020-04-22T09:46:04.937Z [4b65309b085641cd] [ACCEPTED LOGIN]   for client : jffe@000 / 127.0.0.1.
2020-04-22T09:46:04.938Z [19fb81c2432212d2] [ACCEPTED LOGIN]   for client : jffe@000 / 127.0.0.1.
2020-04-22T09:46:04.940Z [22a47ffd878b3245] [ACCEPTED LOGIN]   for client : jffe@000 / 127.0.0.1.
2020-04-22T09:46:04.940Z [1db037f5a06da4b9] [ACCEPTED LOGIN]   for client : jffe@000 / 127.0.0.1.
2020-04-22T09:46:07.824Z [7ce1d0832111ad7c] [ACCEPTED LOGIN]   for client : admin / 172.17.0.1.
2020-04-22T09:46:32.836Z [547a6c7175cd82cb] [ACCEPTED LOGIN]   for client : admin / 172.17.0.1.
2020-04-22T09:46:34.946Z [3959d5a6050f4ce4] [ACCEPTED LOGIN]   for client : jffe@000 / 127.0.0.1.
2020-04-22T09:46:34.951Z [3d4bc7dcdd6ba0de] [ACCEPTED LOGIN]   for client : jffe@000 / 127.0.0.1.
2020-04-22T09:46:34.957Z [686027f32401f358] [ACCEPTED LOGIN]   for client : jffe@000 / 127.0.0.1.
2020-04-22T09:46:34.958Z [3f9e870098a0b1a9] [ACCEPTED LOGIN]   for client : jffe@000 / 127.0.0.1.
2020-04-22T09:46:57.831Z [56a9c424bd354a53] [ACCEPTED LOGIN]   for client : admin / 172.17.0.1.
2020-04-22T09:47:04.953Z [73e517df84e66c20] [ACCEPTED LOGIN]   for client : jffe@000 / 127.0.0.1.
2020-04-22T09:47:04.956Z [49cab529a8188099] [ACCEPTED LOGIN]   for client : jffe@000 / 127.0.0.1.
2020-04-22T09:47:04.956Z [77ef50b85f98b580] [ACCEPTED LOGIN]   for client : jffe@000 / 127.0.0.1.
2020-04-22T09:47:04.957Z [41fe8f3b6c7540b8] [ACCEPTED LOGIN]   for client : jffe@000 / 127.0.0.1.
2020-04-22T09:47:22.832Z [6b126a962c0cd18b] [ACCEPTED LOGIN]   for client : admin / 172.17.0.1.
2020-04-22T09:47:34.964Z [77026f7199935273] [ACCEPTED LOGIN]   for client : jffe@000 / 127.0.0.1.
2020-04-22T09:47:34.968Z [7f97374046f25cb6] [ACCEPTED LOGIN]   for client : jffe@000 / 127.0.0.1.
2020-04-22T09:47:34.996Z [28ffef9c5383f7d3] [ACCEPTED LOGIN]   for client : jffe@000 / 127.0.0.1.
2020-04-22T09:47:34.997Z [392a90fbfcf8bcd7] [ACCEPTED LOGIN]   for client : jffe@000 / 127.0.0.1.
2020-04-22T09:47:47.846Z [1b7b2395f7f9455d] [ACCEPTED LOGIN]   for client : admin / 172.17.0.1.
2020-04-22T09:48:04.948Z [7aeae50a4126dd3e] [ACCEPTED LOGIN]   for client : jffe@000 / 127.0.0.1.
2020-04-22T09:48:04.955Z [6f23fb4dd6a69f96] [ACCEPTED LOGIN]   for client : jffe@000 / 127.0.0.1.
2020-04-22T09:48:04.956Z [53a53ffc030b2d2e] [ACCEPTED LOGIN]   for client : jffe@000 / 127.0.0.1.
2020-04-22T09:48:04.960Z [495b4a6231f435db] [ACCEPTED LOGIN]   for client : jffe@000 / 127.0.0.1.
2020-04-22T09:48:12.832Z [355d28819600f3a9] [ACCEPTED LOGIN]   for client : admin / 172.17.0.1.
2020-04-22T09:48:34.964Z [f8cd0735de7678b ] [ACCEPTED LOGIN]   for client : jffe@000 / 127.0.0.1.
2020-04-22T09:48:34.969Z [7c16c79a7dc5fadc] [ACCEPTED LOGIN]   for client : jffe@000 / 127.0.0.1.
2020-04-22T09:48:34.971Z [3bb18c27cf4cb492] [ACCEPTED LOGIN]   for client : jffe@000 / 127.0.0.1.
2020-04-22T09:48:34.971Z [2a013d892f698968] [ACCEPTED LOGIN]   for client : jffe@000 / 127.0.0.1.
2020-04-22T09:48:37.834Z [1661c3b31191ed17] [ACCEPTED LOGIN]   for client : admin / 172.17.0.1.
2020-04-22T09:49:02.840Z [706cdbf859ab38fe] [ACCEPTED LOGIN]   for client : admin / 172.17.0.1.
2020-04-22T09:49:04.975Z [5ec34c516bfba6f9] [ACCEPTED LOGIN]   for client : jffe@000 / 127.0.0.1.
2020-04-22T09:49:04.975Z [4219b2575cd77463] [ACCEPTED LOGIN]   for client : jffe@000 / 127.0.0.1.
2020-04-22T09:49:04.976Z [2ba4f5e33bfe9030] [ACCEPTED LOGIN]   for client : jffe@000 / 127.0.0.1.
2020-04-22T09:49:04.977Z [6d81d334d216ea01] [ACCEPTED LOGIN]   for client : jffe@000 / 127.0.0.1.
2020-04-22T09:49:27.851Z [48525ae5a2009e8e] [ACCEPTED LOGIN]   for client : admin / 172.17.0.1.
2020-04-22T09:49:34.962Z [7deaf3de9c23027a] [ACCEPTED LOGIN]   for client : jffe@000 / 127.0.0.1.
2020-04-22T09:49:34.969Z [6e8e3cf47b3c38c3] [ACCEPTED LOGIN]   for client : jffe@000 / 127.0.0.1.
2020-04-22T09:49:34.971Z [25c055062c2919ab] [ACCEPTED LOGIN]   for client : jffe@000 / 127.0.0.1.
2020-04-22T09:49:34.976Z [3e49ebf6740ec4ad] [ACCEPTED LOGIN]   for client : jffe@000 / 127.0.0.1.
2020-04-22T09:49:52.844Z [32e85e5476a4e151] [ACCEPTED LOGIN]   for client : admin / 172.17.0.1.
2020-04-22T09:50:04.972Z [3871c04243ce2dcb] [ACCEPTED LOGIN]   for client : jffe@000 / 127.0.0.1.
2020-04-22T09:50:04.969Z [671910d1c06024d4] [ACCEPTED LOGIN]   for client : jffe@000 / 127.0.0.1.
2020-04-22T09:50:04.977Z [7d22b341228e804d] [ACCEPTED LOGIN]   for client : jffe@000 / 127.0.0.1.
2020-04-22T09:50:04.977Z [3c0e2caa44c16e42] [ACCEPTED LOGIN]   for client : jffe@000 / 127.0.0.1.
2020-04-22T09:50:17.897Z [3d912cf2cc1bc19d] [ACCEPTED LOGIN]   for client : admin / 172.17.0.1.
2020-04-22T09:50:34.984Z [4c5973171c84aefc] [ACCEPTED LOGIN]   for client : jffe@000 / 127.0.0.1.
2020-04-22T09:50:34.987Z [1e2275a9e489a22d] [ACCEPTED LOGIN]   for client : jffe@000 / 127.0.0.1.
2020-04-22T09:50:34.987Z [15da8568e6ea91f ] [ACCEPTED LOGIN]   for client : jffe@000 / 127.0.0.1.
2020-04-22T09:50:34.992Z [59553edf2a637471] [ACCEPTED LOGIN]   for client : jffe@000 / 127.0.0.1.
2020-04-22T09:50:42.890Z [4987e3e2ac2d1708] [ACCEPTED LOGIN]   for client : admin / 172.17.0.1.
2020-04-22T09:51:04.975Z [4c856c442613c17f] [ACCEPTED LOGIN]   for client : jffe@000 / 127.0.0.1.
2020-04-22T09:51:04.976Z [27d0c29577ad51c5] [ACCEPTED LOGIN]   for client : jffe@000 / 127.0.0.1.
2020-04-22T09:51:04.977Z [4549daa8b2cd299d] [ACCEPTED LOGIN]   for client : jffe@000 / 127.0.0.1.
2020-04-22T09:51:04.978Z [78e16573de263e00] [ACCEPTED LOGIN]   for client : jffe@000 / 127.0.0.1.
2020-04-22T09:51:07.899Z [cf69eb459afbd06 ] [ACCEPTED LOGIN]   for client : admin / 172.17.0.1.
2020-04-22T09:51:32.909Z [65afc6a7caa28fa6] [ACCEPTED LOGIN]   for client : admin / 172.17.0.1.
2020-04-22T09:51:34.977Z [7a15c70679733c16] [ACCEPTED LOGIN]   for client : jffe@000 / 127.0.0.1.
2020-04-22T09:51:34.984Z [a929c1d8abbc67b ] [ACCEPTED LOGIN]   for client : jffe@000 / 127.0.0.1.
2020-04-22T09:51:34.985Z [37455c788a312bfe] [ACCEPTED LOGIN]   for client : jffe@000 / 127.0.0.1.
2020-04-22T09:51:34.988Z [35aa4562d21ea26 ] [ACCEPTED LOGIN]   for client : jffe@000 / 127.0.0.1.
2020-04-22T09:51:57.895Z [61cc34e187a8c6cc] [ACCEPTED LOGIN]   for client : admin / 172.17.0.1.
2020-04-22T09:52:04.995Z [4cf002a1cafbc2ca] [ACCEPTED LOGIN]   for client : jffe@000 / 127.0.0.1.
2020-04-22T09:52:04.995Z [e466dd2ebd1260a ] [ACCEPTED LOGIN]   for client : jffe@000 / 127.0.0.1.
2020-04-22T09:52:04.996Z [328122db0576ab21] [ACCEPTED LOGIN]   for client : jffe@000 / 127.0.0.1.
2020-04-22T09:52:04.996Z [3ddd1951a8df073 ] [ACCEPTED LOGIN]   for client : jffe@000 / 127.0.0.1.
2020-04-22T09:52:22.901Z [27e81d4c44a8da2e] [ACCEPTED LOGIN]   for client : admin / 172.17.0.1.
2020-04-22T09:52:34.981Z [40d3a5deac2fbda ] [ACCEPTED LOGIN]   for client : jffe@000 / 127.0.0.1.
2020-04-22T09:52:34.986Z [761fc5ed9ed4363f] [ACCEPTED LOGIN]   for client : jffe@000 / 127.0.0.1.
2020-04-22T09:52:34.992Z [2f25e9e058b65f78] [ACCEPTED LOGIN]   for client : jffe@000 / 127.0.0.1.
2020-04-22T09:52:34.996Z [a919555fd871d3b ] [ACCEPTED LOGIN]   for client : jffe@000 / 127.0.0.1.
2020-04-22T09:52:47.902Z [1c440575e1a9c7bf] [ACCEPTED LOGIN]   for client : admin / 172.17.0.1.
2020-04-22T09:53:04.993Z [5958588121d24402] [ACCEPTED LOGIN]   for client : jffe@000 / 127.0.0.1.
2020-04-22T09:53:04.995Z [6ae1731585e15a0b] [ACCEPTED LOGIN]   for client : jffe@000 / 127.0.0.1.
2020-04-22T09:53:04.999Z [2de84f2a4ea90b4b] [ACCEPTED LOGIN]   for client : jffe@000 / 127.0.0.1.
2020-04-22T09:53:05.002Z [613bf8718c90c7b4] [ACCEPTED LOGIN]   for client : jffe@000 / 127.0.0.1.
2020-04-22T09:53:12.914Z [1042a3b63eb39355] [ACCEPTED LOGIN]   for client : admin / 172.17.0.1.
2020-04-22T09:53:35.002Z [7b8d0bdb47e3520b] [ACCEPTED LOGIN]   for client : jffe@000 / 127.0.0.1.
2020-04-22T09:53:35.005Z [5b4474c4cc50d82c] [ACCEPTED LOGIN]   for client : jffe@000 / 127.0.0.1.
2020-04-22T09:53:35.005Z [2fe5f410f0ac40fd] [ACCEPTED LOGIN]   for client : jffe@000 / 127.0.0.1.
2020-04-22T09:53:35.009Z [1ed4a024b7014932] [ACCEPTED LOGIN]   for client : jffe@000 / 127.0.0.1.
2020-04-22T09:53:37.917Z [3862d3ac93018edc] [ACCEPTED LOGIN]   for client : admin / 172.17.0.1.
2020-04-22T09:54:02.925Z [1352be284e917427] [ACCEPTED LOGIN]   for client : admin / 172.17.0.1.
2020-04-22T09:54:04.992Z [734160dd362ee7b6] [ACCEPTED LOGIN]   for client : jffe@000 / 127.0.0.1.
2020-04-22T09:54:04.999Z [421c2006c51df001] [ACCEPTED LOGIN]   for client : jffe@000 / 127.0.0.1.
2020-04-22T09:54:05.003Z [7b36651ab968b487] [ACCEPTED LOGIN]   for client : jffe@000 / 127.0.0.1.
2020-04-22T09:54:05.004Z [4ca2e4035957d629] [ACCEPTED LOGIN]   for client : jffe@000 / 127.0.0.1.
2020-04-22T09:54:27.916Z [3e38d86bb8ea84ea] [ACCEPTED LOGIN]   for client : admin / 172.17.0.1.
2020-04-22T09:54:34.994Z [1a74c459565b6511] [ACCEPTED LOGIN]   for client : jffe@000 / 127.0.0.1.
2020-04-22T09:54:34.998Z [322d59742d57afc0] [ACCEPTED LOGIN]   for client : jffe@000 / 127.0.0.1.
2020-04-22T09:54:34.999Z [2b5fb74bbce1a7cf] [ACCEPTED LOGIN]   for client : jffe@000 / 127.0.0.1.
2020-04-22T09:54:35.000Z [36fac4c136948749] [ACCEPTED LOGIN]   for client : jffe@000 / 127.0.0.1.
2020-04-22T09:54:52.950Z [6da948de4bb74f61] [ACCEPTED LOGIN]   for client : admin / 172.17.0.1.
2020-04-22T09:55:04.995Z [e1de7e3f5e5ec7e ] [ACCEPTED LOGIN]   for client : jffe@000 / 127.0.0.1.
2020-04-22T09:55:04.998Z [2e0bb822170fbec0] [ACCEPTED LOGIN]   for client : jffe@000 / 127.0.0.1.
2020-04-22T09:55:05.000Z [74066f785ee1d6ab] [ACCEPTED LOGIN]   for client : jffe@000 / 127.0.0.1.
2020-04-22T09:55:05.000Z [6b097b277dc26348] [ACCEPTED LOGIN]   for client : jffe@000 / 127.0.0.1.
2020-04-22T09:55:17.953Z [32b9f206fbc2de2f] [ACCEPTED LOGIN]   for client : admin / 172.17.0.1.
2020-04-22T09:55:34.998Z [7feea0bc3f960413] [ACCEPTED LOGIN]   for client : jffe@000 / 127.0.0.1.
2020-04-22T09:55:35.008Z [191a6bcfa39c3f3a] [ACCEPTED LOGIN]   for client : jffe@000 / 127.0.0.1.
2020-04-22T09:55:35.012Z [433a604972bcaa79] [ACCEPTED LOGIN]   for client : jffe@000 / 127.0.0.1.
2020-04-22T09:55:35.012Z [76a90a6446b066f0] [ACCEPTED LOGIN]   for client : jffe@000 / 127.0.0.1.
2020-04-22T09:55:42.950Z [1b0ad83abd868ea3] [ACCEPTED LOGIN]   for client : admin / 172.17.0.1.
2020-04-22T09:56:04.993Z [1fd4815444157bab] [ACCEPTED LOGIN]   for client : jffe@000 / 127.0.0.1.
2020-04-22T09:56:04.995Z [3768a1124b5ce551] [ACCEPTED LOGIN]   for client : jffe@000 / 127.0.0.1.
2020-04-22T09:56:04.996Z [6494a20d3b60d698] [ACCEPTED LOGIN]   for client : jffe@000 / 127.0.0.1.
2020-04-22T09:56:05.002Z [43f722a1339a149c] [ACCEPTED LOGIN]   for client : jffe@000 / 127.0.0.1.
2020-04-22T09:56:07.952Z [24b09bc6061252d ] [ACCEPTED LOGIN]   for client : admin / 172.17.0.1.
2020-04-22T09:56:32.958Z [6a0e445ed0ecfa4b] [ACCEPTED LOGIN]   for client : admin / 172.17.0.1.
2020-04-22T09:56:35.000Z [6ceb6e353f73ecf4] [ACCEPTED LOGIN]   for client : jffe@000 / 127.0.0.1.
2020-04-22T09:56:35.008Z [2b6012d3ba4c8a5e] [ACCEPTED LOGIN]   for client : jffe@000 / 127.0.0.1.
2020-04-22T09:56:35.009Z [4a0d0622ac5bbdb8] [ACCEPTED LOGIN]   for client : jffe@000 / 127.0.0.1.
2020-04-22T09:56:35.013Z [570e2d1d8c2db02d] [ACCEPTED LOGIN]   for client : jffe@000 / 127.0.0.1.
2020-04-22T09:56:57.952Z [1a13b5f063737f21] [ACCEPTED LOGIN]   for client : admin / 172.17.0.1.
2020-04-22T09:57:05.002Z [2d1b2f3ea8684fd4] [ACCEPTED LOGIN]   for client : jffe@000 / 127.0.0.1.
2020-04-22T09:57:05.007Z [a5f4eb4b83be93d ] [ACCEPTED LOGIN]   for client : jffe@000 / 127.0.0.1.
2020-04-22T09:57:05.009Z [61799c1b2bc78d52] [ACCEPTED LOGIN]   for client : jffe@000 / 127.0.0.1.
2020-04-22T09:57:05.009Z [124d27208b37e13b] [ACCEPTED LOGIN]   for client : jffe@000 / 127.0.0.1.
2020-04-22T09:57:22.954Z [42c0961089eaacb6] [ACCEPTED LOGIN]   for client : admin / 172.17.0.1.
2020-04-22T09:57:35.097Z [755e6690647a384 ] [ACCEPTED LOGIN]   for client : jffe@000 / 127.0.0.1.
2020-04-22T09:57:35.098Z [4cb4962a9f01ff9e] [ACCEPTED LOGIN]   for client : jffe@000 / 127.0.0.1.
2020-04-22T09:57:35.099Z [e93f309cc2b4f20 ] [ACCEPTED LOGIN]   for client : jffe@000 / 127.0.0.1.
2020-04-22T09:57:35.099Z [58bf6df36ff5f1bc] [ACCEPTED LOGIN]   for client : jffe@000 / 127.0.0.1.
2020-04-22T09:57:47.968Z [319ca7089a6e6f4e] [ACCEPTED LOGIN]   for client : admin / 172.17.0.1.
2020-04-22T09:58:05.022Z [698d0c15b7c50411] [ACCEPTED LOGIN]   for client : jffe@000 / 127.0.0.1.
2020-04-22T09:58:05.028Z [59b4b0e0b78fc756] [ACCEPTED LOGIN]   for client : jffe@000 / 127.0.0.1.
2020-04-22T09:58:05.031Z [7fc555755a34cc2a] [ACCEPTED LOGIN]   for client : jffe@000 / 127.0.0.1.
2020-04-22T09:58:05.033Z [770b08fc54b94507] [ACCEPTED LOGIN]   for client : jffe@000 / 127.0.0.1.
2020-04-22T09:58:12.955Z [4a11aaed725c7973] [ACCEPTED LOGIN]   for client : admin / 172.17.0.1.
2020-04-22T09:58:35.023Z [37948c7e71fe55a4] [ACCEPTED LOGIN]   for client : jffe@000 / 127.0.0.1.
2020-04-22T09:58:35.024Z [4bca0fad0d6ad5d ] [ACCEPTED LOGIN]   for client : jffe@000 / 127.0.0.1.
2020-04-22T09:58:35.025Z [453e5a2c9b5aa44e] [ACCEPTED LOGIN]   for client : jffe@000 / 127.0.0.1.
2020-04-22T09:58:35.026Z [70fe4694eb16b8e2] [ACCEPTED LOGIN]   for client : jffe@000 / 127.0.0.1.
2020-04-22T09:58:37.962Z [14a053e8eb8378b ] [ACCEPTED LOGIN]   for client : admin / 172.17.0.1.
2020-04-22T09:59:02.965Z [2cd901ce78b9a49f] [ACCEPTED LOGIN]   for client : admin / 172.17.0.1.
2020-04-22T09:59:05.000Z [73514198c0b983f6] [ACCEPTED LOGIN]   for client : jffe@000 / 127.0.0.1.
2020-04-22T09:59:05.002Z [3b4d362b15f5ae08] [ACCEPTED LOGIN]   for client : jffe@000 / 127.0.0.1.
2020-04-22T09:59:05.004Z [7c4df24feb347182] [ACCEPTED LOGIN]   for client : jffe@000 / 127.0.0.1.
2020-04-22T09:59:05.011Z [5a1c9c4cb8c19921] [ACCEPTED LOGIN]   for client : jffe@000 / 127.0.0.1.
2020-04-22T09:59:27.963Z [432081afc66a8dd9] [ACCEPTED LOGIN]   for client : admin / 172.17.0.1.
2020-04-22T09:59:34.999Z [50edd3b3a0d017ee] [ACCEPTED LOGIN]   for client : jffe@000 / 127.0.0.1.
2020-04-22T09:59:35.004Z [147c81bffd5257b7] [ACCEPTED LOGIN]   for client : jffe@000 / 127.0.0.1.
2020-04-22T09:59:35.007Z [7955d4b9fbd5e95c] [ACCEPTED LOGIN]   for client : jffe@000 / 127.0.0.1.
2020-04-22T09:59:35.008Z [1b7d3787477d9ec6] [ACCEPTED LOGIN]   for client : jffe@000 / 127.0.0.1.
2020-04-22T09:59:52.964Z [5e079d1f57e07f00] [ACCEPTED LOGIN]   for client : admin / 172.17.0.1.
2020-04-22T10:00:05.002Z [685aa0700d57ef95] [ACCEPTED LOGIN]   for client : jffe@000 / 127.0.0.1.
2020-04-22T10:00:05.002Z [6068e679bb82a965] [ACCEPTED LOGIN]   for client : jffe@000 / 127.0.0.1.
2020-04-22T10:00:05.004Z [3343e2f49087418 ] [ACCEPTED LOGIN]   for client : jffe@000 / 127.0.0.1.
2020-04-22T10:00:05.007Z [221833f0e7966e62] [ACCEPTED LOGIN]   for client : jffe@000 / 127.0.0.1.
2020-04-22T10:00:17.970Z [21ec139525068320] [ACCEPTED LOGIN]   for client : admin / 172.17.0.1.
2020-04-22T10:00:35.008Z [55ecbeffe549a029] [ACCEPTED LOGIN]   for client : jffe@000 / 127.0.0.1.
2020-04-22T10:00:35.017Z [509fa013226e7968] [ACCEPTED LOGIN]   for client : jffe@000 / 127.0.0.1.
2020-04-22T10:00:35.019Z [49343094f1c9c075] [ACCEPTED LOGIN]   for client : jffe@000 / 127.0.0.1.
2020-04-22T10:00:35.021Z [d4e4459556fd06b ] [ACCEPTED LOGIN]   for client : jffe@000 / 127.0.0.1.
2020-04-22T10:00:42.967Z [22b95ed379cfd928] [ACCEPTED LOGIN]   for client : admin / 172.17.0.1.
2020-04-22T10:01:05.018Z [76956e92413eb0b7] [ACCEPTED LOGIN]   for client : jffe@000 / 127.0.0.1.
2020-04-22T10:01:05.019Z [249b071f8b205416] [ACCEPTED LOGIN]   for client : jffe@000 / 127.0.0.1.
2020-04-22T10:01:05.026Z [26f9745db27de8c1] [ACCEPTED LOGIN]   for client : jffe@000 / 127.0.0.1.
2020-04-22T10:01:05.027Z [311022afedeed037] [ACCEPTED LOGIN]   for client : jffe@000 / 127.0.0.1.
2020-04-22T10:01:07.969Z [4e3b7e2ee2c424b5] [ACCEPTED LOGIN]   for client : admin / 172.17.0.1.
2020-04-22T10:01:32.978Z [7e70cfeaf8006a07] [ACCEPTED LOGIN]   for client : admin / 172.17.0.1.
2020-04-22T10:01:35.014Z [4c9068cb6a63d89b] [ACCEPTED LOGIN]   for client : jffe@000 / 127.0.0.1.
2020-04-22T10:01:35.018Z [32057a4df5bb5e6e] [ACCEPTED LOGIN]   for client : jffe@000 / 127.0.0.1.
2020-04-22T10:01:35.022Z [2aa745a997e8272f] [ACCEPTED LOGIN]   for client : jffe@000 / 127.0.0.1.
2020-04-22T10:01:35.026Z [26f438e4b3e895cb] [ACCEPTED LOGIN]   for client : jffe@000 / 127.0.0.1.
2020-04-22T10:01:57.972Z [1dc45f7b072c0552] [ACCEPTED LOGIN]   for client : admin / 172.17.0.1.
2020-04-22T10:02:05.018Z [2087f6a6dfb54942] [ACCEPTED LOGIN]   for client : jffe@000 / 127.0.0.1.
2020-04-22T10:02:05.020Z [38cfee592cab1c6e] [ACCEPTED LOGIN]   for client : jffe@000 / 127.0.0.1.
2020-04-22T10:02:05.022Z [12d642db4390f4f8] [ACCEPTED LOGIN]   for client : jffe@000 / 127.0.0.1.
2020-04-22T10:02:05.022Z [37a9a93ae95a9377] [ACCEPTED LOGIN]   for client : jffe@000 / 127.0.0.1.
2020-04-22T10:02:15.960Z [17a0c7a629fd4762] [ACCEPTED LOGIN]   for client : admin / 172.17.0.1.
2020-04-22T10:02:35.021Z [3bc4045b12fedf98] [ACCEPTED LOGIN]   for client : jffe@000 / 127.0.0.1.
2020-04-22T10:02:35.028Z [6d0261435a8c4faf] [ACCEPTED LOGIN]   for client : jffe@000 / 127.0.0.1.
2020-04-22T10:02:35.028Z [244e2640cd7177a0] [ACCEPTED LOGIN]   for client : jffe@000 / 127.0.0.1.
2020-04-22T10:02:35.029Z [55c6df76fe021696] [ACCEPTED LOGIN]   for client : jffe@000 / 127.0.0.1.
2020-04-22T10:02:47.984Z [6a0a1b3d03fec7eb] [ACCEPTED LOGIN]   for client : admin / 172.17.0.1.
2020-04-22T10:03:05.019Z [47492c091be8f37b] [ACCEPTED LOGIN]   for client : jffe@000 / 127.0.0.1.
2020-04-22T10:03:05.026Z [3d85a00fd33f529e] [ACCEPTED LOGIN]   for client : jffe@000 / 127.0.0.1.
2020-04-22T10:03:05.031Z [582868ef0bc927f4] [ACCEPTED LOGIN]   for client : jffe@000 / 127.0.0.1.
2020-04-22T10:03:05.036Z [543452fe2e1524bd] [ACCEPTED LOGIN]   for client : jffe@000 / 127.0.0.1.
2020-04-22T10:03:12.993Z [14bdc3216a5ebad7] [ACCEPTED LOGIN]   for client : admin / 172.17.0.1.
2020-04-22T10:03:35.017Z [1ef07b36d607e28e] [ACCEPTED LOGIN]   for client : jffe@000 / 127.0.0.1.
2020-04-22T10:03:35.019Z [46b02f53508f3304] [ACCEPTED LOGIN]   for client : jffe@000 / 127.0.0.1.
2020-04-22T10:03:35.024Z [54edf2860d55064b] [ACCEPTED LOGIN]   for client : jffe@000 / 127.0.0.1.
2020-04-22T10:03:35.024Z [35a9dd02be73d006] [ACCEPTED LOGIN]   for client : jffe@000 / 127.0.0.1.
2020-04-22T10:03:37.998Z [4b779fc8d409c1e5] [ACCEPTED LOGIN]   for client : admin / 172.17.0.1.
2020-04-22T10:04:02.997Z [570aa9e590192325] [ACCEPTED LOGIN]   for client : admin / 172.17.0.1.
2020-04-22T10:04:05.018Z [2ca169b4f5812652] [ACCEPTED LOGIN]   for client : jffe@000 / 127.0.0.1.
2020-04-22T10:04:05.022Z [aa62c05cad0ee1f ] [ACCEPTED LOGIN]   for client : jffe@000 / 127.0.0.1.
2020-04-22T10:04:05.022Z [642156f0570fa147] [ACCEPTED LOGIN]   for client : jffe@000 / 127.0.0.1.
2020-04-22T10:04:05.027Z [2e7e63dea636d3a5] [ACCEPTED LOGIN]   for client : jffe@000 / 127.0.0.1.
2020-04-22T10:04:27.997Z [3c0bac7f870d421e] [ACCEPTED LOGIN]   for client : admin / 172.17.0.1.
2020-04-22T10:04:35.028Z [44665739d036565a] [ACCEPTED LOGIN]   for client : jffe@000 / 127.0.0.1.
2020-04-22T10:04:35.031Z [45785b3280c48afc] [ACCEPTED LOGIN]   for client : jffe@000 / 127.0.0.1.
2020-04-22T10:04:35.033Z [bf364d6c0f41129 ] [ACCEPTED LOGIN]   for client : jffe@000 / 127.0.0.1.
2020-04-22T10:04:35.036Z [26f0e3df40762129] [ACCEPTED LOGIN]   for client : jffe@000 / 127.0.0.1.
2020-04-22T10:04:53.001Z [52ec56f2329bbed3] [ACCEPTED LOGIN]   for client : admin / 172.17.0.1.
2020-04-22T10:05:05.019Z [6f78ab19b20e6e20] [ACCEPTED LOGIN]   for client : jffe@000 / 127.0.0.1.
2020-04-22T10:05:05.024Z [4654f92630e8cbce] [ACCEPTED LOGIN]   for client : jffe@000 / 127.0.0.1.
2020-04-22T10:05:05.029Z [3d7e881e0e4943f9] [ACCEPTED LOGIN]   for client : jffe@000 / 127.0.0.1.
2020-04-22T10:05:05.031Z [5ebe0588850ecbad] [ACCEPTED LOGIN]   for client : jffe@000 / 127.0.0.1.
2020-04-22T10:05:17.999Z [3328ba669a5e83d9] [ACCEPTED LOGIN]   for client : admin / 172.17.0.1.
2020-04-22T10:05:35.019Z [54b6ce7e70f76c23] [ACCEPTED LOGIN]   for client : jffe@000 / 127.0.0.1.
2020-04-22T10:05:35.024Z [7bd91fa3863ea776] [ACCEPTED LOGIN]   for client : jffe@000 / 127.0.0.1.
2020-04-22T10:05:35.025Z [fcbd888a7ff4353 ] [ACCEPTED LOGIN]   for client : jffe@000 / 127.0.0.1.
2020-04-22T10:05:35.024Z [2e1fca204c1500c4] [ACCEPTED LOGIN]   for client : jffe@000 / 127.0.0.1.
2020-04-22T10:05:43.004Z [16633a66d05840b6] [ACCEPTED LOGIN]   for client : admin / 172.17.0.1.
2020-04-22T10:06:05.018Z [764b3f5c38d3dae ] [ACCEPTED LOGIN]   for client : jffe@000 / 127.0.0.1.
2020-04-22T10:06:05.024Z [214b30e617cf6b30] [ACCEPTED LOGIN]   for client : jffe@000 / 127.0.0.1.
2020-04-22T10:06:05.024Z [58506f3d25f68dc3] [ACCEPTED LOGIN]   for client : jffe@000 / 127.0.0.1.
2020-04-22T10:06:05.027Z [4db5cad2bc74719a] [ACCEPTED LOGIN]   for client : jffe@000 / 127.0.0.1.
2020-04-22T10:06:08.004Z [75118eaffdf1450e] [ACCEPTED LOGIN]   for client : admin / 172.17.0.1.
2020-04-22T10:06:33.008Z [788946af894dd38a] [ACCEPTED LOGIN]   for client : admin / 172.17.0.1.
2020-04-22T10:06:35.019Z [693b2384458b94d5] [ACCEPTED LOGIN]   for client : jffe@000 / 127.0.0.1.
2020-04-22T10:06:35.027Z [1bddba901f69f35d] [ACCEPTED LOGIN]   for client : jffe@000 / 127.0.0.1.
2020-04-22T10:06:35.027Z [30a3c4eaad1d5d13] [ACCEPTED LOGIN]   for client : jffe@000 / 127.0.0.1.
2020-04-22T10:06:35.027Z [63ea84f7072c7432] [ACCEPTED LOGIN]   for client : jffe@000 / 127.0.0.1.
2020-04-22T10:06:58.007Z [6685d7cf1e886636] [ACCEPTED LOGIN]   for client : admin / 172.17.0.1.
2020-04-22T10:07:05.024Z [79b6c8a1a5318b9d] [ACCEPTED LOGIN]   for client : jffe@000 / 127.0.0.1.
2020-04-22T10:07:05.028Z [1b7d3033ec4092da] [ACCEPTED LOGIN]   for client : jffe@000 / 127.0.0.1.
2020-04-22T10:07:05.029Z [45406841bb02d82e] [ACCEPTED LOGIN]   for client : jffe@000 / 127.0.0.1.
2020-04-22T10:07:23.012Z [621d677fe9b0c7a0] [ACCEPTED LOGIN]   for client : admin / 172.17.0.1.
2020-04-22T10:07:35.058Z [749a4a2566014418] [ACCEPTED LOGIN]   for client : jffe@000 / 127.0.0.1.
2020-04-22T10:07:35.067Z [232cdb4d12604175] [ACCEPTED LOGIN]   for client : jffe@000 / 127.0.0.1.
2020-04-22T10:07:35.067Z [2965e67b5caeb742] [ACCEPTED LOGIN]   for client : jffe@000 / 127.0.0.1.
2020-04-22T10:07:35.069Z [555ebce5cc6f935b] [ACCEPTED LOGIN]   for client : jffe@000 / 127.0.0.1.
2020-04-22T10:07:48.025Z [7dad640ddfad4218] [ACCEPTED LOGIN]   for client : admin / 172.17.0.1.
2020-04-22T10:08:05.028Z [2add02c9af3942ac] [ACCEPTED LOGIN]   for client : jffe@000 / 127.0.0.1.
2020-04-22T10:08:05.030Z [65e57172b48667  ] [ACCEPTED LOGIN]   for client : jffe@000 / 127.0.0.1.
2020-04-22T10:08:05.031Z [305833506c085d90] [ACCEPTED LOGIN]   for client : jffe@000 / 127.0.0.1.
2020-04-22T10:08:05.040Z [3b44f0cf269aa11d] [ACCEPTED LOGIN]   for client : jffe@000 / 127.0.0.1.
2020-04-22T10:08:13.011Z [ca39defd60e0503 ] [ACCEPTED LOGIN]   for client : admin / 172.17.0.1.
2020-04-22T10:08:35.024Z [30985d1b3e758bd8] [ACCEPTED LOGIN]   for client : jffe@000 / 127.0.0.1.
2020-04-22T10:08:35.035Z [547282e2214174d3] [ACCEPTED LOGIN]   for client : jffe@000 / 127.0.0.1.
2020-04-22T10:08:38.017Z [bebc7e03cd6a0f9 ] [ACCEPTED LOGIN]   for client : admin / 172.17.0.1.
2020-04-22T10:09:03.022Z [643531e1721fb8c1] [ACCEPTED LOGIN]   for client : admin / 172.17.0.1.
2020-04-22T10:09:05.030Z [769daf984b2ff97c] [ACCEPTED LOGIN]   for client : jffe@000 / 127.0.0.1.
2020-04-22T10:09:05.030Z [decec940ebfb8b4 ] [ACCEPTED LOGIN]   for client : jffe@000 / 127.0.0.1.
2020-04-22T10:09:05.038Z [670d3a6a65834462] [ACCEPTED LOGIN]   for client : jffe@000 / 127.0.0.1.
2020-04-22T10:09:05.039Z [35ee2c9503087482] [ACCEPTED LOGIN]   for client : jffe@000 / 127.0.0.1.
2020-04-22T10:09:28.024Z [5f06cdd8201d9ec7] [ACCEPTED LOGIN]   for client : admin / 172.17.0.1.
2020-04-22T10:09:35.038Z [3362431b07159f2f] [ACCEPTED LOGIN]   for client : jffe@000 / 127.0.0.1.
2020-04-22T10:09:35.045Z [74a1eddedec83bca] [ACCEPTED LOGIN]   for client : jffe@000 / 127.0.0.1.
2020-04-22T10:09:35.046Z [6dbce0168ee9218b] [ACCEPTED LOGIN]   for client : jffe@000 / 127.0.0.1.
2020-04-22T10:09:35.047Z [6e36132f0535f0ea] [ACCEPTED LOGIN]   for client : jffe@000 / 127.0.0.1.
2020-04-22T10:09:53.026Z [7df4b19ea2c36c9a] [ACCEPTED LOGIN]   for client : admin / 172.17.0.1.
2020-04-22T10:10:05.056Z [544b15f7eba324d4] [ACCEPTED LOGIN]   for client : jffe@000 / 127.0.0.1.
2020-04-22T10:10:05.057Z [6e7d64493b8b7aa1] [ACCEPTED LOGIN]   for client : jffe@000 / 127.0.0.1.
2020-04-22T10:10:05.058Z [48022a2f4f804c67] [ACCEPTED LOGIN]   for client : jffe@000 / 127.0.0.1.
2020-04-22T10:10:05.061Z [37d0424a0cdd3ffe] [ACCEPTED LOGIN]   for client : jffe@000 / 127.0.0.1.
2020-04-22T10:10:18.021Z [7df1bde8f18f69f7] [ACCEPTED LOGIN]   for client : admin / 172.17.0.1.
2020-04-22T10:10:35.030Z [43cd74c370407e5c] [ACCEPTED LOGIN]   for client : jffe@000 / 127.0.0.1.
2020-04-22T10:10:35.033Z [1dfc346cbab60866] [ACCEPTED LOGIN]   for client : jffe@000 / 127.0.0.1.
2020-04-22T10:10:35.035Z [650f03f9750bff88] [ACCEPTED LOGIN]   for client : jffe@000 / 127.0.0.1.
2020-04-22T10:10:35.037Z [4108fd55491e008f] [ACCEPTED LOGIN]   for client : jffe@000 / 127.0.0.1.
2020-04-22T10:10:43.031Z [5c9e0c3a1e5e2081] [ACCEPTED LOGIN]   for client : admin / 172.17.0.1.
2020-04-22T10:11:05.030Z [52dc4df35370f472] [ACCEPTED LOGIN]   for client : jffe@000 / 127.0.0.1.
2020-04-22T10:11:05.036Z [e052dc14f479caa ] [ACCEPTED LOGIN]   for client : jffe@000 / 127.0.0.1.
2020-04-22T10:11:05.037Z [759256dd1c83a54c] [ACCEPTED LOGIN]   for client : jffe@000 / 127.0.0.1.
2020-04-22T10:11:05.040Z [263e8419dda442b6] [ACCEPTED LOGIN]   for client : jffe@000 / 127.0.0.1.
2020-04-22T10:11:08.028Z [1d9e074ad6a7df15] [ACCEPTED LOGIN]   for client : admin / 172.17.0.1.
2020-04-22T10:11:33.027Z [7c945109483f9cf7] [ACCEPTED LOGIN]   for client : admin / 172.17.0.1.
2020-04-22T10:11:35.033Z [5399cb08f1dd9194] [ACCEPTED LOGIN]   for client : jffe@000 / 127.0.0.1.
2020-04-22T10:11:35.039Z [789dbf4d7981d1f6] [ACCEPTED LOGIN]   for client : jffe@000 / 127.0.0.1.
2020-04-22T10:11:35.040Z [6ee612e650cae900] [ACCEPTED LOGIN]   for client : jffe@000 / 127.0.0.1.
2020-04-22T10:11:35.040Z [46cd02d55be8294c] [ACCEPTED LOGIN]   for client : jffe@000 / 127.0.0.1.
2020-04-22T10:11:58.034Z [206700e566075b90] [DENIED LOGIN]   for client : NA / 172.17.0.1.
2020-04-22T10:12:05.041Z [3400355fcfab7758] [DENIED LOGIN]   for client : NA / 127.0.0.1.
2020-04-22T10:12:05.047Z [74e43f163e0b8e3b] [DENIED LOGIN]   for client : NA / 127.0.0.1.
2020-04-22T10:12:05.048Z [49d6c676cca0402c] [DENIED LOGIN]   for client : NA / 127.0.0.1.
2020-04-22T10:12:05.060Z [36347a0da072810c] [DENIED LOGIN]   for client : NA / 127.0.0.1.
2020-04-22T10:12:23.039Z [519edd3dc94b202f] [DENIED LOGIN]   for client : NA / 172.17.0.1.
2020-04-22T10:12:35.027Z [3aecd92031f1ed6d] [DENIED LOGIN]   for client : NA / 127.0.0.1.
2020-04-22T10:12:35.032Z [5f484300c3132b44] [ACCEPTED LOGIN]   for client : jffe@000 / 127.0.0.1.
2020-04-22T10:12:35.032Z [8de7a5e87872427 ] [DENIED LOGIN]   for client : NA / 127.0.0.1.
2020-04-22T10:12:48.030Z [2a7404479228126c] [ACCEPTED LOGIN]   for client : admin / 172.17.0.1.
2020-04-22T10:13:05.042Z [373e86d8b3eb7ba0] [ACCEPTED LOGIN]   for client : jffe@000 / 127.0.0.1.
2020-04-22T10:13:05.045Z [2bc173d806c91e4b] [ACCEPTED LOGIN]   for client : jffe@000 / 127.0.0.1.
2020-04-22T10:13:05.047Z [71ebf45e305000e5] [ACCEPTED LOGIN]   for client : jffe@000 / 127.0.0.1.
2020-04-22T10:13:05.049Z [1c725233715a54c9] [ACCEPTED LOGIN]   for client : jffe@000 / 127.0.0.1.
2020-04-22T10:13:13.033Z [572187dd34e29230] [DENIED LOGIN]   for client : NA / 172.17.0.1.
2020-04-22T10:16:46.356Z [1089bb1b48fb86e2] [ACCEPTED LOGIN]   for client : jffe@000 / 127.0.0.1.
2020-04-22T10:17:18.640Z [3a9b9bfdda7f5f97] [ACCEPTED LOGIN]   for client : jffe@000 / 127.0.0.1.
2020-04-22T10:17:18.703Z [39631aff35eec242] [ACCEPTED LOGIN]   for client : jffe@000 / 127.0.0.1.
2020-04-22T10:17:18.719Z [23e15d1c35d4dc68] [ACCEPTED LOGIN]   for client : jffe@000 / 127.0.0.1.
2020-04-22T10:17:18.729Z [3689c0c88b8dd844] [ACCEPTED LOGIN]   for client : jffe@000 / 127.0.0.1.
2020-04-22T10:17:48.689Z [3df413e83086eae1] [ACCEPTED LOGIN]   for client : jffe@000 / 127.0.0.1.
2020-04-22T10:17:48.705Z [5646901714fc67b6] [ACCEPTED LOGIN]   for client : jffe@000 / 127.0.0.1.
2020-04-22T10:17:48.705Z [52d867a7fdaf1128] [ACCEPTED LOGIN]   for client : jffe@000 / 127.0.0.1.
2020-04-22T10:17:48.710Z [5fc0c7d2213679b2] [ACCEPTED LOGIN]   for client : jffe@000 / 127.0.0.1.
2020-04-22T10:17:56.592Z [3ec3165d83d7b289] [ACCEPTED LOGIN]   for client : admin / 172.18.0.1.
2020-04-22T10:17:56.617Z [3ec3165d83d7b289] [ACCEPTED LOGIN]   for client : admin / 172.18.0.1.
2020-04-22T10:17:56.713Z [2dbb103e0916e92f] [ACCEPTED LOGIN]   for client : admin / 172.18.0.1.
2020-04-22T10:18:18.564Z [566e0b519a68db1e] [ACCEPTED LOGIN]   for client : jffe@000 / 127.0.0.1.
2020-04-22T10:18:18.571Z [5ab2a31374a29a14] [ACCEPTED LOGIN]   for client : jffe@000 / 127.0.0.1.
2020-04-22T10:18:18.574Z [53986d90848df8a4] [ACCEPTED LOGIN]   for client : jffe@000 / 127.0.0.1.
2020-04-22T10:18:18.580Z [5edef16cb0e3eadb] [ACCEPTED LOGIN]   for client : jffe@000 / 127.0.0.1.
2020-04-22T10:18:22.584Z [3143b6a9094dde19] [ACCEPTED LOGIN]   for client : admin / 172.18.0.1.
2020-04-22T10:18:47.643Z [57aeab3164b7db65] [ACCEPTED LOGIN]   for client : admin / 172.18.0.1.
2020-04-22T10:18:48.631Z [761106a5c2fc3fdc] [ACCEPTED LOGIN]   for client : jffe@000 / 127.0.0.1.
2020-04-22T10:18:48.638Z [70dda6cc9a82966c] [ACCEPTED LOGIN]   for client : jffe@000 / 127.0.0.1.
2020-04-22T10:18:48.639Z [7d231087449e9ff1] [ACCEPTED LOGIN]   for client : jffe@000 / 127.0.0.1.
2020-04-22T10:18:48.670Z [30954bad660355ee] [ACCEPTED LOGIN]   for client : jffe@000 / 127.0.0.1.
2020-04-22T10:19:12.652Z [502b250024b9f9d4] [ACCEPTED LOGIN]   for client : admin / 172.18.0.1.
2020-04-22T10:19:18.622Z [5ebeca664c0d0de ] [ACCEPTED LOGIN]   for client : jffe@000 / 127.0.0.1.
2020-04-22T10:19:18.662Z [1c06a5ec5f311621] [ACCEPTED LOGIN]   for client : jffe@000 / 127.0.0.1.
2020-04-22T10:19:18.670Z [28ef0df1a97bd762] [ACCEPTED LOGIN]   for client : jffe@000 / 127.0.0.1.
2020-04-22T10:19:18.705Z [464f783e80f017f4] [ACCEPTED LOGIN]   for client : jffe@000 / 127.0.0.1.
2020-04-22T10:19:37.630Z [2c52eb6259228d4a] [ACCEPTED LOGIN]   for client : admin / 172.18.0.1.
2020-04-22T10:19:48.653Z [61e582ae0d4bdfda] [ACCEPTED LOGIN]   for client : jffe@000 / 127.0.0.1.
2020-04-22T10:19:48.671Z [4323ceec0cb7761a] [ACCEPTED LOGIN]   for client : jffe@000 / 127.0.0.1.
2020-04-22T10:19:48.679Z [7fa9bc5c220b2afa] [ACCEPTED LOGIN]   for client : jffe@000 / 127.0.0.1.
2020-04-22T10:19:48.682Z [31040c76fc911985] [ACCEPTED LOGIN]   for client : jffe@000 / 127.0.0.1.
2020-04-22T10:20:02.684Z [54d833c9cd872f9c] [ACCEPTED LOGIN]   for client : admin / 172.18.0.1.
2020-04-22T10:20:09.716Z [62703ce2daee1f10] [ACCEPTED LOGIN]   for client : admin / 172.18.0.1.
2020-04-22T10:20:10.790Z [c788041093b16f7e] [ACCEPTED DEPLOY] libs-snapshot-local:pl/pandait/panda/1.0.2-SNAPSHOT/panda-1.0.2-20200422.102009-1.jar  for client : admin / 172.18.0.1.
2020-04-22T10:20:11.211Z [1f7d0e6e2d809567] [ACCEPTED DEPLOY] libs-snapshot-local:pl/pandait/panda/1.0.2-SNAPSHOT/maven-metadata.xml  for client : admin / 172.18.0.1.
2020-04-22T10:20:11.213Z [1f7d0e6e2d809567] [ACCEPTED DEPLOY] libs-snapshot-local:pl/pandait/panda/1.0.2-SNAPSHOT/panda-1.0.2-20200422.102009-1.pom  for client : admin / 172.18.0.1.
2020-04-22T10:20:11.359Z [e9ef7efd6209856d] [ACCEPTED DEPLOY] libs-snapshot-local:pl/pandait/panda/maven-metadata.xml  for client : admin / 172.18.0.1.
2020-04-22T10:20:11.473Z [cc2b0339ab5d8267] [ACCEPTED DEPLOY] libs-snapshot-local:pl/pandait/panda/maven-metadata.xml  for client : admin / .
2020-04-22T10:20:18.565Z [1d0511fd98f1e1dc] [ACCEPTED LOGIN]   for client : jffe@000 / 127.0.0.1.
2020-04-22T10:20:18.578Z [6b463a03b2df7013] [ACCEPTED LOGIN]   for client : jffe@000 / 127.0.0.1.
2020-04-22T10:20:18.583Z [2d55ffa9171174cb] [ACCEPTED LOGIN]   for client : jffe@000 / 127.0.0.1.
2020-04-22T10:20:18.584Z [66465b79dd3812ac] [ACCEPTED LOGIN]   for client : jffe@000 / 127.0.0.1.
2020-04-22T10:20:27.611Z [49182253cb638673] [ACCEPTED LOGIN]   for client : admin / 172.18.0.1.
2020-04-22T10:20:48.571Z [bd477ec5deed18f ] [ACCEPTED LOGIN]   for client : jffe@000 / 127.0.0.1.
2020-04-22T10:20:48.574Z [cda2dba97e7766d ] [ACCEPTED LOGIN]   for client : jffe@000 / 127.0.0.1.
2020-04-22T10:20:48.575Z [51b0bc397136c65f] [ACCEPTED LOGIN]   for client : jffe@000 / 127.0.0.1.
2020-04-22T10:20:48.575Z [61a23f580f8bb25d] [ACCEPTED LOGIN]   for client : jffe@000 / 127.0.0.1.
2020-04-22T10:20:52.601Z [6690e02a31b58926] [ACCEPTED LOGIN]   for client : admin / 172.18.0.1.
2020-04-22T10:21:17.598Z [433ca1a9fde9c873] [ACCEPTED LOGIN]   for client : admin / 172.18.0.1.
2020-04-22T10:21:18.575Z [84b65ae2653b01b ] [ACCEPTED LOGIN]   for client : jffe@000 / 127.0.0.1.
2020-04-22T10:21:18.576Z [74a0ee1a6dc93506] [ACCEPTED LOGIN]   for client : jffe@000 / 127.0.0.1.
2020-04-22T10:21:18.579Z [49dc12d1a82353b5] [ACCEPTED LOGIN]   for client : jffe@000 / 127.0.0.1.
2020-04-22T10:21:18.580Z [64c88a1095f1a452] [ACCEPTED LOGIN]   for client : jffe@000 / 127.0.0.1.
2020-04-22T10:21:42.607Z [17f071ac446756ed] [ACCEPTED LOGIN]   for client : admin / 172.18.0.1.
2020-04-22T10:21:48.571Z [24bf2428b7bb4df0] [ACCEPTED LOGIN]   for client : jffe@000 / 127.0.0.1.
2020-04-22T10:21:48.582Z [39450be2055615a3] [ACCEPTED LOGIN]   for client : jffe@000 / 127.0.0.1.
2020-04-22T10:21:48.583Z [2a29e774617e3dec] [ACCEPTED LOGIN]   for client : jffe@000 / 127.0.0.1.
2020-04-22T10:21:48.584Z [6346bb2faa0a7898] [ACCEPTED LOGIN]   for client : jffe@000 / 127.0.0.1.
2020-04-22T10:22:07.598Z [863ae7f9323e296 ] [ACCEPTED LOGIN]   for client : admin / 172.18.0.1.
2020-04-22T10:22:18.567Z [5408e0a4479d5dba] [ACCEPTED LOGIN]   for client : jffe@000 / 127.0.0.1.
2020-04-22T10:22:18.571Z [304a7e8b92af86be] [ACCEPTED LOGIN]   for client : jffe@000 / 127.0.0.1.
2020-04-22T10:22:18.572Z [31e2442dbef24676] [ACCEPTED LOGIN]   for client : jffe@000 / 127.0.0.1.
2020-04-22T10:22:18.590Z [25ecd3b0c9081c3e] [ACCEPTED LOGIN]   for client : jffe@000 / 127.0.0.1.
2020-04-22T10:22:32.596Z [23d6f5938769613 ] [ACCEPTED LOGIN]   for client : admin / 172.18.0.1.
2020-04-22T10:22:48.578Z [78ef6bfc635220e8] [ACCEPTED LOGIN]   for client : jffe@000 / 127.0.0.1.
2020-04-22T10:22:48.584Z [7e1490b5b2f816aa] [ACCEPTED LOGIN]   for client : jffe@000 / 127.0.0.1.
2020-04-22T10:22:48.585Z [7d14b18950b3cee3] [ACCEPTED LOGIN]   for client : jffe@000 / 127.0.0.1.
2020-04-22T10:22:48.585Z [6193de7c48a6f2e7] [ACCEPTED LOGIN]   for client : jffe@000 / 127.0.0.1.
2020-04-22T10:22:57.604Z [59622700296aa07e] [ACCEPTED LOGIN]   for client : admin / 172.18.0.1.
2020-04-22T10:23:18.585Z [1190444af670a4f ] [ACCEPTED LOGIN]   for client : jffe@000 / 127.0.0.1.
2020-04-22T10:23:18.586Z [6b67e757472426c5] [ACCEPTED LOGIN]   for client : jffe@000 / 127.0.0.1.
2020-04-22T10:23:18.590Z [1371e355c7799d3b] [ACCEPTED LOGIN]   for client : jffe@000 / 127.0.0.1.
2020-04-22T10:23:18.587Z [20b260ed931421e8] [ACCEPTED LOGIN]   for client : jffe@000 / 127.0.0.1.
2020-04-22T10:23:22.613Z [7644d478a0807c6b] [ACCEPTED LOGIN]   for client : admin / 172.18.0.1.
2020-04-22T10:23:47.608Z [3ec263ec35e4899c] [ACCEPTED LOGIN]   for client : admin / 172.18.0.1.
2020-04-22T10:23:48.584Z [1577a1945857d6f0] [ACCEPTED LOGIN]   for client : jffe@000 / 127.0.0.1.
2020-04-22T10:23:48.590Z [2268ee7ac62fa2b1] [ACCEPTED LOGIN]   for client : jffe@000 / 127.0.0.1.
2020-04-22T10:23:48.591Z [400bf5c2d87b769d] [ACCEPTED LOGIN]   for client : jffe@000 / 127.0.0.1.
2020-04-22T10:23:48.597Z [2ac36a836611ea53] [ACCEPTED LOGIN]   for client : jffe@000 / 127.0.0.1.
2020-04-22T10:24:12.621Z [10cf13ff619d8ae2] [ACCEPTED LOGIN]   for client : admin / 172.18.0.1.
2020-04-22T10:24:18.600Z [57a910a3091770d ] [ACCEPTED LOGIN]   for client : jffe@000 / 127.0.0.1.
2020-04-22T10:24:18.610Z [35b65c29d2128989] [ACCEPTED LOGIN]   for client : jffe@000 / 127.0.0.1.
2020-04-22T10:24:18.611Z [3f242ea3807c61bd] [ACCEPTED LOGIN]   for client : jffe@000 / 127.0.0.1.
2020-04-22T10:24:18.612Z [85c241ddf89e9f2 ] [ACCEPTED LOGIN]   for client : jffe@000 / 127.0.0.1.
2020-04-22T10:24:37.635Z [14a60c3db27d9a1f] [ACCEPTED LOGIN]   for client : admin / 172.18.0.1.
2020-04-22T10:24:48.580Z [7f5db9a503a2f4ca] [ACCEPTED LOGIN]   for client : jffe@000 / 127.0.0.1.
2020-04-22T10:24:48.580Z [76749f48699863d ] [ACCEPTED LOGIN]   for client : jffe@000 / 127.0.0.1.
2020-04-22T10:24:48.581Z [837df98db064025 ] [ACCEPTED LOGIN]   for client : jffe@000 / 127.0.0.1.
2020-04-22T10:24:48.581Z [14a31c6f35eebc44] [ACCEPTED LOGIN]   for client : jffe@000 / 127.0.0.1.
2020-04-22T10:25:02.636Z [541b48b97cf3f876] [ACCEPTED LOGIN]   for client : admin / 172.18.0.1.
2020-04-22T10:25:18.574Z [546f984a7ea24dc7] [ACCEPTED LOGIN]   for client : jffe@000 / 127.0.0.1.
2020-04-22T10:25:18.582Z [1b895c3ff24e25db] [ACCEPTED LOGIN]   for client : jffe@000 / 127.0.0.1.
2020-04-22T10:25:18.584Z [22470e982a4be24c] [ACCEPTED LOGIN]   for client : jffe@000 / 127.0.0.1.
2020-04-22T10:25:18.586Z [12483de78062724b] [ACCEPTED LOGIN]   for client : jffe@000 / 127.0.0.1.
2020-04-22T10:25:27.642Z [2f3a0aa66dbb5917] [ACCEPTED LOGIN]   for client : admin / 172.18.0.1.
2020-04-22T10:25:48.594Z [6d8c244d6dba6010] [ACCEPTED LOGIN]   for client : jffe@000 / 127.0.0.1.
2020-04-22T10:25:48.602Z [3186e9caea25bbff] [ACCEPTED LOGIN]   for client : jffe@000 / 127.0.0.1.
2020-04-22T10:25:48.602Z [3a1bfdb7c7a5bceb] [ACCEPTED LOGIN]   for client : jffe@000 / 127.0.0.1.
2020-04-22T10:25:48.603Z [59a67cf8a98ec714] [ACCEPTED LOGIN]   for client : jffe@000 / 127.0.0.1.
2020-04-22T10:25:52.641Z [c812dbea93e78f2 ] [ACCEPTED LOGIN]   for client : admin / 172.18.0.1.
2020-04-22T10:26:17.636Z [68ca127a6b52639c] [ACCEPTED LOGIN]   for client : admin / 172.18.0.1.
2020-04-22T10:26:18.582Z [440d2aaaaf5e2b17] [ACCEPTED LOGIN]   for client : jffe@000 / 127.0.0.1.
2020-04-22T10:26:18.583Z [72ca5e40d358dc91] [ACCEPTED LOGIN]   for client : jffe@000 / 127.0.0.1.
2020-04-22T10:26:18.584Z [3113b9fda121c6c4] [ACCEPTED LOGIN]   for client : jffe@000 / 127.0.0.1.
2020-04-22T10:26:18.584Z [732145affdc95a9d] [ACCEPTED LOGIN]   for client : jffe@000 / 127.0.0.1.
2020-04-22T10:26:42.648Z [3fe647b5c0cd9941] [ACCEPTED LOGIN]   for client : admin / 172.18.0.1.
2020-04-22T10:26:48.624Z [5fd48d21e5e8307b] [ACCEPTED LOGIN]   for client : jffe@000 / 127.0.0.1.
2020-04-22T10:26:48.641Z [4f2ea5ea48f09aca] [ACCEPTED LOGIN]   for client : jffe@000 / 127.0.0.1.
2020-04-22T10:26:48.659Z [7e8bbd5c19fca0bd] [ACCEPTED LOGIN]   for client : jffe@000 / 127.0.0.1.
2020-04-22T10:26:48.660Z [516950a3acfd7d0c] [ACCEPTED LOGIN]   for client : jffe@000 / 127.0.0.1.
2020-04-22T10:27:07.644Z [19f46cd6788203b4] [ACCEPTED LOGIN]   for client : admin / 172.18.0.1.
2020-04-22T10:27:18.576Z [886905ca3d4a2ca ] [ACCEPTED LOGIN]   for client : jffe@000 / 127.0.0.1.
2020-04-22T10:27:18.584Z [2093de845fe3f4ad] [ACCEPTED LOGIN]   for client : jffe@000 / 127.0.0.1.
2020-04-22T10:27:18.588Z [5cdf95a74bcfbf2f] [ACCEPTED LOGIN]   for client : jffe@000 / 127.0.0.1.
2020-04-22T10:27:18.593Z [122374e53678b3d7] [ACCEPTED LOGIN]   for client : jffe@000 / 127.0.0.1.
2020-04-22T10:27:32.644Z [7c6f7162f1fc074e] [ACCEPTED LOGIN]   for client : admin / 172.18.0.1.
2020-04-22T10:27:48.582Z [7f960132ae21b9d ] [ACCEPTED LOGIN]   for client : jffe@000 / 127.0.0.1.
2020-04-22T10:27:48.587Z [270b2cbc8a933602] [ACCEPTED LOGIN]   for client : jffe@000 / 127.0.0.1.
2020-04-22T10:27:48.587Z [11a9b51b62539348] [ACCEPTED LOGIN]   for client : jffe@000 / 127.0.0.1.
2020-04-22T10:27:48.589Z [8ba16b0ecf60d77 ] [ACCEPTED LOGIN]   for client : jffe@000 / 127.0.0.1.
2020-04-22T10:27:57.663Z [d3cf3d91edd9b39 ] [ACCEPTED LOGIN]   for client : admin / 172.18.0.1.
2020-04-22T10:28:18.589Z [38ddd198f05c87d6] [ACCEPTED LOGIN]   for client : jffe@000 / 127.0.0.1.
2020-04-22T10:28:18.593Z [1fb329f95b81052e] [ACCEPTED LOGIN]   for client : jffe@000 / 127.0.0.1.
2020-04-22T10:28:18.594Z [3845b2aedfd1b456] [ACCEPTED LOGIN]   for client : jffe@000 / 127.0.0.1.
2020-04-22T10:28:18.600Z [4dbde41cb4e76403] [ACCEPTED LOGIN]   for client : jffe@000 / 127.0.0.1.
2020-04-22T10:28:22.646Z [31851527337eff88] [ACCEPTED LOGIN]   for client : admin / 172.18.0.1.
2020-04-22T10:28:47.645Z [6c6ddceea53355f7] [ACCEPTED LOGIN]   for client : admin / 172.18.0.1.
2020-04-22T10:28:48.590Z [536a68c8e8f7b562] [ACCEPTED LOGIN]   for client : jffe@000 / 127.0.0.1.
2020-04-22T10:28:48.595Z [5139acfc1fd0df56] [ACCEPTED LOGIN]   for client : jffe@000 / 127.0.0.1.
2020-04-22T10:28:48.600Z [731f7f159a9ccbaa] [ACCEPTED LOGIN]   for client : jffe@000 / 127.0.0.1.
2020-04-22T10:28:48.603Z [140d969723a98621] [ACCEPTED LOGIN]   for client : jffe@000 / 127.0.0.1.
2020-04-22T10:29:12.660Z [56eedb6d729722c8] [ACCEPTED LOGIN]   for client : admin / 172.18.0.1.
2020-04-22T10:29:18.615Z [163aee1e7b454da2] [ACCEPTED LOGIN]   for client : jffe@000 / 127.0.0.1.
2020-04-22T10:29:18.617Z [fcaf73ebf0fa7cb ] [ACCEPTED LOGIN]   for client : jffe@000 / 127.0.0.1.
2020-04-22T10:29:18.620Z [351de7defa1b09c4] [ACCEPTED LOGIN]   for client : jffe@000 / 127.0.0.1.
2020-04-22T10:29:18.625Z [6311e4805c6f5535] [ACCEPTED LOGIN]   for client : jffe@000 / 127.0.0.1.
2020-04-22T10:29:37.646Z [1392fb651d76f42f] [ACCEPTED LOGIN]   for client : admin / 172.18.0.1.
2020-04-22T10:29:48.600Z [5558b2d7271de441] [ACCEPTED LOGIN]   for client : jffe@000 / 127.0.0.1.
2020-04-22T10:29:48.605Z [65160a1860d98b1d] [ACCEPTED LOGIN]   for client : jffe@000 / 127.0.0.1.
2020-04-22T10:29:48.606Z [1ff20bc3c3ae4620] [ACCEPTED LOGIN]   for client : jffe@000 / 127.0.0.1.
2020-04-22T10:29:48.608Z [4b08cb59a3e9e13c] [ACCEPTED LOGIN]   for client : jffe@000 / 127.0.0.1.
2020-04-22T10:30:02.646Z [202e95a5020ffa04] [ACCEPTED LOGIN]   for client : admin / 172.18.0.1.
2020-04-22T10:30:18.600Z [52c8391c1eb9f533] [ACCEPTED LOGIN]   for client : jffe@000 / 127.0.0.1.
2020-04-22T10:30:18.601Z [7c76dce1ac56d82b] [ACCEPTED LOGIN]   for client : jffe@000 / 127.0.0.1.
2020-04-22T10:30:18.603Z [6dcb03a675d00af5] [ACCEPTED LOGIN]   for client : jffe@000 / 127.0.0.1.
2020-04-22T10:30:18.609Z [262c28b0448ef06f] [ACCEPTED LOGIN]   for client : jffe@000 / 127.0.0.1.
2020-04-22T10:30:27.651Z [154279a069189369] [ACCEPTED LOGIN]   for client : admin / 172.18.0.1.
2020-04-22T10:30:48.601Z [24d9c8b31b7cd80e] [ACCEPTED LOGIN]   for client : jffe@000 / 127.0.0.1.
2020-04-22T10:30:48.617Z [720219bcf84e100f] [ACCEPTED LOGIN]   for client : jffe@000 / 127.0.0.1.
2020-04-22T10:30:48.628Z [170faadacd01e397] [ACCEPTED LOGIN]   for client : jffe@000 / 127.0.0.1.
2020-04-22T10:30:48.635Z [d2367b886a39635 ] [ACCEPTED LOGIN]   for client : jffe@000 / 127.0.0.1.
2020-04-22T10:30:52.660Z [7535596592e8090c] [ACCEPTED LOGIN]   for client : admin / 172.18.0.1.
2020-04-22T10:31:17.648Z [5ae0f95268e5f29b] [ACCEPTED LOGIN]   for client : admin / 172.18.0.1.
2020-04-22T10:31:18.609Z [548c86d954774c60] [ACCEPTED LOGIN]   for client : jffe@000 / 127.0.0.1.
2020-04-22T10:31:18.613Z [15df47cf7c048de0] [ACCEPTED LOGIN]   for client : jffe@000 / 127.0.0.1.
2020-04-22T10:31:18.615Z [6e9164a8976fd3db] [ACCEPTED LOGIN]   for client : jffe@000 / 127.0.0.1.
2020-04-22T10:31:18.619Z [3cbcc0333e0470ce] [ACCEPTED LOGIN]   for client : jffe@000 / 127.0.0.1.
2020-04-22T10:31:42.671Z [51690197a5cb2354] [ACCEPTED LOGIN]   for client : admin / 172.18.0.1.
2020-04-22T10:31:48.620Z [2589e9d4ee9541ce] [ACCEPTED LOGIN]   for client : jffe@000 / 127.0.0.1.
2020-04-22T10:31:48.624Z [b2d3ab06901b4d8 ] [ACCEPTED LOGIN]   for client : jffe@000 / 127.0.0.1.
2020-04-22T10:31:48.633Z [461933029b0c8c4e] [ACCEPTED LOGIN]   for client : jffe@000 / 127.0.0.1.
2020-04-22T10:31:48.634Z [4d8fc03c862b5fd2] [ACCEPTED LOGIN]   for client : jffe@000 / 127.0.0.1.
2020-04-22T10:32:07.661Z [19949f99bcf2bdcf] [ACCEPTED LOGIN]   for client : admin / 172.18.0.1.
2020-04-22T10:32:18.609Z [4c9a4d8800649124] [ACCEPTED LOGIN]   for client : jffe@000 / 127.0.0.1.
2020-04-22T10:32:18.615Z [55e803c44ab596f4] [ACCEPTED LOGIN]   for client : jffe@000 / 127.0.0.1.
2020-04-22T10:32:18.617Z [4eebb917f20bb63a] [ACCEPTED LOGIN]   for client : jffe@000 / 127.0.0.1.
2020-04-22T10:32:18.621Z [41c114c08784dda1] [ACCEPTED LOGIN]   for client : jffe@000 / 127.0.0.1.
2020-04-22T10:32:32.670Z [1a251c5821799990] [ACCEPTED LOGIN]   for client : admin / 172.18.0.1.
2020-04-22T10:32:48.627Z [2721397b3312652e] [ACCEPTED LOGIN]   for client : jffe@000 / 127.0.0.1.
2020-04-22T10:32:48.632Z [725404400e7e6006] [ACCEPTED LOGIN]   for client : jffe@000 / 127.0.0.1.
2020-04-22T10:32:48.633Z [1258a3a43a33b324] [ACCEPTED LOGIN]   for client : jffe@000 / 127.0.0.1.
2020-04-22T10:32:48.633Z [c11af20c6657e44 ] [ACCEPTED LOGIN]   for client : jffe@000 / 127.0.0.1.
2020-04-22T10:32:57.674Z [59201b8c82d50515] [ACCEPTED LOGIN]   for client : admin / 172.18.0.1.
2020-04-22T10:33:18.626Z [70695ea81cd9f221] [ACCEPTED LOGIN]   for client : jffe@000 / 127.0.0.1.
2020-04-22T10:33:18.633Z [390815c2b8af41fb] [ACCEPTED LOGIN]   for client : jffe@000 / 127.0.0.1.
2020-04-22T10:33:18.633Z [12cb3de186331e34] [ACCEPTED LOGIN]   for client : jffe@000 / 127.0.0.1.
2020-04-22T10:33:18.634Z [51c2b72b88bbfe1d] [ACCEPTED LOGIN]   for client : jffe@000 / 127.0.0.1.
2020-04-22T10:33:22.681Z [511ac1a9d7bcbcf5] [ACCEPTED LOGIN]   for client : admin / 172.18.0.1.
2020-04-22T10:33:47.681Z [49ca703b1743ed30] [ACCEPTED LOGIN]   for client : admin / 172.18.0.1.
2020-04-22T10:33:48.628Z [7d427d611a9b892a] [ACCEPTED LOGIN]   for client : jffe@000 / 127.0.0.1.
2020-04-22T10:33:48.629Z [20bc5d72db556c03] [ACCEPTED LOGIN]   for client : jffe@000 / 127.0.0.1.
2020-04-22T10:33:48.630Z [532b36eecdc6f9be] [ACCEPTED LOGIN]   for client : jffe@000 / 127.0.0.1.
2020-04-22T10:33:48.631Z [19eb8c3724c00595] [ACCEPTED LOGIN]   for client : jffe@000 / 127.0.0.1.
2020-04-22T10:34:12.689Z [137be18ae3f8f951] [ACCEPTED LOGIN]   for client : admin / 172.18.0.1.
2020-04-22T10:34:18.626Z [2a57f8eddd231254] [ACCEPTED LOGIN]   for client : jffe@000 / 127.0.0.1.
2020-04-22T10:34:18.626Z [26c3306c5b199845] [ACCEPTED LOGIN]   for client : jffe@000 / 127.0.0.1.
2020-04-22T10:34:18.632Z [37b4503863792e0c] [ACCEPTED LOGIN]   for client : jffe@000 / 127.0.0.1.
2020-04-22T10:34:18.640Z [6d59be86e406862d] [ACCEPTED LOGIN]   for client : jffe@000 / 127.0.0.1.
2020-04-22T10:34:37.683Z [113bba78ef6eb2c0] [ACCEPTED LOGIN]   for client : admin / 172.18.0.1.
2020-04-22T10:34:48.625Z [4aa1b0d654630ee8] [ACCEPTED LOGIN]   for client : jffe@000 / 127.0.0.1.
2020-04-22T10:34:48.628Z [60736049f4626837] [ACCEPTED LOGIN]   for client : jffe@000 / 127.0.0.1.
2020-04-22T10:34:48.633Z [4827984b336aaeba] [ACCEPTED LOGIN]   for client : jffe@000 / 127.0.0.1.
2020-04-22T10:34:48.633Z [98697ffbb56b206 ] [ACCEPTED LOGIN]   for client : jffe@000 / 127.0.0.1.
2020-04-22T10:35:02.684Z [18c94da7e611529b] [ACCEPTED LOGIN]   for client : admin / 172.18.0.1.
2020-04-22T10:35:18.635Z [1568b6fb4b345633] [ACCEPTED LOGIN]   for client : jffe@000 / 127.0.0.1.
2020-04-22T10:35:18.638Z [1da4ba8d5f017f70] [ACCEPTED LOGIN]   for client : jffe@000 / 127.0.0.1.
2020-04-22T10:35:18.638Z [17ebc3d8552c87d5] [ACCEPTED LOGIN]   for client : jffe@000 / 127.0.0.1.
2020-04-22T10:35:18.640Z [7f0c57faad95e4ce] [ACCEPTED LOGIN]   for client : jffe@000 / 127.0.0.1.
2020-04-22T10:35:27.692Z [134289624d53b4bf] [ACCEPTED LOGIN]   for client : admin / 172.18.0.1.
2020-04-22T10:35:48.634Z [3175072def15deb3] [ACCEPTED LOGIN]   for client : jffe@000 / 127.0.0.1.
2020-04-22T10:35:48.636Z [6adc54b9d040d5f1] [ACCEPTED LOGIN]   for client : jffe@000 / 127.0.0.1.
2020-04-22T10:35:48.634Z [6446cdf2ecda6274] [ACCEPTED LOGIN]   for client : jffe@000 / 127.0.0.1.
2020-04-22T10:35:48.639Z [725c8184b94d4646] [ACCEPTED LOGIN]   for client : jffe@000 / 127.0.0.1.
2020-04-22T10:35:52.686Z [690119b3167bd44f] [ACCEPTED LOGIN]   for client : admin / 172.18.0.1.
2020-04-22T10:36:17.686Z [308233e0c0056ff ] [ACCEPTED LOGIN]   for client : admin / 172.18.0.1.
2020-04-22T10:36:18.643Z [6894f62edb0e8038] [ACCEPTED LOGIN]   for client : jffe@000 / 127.0.0.1.
2020-04-22T10:36:18.644Z [6a86a5f9fddfe7d8] [ACCEPTED LOGIN]   for client : jffe@000 / 127.0.0.1.
2020-04-22T10:36:18.646Z [52616a8e79c69d4e] [ACCEPTED LOGIN]   for client : jffe@000 / 127.0.0.1.
2020-04-22T10:36:18.647Z [5a8a5e40e65c305 ] [ACCEPTED LOGIN]   for client : jffe@000 / 127.0.0.1.
2020-04-22T10:36:42.703Z [98e2d35867017f3 ] [ACCEPTED LOGIN]   for client : admin / 172.18.0.1.
2020-04-22T10:36:48.667Z [76385e6c49d0da47] [ACCEPTED LOGIN]   for client : jffe@000 / 127.0.0.1.
2020-04-22T10:36:48.676Z [2a9c22c16a94c7d5] [ACCEPTED LOGIN]   for client : jffe@000 / 127.0.0.1.
2020-04-22T10:36:48.676Z [813e682bececce9 ] [ACCEPTED LOGIN]   for client : jffe@000 / 127.0.0.1.
2020-04-22T10:36:48.681Z [3bc8a88fa01f9350] [ACCEPTED LOGIN]   for client : jffe@000 / 127.0.0.1.
2020-04-22T10:37:07.696Z [caf86b61d8a854c ] [ACCEPTED LOGIN]   for client : admin / 172.18.0.1.
2020-04-22T10:37:18.641Z [78edde5e1b9cd84b] [ACCEPTED LOGIN]   for client : jffe@000 / 127.0.0.1.
2020-04-22T10:37:18.645Z [6d771489902fe559] [ACCEPTED LOGIN]   for client : jffe@000 / 127.0.0.1.
2020-04-22T10:37:18.645Z [567e3d59c3478a24] [ACCEPTED LOGIN]   for client : jffe@000 / 127.0.0.1.
2020-04-22T10:37:18.645Z [140413320ace3738] [ACCEPTED LOGIN]   for client : jffe@000 / 127.0.0.1.
2020-04-22T10:37:32.698Z [676f800823f9346f] [ACCEPTED LOGIN]   for client : admin / 172.18.0.1.
2020-04-22T10:37:48.640Z [41b711436158deec] [ACCEPTED LOGIN]   for client : jffe@000 / 127.0.0.1.
2020-04-22T10:37:48.642Z [5dfcd6a4a9b86bc3] [ACCEPTED LOGIN]   for client : jffe@000 / 127.0.0.1.
2020-04-22T10:37:48.642Z [565b5f3aa0898cca] [ACCEPTED LOGIN]   for client : jffe@000 / 127.0.0.1.
2020-04-22T10:37:48.648Z [64dc38b1450e475d] [ACCEPTED LOGIN]   for client : jffe@000 / 127.0.0.1.
2020-04-22T10:37:57.719Z [300a1bbfb43f04a3] [ACCEPTED LOGIN]   for client : admin / 172.18.0.1.
2020-04-22T10:38:18.650Z [5153e38c3259faff] [ACCEPTED LOGIN]   for client : jffe@000 / 127.0.0.1.
2020-04-22T10:38:18.651Z [5d89f60a5c23f528] [ACCEPTED LOGIN]   for client : jffe@000 / 127.0.0.1.
2020-04-22T10:38:18.652Z [49be7ebec64d9e31] [ACCEPTED LOGIN]   for client : jffe@000 / 127.0.0.1.
2020-04-22T10:38:18.652Z [7eb27b6b7574f4ef] [ACCEPTED LOGIN]   for client : jffe@000 / 127.0.0.1.
2020-04-22T10:38:22.706Z [22a1c7645ae6c9e2] [ACCEPTED LOGIN]   for client : admin / 172.18.0.1.
2020-04-22T10:38:47.716Z [5dfa93075eb1b935] [ACCEPTED LOGIN]   for client : admin / 172.18.0.1.
2020-04-22T10:38:48.649Z [6e30e55530808d52] [ACCEPTED LOGIN]   for client : jffe@000 / 127.0.0.1.
2020-04-22T10:38:48.652Z [386721d350eac045] [ACCEPTED LOGIN]   for client : jffe@000 / 127.0.0.1.
2020-04-22T10:38:48.653Z [2e21a19f551bde8e] [ACCEPTED LOGIN]   for client : jffe@000 / 127.0.0.1.
2020-04-22T10:38:48.654Z [3734ff609aaeceda] [ACCEPTED LOGIN]   for client : jffe@000 / 127.0.0.1.
2020-04-22T10:39:12.717Z [2b906fbf9cc00d49] [ACCEPTED LOGIN]   for client : admin / 172.18.0.1.
2020-04-22T10:39:18.642Z [24ebc24216586dfc] [ACCEPTED LOGIN]   for client : jffe@000 / 127.0.0.1.
2020-04-22T10:39:18.649Z [498c04642f385e9f] [ACCEPTED LOGIN]   for client : jffe@000 / 127.0.0.1.
2020-04-22T10:39:18.651Z [40a512b1f79b106a] [ACCEPTED LOGIN]   for client : jffe@000 / 127.0.0.1.
2020-04-22T10:39:18.655Z [35cc60012b418d7 ] [ACCEPTED LOGIN]   for client : jffe@000 / 127.0.0.1.
2020-04-22T10:39:37.705Z [55298186f2c3c609] [ACCEPTED LOGIN]   for client : admin / 172.18.0.1.
2020-04-22T10:39:48.654Z [4de4b22a29a8f8ea] [ACCEPTED LOGIN]   for client : jffe@000 / 127.0.0.1.
2020-04-22T10:39:48.654Z [2d570ef251f541c6] [ACCEPTED LOGIN]   for client : jffe@000 / 127.0.0.1.
2020-04-22T10:39:48.659Z [1bab090e40127418] [ACCEPTED LOGIN]   for client : jffe@000 / 127.0.0.1.
2020-04-22T10:39:48.660Z [58d663a3aba81280] [ACCEPTED LOGIN]   for client : jffe@000 / 127.0.0.1.
2020-04-22T10:40:02.706Z [5bddb63003bd6dba] [ACCEPTED LOGIN]   for client : admin / 172.18.0.1.
2020-04-22T10:40:18.660Z [4e3d47d0432a3dd8] [ACCEPTED LOGIN]   for client : jffe@000 / 127.0.0.1.
2020-04-22T10:40:18.667Z [5d62d480eb4cfd31] [ACCEPTED LOGIN]   for client : jffe@000 / 127.0.0.1.
2020-04-22T10:40:18.668Z [5ec73d73c45c4d8 ] [ACCEPTED LOGIN]   for client : jffe@000 / 127.0.0.1.
2020-04-22T10:40:18.667Z [2d43ffb940c6091f] [ACCEPTED LOGIN]   for client : jffe@000 / 127.0.0.1.
2020-04-22T10:40:27.714Z [396628552c779e0a] [ACCEPTED LOGIN]   for client : admin / 172.18.0.1.
2020-04-22T10:40:48.665Z [7786a4887ceeea0c] [ACCEPTED LOGIN]   for client : jffe@000 / 127.0.0.1.
2020-04-22T10:40:48.666Z [1164c4f7464e70e3] [ACCEPTED LOGIN]   for client : jffe@000 / 127.0.0.1.
2020-04-22T10:40:48.669Z [193153a54e85d7cd] [ACCEPTED LOGIN]   for client : jffe@000 / 127.0.0.1.
2020-04-22T10:40:48.670Z [34a2f11ab4da64ec] [ACCEPTED LOGIN]   for client : jffe@000 / 127.0.0.1.
2020-04-22T10:40:52.710Z [1723500bbae29a8e] [ACCEPTED LOGIN]   for client : admin / 172.18.0.1.
2020-04-22T10:41:17.710Z [36625868fa16bfb8] [ACCEPTED LOGIN]   for client : admin / 172.18.0.1.
2020-04-22T10:41:18.667Z [63ebc57801779e1b] [ACCEPTED LOGIN]   for client : jffe@000 / 127.0.0.1.
2020-04-22T10:41:18.669Z [3fcec61ac989f948] [ACCEPTED LOGIN]   for client : jffe@000 / 127.0.0.1.
2020-04-22T10:41:18.670Z [767b0892b2cfef3e] [ACCEPTED LOGIN]   for client : jffe@000 / 127.0.0.1.
2020-04-22T10:41:18.672Z [7f986917af56ad8f] [ACCEPTED LOGIN]   for client : jffe@000 / 127.0.0.1.
2020-04-22T10:41:42.720Z [544274abc082d854] [ACCEPTED LOGIN]   for client : admin / 172.18.0.1.
2020-04-22T10:41:48.671Z [366bb1b53788e51e] [ACCEPTED LOGIN]   for client : jffe@000 / 127.0.0.1.
2020-04-22T10:41:48.675Z [1feef9accb86edf9] [ACCEPTED LOGIN]   for client : jffe@000 / 127.0.0.1.
2020-04-22T10:41:48.677Z [627c337c59ceefcd] [ACCEPTED LOGIN]   for client : jffe@000 / 127.0.0.1.
2020-04-22T10:41:48.678Z [344d9d6ca242549e] [ACCEPTED LOGIN]   for client : jffe@000 / 127.0.0.1.
2020-04-22T10:42:07.712Z [5a9cbebd080b4366] [ACCEPTED LOGIN]   for client : admin / 172.18.0.1.
2020-04-22T10:42:18.673Z [1c936a31e9b1fbd6] [ACCEPTED LOGIN]   for client : jffe@000 / 127.0.0.1.
2020-04-22T10:42:18.675Z [5f070cc78410833d] [ACCEPTED LOGIN]   for client : jffe@000 / 127.0.0.1.
2020-04-22T10:42:18.679Z [a22869def328696 ] [ACCEPTED LOGIN]   for client : jffe@000 / 127.0.0.1.
2020-04-22T10:42:18.679Z [6f9d7a6dc8167df3] [ACCEPTED LOGIN]   for client : jffe@000 / 127.0.0.1.
2020-04-22T10:42:32.716Z [5d147aeb702544af] [ACCEPTED LOGIN]   for client : admin / 172.18.0.1.
2020-04-22T10:42:48.669Z [7887feba0e5b9626] [ACCEPTED LOGIN]   for client : jffe@000 / 127.0.0.1.
2020-04-22T10:42:48.674Z [6bd9302aae06c82d] [ACCEPTED LOGIN]   for client : jffe@000 / 127.0.0.1.
2020-04-22T10:42:48.675Z [5b4dcc714cf6c81b] [ACCEPTED LOGIN]   for client : jffe@000 / 127.0.0.1.
2020-04-22T10:42:48.676Z [3f5647ba34cffa5b] [ACCEPTED LOGIN]   for client : jffe@000 / 127.0.0.1.
2020-04-22T10:42:57.721Z [1b03cd6781a1bce9] [ACCEPTED LOGIN]   for client : admin / 172.18.0.1.
2020-04-22T10:43:18.697Z [7a7f4c635ff06515] [ACCEPTED LOGIN]   for client : jffe@000 / 127.0.0.1.
2020-04-22T10:43:18.697Z [d77bd72084ef671 ] [ACCEPTED LOGIN]   for client : jffe@000 / 127.0.0.1.
2020-04-22T10:43:18.711Z [35159460f9612df5] [ACCEPTED LOGIN]   for client : jffe@000 / 127.0.0.1.
2020-04-22T10:43:18.711Z [31d5742bd21124c3] [ACCEPTED LOGIN]   for client : jffe@000 / 127.0.0.1.
2020-04-22T10:43:22.719Z [641eeb12f49eec05] [ACCEPTED LOGIN]   for client : admin / 172.18.0.1.
2020-04-22T10:43:47.737Z [6f49129cb724036e] [ACCEPTED LOGIN]   for client : admin / 172.18.0.1.
2020-04-22T10:43:48.699Z [5822a3f2f683a1af] [ACCEPTED LOGIN]   for client : jffe@000 / 127.0.0.1.
2020-04-22T10:43:48.702Z [84b5b54c36f7676 ] [ACCEPTED LOGIN]   for client : jffe@000 / 127.0.0.1.
2020-04-22T10:43:48.705Z [59d8919f381e362f] [ACCEPTED LOGIN]   for client : jffe@000 / 127.0.0.1.
2020-04-22T10:43:48.709Z [6707db258e40bb68] [ACCEPTED LOGIN]   for client : jffe@000 / 127.0.0.1.
2020-04-22T10:44:12.742Z [3546e39ad576cdaa] [ACCEPTED LOGIN]   for client : admin / 172.18.0.1.
2020-04-22T10:44:18.711Z [5266de9b3becdb63] [ACCEPTED LOGIN]   for client : jffe@000 / 127.0.0.1.
2020-04-22T10:44:18.715Z [69a7638efedc8254] [ACCEPTED LOGIN]   for client : jffe@000 / 127.0.0.1.
2020-04-22T10:44:18.717Z [c0ef260f22cdddc ] [ACCEPTED LOGIN]   for client : jffe@000 / 127.0.0.1.
2020-04-22T10:44:18.718Z [cf9fa43020bd986 ] [ACCEPTED LOGIN]   for client : jffe@000 / 127.0.0.1.
2020-04-22T10:44:37.744Z [4ee193cfe32f8926] [ACCEPTED LOGIN]   for client : admin / 172.18.0.1.
2020-04-22T10:44:48.708Z [10b2b75bf4a5dce6] [ACCEPTED LOGIN]   for client : jffe@000 / 127.0.0.1.
2020-04-22T10:44:48.709Z [6c770de899a23184] [ACCEPTED LOGIN]   for client : jffe@000 / 127.0.0.1.
2020-04-22T10:44:48.712Z [a85e666c8da2a2e ] [ACCEPTED LOGIN]   for client : jffe@000 / 127.0.0.1.
2020-04-22T10:44:48.716Z [b37d51e3c72565a ] [ACCEPTED LOGIN]   for client : jffe@000 / 127.0.0.1.
2020-04-22T10:45:02.745Z [7e1e8a0ef3c32cff] [ACCEPTED LOGIN]   for client : admin / 172.18.0.1.
2020-04-22T10:45:18.711Z [1bde9d9ef91ca3fc] [ACCEPTED LOGIN]   for client : jffe@000 / 127.0.0.1.
2020-04-22T10:45:18.714Z [355dad7baed87f24] [ACCEPTED LOGIN]   for client : jffe@000 / 127.0.0.1.
2020-04-22T10:45:18.715Z [dd5d2235df84555 ] [ACCEPTED LOGIN]   for client : jffe@000 / 127.0.0.1.
2020-04-22T10:45:18.716Z [1124797f02f6962 ] [ACCEPTED LOGIN]   for client : jffe@000 / 127.0.0.1.
2020-04-22T10:45:27.749Z [638437230c97920f] [ACCEPTED LOGIN]   for client : admin / 172.18.0.1.
2020-04-22T10:45:48.708Z [94a5b288df1ea6b ] [ACCEPTED LOGIN]   for client : jffe@000 / 127.0.0.1.
2020-04-22T10:45:48.715Z [1f4b7df5cd1113e9] [ACCEPTED LOGIN]   for client : jffe@000 / 127.0.0.1.
2020-04-22T10:45:48.715Z [5d0a6456a92fd43b] [ACCEPTED LOGIN]   for client : jffe@000 / 127.0.0.1.
2020-04-22T10:45:48.717Z [1ce489be88836cd7] [ACCEPTED LOGIN]   for client : jffe@000 / 127.0.0.1.
2020-04-22T10:45:52.743Z [5ba732354ded7f83] [ACCEPTED LOGIN]   for client : admin / 172.18.0.1.
2020-04-22T10:46:17.749Z [4462a08c9dfdf181] [ACCEPTED LOGIN]   for client : admin / 172.18.0.1.
2020-04-22T10:46:18.714Z [290fc72cfa61ebea] [ACCEPTED LOGIN]   for client : jffe@000 / 127.0.0.1.
2020-04-22T10:46:18.718Z [5de9b1a671d1fa3c] [ACCEPTED LOGIN]   for client : jffe@000 / 127.0.0.1.
2020-04-22T10:46:18.721Z [7120a962db935c3 ] [ACCEPTED LOGIN]   for client : jffe@000 / 127.0.0.1.
2020-04-22T10:46:18.727Z [2f9fdc8a2f048443] [ACCEPTED LOGIN]   for client : jffe@000 / 127.0.0.1.
2020-04-22T10:46:42.749Z [bfb400ab4feb466 ] [ACCEPTED LOGIN]   for client : admin / 172.18.0.1.
2020-04-22T10:46:48.743Z [1494cd7dd7248647] [ACCEPTED LOGIN]   for client : jffe@000 / 127.0.0.1.
2020-04-22T10:46:48.745Z [83b518b5bb67f9f ] [ACCEPTED LOGIN]   for client : jffe@000 / 127.0.0.1.
2020-04-22T10:46:48.746Z [1b678662c6b4bc0 ] [ACCEPTED LOGIN]   for client : jffe@000 / 127.0.0.1.
2020-04-22T10:46:48.763Z [3707c513ea927609] [ACCEPTED LOGIN]   for client : jffe@000 / 127.0.0.1.
2020-04-22T10:47:03.397Z [29744701e7668a9c] [ACCEPTED LOGIN]   for client : admin / 172.18.0.1.
2020-04-22T10:47:03.494Z [a935083aa0b197e ] [ACCEPTED LOGIN]   for client : admin / 172.18.0.1.
2020-04-22T10:47:03.600Z [62132a4ddc844f0d] [ACCEPTED LOGIN]   for client : admin / 172.18.0.1.
2020-04-22T10:47:18.724Z [5d70d8dfcdbaa36c] [ACCEPTED LOGIN]   for client : jffe@000 / 127.0.0.1.
2020-04-22T10:47:18.725Z [441b1cd945ceb85c] [ACCEPTED LOGIN]   for client : jffe@000 / 127.0.0.1.
2020-04-22T10:47:18.729Z [6dfd86a70006774c] [ACCEPTED LOGIN]   for client : jffe@000 / 127.0.0.1.
2020-04-22T10:47:18.731Z [2fb667bdd9033f66] [ACCEPTED LOGIN]   for client : jffe@000 / 127.0.0.1.
2020-04-22T10:47:21.517Z [804dd3d67fa1b4  ] [ACCEPTED LOGIN]   for client : admin / 172.18.0.1.
2020-04-22T10:47:31.105Z [1c905dbf6f7605cf] [ACCEPTED DELETE] libs-snapshot-local:pl/pandait/panda/1.0.2-SNAPSHOT/maven-metadata.xml  for client : admin / 172.18.0.1.
2020-04-22T10:47:31.258Z [1c905dbf6f7605cf] [ACCEPTED DELETE] libs-snapshot-local:pl/pandait/panda/1.0.2-SNAPSHOT/panda-1.0.2-20200422.102009-1.jar  for client : admin / 172.18.0.1.
2020-04-22T10:47:31.309Z [1c905dbf6f7605cf] [ACCEPTED DELETE] libs-snapshot-local:pl/pandait/panda/1.0.2-SNAPSHOT/panda-1.0.2-20200422.102009-1.pom  for client : admin / 172.18.0.1.
2020-04-22T10:47:31.330Z [1c905dbf6f7605cf] [ACCEPTED DELETE] libs-snapshot-local:pl/pandait/panda/1.0.2-SNAPSHOT  for client : admin / 172.18.0.1.
2020-04-22T10:47:31.354Z [1c905dbf6f7605cf] [ACCEPTED DELETE] libs-snapshot-local:pl/pandait/panda/maven-metadata.xml  for client : admin / 172.18.0.1.
2020-04-22T10:47:31.367Z [1c905dbf6f7605cf] [ACCEPTED DELETE] libs-snapshot-local:pl/pandait/panda  for client : admin / 172.18.0.1.
2020-04-22T10:47:35.042Z [257c0b5e3de45876] [ACCEPTED DELETE] libs-snapshot-local:pl/pandait  for client : admin / 172.18.0.1.
2020-04-22T10:47:38.177Z [72d5b772e8be2e15] [ACCEPTED DELETE] libs-snapshot-local:pl  for client : admin / 172.18.0.1.
2020-04-22T10:47:38.195Z [72d5b772e8be2e15] [ACCEPTED LOGIN]   for client : admin / 172.18.0.1.
2020-04-22T10:47:48.719Z [35a3a3baea47f653] [ACCEPTED LOGIN]   for client : jffe@000 / 127.0.0.1.
2020-04-22T10:47:48.727Z [789b545d26e6aa7f] [ACCEPTED LOGIN]   for client : jffe@000 / 127.0.0.1.
2020-04-22T10:47:48.727Z [4691f023d6f1ad7f] [ACCEPTED LOGIN]   for client : jffe@000 / 127.0.0.1.
2020-04-22T10:47:48.729Z [1003f5a9e81fa50d] [ACCEPTED LOGIN]   for client : jffe@000 / 127.0.0.1.
2020-04-22T10:47:58.273Z [4c07bee571321387] [ACCEPTED LOGIN]   for client : admin / 172.18.0.1.
2020-04-22T10:48:18.724Z [3ffbfe2e712da379] [ACCEPTED LOGIN]   for client : jffe@000 / 127.0.0.1.
2020-04-22T10:48:18.736Z [262fb9d43094a029] [ACCEPTED LOGIN]   for client : jffe@000 / 127.0.0.1.
2020-04-22T10:48:18.739Z [ca8b2c07e8b52c4 ] [ACCEPTED LOGIN]   for client : jffe@000 / 127.0.0.1.
2020-04-22T10:48:18.741Z [2515100156fa0059] [ACCEPTED LOGIN]   for client : jffe@000 / 127.0.0.1.
2020-04-22T10:48:23.266Z [6ae9fce73462c04f] [ACCEPTED LOGIN]   for client : admin / 172.18.0.1.
2020-04-22T10:48:48.290Z [33d25abbc681ce47] [ACCEPTED LOGIN]   for client : admin / 172.18.0.1.
2020-04-22T10:48:48.736Z [2c9a3797a2efbb80] [ACCEPTED LOGIN]   for client : jffe@000 / 127.0.0.1.
2020-04-22T10:48:48.736Z [711e8ee17826b167] [ACCEPTED LOGIN]   for client : jffe@000 / 127.0.0.1.
2020-04-22T10:48:48.745Z [371a104ee27740ea] [ACCEPTED LOGIN]   for client : jffe@000 / 127.0.0.1.
2020-04-22T10:48:48.747Z [3b618e35e8d24e3b] [ACCEPTED LOGIN]   for client : jffe@000 / 127.0.0.1.
2020-04-22T10:49:13.264Z [46b296508c20020 ] [ACCEPTED LOGIN]   for client : admin / 172.18.0.1.
2020-04-22T10:49:18.768Z [308ff0648d7eb6d7] [ACCEPTED LOGIN]   for client : jffe@000 / 127.0.0.1.
2020-04-22T10:49:18.773Z [1ee7949c5fdb8916] [ACCEPTED LOGIN]   for client : jffe@000 / 127.0.0.1.
2020-04-22T10:49:18.785Z [2fc6876d4f1225cc] [ACCEPTED LOGIN]   for client : jffe@000 / 127.0.0.1.
2020-04-22T10:49:18.774Z [34dc22bcf05d06f2] [ACCEPTED LOGIN]   for client : jffe@000 / 127.0.0.1.
2020-04-22T10:49:38.264Z [25b411f49f01640a] [ACCEPTED LOGIN]   for client : admin / 172.18.0.1.
2020-04-22T10:49:48.732Z [139f39f55b7ee5a6] [ACCEPTED LOGIN]   for client : jffe@000 / 127.0.0.1.
2020-04-22T10:49:48.733Z [163be6e02becb756] [ACCEPTED LOGIN]   for client : jffe@000 / 127.0.0.1.
2020-04-22T10:49:48.734Z [25e230a0fb30adee] [ACCEPTED LOGIN]   for client : jffe@000 / 127.0.0.1.
2020-04-22T10:49:48.736Z [330cd925e920a444] [ACCEPTED LOGIN]   for client : jffe@000 / 127.0.0.1.
2020-04-22T10:50:03.283Z [4960008ee16c32c7] [ACCEPTED LOGIN]   for client : admin / 172.18.0.1.
2020-04-22T10:50:18.731Z [565c590ad25f6036] [ACCEPTED LOGIN]   for client : jffe@000 / 127.0.0.1.
2020-04-22T10:50:18.732Z [c4189dc38adf05  ] [ACCEPTED LOGIN]   for client : jffe@000 / 127.0.0.1.
2020-04-22T10:50:18.733Z [3f1574b716aa47b7] [ACCEPTED LOGIN]   for client : jffe@000 / 127.0.0.1.
2020-04-22T10:50:18.734Z [7908bfdc9ec72610] [ACCEPTED LOGIN]   for client : jffe@000 / 127.0.0.1.
2020-04-22T10:50:28.265Z [5bdd34894af53885] [ACCEPTED LOGIN]   for client : admin / 172.18.0.1.
2020-04-22T10:50:48.744Z [10f35cf6beed9532] [ACCEPTED LOGIN]   for client : jffe@000 / 127.0.0.1.
2020-04-22T10:50:48.745Z [7c600323d68bbbde] [ACCEPTED LOGIN]   for client : jffe@000 / 127.0.0.1.
2020-04-22T10:50:48.746Z [4653bdeb9fbc0047] [ACCEPTED LOGIN]   for client : jffe@000 / 127.0.0.1.
2020-04-22T10:50:48.747Z [2d93c11e1c2be7f7] [ACCEPTED LOGIN]   for client : jffe@000 / 127.0.0.1.
2020-04-22T10:50:53.267Z [128c28b0b39ab0a9] [ACCEPTED LOGIN]   for client : admin / 172.18.0.1.
2020-04-22T10:51:18.274Z [a4e85a2e7b7b722 ] [ACCEPTED LOGIN]   for client : admin / 172.18.0.1.
2020-04-22T10:51:18.740Z [3d22685cedd3aeb3] [ACCEPTED LOGIN]   for client : jffe@000 / 127.0.0.1.
2020-04-22T10:51:18.744Z [6a9fd8d4fa55ce06] [ACCEPTED LOGIN]   for client : jffe@000 / 127.0.0.1.
2020-04-22T10:51:18.744Z [a4a79d6d16132cb ] [ACCEPTED LOGIN]   for client : jffe@000 / 127.0.0.1.
2020-04-22T10:51:18.745Z [4d6b105f79363a85] [ACCEPTED LOGIN]   for client : jffe@000 / 127.0.0.1.
2020-04-22T10:51:43.271Z [14222c1024148a35] [ACCEPTED LOGIN]   for client : admin / 172.18.0.1.
2020-04-22T10:51:48.736Z [405f7b70a66a378d] [ACCEPTED LOGIN]   for client : jffe@000 / 127.0.0.1.
2020-04-22T10:51:48.744Z [7a15261d792c6a0f] [ACCEPTED LOGIN]   for client : jffe@000 / 127.0.0.1.
2020-04-22T10:51:48.745Z [e3970ef526b3e2f ] [ACCEPTED LOGIN]   for client : jffe@000 / 127.0.0.1.
2020-04-22T10:51:48.746Z [9ec0a91312d2ace ] [ACCEPTED LOGIN]   for client : jffe@000 / 127.0.0.1.
2020-04-22T10:52:08.273Z [7d3e97f6753409c1] [ACCEPTED LOGIN]   for client : admin / 172.18.0.1.
2020-04-22T10:52:18.734Z [bf739e3d5b56054 ] [ACCEPTED LOGIN]   for client : jffe@000 / 127.0.0.1.
2020-04-22T10:52:18.741Z [556bd5048a5659ab] [ACCEPTED LOGIN]   for client : jffe@000 / 127.0.0.1.
2020-04-22T10:52:18.743Z [54c5f9c5f4e8f7c6] [ACCEPTED LOGIN]   for client : jffe@000 / 127.0.0.1.
2020-04-22T10:52:18.743Z [1d159e5596fb282a] [ACCEPTED LOGIN]   for client : jffe@000 / 127.0.0.1.
2020-04-22T10:52:33.269Z [1dc4895e689f08be] [ACCEPTED LOGIN]   for client : admin / 172.18.0.1.
2020-04-22T10:52:48.740Z [2f221ee285c6a306] [ACCEPTED LOGIN]   for client : jffe@000 / 127.0.0.1.
2020-04-22T10:52:48.743Z [7c9c69988f932d63] [ACCEPTED LOGIN]   for client : jffe@000 / 127.0.0.1.
2020-04-22T10:52:48.744Z [1156c8f563f2b7d2] [ACCEPTED LOGIN]   for client : jffe@000 / 127.0.0.1.
2020-04-22T10:52:48.747Z [4d2fffd92c02ff47] [ACCEPTED LOGIN]   for client : jffe@000 / 127.0.0.1.
2020-04-22T10:52:58.288Z [4a107eb9cdbbb103] [ACCEPTED LOGIN]   for client : admin / 172.18.0.1.
2020-04-22T10:53:18.737Z [5345f68be4d5df58] [ACCEPTED LOGIN]   for client : jffe@000 / 127.0.0.1.
2020-04-22T10:53:18.741Z [391c78df1dd56f49] [ACCEPTED LOGIN]   for client : jffe@000 / 127.0.0.1.
2020-04-22T10:53:18.743Z [bcc87649187453a ] [ACCEPTED LOGIN]   for client : jffe@000 / 127.0.0.1.
2020-04-22T10:53:18.746Z [7bad23288f43180d] [ACCEPTED LOGIN]   for client : jffe@000 / 127.0.0.1.
2020-04-22T10:53:23.282Z [5b641a493fda24cd] [ACCEPTED LOGIN]   for client : admin / 172.18.0.1.
2020-04-22T10:53:48.284Z [162e290377d38bdf] [ACCEPTED LOGIN]   for client : admin / 172.18.0.1.
2020-04-22T10:53:48.747Z [68d68d8cdd6be558] [ACCEPTED LOGIN]   for client : jffe@000 / 127.0.0.1.
2020-04-22T10:53:48.748Z [2b439aa00b17250c] [ACCEPTED LOGIN]   for client : jffe@000 / 127.0.0.1.
2020-04-22T10:53:48.747Z [24201308a977612a] [ACCEPTED LOGIN]   for client : jffe@000 / 127.0.0.1.
2020-04-22T10:53:48.749Z [31d9d7ec3ffdd7ed] [ACCEPTED LOGIN]   for client : jffe@000 / 127.0.0.1.
2020-04-22T10:54:13.284Z [54692af0550295db] [ACCEPTED LOGIN]   for client : admin / 172.18.0.1.
2020-04-22T10:54:18.743Z [7ca378c3a20a24af] [ACCEPTED LOGIN]   for client : jffe@000 / 127.0.0.1.
2020-04-22T10:54:18.750Z [26d60a6f24871763] [ACCEPTED LOGIN]   for client : jffe@000 / 127.0.0.1.
2020-04-22T10:54:18.753Z [4638c1acc2b620ef] [ACCEPTED LOGIN]   for client : jffe@000 / 127.0.0.1.
2020-04-22T10:54:18.753Z [39f0eb723fa08e47] [ACCEPTED LOGIN]   for client : jffe@000 / 127.0.0.1.
2020-04-22T10:54:38.292Z [70ad6d9f26559cd5] [ACCEPTED LOGIN]   for client : admin / 172.18.0.1.
2020-04-22T10:54:48.760Z [47ac95b1059d629e] [ACCEPTED LOGIN]   for client : jffe@000 / 127.0.0.1.
2020-04-22T10:54:48.760Z [7268618b0d40a799] [ACCEPTED LOGIN]   for client : jffe@000 / 127.0.0.1.
2020-04-22T10:54:48.760Z [39705803a8edfc1e] [ACCEPTED LOGIN]   for client : jffe@000 / 127.0.0.1.
2020-04-22T10:54:48.761Z [5e8e686c96fa1ad2] [ACCEPTED LOGIN]   for client : jffe@000 / 127.0.0.1.
2020-04-22T10:55:03.291Z [5d1688d0a8e96387] [ACCEPTED LOGIN]   for client : admin / 172.18.0.1.
2020-04-22T10:55:18.791Z [769f9d854c7c1a02] [ACCEPTED LOGIN]   for client : jffe@000 / 127.0.0.1.
2020-04-22T10:55:18.795Z [47eeb7624f835397] [ACCEPTED LOGIN]   for client : jffe@000 / 127.0.0.1.
2020-04-22T10:55:18.798Z [23a9cafd75a23f7e] [ACCEPTED LOGIN]   for client : jffe@000 / 127.0.0.1.
2020-04-22T10:55:18.799Z [614418d8f90f964 ] [ACCEPTED LOGIN]   for client : jffe@000 / 127.0.0.1.
2020-04-22T10:55:28.287Z [398f2dbb3b4ea66a] [ACCEPTED LOGIN]   for client : admin / 172.18.0.1.
2020-04-22T10:55:48.750Z [6275656dc624630f] [ACCEPTED LOGIN]   for client : jffe@000 / 127.0.0.1.
2020-04-22T10:55:48.756Z [2e4439e6acb35207] [ACCEPTED LOGIN]   for client : jffe@000 / 127.0.0.1.
2020-04-22T10:55:48.758Z [68de6e051db4821e] [ACCEPTED LOGIN]   for client : jffe@000 / 127.0.0.1.
2020-04-22T10:55:48.762Z [3cd5f93d04b4b26f] [ACCEPTED LOGIN]   for client : jffe@000 / 127.0.0.1.
2020-04-22T10:55:53.297Z [6d8ab78cd3abc141] [ACCEPTED LOGIN]   for client : admin / 172.18.0.1.
2020-04-22T10:56:18.300Z [4770ae55e1961db ] [ACCEPTED LOGIN]   for client : admin / 172.18.0.1.
2020-04-22T10:56:18.759Z [252237f64a7850fd] [ACCEPTED LOGIN]   for client : jffe@000 / 127.0.0.1.
2020-04-22T10:56:18.768Z [a225c6cd232a096 ] [ACCEPTED LOGIN]   for client : jffe@000 / 127.0.0.1.
2020-04-22T10:56:18.770Z [596636012a1ace4a] [ACCEPTED LOGIN]   for client : jffe@000 / 127.0.0.1.
2020-04-22T10:56:18.778Z [4cbebb22e29e588f] [ACCEPTED LOGIN]   for client : jffe@000 / 127.0.0.1.
2020-04-22T10:56:43.300Z [6ddaaffe7ccb6aad] [ACCEPTED LOGIN]   for client : admin / 172.18.0.1.
2020-04-22T10:56:48.778Z [421601dd239b46a4] [ACCEPTED LOGIN]   for client : jffe@000 / 127.0.0.1.
2020-04-22T10:56:48.785Z [4b77f4c6e80ad237] [ACCEPTED LOGIN]   for client : jffe@000 / 127.0.0.1.
2020-04-22T10:56:48.796Z [39b325a07176a7ed] [ACCEPTED LOGIN]   for client : jffe@000 / 127.0.0.1.
2020-04-22T10:56:48.814Z [1097bfe737fdbb5c] [ACCEPTED LOGIN]   for client : jffe@000 / 127.0.0.1.
2020-04-22T10:57:08.310Z [13f394705d8728c0] [ACCEPTED LOGIN]   for client : admin / 172.18.0.1.
2020-04-22T10:57:18.759Z [6a0ddc898243edac] [ACCEPTED LOGIN]   for client : jffe@000 / 127.0.0.1.
2020-04-22T10:57:18.764Z [64a0cc837247cb65] [ACCEPTED LOGIN]   for client : jffe@000 / 127.0.0.1.
2020-04-22T10:57:18.765Z [22785150790ec9e4] [ACCEPTED LOGIN]   for client : jffe@000 / 127.0.0.1.
2020-04-22T10:57:18.770Z [3dce5f88b6cc310 ] [ACCEPTED LOGIN]   for client : jffe@000 / 127.0.0.1.
2020-04-22T10:57:33.303Z [5ac0c0f1eac4ffbd] [ACCEPTED LOGIN]   for client : admin / 172.18.0.1.
2020-04-22T10:57:48.756Z [a7ea36cc80422df ] [ACCEPTED LOGIN]   for client : jffe@000 / 127.0.0.1.
2020-04-22T10:57:48.759Z [567e1108115f32c4] [ACCEPTED LOGIN]   for client : jffe@000 / 127.0.0.1.
2020-04-22T10:57:48.761Z [19bbd50108742056] [ACCEPTED LOGIN]   for client : jffe@000 / 127.0.0.1.
2020-04-22T10:57:48.761Z [9e9159d972ca795 ] [ACCEPTED LOGIN]   for client : jffe@000 / 127.0.0.1.
2020-04-22T10:57:58.316Z [54d706b6a8c65faa] [ACCEPTED LOGIN]   for client : admin / 172.18.0.1.
2020-04-22T10:58:18.754Z [37f2454a9f1eead ] [ACCEPTED LOGIN]   for client : jffe@000 / 127.0.0.1.
2020-04-22T10:58:18.756Z [65d0962df8891fb8] [ACCEPTED LOGIN]   for client : jffe@000 / 127.0.0.1.
2020-04-22T10:58:18.757Z [337687135581dca ] [ACCEPTED LOGIN]   for client : jffe@000 / 127.0.0.1.
2020-04-22T10:58:18.761Z [347bdd8422a8bb2a] [ACCEPTED LOGIN]   for client : jffe@000 / 127.0.0.1.
2020-04-22T10:58:23.308Z [4a3b27325d1bc5f5] [ACCEPTED LOGIN]   for client : admin / 172.18.0.1.
2020-04-22T10:58:48.303Z [2cef3fc20623dff7] [ACCEPTED LOGIN]   for client : admin / 172.18.0.1.
2020-04-22T10:58:48.762Z [6bc7264381379540] [ACCEPTED LOGIN]   for client : jffe@000 / 127.0.0.1.
2020-04-22T10:58:48.765Z [44615cda4192bcba] [ACCEPTED LOGIN]   for client : jffe@000 / 127.0.0.1.
2020-04-22T10:58:48.776Z [3c976d172115a0cf] [ACCEPTED LOGIN]   for client : jffe@000 / 127.0.0.1.
2020-04-22T10:58:48.786Z [2e80c2d2d556d595] [ACCEPTED LOGIN]   for client : jffe@000 / 127.0.0.1.
2020-04-22T10:59:13.315Z [1da4827953371296] [ACCEPTED LOGIN]   for client : admin / 172.18.0.1.
2020-04-22T10:59:18.763Z [24619b5a2507570c] [ACCEPTED LOGIN]   for client : jffe@000 / 127.0.0.1.
2020-04-22T10:59:18.763Z [398eee1f7b484b17] [ACCEPTED LOGIN]   for client : jffe@000 / 127.0.0.1.
2020-04-22T10:59:18.766Z [237f33a073e88596] [ACCEPTED LOGIN]   for client : jffe@000 / 127.0.0.1.
2020-04-22T10:59:18.767Z [22effabbcf3f96dc] [ACCEPTED LOGIN]   for client : jffe@000 / 127.0.0.1.
