2020-04-22T09:36:42.075Z [36m[jfrou][0m [34m[INFO ][0m [1087004fc558fe77] [bootstrap.go:70               ] [main                ] - Router (jfrou) service initialization started. Version: 1.2.1 Revision: fe2dd4ed3212d39bdd665c92e17293e8071eb99d PID: 2718 Home: /opt/jfrog/artifactory
2020-04-22T09:36:42.075Z [36m[jfrou][0m [34m[INFO ][0m [1087004fc558fe77] [bootstrap.go:73               ] [main                ] - JFrog Router IP: 172.17.0.2
[DEBUG] Resolved system configuration file path: /opt/jfrog/artifactory/var/etc/system.yaml
NOTE: Picked up JDK_JAVA_OPTIONS:  --add-opens=java.base/java.lang=ALL-UNNAMED --add-opens=java.base/java.io=ALL-UNNAMED --add-opens=java.rmi/sun.rmi.transport=ALL-UNNAMED
2020-04-22T09:36:42.638Z [33m[jffe ][39m [34m[INFO ][39m [                ] [                              ] [main                ] - frontend (jffe) service initialization started. Version: 1.4.1 Revision: 0.0.0 PID: 2839 Home: /opt/jfrog/artifactory
2020-04-22T09:36:43.478L [35m[tomct][0m [INFO ] [                ] [org.apache.coyote.http11.Http11NioProtocol] [org.apache.coyote.AbstractProtocol init] - Initializing ProtocolHandler ["http-nio-8081"]
2020-04-22T09:36:43.503L [35m[tomct][0m [INFO ] [                ] [org.apache.tomcat.util.net.NioSelectorPool] [org.apache.tomcat.util.net.NioSelectorPool getSharedSelector] - Using a shared selector for servlet write/read
2020-04-22T09:36:43.522L [35m[tomct][0m [INFO ] [                ] [org.apache.coyote.http11.Http11NioProtocol] [org.apache.coyote.AbstractProtocol init] - Initializing ProtocolHandler ["http-nio-127.0.0.1-8091"]
2020-04-22T09:36:43.525L [35m[tomct][0m [INFO ] [                ] [org.apache.tomcat.util.net.NioSelectorPool] [org.apache.tomcat.util.net.NioSelectorPool getSharedSelector] - Using a shared selector for servlet write/read
2020-04-22T09:36:43.531L [35m[tomct][0m [INFO ] [                ] [org.apache.coyote.http11.Http11NioProtocol] [org.apache.coyote.AbstractProtocol init] - Initializing ProtocolHandler ["http-nio-127.0.0.1-8040"]
2020-04-22T09:36:43.532L [35m[tomct][0m [INFO ] [                ] [org.apache.tomcat.util.net.NioSelectorPool] [org.apache.tomcat.util.net.NioSelectorPool getSharedSelector] - Using a shared selector for servlet write/read
2020-04-22T09:36:43.542L [35m[tomct][0m [INFO ] [                ] [org.apache.catalina.core.StandardService] [org.apache.catalina.core.StandardService startInternal] - Starting service [Catalina]
2020-04-22T09:36:43.543L [35m[tomct][0m [INFO ] [                ] [org.apache.catalina.core.StandardEngine] [org.apache.catalina.core.StandardEngine startInternal] - Starting Servlet Engine: Apache Tomcat/8.5.41
2020-04-22T09:36:43.582L [35m[tomct][0m [INFO ] [                ] [org.apache.catalina.startup.HostConfig] [org.apache.catalina.startup.HostConfig deployDescriptor] - Deploying configuration descriptor [/opt/jfrog/artifactory/app/artifactory/tomcat/conf/Catalina/localhost/artifactory.xml]
2020-04-22T09:36:43.582L [35m[tomct][0m [INFO ] [                ] [org.apache.catalina.startup.HostConfig] [org.apache.catalina.startup.HostConfig deployDescriptor] - Deploying configuration descriptor [/opt/jfrog/artifactory/app/artifactory/tomcat/conf/Catalina/localhost/access.xml]
2020-04-22T09:36:43.643L [35m[tomct][0m [WARNING] [                ] [org.apache.catalina.startup.HostConfig] [org.apache.catalina.startup.HostConfig deployDescriptor] - A docBase [/opt/jfrog/artifactory/app/artifactory/tomcat/webapps/access.war] inside the host appBase has been specified, and will be ignored
2020-04-22T09:36:43.644L [35m[tomct][0m [WARNING] [                ] [org.apache.catalina.startup.HostConfig] [org.apache.catalina.startup.HostConfig deployDescriptor] - A docBase [/opt/jfrog/artifactory/app/artifactory/tomcat/webapps/artifactory.war] inside the host appBase has been specified, and will be ignored
2020-04-22T09:36:46.104Z [1;32m[jfrt ][0;39m [34m[INFO ][0;39m [ca88fbeed3e8550d] [o.a.c.h.HaNodeProperties:67   ] [ocalhost-startStop-1] - Artifactory is running in non-clustered mode.
2020-04-22T09:36:46.171Z [1;32m[jfrt ][0;39m [34m[INFO ][0;39m [ca88fbeed3e8550d] [tifactoryHomeConfigListener:70] [ocalhost-startStop-1] - Resolved Home: '/opt/jfrog/artifactory
2020-04-22T09:36:46.244Z [1;32m[jfrt ][0;39m [34m[INFO ][0;39m [                ] [o.j.c.w.FileWatchingManager:75] [Thread-5            ] - Starting watch of folder configurations
2020-04-22T09:36:46.445Z [1;32m[jfrt ][0;39m [34m[INFO ][0;39m [ca88fbeed3e8550d] [.a.w.s.BasicConfigManagers:140] [ocalhost-startStop-1] - Artifactory (jfrt) service initialization started. Version: 7.4.1 Revision: 70401900 PID: 3125 Home: /opt/jfrog/artifactory
2020-04-22T09:36:46.515Z [1;32m[jfrt ][0;39m [34m[INFO ][0;39m [ca88fbeed3e8550d] [.a.c.ConvertersManagerImpl:142] [ocalhost-startStop-1] - Triggering PRE_INIT conversion, from 7.4.1 to 7.4.1
2020-04-22T09:36:46.517Z [1;32m[jfrt ][0;39m [34m[INFO ][0;39m [ca88fbeed3e8550d] [.a.c.ConvertersManagerImpl:144] [ocalhost-startStop-1] - Finished PRE_INIT conversion, current version is: 7.4.1
2020-04-22T09:36:47.078Z [36m[jfrou][0m [34m[INFO ][0m [1087004fc558fe77] [security_keys.go:114          ] [main                ] - Master key is missing. Pending for 5 seconds with 2m0s timeout
2020-04-22T09:36:47.253Z [34;1m[jfmd ][0m [34m[INFO ][0m [2232670c363e7b82] [security_keys.go:114          ] [main                ] - Master key is missing. Pending for 5 seconds with 2m0s timeout [init]
2020-04-22T09:36:48.245Z [1;33m[jfac ][0;39m [34m[INFO ][0;39m [670014e1a290a569] [licationContextInitializer:162] [ocalhost-startStop-2] - Access (jfac) service initialization started. Version: 5.4.4 Revision: 50404900 PID: 3125 Home: /opt/jfrog/artifactory
2020-04-22T09:36:48.353Z [1;33m[jfac ][0;39m [34m[INFO ][0;39m [670014e1a290a569] [o.j.a.AccessApplication:50    ] [ocalhost-startStop-2] - Starting AccessApplication v5.4.4 on db83f8e6c1ad with PID 3125 (/opt/jfrog/artifactory/app/artifactory/tomcat/webapps/access/WEB-INF/lib/access-application-5.4.4.jar started by artifactory in /var/opt/jfrog/artifactory)
2020-04-22T09:36:48.356Z [1;33m[jfac ][0;39m [34m[INFO ][0;39m [670014e1a290a569] [o.j.a.AccessApplication:651   ] [ocalhost-startStop-2] - The following profiles are active: production
2020-04-22T09:36:51.637Z [1;32m[jfrt ][0;39m [34m[INFO ][0;39m [ca88fbeed3e8550d] [o.j.s.c.KeyUtils:108          ] [ocalhost-startStop-1] - Master key is missing. Pending for 5 seconds with 60 seconds timeout
2020-04-22T09:36:52.128Z [36m[jfrou][0m [34m[INFO ][0m [1087004fc558fe77] [security_keys.go:114          ] [main                ] - Master key is missing. Pending for 10 seconds with 2m0s timeout
2020-04-22T09:36:52.471Z [34;1m[jfmd ][0m [34m[INFO ][0m [2232670c363e7b82] [security_keys.go:114          ] [main                ] - Master key is missing. Pending for 10 seconds with 2m0s timeout [init]
2020-04-22T09:36:57.182Z [36m[jfrou][0m [34m[INFO ][0m [1087004fc558fe77] [security_keys.go:114          ] [main                ] - Master key is missing. Pending for 15 seconds with 2m0s timeout
2020-04-22T09:36:57.290Z [1;32m[jfrt ][0;39m [34m[INFO ][0;39m [ca88fbeed3e8550d] [o.j.s.c.KeyUtils:108          ] [ocalhost-startStop-1] - Master key is missing. Pending for 5 seconds with 60 seconds timeout
2020-04-22T09:36:57.513Z [34;1m[jfmd ][0m [34m[INFO ][0m [2232670c363e7b82] [security_keys.go:114          ] [main                ] - Master key is missing. Pending for 15 seconds with 2m0s timeout [init]
2020-04-22T09:36:59.283Z [1;33m[jfac ][0;39m [34m[INFO ][0;39m [670014e1a290a569] [s.d.u.AccessJdbcHelperImpl:138] [ocalhost-startStop-2] - Database: Apache Derby 10.14.2.0 - (1828579). Driver: Apache Derby Embedded JDBC Driver 10.14.2.0 - (1828579)
2020-04-22T09:36:59.283Z [1;33m[jfac ][0;39m [34m[INFO ][0;39m [670014e1a290a569] [s.d.u.AccessJdbcHelperImpl:141] [ocalhost-startStop-2] - Connection URL: jdbc:derby:/opt/jfrog/artifactory/var/data/access/derby
2020-04-22T09:36:59.982Z [1;33m[jfac ][0;39m [34m[INFO ][0;39m [670014e1a290a569] [s.d.u.AccessJdbcHelperImpl:150] [ocalhost-startStop-2] - ***Creating database schema***
2020-04-22T09:37:01.992Z [1;33m[jfac ][0;39m [34m[INFO ][0;39m [670014e1a290a569] [s.d.u.AccessJdbcHelperImpl:166] [ocalhost-startStop-2] - Setting new schema baseline to latest version: 4.8
2020-04-22T09:37:02.296Z [36m[jfrou][0m [34m[INFO ][0m [1087004fc558fe77] [security_keys.go:114          ] [main                ] - Master key is missing. Pending for 20 seconds with 2m0s timeout
2020-04-22T09:37:02.381Z [1;32m[jfrt ][0;39m [34m[INFO ][0;39m [ca88fbeed3e8550d] [o.j.s.c.KeyUtils:108          ] [ocalhost-startStop-1] - Master key is missing. Pending for 5 seconds with 60 seconds timeout
2020-04-22T09:37:02.517Z [34;1m[jfmd ][0m [34m[INFO ][0m [2232670c363e7b82] [security_keys.go:114          ] [main                ] - Master key is missing. Pending for 20 seconds with 2m0s timeout [init]
2020-04-22T09:37:02.944Z [1;33m[jfac ][0;39m [34m[INFO ][0;39m [670014e1a290a569] [alConfigurationServiceBase:179] [ocalhost-startStop-2] - Configuration data wasn't found in db. Loading defaults
2020-04-22T09:37:03.830Z [1;33m[jfac ][0;39m [34m[INFO ][0;39m [670014e1a290a569] [.h.AccessNodeIdProviderImpl:69] [ocalhost-startStop-2] - Service id initialized: jfac@01e6gkyy91wa2f00f3fdsf0gme
2020-04-22T09:37:04.245Z [1;33m[jfac ][0;39m [34m[INFO ][0;39m [670014e1a290a569] [a.k.m.MasterKeyBootstrapper:70] [ocalhost-startStop-2] - No master.key supplied. Generating master.key
2020-04-22T09:37:04.379Z [1;33m[jfac ][0;39m [34m[INFO ][0;39m [670014e1a290a569] [.k.m.MasterKeyBootstrapper:145] [ocalhost-startStop-2] - Saving master.key to /opt/jfrog/artifactory/var/etc/security/master.key
2020-04-22T09:37:05.779Z [1;33m[jfac ][0;39m [34m[INFO ][0;39m [670014e1a290a569] [j.a.s.s.t.TokenServiceImpl:106] [ocalhost-startStop-2] - Scheduling task for revoking expired tokens using cron expression: 0 0 0/1 * * ?
2020-04-22T09:37:06.752Z [1;33m[jfac ][0;39m [34m[INFO ][0;39m [670014e1a290a569] [b.AccessServerBootstrapImpl:36] [ocalhost-startStop-2] - [ACCESS BOOTSTRAP] Starting JFrog Access bootstrap...
2020-04-22T09:37:06.754Z [1;33m[jfac ][0;39m [34m[INFO ][0;39m [670014e1a290a569] [CertificateFileHandlerBase:108] [ocalhost-startStop-2] - [ACCESS BOOTSTRAP] Initializing root certificate.
2020-04-22T09:37:06.759Z [1;33m[jfac ][0;39m [34m[INFO ][0;39m [670014e1a290a569] [CertificateFileHandlerBase:275] [ocalhost-startStop-2] - [ACCESS BOOTSTRAP] Generating root private key and certificate.
2020-04-22T09:37:07.010Z [1;32m[jfrt ][0;39m [34m[INFO ][0;39m [ca88fbeed3e8550d] [.s.d.v.c.DbSqlConverterUtil:93] [ocalhost-startStop-1] - Starting schema conversion: /conversion/derby/derby_v570a.sql
2020-04-22T09:37:07.060Z [1;32m[jfrt ][0;39m [34m[INFO ][0;39m [ca88fbeed3e8550d] [.s.d.v.c.DbSqlConverterUtil:95] [ocalhost-startStop-1] - Finished schema conversion: /conversion/derby/derby_v570a.sql
2020-04-22T09:37:07.302Z [36m[jfrou][0m [34m[INFO ][0m [1087004fc558fe77] [security_keys.go:128          ] [main                ] - Cluster join: Join key is missing. Pending for 25 seconds with 2m0s timeout
2020-04-22T09:37:07.523Z [34;1m[jfmd ][0m [34m[INFO ][0m [2232670c363e7b82] [security_keys.go:128          ] [main                ] - Cluster join: Join key is missing. Pending for 25 seconds with 2m0s timeout [init]
2020-04-22T09:37:07.865Z [1;32m[jfrt ][0;39m [34m[INFO ][0;39m [8bbd367693d6389c] [ctoryContextConfigListener:308] [art-init            ] -
_   _  __           _                      ____   _____ _____
/\        | | (_)/ _|         | |                    / __ \ / ____/ ____|
/  \   _ __| |_ _| |_ __ _  ___| |_ ___  _ __ _   _  | |  | | (___| (___
/ /\ \ | '__| __| |  _/ _` |/ __| __/ _ \| '__| | | | | |  | |\___ \\___ \
/ ____ \| |  | |_| | || (_| | (__| || (_) | |  | |_| | | |__| |____) |___) |
/_/    \_\_|   \__|_|_| \__,_|\___|\__\___/|_|   \__, |  \____/|_____/_____/
Version:  7.4.1                                   __/ |
Revision: 70401900                               |___/
Artifactory Home: '/opt/jfrog/artifactory'
Node ID: 'db83f8e6c1ad'

2020-04-22T09:37:07.970L [35m[tomct][0m [INFO ] [                ] [org.apache.catalina.startup.HostConfig] [org.apache.catalina.startup.HostConfig deployDescriptor] - Deployment of configuration descriptor [/opt/jfrog/artifactory/app/artifactory/tomcat/conf/Catalina/localhost/artifactory.xml] has finished in [24,391] ms
2020-04-22T09:37:08.081Z [1;32m[jfrt ][0;39m [34m[INFO ][0;39m [8bbd367693d6389c] [ifactoryApplicationContext:523] [art-init            ] - Artifactory application context set to NOT READY by refresh
2020-04-22T09:37:08.486Z [1;33m[jfac ][0;39m [34m[INFO ][0;39m [670014e1a290a569] [CertificateFileHandlerBase:331] [ocalhost-startStop-2] - [ACCESS BOOTSTRAP] Saved new root certificate at: /opt/jfrog/artifactory/var/etc/access/keys/root.crt
2020-04-22T09:37:08.487Z [1;33m[jfac ][0;39m [34m[INFO ][0;39m [670014e1a290a569] [CertificateFileHandlerBase:125] [ocalhost-startStop-2] - [ACCESS BOOTSTRAP] Finished initializing root certificate. Certificate source: GENERATED
2020-04-22T09:37:08.488Z [1;33m[jfac ][0;39m [34m[INFO ][0;39m [670014e1a290a569] [CertificateFileHandlerBase:108] [ocalhost-startStop-2] - [ACCESS BOOTSTRAP] Initializing ca certificate.
2020-04-22T09:37:08.497Z [1;33m[jfac ][0;39m [34m[INFO ][0;39m [670014e1a290a569] [CertificateFileHandlerBase:275] [ocalhost-startStop-2] - [ACCESS BOOTSTRAP] Generating ca private key and certificate.
2020-04-22T09:37:09.067Z [1;33m[jfac ][0;39m [34m[INFO ][0;39m [670014e1a290a569] [CertificateFileHandlerBase:331] [ocalhost-startStop-2] - [ACCESS BOOTSTRAP] Saved new ca certificate at: /opt/jfrog/artifactory/var/etc/access/keys/ca.crt
2020-04-22T09:37:09.068Z [1;33m[jfac ][0;39m [34m[INFO ][0;39m [670014e1a290a569] [CertificateFileHandlerBase:125] [ocalhost-startStop-2] - [ACCESS BOOTSTRAP] Finished initializing ca certificate. Certificate source: GENERATED
2020-04-22T09:37:09.409Z [1;33m[jfac ][0;39m [34m[INFO ][0;39m [670014e1a290a569] [b.AccessServerBootstrapImpl:42] [ocalhost-startStop-2] - [ACCESS BOOTSTRAP] JFrog Access bootstrap finished.
2020-04-22T09:37:11.065Z [1;33m[jfac ][0;39m [34m[INFO ][0;39m [670014e1a290a569] [o.j.a.s.s.JoinKeyAccess:166   ] [ocalhost-startStop-2] - Cluster join: Join key loaded successfully (from: generated)
2020-04-22T09:37:11.116Z [1;33m[jfac ][0;39m [34m[INFO ][0;39m [670014e1a290a569] [a.s.b.AccessServerRegistrar:62] [ocalhost-startStop-2] - [ACCESS BOOTSTRAP] Starting JFrog Access registrar...
2020-04-22T09:37:11.167Z [1;33m[jfac ][0;39m [34m[INFO ][0;39m [59891564bed0b23c] [a.c.RefreshableScheduledJob:53] [ocalhost-startStop-2] - Scheduling heartbeat task to run every 5 seconds
2020-04-22T09:37:11.169Z [1;33m[jfac ][0;39m [34m[INFO ][0;39m [59891564bed0b23c] [a.c.RefreshableScheduledJob:53] [ocalhost-startStop-2] - Scheduling federationCleanupService task to run every 1209600 seconds
2020-04-22T09:37:11.174Z [1;33m[jfac ][0;39m [34m[INFO ][0;39m [59891564bed0b23c] [a.c.RefreshableScheduledJob:53] [ocalhost-startStop-2] - Scheduling staleTokenCleanup task to run every 3600 seconds
2020-04-22T09:37:11.182Z [1;33m[jfac ][0;39m [34m[INFO ][0;39m [6d7d43add4d8abbc] [a.c.RefreshableScheduledJob:53] [ocalhost-startStop-2] - Scheduling loadCertificates task to run every 30 seconds
2020-04-22T09:37:11.308Z [36m[jfrou][0m [34m[INFO ][0m [1087004fc558fe77] [bootstrap.go:165              ] [main                ] - System configuration encryption report:
shared.newrelic.licenseKey: does not exist in the config file
shared.security.joinKeyFile: file '/opt/jfrog/artifactory/var/etc/security/join.key' - already encrypted
2020-04-22T09:37:11.314Z [36m[jfrou][0m [34m[INFO ][0m [1087004fc558fe77] [bootstrap.go:78               ] [main                ] - JFrog Router Service ID: jfrou@01e6gkz5mj75e8whsva5r4rjc6
2020-04-22T09:37:11.314Z [36m[jfrou][0m [34m[INFO ][0m [1087004fc558fe77] [bootstrap.go:79               ] [main                ] - JFrog Router Node ID: db83f8e6c1ad
2020-04-22T09:37:11.525Z [34;1m[jfmd ][0m [34m[INFO ][0m [2232670c363e7b82] [database_bearer.go:71         ] [main                ] - Connecting to (db config: {sqlite /opt/jfrog/artifactory/var/data/metadata/sqlite.db?_fk=yes&_busy_timeout=5000&_txlock=immediate&cache=shared}) [database]
2020-04-22T09:37:11.548Z [34;1m[jfmd ][0m [34m[INFO ][0m [2232670c363e7b82] [migrator.go:62                ] [main                ] - Applying 36 migrations files [database]
2020-04-22T09:37:11.680Z [1;33m[jfac ][0;39m [34m[INFO ][0;39m [6d7d43add4d8abbc] [o.j.a.s.r.s.GrpcServerImpl:65 ] [ocalhost-startStop-2] - Starting gRPC Server on port 8045
2020-04-22T09:37:12.173Z [1;33m[jfac ][0;39m [34m[INFO ][0;39m [6d7d43add4d8abbc] [o.j.a.s.r.s.GrpcServerImpl:84 ] [ocalhost-startStop-2] - gRPC Server started, listening on 8045
2020-04-22T09:37:12.186Z [36m[jfrou][0m [34m[INFO ][0m [1087004fc558fe77] [config_holder.go:107          ] [main                ] - configuration update detected
2020-04-22T09:37:12.854Z [34;1m[jfmd ][0m [34m[INFO ][0m [2232670c363e7b82] [migrator.go:80                ] [main                ] - Applied 128 database migrations statements [database]
2020-04-22T09:37:12.855Z [34;1m[jfmd ][0m [34m[INFO ][0m [2232670c363e7b82] [application.go:73             ] [main                ] - Metadata (jfmd) service initialization started. Version: 2.4.3 Revision: 20403900 PID: 3032 Home: /opt/jfrog/artifactory/var [app_initializer]
2020-04-22T09:37:12.865Z [34;1m[jfmd ][0m [34m[INFO ][0m [2232670c363e7b82] [server_bearer.go:155          ] [main                ] - Created service_id and pushed to store: jfmd@01e6gkz74qm614k82x689eq128 [ServerInit]
2020-04-22T09:37:15.246Z [1;33m[jfac ][0;39m [34m[INFO ][0;39m [6d7d43add4d8abbc] [o.j.a.AccessApplication:59    ] [ocalhost-startStop-2] - Started AccessApplication in 29.494 seconds (JVM running for 32.935)
2020-04-22T09:37:15.336L [35m[tomct][0m [INFO ] [                ] [org.apache.catalina.startup.HostConfig] [org.apache.catalina.startup.HostConfig deployDescriptor] - Deployment of configuration descriptor [/opt/jfrog/artifactory/app/artifactory/tomcat/conf/Catalina/localhost/access.xml] has finished in [31,754] ms
2020-04-22T09:37:15.339L [35m[tomct][0m [INFO ] [                ] [org.apache.catalina.startup.HostConfig] [org.apache.catalina.startup.HostConfig deployDirectory] - Deploying web application directory [/opt/jfrog/artifactory/app/artifactory/tomcat/webapps/ROOT]
2020-04-22T09:37:15.367L [35m[tomct][0m [INFO ] [                ] [org.apache.catalina.startup.HostConfig] [org.apache.catalina.startup.HostConfig deployDirectory] - Deployment of web application directory [/opt/jfrog/artifactory/app/artifactory/tomcat/webapps/ROOT] has finished in [28] ms
2020-04-22T09:37:15.379L [35m[tomct][0m [INFO ] [                ] [org.apache.coyote.http11.Http11NioProtocol] [org.apache.coyote.AbstractProtocol start] - Starting ProtocolHandler ["http-nio-8081"]
2020-04-22T09:37:15.418L [35m[tomct][0m [INFO ] [                ] [org.apache.coyote.http11.Http11NioProtocol] [org.apache.coyote.AbstractProtocol start] - Starting ProtocolHandler ["http-nio-127.0.0.1-8091"]
2020-04-22T09:37:15.432L [35m[tomct][0m [INFO ] [                ] [org.apache.coyote.http11.Http11NioProtocol] [org.apache.coyote.AbstractProtocol start] - Starting ProtocolHandler ["http-nio-127.0.0.1-8040"]
2020-04-22T09:37:16.189Z [1;32m[jfrt ][0;39m [34m[INFO ][0;39m [8bbd367693d6389c] [o.a.s.d.DbServiceImpl:282     ] [art-init            ] - Database: Apache Derby 10.14.2.0 - (1828579). Driver: Apache Derby Embedded JDBC Driver 10.14.2.0 - (1828579) Pool: derby
2020-04-22T09:37:16.192Z [1;32m[jfrt ][0;39m [34m[INFO ][0;39m [8bbd367693d6389c] [o.a.s.d.DbServiceImpl:285     ] [art-init            ] - Connection URL: jdbc:derby:/opt/jfrog/artifactory/var/data/artifactory/derby
2020-04-22T09:37:16.884Z [34;1m[jfmd ][0m [34m[INFO ][0m [2232670c363e7b82] [accessclient.go:51            ] [main                ] - Cluster join: Retry 5: Service registry ping failed, will retry. Error: Error while trying to connect to local router at address 'http://localhost:8046/access': Get http://localhost:8046/access/api/v1/system/ping: dial tcp 127.0.0.1:8046: connect: connection refused [access_client]
2020-04-22T09:37:18.422Z [1;33m[jfac ][0;39m [34m[INFO ][0;39m [64ebe5a90beb3cec] [a.c.RefreshableScheduledJob:53] [27.0.0.1-8040-exec-1] - Scheduling federationCleanupService task to run every 1209600 seconds
2020-04-22T09:37:18.425Z [1;33m[jfac ][0;39m [34m[INFO ][0;39m [8816bea89689b975] [.f.FederationCleanupService:59] [jf-access-task1     ] - Running clean up of outdated Federation events
2020-04-22T09:37:18.706Z [1;33m[jfac ][0;39m [34m[INFO ][0;39m [64ebe5a90beb3cec] [s.r.NodeRegistryServiceImpl:68] [27.0.0.1-8040-exec-1] - Cluster join: Successfully joined jfrou@01e6gkz5mj75e8whsva5r4rjc6 with node id db83f8e6c1ad
2020-04-22T09:37:18.865Z [36m[jfrou][0m [34m[INFO ][0m [1087004fc558fe77] [join_executor.go:181          ] [main                ] - Cluster join: Successfully joined the cluster
2020-04-22T09:37:18.872Z [36m[jfrou][0m [34m[INFO ][0m [                ] [server.go:568                 ] [main                ] - Preparing server internal &{Address:localhost:8046 TLS:<nil> Redirect:<nil> Auth:<nil> WhitelistSourceRange:[] WhiteList:<nil> Compress:false ProxyProtocol:<nil> ForwardedHeaders:0xc0003b2540} with readTimeout=0s writeTimeout=0s idleTimeout=3m0s
2020-04-22T09:37:18.872Z [36m[jfrou][0m [34m[INFO ][0m [                ] [server.go:568                 ] [main                ] - Preparing server api &{Address:localhost:8049 TLS:<nil> Redirect:<nil> Auth:<nil> WhitelistSourceRange:[] WhiteList:<nil> Compress:false ProxyProtocol:<nil> ForwardedHeaders:0xc0003b24e0} with readTimeout=0s writeTimeout=0s idleTimeout=3m0s
2020-04-22T09:37:18.873Z [36m[jfrou][0m [34m[INFO ][0m [                ] [server.go:568                 ] [main                ] - Preparing server external &{Address::8082 TLS:<nil> Redirect:<nil> Auth:<nil> WhitelistSourceRange:[] WhiteList:<nil> Compress:false ProxyProtocol:<nil> ForwardedHeaders:0xc0003b2520} with readTimeout=0s writeTimeout=0s idleTimeout=3m0s
2020-04-22T09:37:18.873Z [36m[jfrou][0m [34m[INFO ][0m [                ] [server.go:420                 ] [main                ] - Starting provider configuration.ProviderAggregator {}
2020-04-22T09:37:18.874Z [36m[jfrou][0m [34m[INFO ][0m [                ] [server.go:524                 ] [main                ] - Starting server on localhost:8046
2020-04-22T09:37:18.874Z [36m[jfrou][0m [34m[INFO ][0m [                ] [server.go:524                 ] [main                ] - Starting server on localhost:8049
2020-04-22T09:37:18.877Z [36m[jfrou][0m [34m[INFO ][0m [                ] [server.go:524                 ] [main                ] - Starting server on :8082
2020-04-22T09:37:18.877Z [36m[jfrou][0m [34m[INFO ][0m [                ] [provider_aggregator.go:103    ] [main                ] - Starting provider *file.Provider {"Watch":true,"Filename":"","Constraints":null,"Trace":false,"TemplateVersion":0,"DebugLogGeneratedTemplate":false,"Directory":"/opt/jfrog/artifactory/var/data/router/traefik/routes","TraefikFile":""}
2020-04-22T09:37:18.880Z [36m[jfrou][0m [34m[INFO ][0m [                ] [server_configuration.go:61    ] [main                ] - Server configuration reloaded on localhost:8046
2020-04-22T09:37:18.880Z [36m[jfrou][0m [34m[INFO ][0m [                ] [server_configuration.go:61    ] [main                ] - Server configuration reloaded on localhost:8049
2020-04-22T09:37:18.880Z [36m[jfrou][0m [34m[INFO ][0m [                ] [server_configuration.go:61    ] [main                ] - Server configuration reloaded on :8082
2020-04-22T09:37:18.880Z [36m[jfrou][0m [34m[INFO ][0m [1087004fc558fe77] [main.go:47                    ] [main                ] - Router (jfrou) service initialization completed in 36.809 seconds. Listening on port: 8082
2020-04-22T09:37:19.081Z [1;32m[jfrt ][0;39m [34m[INFO ][0;39m [8bbd367693d6389c] [o.a.s.d.DbServiceImpl:126     ] [art-init            ] - ***Database schema created***
2020-04-22T09:37:19.087Z [1;32m[jfrt ][0;39m [34m[INFO ][0;39m [8bbd367693d6389c] [o.a.s.d.v.DerbyValidator:26   ] [art-init            ] - Validating connection collation for derby database
2020-04-22T09:37:20.661Z [1;32m[jfrt ][0;39m [34m[INFO ][0;39m [8bbd367693d6389c] [ritiesStorageServiceFactory:25] [art-init            ] - Initializing DB-based Priorities Storage Service
2020-04-22T09:37:20.880Z [36m[jfrou][0m [34m[INFO ][0m [                ] [server_configuration.go:61    ] [main                ] - Server configuration reloaded on localhost:8046
2020-04-22T09:37:20.880Z [36m[jfrou][0m [34m[INFO ][0m [                ] [server_configuration.go:61    ] [main                ] - Server configuration reloaded on localhost:8049
2020-04-22T09:37:20.880Z [36m[jfrou][0m [34m[INFO ][0m [                ] [server_configuration.go:61    ] [main                ] - Server configuration reloaded on :8082
2020-04-22T09:37:21.062Z [1;33m[jfac ][0;39m [31m[WARN ][0;39m [670014e1a290a569] [o.j.c.ExecutionUtils:141      ] [pool-6-thread-2     ] - Retry 20 Elapsed 9.93 secs failed: Registration with router on URL http://localhost:8046 failed with error: UNAVAILABLE: io exception. Trying again
2020-04-22T09:37:21.838Z [1;33m[jfac ][0;39m [34m[INFO ][0;39m [670014e1a290a569] [.AccessWithRouterRegistrar:106] [pool-6-thread-1     ] - Access Server successfully registered on Router on URL: http://localhost:8046
2020-04-22T09:37:21.894Z [34;1m[jfmd ][0m [34m[INFO ][0m [2232670c363e7b82] [accessclient.go:51            ] [main                ] - Cluster join: Retry 10: Service registry ping failed, will retry. Error: Error while trying to connect to local router at address 'http://localhost:8046/access': Failed to access :http://localhost:8046/access/api/v1/system/ping return status code : 404 [access_client]
2020-04-22T09:37:22.798Z [1;32m[jfrt ][0;39m [34m[INFO ][0;39m [8bbd367693d6389c] [actorySchedulerFactoryBean:727] [art-init            ] - Starting Quartz Scheduler now
2020-04-22T09:37:22.881Z [36m[jfrou][0m [34m[INFO ][0m [                ] [server_configuration.go:61    ] [main                ] - Server configuration reloaded on localhost:8046
2020-04-22T09:37:22.881Z [36m[jfrou][0m [34m[INFO ][0m [                ] [server_configuration.go:61    ] [main                ] - Server configuration reloaded on localhost:8049
2020-04-22T09:37:22.881Z [36m[jfrou][0m [34m[INFO ][0m [                ] [server_configuration.go:61    ] [main                ] - Server configuration reloaded on :8082
2020-04-22T09:37:22.903Z [1;32m[jfrt ][0;39m [34m[INFO ][0;39m [8bbd367693d6389c] [ifactoryApplicationContext:271] [art-init            ] - Artifactory context starting up 42 Spring Beans...
2020-04-22T09:37:22.937Z [1;33m[jfac ][0;39m [34m[INFO ][0;39m [55d58562bee418c9] [a.c.RefreshableScheduledJob:53] [27.0.0.1-8040-exec-4] - Scheduling federationCleanupService task to run every 1209600 seconds
2020-04-22T09:37:22.938Z [1;33m[jfac ][0;39m [34m[INFO ][0;39m [7f81e147715a3d30] [.f.FederationCleanupService:59] [jf-access-task1     ] - Running clean up of outdated Federation events
2020-04-22T09:37:22.986Z [1;32m[jfrt ][0;39m [34m[INFO ][0;39m [8bbd367693d6389c] [c.CentralConfigServiceImpl:304] [art-init            ] - Loading bootstrap configuration (artifactory home dir is /opt/jfrog/artifactory).
2020-04-22T09:37:22.997Z [1;33m[jfac ][0;39m [34m[INFO ][0;39m [55d58562bee418c9] [s.r.NodeRegistryServiceImpl:68] [27.0.0.1-8040-exec-4] - Cluster join: Successfully joined jfmd@01e6gkz74qm614k82x689eq128 with node id db83f8e6c1ad
2020-04-22T09:37:23.002Z [34;1m[jfmd ][0m [34m[INFO ][0m [2232670c363e7b82] [accessclient.go:51            ] [main                ] - Cluster join: Successfully joined the cluster [access_client]
2020-04-22T09:37:23.002Z [34;1m[jfmd ][0m [34m[INFO ][0m [2232670c363e7b82] [accessclient.go:51            ] [main                ] - Executing Router register at: localhost:8046 [access_client]
2020-04-22T09:37:23.005Z [34;1m[jfmd ][0m [34m[INFO ][0m [2232670c363e7b82] [router_middlewares.go:59      ] [main                ] - Metadata (jfmd) service initialization completed in 10.150 seconds. Listening on port: 8086 [router]
2020-04-22T09:37:23.521Z [1;32m[jfrt ][0;39m [34m[INFO ][0;39m [8bbd367693d6389c] [c.CentralConfigServiceImpl:774] [art-init            ] - No Central configuration found in the database, using default configuration.
2020-04-22T09:37:23.643Z [1;33m[jfac ][0;39m [34m[INFO ][0;39m [670014e1a290a569] [.s.b.AccessServerRegistrar:116] [pool-6-thread-1     ] - [ACCESS BOOTSTRAP] Updating server 'db83f8e6c1ad' private key finger print to: e9b5e97038a5840d41d4232ba279367eb59485327e52a7b60923c2d8af72c2f7 ca private key finger print to: 4d944a3e691697bde3d4ac60dac91894042816579d22e4a5eff90041ada87c09
2020-04-22T09:37:23.666Z [1;33m[jfac ][0;39m [34m[INFO ][0;39m [670014e1a290a569] [a.s.b.AccessServerRegistrar:72] [pool-6-thread-1     ] - [ACCESS BOOTSTRAP] JFrog Access registrar finished.
2020-04-22T09:37:23.789Z [1;32m[jfrt ][0;39m [34m[INFO ][0;39m [8bbd367693d6389c] [o.a.s.a.AccessServiceImpl:408 ] [art-init            ] - Initialized new service id: jfrt@01e6gkzhtba2gz14rj5jrj009s
2020-04-22T09:37:23.826Z [1;32m[jfrt ][0;39m [34m[INFO ][0;39m [8bbd367693d6389c] [oryAccessClientConfigStore:592] [art-init            ] - Using Access Server URL: http://localhost:8046/access source: System Config
2020-04-22T09:37:24.346Z [1;33m[jfac ][0;39m [34m[INFO ][0;39m [711531435bebd9fe] [a.c.RefreshableScheduledJob:53] [27.0.0.1-8040-exec-8] - Scheduling federationCleanupService task to run every 1209600 seconds
2020-04-22T09:37:24.349Z [1;33m[jfac ][0;39m [34m[INFO ][0;39m [c926f290f6929e95] [.f.FederationCleanupService:59] [jf-access-task1     ] - Running clean up of outdated Federation events
2020-04-22T09:37:24.372Z [1;33m[jfac ][0;39m [34m[INFO ][0;39m [711531435bebd9fe] [s.r.NodeRegistryServiceImpl:68] [27.0.0.1-8040-exec-8] - Cluster join: Successfully joined jfrt@01e6gkzhtba2gz14rj5jrj009s with node id db83f8e6c1ad
2020-04-22T09:37:24.396Z [1;32m[jfrt ][0;39m [34m[INFO ][0;39m [8bbd367693d6389c] [.a.c.AccessClientBootstrap:169] [art-init            ] - Cluster join: Successfully joined the cluster
2020-04-22T09:37:24.398Z [1;32m[jfrt ][0;39m [34m[INFO ][0;39m [8bbd367693d6389c] [o.j.a.c.g.AccessGrpcClient:74 ] [art-init            ] - Connecting to grpc server on localhost:8046
2020-04-22T09:37:24.882Z [36m[jfrou][0m [34m[INFO ][0m [                ] [server_configuration.go:61    ] [main                ] - Server configuration reloaded on :8082
2020-04-22T09:37:24.882Z [36m[jfrou][0m [34m[INFO ][0m [                ] [server_configuration.go:61    ] [main                ] - Server configuration reloaded on localhost:8046
2020-04-22T09:37:24.882Z [36m[jfrou][0m [34m[INFO ][0m [                ] [server_configuration.go:61    ] [main                ] - Server configuration reloaded on localhost:8049
2020-04-22T09:37:25.149Z [1;32m[jfrt ][0;39m [34m[INFO ][0;39m [8bbd367693d6389c] [o.a.s.a.AccessServiceImpl:352 ] [art-init            ] - Initialized access service successfully with client id 1759734367, closing old client id [null]
2020-04-22T09:37:25.154Z [1;32m[jfrt ][0;39m [34m[INFO ][0;39m [8bbd367693d6389c] [o.a.s.a.AccessServiceImpl:1247] [art-init            ] - Updating access configuration with password expiration data
2020-04-22T09:37:25.603Z [1;32m[jfrt ][0;39m [31m[WARN ][0;39m [8bbd367693d6389c] [o.a.s.a.AccessServiceImpl:1474] [art-init            ] - Your Artifactory server is configured with the default Admin Credentials. It is highly recommended to change the default admin password. You can change the password from the User Management Page.
2020-04-22T09:37:25.611Z [1;32m[jfrt ][0;39m [34m[INFO ][0;39m [8bbd367693d6389c] [tegrationCleanupServiceImpl:75] [art-init            ] - Using generated cron 0 47 1 ? * * for jobs table cleanup
2020-04-22T09:37:25.874Z [1;33m[jfac ][0;39m [34m[INFO ][0;39m [706b8d6b858993b4] [.AccessImporterExporterImpl:71] [27.0.0.1-8040-exec-5] - Exporting NodeIdServiceId...
2020-04-22T09:37:25.883Z [1;33m[jfac ][0;39m [34m[INFO ][0;39m [706b8d6b858993b4] [.AccessImporterExporterImpl:71] [27.0.0.1-8040-exec-5] - Exporting users...
2020-04-22T09:37:25.911Z [1;33m[jfac ][0;39m [34m[INFO ][0;39m [706b8d6b858993b4] [.AccessImporterExporterImpl:71] [27.0.0.1-8040-exec-5] - Exporting tokens...
2020-04-22T09:37:25.918Z [1;33m[jfac ][0;39m [34m[INFO ][0;39m [706b8d6b858993b4] [.d.TokenStorageServiceImpl:194] [27.0.0.1-8040-exec-5] - Filtered out 9 system tokens from export
2020-04-22T09:37:25.919Z [1;33m[jfac ][0;39m [34m[INFO ][0;39m [706b8d6b858993b4] [.AccessImporterExporterImpl:71] [27.0.0.1-8040-exec-5] - Exporting federation_events...
2020-04-22T09:37:25.923Z [1;33m[jfac ][0;39m [34m[INFO ][0;39m [706b8d6b858993b4] [.AccessImporterExporterImpl:71] [27.0.0.1-8040-exec-5] - Exporting federation_servers...
2020-04-22T09:37:25.946Z [1;33m[jfac ][0;39m [34m[INFO ][0;39m [706b8d6b858993b4] [.AccessImporterExporterImpl:71] [27.0.0.1-8040-exec-5] - Exporting permissions...
2020-04-22T09:37:25.952Z [1;33m[jfac ][0;39m [34m[INFO ][0;39m [706b8d6b858993b4] [.AccessImporterExporterImpl:71] [27.0.0.1-8040-exec-5] - Exporting groups...
2020-04-22T09:37:25.953Z [1;33m[jfac ][0;39m [34m[INFO ][0;39m [706b8d6b858993b4] [.AccessImporterExporterImpl:71] [27.0.0.1-8040-exec-5] - Exporting encryption...
2020-04-22T09:37:25.962Z [1;33m[jfac ][0;39m [34m[INFO ][0;39m [706b8d6b858993b4] [.AccessImporterExporterImpl:71] [27.0.0.1-8040-exec-5] - Exporting config...
2020-04-22T09:37:26.124Z [1;32m[jfrt ][0;39m [34m[INFO ][0;39m [8bbd367693d6389c] [o.a.s.SecurityServiceImpl:2938] [art-init            ] - Creating the default anonymous user, since it does not exist!
2020-04-22T09:37:26.725Z [1;32m[jfrt ][0;39m [34m[INFO ][0;39m [8bbd367693d6389c] [.w.ConfigurationManagerImpl:94] [art-init            ] - Starting file sync
2020-04-22T09:37:26.753Z [1;32m[jfrt ][0;39m [34m[INFO ][0;39m [8bbd367693d6389c] [o.j.c.w.ConfigWrapperImpl:504 ] [art-init            ] - [Node ID: db83f8e6c1ad]  detected local  modify for config 'artifactory.system.properties'
2020-04-22T09:37:26.771Z [1;32m[jfrt ][0;39m [34m[INFO ][0;39m [8bbd367693d6389c] [o.j.c.w.ConfigWrapperImpl:504 ] [art-init            ] - [Node ID: db83f8e6c1ad]  detected local  modify for config 'artifactory.mimeType'
2020-04-22T09:37:26.774Z [1;32m[jfrt ][0;39m [34m[INFO ][0;39m [8bbd367693d6389c] [o.j.c.w.ConfigWrapperImpl:504 ] [art-init            ] - [Node ID: db83f8e6c1ad]  detected local  modify for config 'artifactory.binarystore.xml'
2020-04-22T09:37:26.799Z [1;32m[jfrt ][0;39m [34m[INFO ][0;39m [8bbd367693d6389c] [o.j.c.w.ConfigWrapperImpl:504 ] [art-init            ] - [Node ID: db83f8e6c1ad]  detected local  modify for config 'artifactory.security.access/access.admin.token'
2020-04-22T09:37:26.881Z [36m[jfrou][0m [34m[INFO ][0m [                ] [server_configuration.go:61    ] [main                ] - Server configuration reloaded on localhost:8049
2020-04-22T09:37:26.882Z [36m[jfrou][0m [34m[INFO ][0m [                ] [server_configuration.go:61    ] [main                ] - Server configuration reloaded on :8082
2020-04-22T09:37:26.882Z [36m[jfrou][0m [34m[INFO ][0m [                ] [server_configuration.go:61    ] [main                ] - Server configuration reloaded on localhost:8046
2020-04-22T09:37:26.895Z [1;32m[jfrt ][0;39m [34m[INFO ][0;39m [8bbd367693d6389c] [ifactoryApplicationContext:523] [art-init            ] - Artifactory application context set to READY by refresh
2020-04-22T09:37:26.910Z [1;32m[jfrt ][0;39m [34m[INFO ][0;39m [8bbd367693d6389c] [ctoryEncryptionServiceImpl:111] [art-init            ] - Starting encryption for first Artifactory startup
2020-04-22T09:37:26.910Z [1;32m[jfrt ][0;39m [34m[INFO ][0;39m [8bbd367693d6389c] [j.s.f.SecurityFolderHelper:152] [art-init            ] - Creating artifactory encryption key at /opt/jfrog/artifactory/var/etc/artifactory/security/artifactory.tmp.key
2020-04-22T09:37:26.915Z [1;32m[jfrt ][0;39m [34m[INFO ][0;39m [8bbd367693d6389c] [o.j.c.w.ConfigWrapperImpl:504 ] [art-init            ] - [Node ID: db83f8e6c1ad]  detected local  create for config 'artifactory.security.artifactory.key'
2020-04-22T09:37:26.920Z [1;32m[jfrt ][0;39m [34m[INFO ][0;39m [                ] [o.j.c.w.ConfigWrapperImpl:504 ] [Thread-5            ] - [Node ID: db83f8e6c1ad]  detected local  create for config 'artifactory.security.artifactory.key'
2020-04-22T09:37:26.968Z [1;32m[jfrt ][0;39m [34m[INFO ][0;39m [8bbd367693d6389c] [o.a.s.a.AccessServiceImpl:1550] [art-init            ] - Successful register of Artifactory serviceId jfrt@01e6gkzhtba2gz14rj5jrj009s in Access Federation
2020-04-22T09:37:26.973Z [1;32m[jfrt ][0;39m [34m[INFO ][0;39m [8bbd367693d6389c] [.s.MetadataMigrationHelper:191] [art-init            ] - No repositories found that correspond to the supported Metadata Migration types. Supported types are [Docker, Npm, Chef, Composer, Pypi, SBT, YUM, CRAN, CocoaPods, Vagrant, Go, Gradle, Opkg, Conan, Helm, Puppet, Maven, Conda, Gems, Ivy, Debian, Bower, NuGet]
2020-04-22T09:37:26.986Z [1;32m[jfrt ][0;39m [34m[INFO ][0;39m [8bbd367693d6389c] [.s.MetadataMigrationHelper:200] [art-init            ] - Inserting completed migration status for 'metadata-service-migration'
2020-04-22T09:37:26.988Z [1;32m[jfrt ][0;39m [34m[INFO ][0;39m [8bbd367693d6389c] [ionStatusStorageServiceImpl:70] [art-init            ] - About to insert new migration status record 'MigrationStatus(identifier=metadata-service-migration, started=1587548246987, finished=1587548246987, migrationInfoBlob=MetadataMigrationInfoBlob(migrationTargetNodeId=0, currentEventLogTimestamp=0, reposToMigrate=null))'
2020-04-22T09:37:27.008Z [1;32m[jfrt ][0;39m [34m[INFO ][0;39m [4649999d0f408fab] [adsFolderCleanupServiceImpl:51] [art-exec-3          ] - Starting docker temp folder cleanup
2020-04-22T09:37:27.009Z [1;32m[jfrt ][0;39m [34m[INFO ][0;39m [4649999d0f408fab] [adsFolderCleanupServiceImpl:53] [art-exec-3          ] - Docker temp folder cleanup finished, time took: 1 millis
2020-04-22T09:37:27.031Z [1;32m[jfrt ][0;39m [34m[INFO ][0;39m [8bbd367693d6389c] [.w.NodeEventTaskManagerImpl:43] [art-init            ] - Event management started on behalf of Event Operator with ID 'metadata-operator-events'
2020-04-22T09:37:27.037Z [1;32m[jfrt ][0;39m [34m[INFO ][0;39m [8bbd367693d6389c] [o.a.s.s.StorageServiceImpl:425] [art-init            ] - Scheduling CalculateReposStorageSummaryJob to run at '0 12 * ? * *'
2020-04-22T09:37:27.062Z [1;32m[jfrt ][0;39m [34m[INFO ][0;39m [8bbd367693d6389c] [ctoryContextConfigListener:250] [art-init            ] - Artifactory (jfrt) service initialization completed in 19.198 seconds. Listening on port: 8081
2020-04-22T09:37:32.332Z [33m[jffe ][39m [34m[INFO ][39m [                ] [                              ] [main                ] - setting service id - jffe@000
2020-04-22T09:37:32.360Z [1;33m[jfac ][0;39m [34m[INFO ][0;39m [52546a60d6f57f69] [a.c.RefreshableScheduledJob:53] [27.0.0.1-8040-exec-9] - Scheduling federationCleanupService task to run every 1209600 seconds
2020-04-22T09:37:32.362Z [1;33m[jfac ][0;39m [34m[INFO ][0;39m [df54c192b76d1a0 ] [.f.FederationCleanupService:59] [jf-access-task1     ] - Running clean up of outdated Federation events
2020-04-22T09:37:32.391Z [1;33m[jfac ][0;39m [34m[INFO ][0;39m [52546a60d6f57f69] [s.r.NodeRegistryServiceImpl:68] [27.0.0.1-8040-exec-9] - Cluster join: Successfully joined jffe@000 with node id db83f8e6c1ad
2020-04-22T09:37:32.396Z [33m[jffe ][39m [34m[INFO ][39m [                ] [                              ] [main                ] - Cluster join: Successfully joined the cluster
2020-04-22T09:37:32.424Z [33m[jffe ][39m [34m[INFO ][39m [                ] [                              ] [main                ] - UI service successfully registered on router, serviceId: jffe@000
2020-04-22T09:37:32.425Z [36m[jfrou][0m [34m[INFO ][0m [                ] [server_configuration.go:61    ] [main                ] - Server configuration reloaded on localhost:8046
2020-04-22T09:37:32.426Z [36m[jfrou][0m [34m[INFO ][0m [                ] [server_configuration.go:61    ] [main                ] - Server configuration reloaded on localhost:8049
2020-04-22T09:37:32.426Z [36m[jfrou][0m [34m[INFO ][0m [                ] [server_configuration.go:61    ] [main                ] - Server configuration reloaded on :8082
2020-04-22T09:37:32.836Z [33m[jffe ][39m [34m[INFO ][39m [                ] [                              ] [main                ] - Recurring tasks started
2020-04-22T09:37:33.336Z [33m[jffe ][39m [34m[INFO ][39m [                ] [                              ] [main                ] - frontend (jffe) service initialization completed in 50.70 seconds. Listening on port: port 8070
2020-04-22T09:37:38.891Z [36m[jfrou][0m [34m[INFO ][0m [2c632ad34b69c294] [local_topology.go:213         ] [main                ] -
###############################################################
###   All services started successfully in 56.820 seconds   ###
###############################################################
2020-04-22T09:37:38.894Z [36m[jfrou][0m [34m[INFO ][0m [                ] [server_configuration.go:61    ] [main                ] - Server configuration reloaded on localhost:8046
2020-04-22T09:37:38.898Z [36m[jfrou][0m [34m[INFO ][0m [                ] [server_configuration.go:61    ] [main                ] - Server configuration reloaded on localhost:8049
2020-04-22T09:37:38.898Z [36m[jfrou][0m [34m[INFO ][0m [                ] [server_configuration.go:61    ] [main                ] - Server configuration reloaded on :8082
2020-04-22T09:37:38.946Z [1;33m[jfac ][0;39m [34m[INFO ][0;39m [                ] [alConfigurationServiceBase:182] [c-default-executor-1] - Loading configuration from db finished successfully
2020-04-22T09:37:38.951Z [1;33m[jfac ][0;39m [34m[INFO ][0;39m [                ] [CertificateFileHandlerBase:174] [c-default-executor-1] - Loading root certificate from database.
2020-04-22T09:37:39.106Z [1;33m[jfac ][0;39m [34m[INFO ][0;39m [                ] [CertificateFileHandlerBase:331] [c-default-executor-1] - [ACCESS BOOTSTRAP] Saved new root certificate at: /opt/jfrog/artifactory/var/etc/access/keys/root.crt
2020-04-22T09:37:39.114Z [1;33m[jfac ][0;39m [34m[INFO ][0;39m [                ] [CertificateFileHandlerBase:183] [c-default-executor-1] - Finished loading root certificate from database.
2020-04-22T09:37:39.114Z [1;33m[jfac ][0;39m [34m[INFO ][0;39m [                ] [CertificateFileHandlerBase:174] [c-default-executor-1] - Loading ca certificate from database.
2020-04-22T09:37:39.455Z [1;33m[jfac ][0;39m [34m[INFO ][0;39m [                ] [CertificateFileHandlerBase:331] [c-default-executor-1] - [ACCESS BOOTSTRAP] Saved new ca certificate at: /opt/jfrog/artifactory/var/etc/access/keys/ca.crt
2020-04-22T09:37:39.460Z [1;33m[jfac ][0;39m [34m[INFO ][0;39m [                ] [CertificateFileHandlerBase:183] [c-default-executor-1] - Finished loading ca certificate from database.
2020-04-22T09:37:40.896Z [36m[jfrou][0m [34m[INFO ][0m [                ] [server_configuration.go:61    ] [main                ] - Server configuration reloaded on localhost:8049
2020-04-22T09:37:40.897Z [36m[jfrou][0m [34m[INFO ][0m [                ] [server_configuration.go:61    ] [main                ] - Server configuration reloaded on :8082
2020-04-22T09:37:40.897Z [36m[jfrou][0m [34m[INFO ][0m [                ] [server_configuration.go:61    ] [main                ] - Server configuration reloaded on localhost:8046
2020-04-22T09:37:56.910Z [1;32m[jfrt ][0;39m [34m[INFO ][0;39m [506590ec2adf40d ] [a.e.EventsLogCleanUpService:53] [art-exec-6          ] - Starting cleanup of old events from event log
2020-04-22T09:37:56.944Z [1;32m[jfrt ][0;39m [34m[INFO ][0;39m [506590ec2adf40d ] [a.e.EventsLogCleanUpService:74] [art-exec-6          ] - Cleanup of old events from event log finished
2020-04-22T09:37:58.514Z [1;32m[jfrt ][0;39m [34m[INFO ][0;39m [3dc0e4fef65bb8e8] [o.a.s.SecurityServiceImpl:1322] [http-nio-8081-exec-7] - Password for user 'admin' has been successfully changed
2020-04-22T09:38:12.785Z [1;32m[jfrt ][0;39m [34m[INFO ][0;39m [2e0338b43271a2ee] [eateRepositoryConfigService:98] [http-nio-8081-exec-7] - Creating repository libs-snapshot-local
2020-04-22T09:38:12.807Z [1;32m[jfrt ][0;39m [34m[INFO ][0;39m [2e0338b43271a2ee] [eateRepositoryConfigService:98] [http-nio-8081-exec-7] - Creating repository libs-release-local
2020-04-22T09:38:12.819Z [1;32m[jfrt ][0;39m [34m[INFO ][0;39m [2e0338b43271a2ee] [eateRepositoryConfigService:98] [http-nio-8081-exec-7] - Creating repository jcenter
2020-04-22T09:38:12.832Z [1;32m[jfrt ][0;39m [34m[INFO ][0;39m [2e0338b43271a2ee] [eateRepositoryConfigService:98] [http-nio-8081-exec-7] - Creating repository libs-snapshot
2020-04-22T09:38:12.844Z [1;32m[jfrt ][0;39m [34m[INFO ][0;39m [2e0338b43271a2ee] [eateRepositoryConfigService:98] [http-nio-8081-exec-7] - Creating repository libs-release
2020-04-22T09:38:12.850Z [1;32m[jfrt ][0;39m [34m[INFO ][0;39m [2e0338b43271a2ee] [eateRepositoryConfigService:98] [http-nio-8081-exec-7] - Creating repository generic-local
2020-04-22T09:38:12.862Z [1;32m[jfrt ][0;39m [34m[INFO ][0;39m [2e0338b43271a2ee] [c.CentralConfigServiceImpl:639] [http-nio-8081-exec-7] - Reloading configuration... old revision 0, new revision 1
2020-04-22T09:38:12.969Z [1;32m[jfrt ][0;39m [34m[INFO ][0;39m [2e0338b43271a2ee] [c.CentralConfigServiceImpl:382] [http-nio-8081-exec-7] - Force updating new descriptor (old descriptor doesn't support diff). Old descriptor revision 0
2020-04-22T09:38:12.996Z [1;32m[jfrt ][0;39m [34m[INFO ][0;39m [2e0338b43271a2ee] [c.CentralConfigServiceImpl:404] [http-nio-8081-exec-7] - New configuration with revision 1 saved.
2020-04-22T09:38:12.997Z [1;32m[jfrt ][0;39m [34m[INFO ][0;39m [2e0338b43271a2ee] [ifactoryApplicationContext:523] [http-nio-8081-exec-7] - Artifactory application context set to NOT READY by reload
2020-04-22T09:38:13.189Z [1;32m[jfrt ][0;39m [34m[INFO ][0;39m [2e0338b43271a2ee] [s.MetadataEventServiceImpl:206] [http-nio-8081-exec-7] - Received delete instruction on root for repository 'example-repo-local'. Deleting paths from Metadata Server
2020-04-22T09:38:13.315Z [1;32m[jfrt ][0;39m [34m[INFO ][0;39m [2e0338b43271a2ee] [ifactoryApplicationContext:523] [http-nio-8081-exec-7] - Artifactory application context set to READY by reload
2020-04-22T09:38:13.316Z [1;32m[jfrt ][0;39m [34m[INFO ][0;39m [2e0338b43271a2ee] [c.CentralConfigServiceImpl:657] [http-nio-8081-exec-7] - Configuration reloaded.
2020-04-22T09:38:13.323Z [1;32m[jfrt ][0;39m [34m[INFO ][0;39m [2e0338b43271a2ee] [o.a.r.o.YamlConfigCreator:73  ] [http-nio-8081-exec-7] - Saving bootstrap settings to artifactory.config.20200422.093813.yml
2020-04-22T10:00:00.008Z [1;33m[jfac ][0;39m [34m[INFO ][0;39m [a0f10f994280d367] [j.a.s.s.t.TokenServiceImpl:143] [jf-access-task1     ] - Revoked 18 expired tokens.
2020-04-22T10:02:24.461Z [1;32m[jfrt ][0;39m [34m[INFO ][0;39m [61bf74ba372fed41] [o.a.s.SecurityServiceImpl:1700] [http-nio-8081-exec-2] - Creating keys for user 'admin'
2020-04-22T10:05:04.050Z [36m[jfrou][0m [34m[INFO ][0m [1087004fc558fe77] [config_holder.go:107          ] [main                ] - configuration update detected
2020-04-22T10:05:10.065Z [36m[jfrou][0m [34m[INFO ][0m [1087004fc558fe77] [config_holder.go:107          ] [main                ] - configuration update detected
[/opt/jfrog/artifactory/var/etc/artifactory/logback.xml] does not exist.2020-04-22T10:11:58.019Z [1;32m[jfrt ][0;39m [1;31m[ERROR][0;39m [206700e566075b90] [okenAuthenticationProvider:110] [http-nio-8081-exec-6] - Failed to verify token with id '83c73e64-ed42-4e45-beda-86143268c8b5': java.lang.RuntimeException: Failed to read root certificate from file: /opt/jfrog/artifactory/var/etc/artifactory/security/access/keys/root.crt
2020-04-22T10:12:05.022Z [1;32m[jfrt ][0;39m [1;31m[ERROR][0;39m [3400355fcfab7758] [okenAuthenticationProvider:110] [http-nio-8081-exec-2] - Failed to verify token with id 'a8317ffd-f6d2-4b44-a060-b4b4fcd23948': java.lang.RuntimeException: Failed to read root certificate from file: /opt/jfrog/artifactory/var/etc/artifactory/security/access/keys/root.crt
2020-04-22T10:12:05.030Z [1;32m[jfrt ][0;39m [1;31m[ERROR][0;39m [74e43f163e0b8e3b] [okenAuthenticationProvider:110] [http-nio-8081-exec-3] - Failed to verify token with id 'a8317ffd-f6d2-4b44-a060-b4b4fcd23948': java.lang.RuntimeException: Failed to read root certificate from file: /opt/jfrog/artifactory/var/etc/artifactory/security/access/keys/root.crt
2020-04-22T10:12:05.034Z [1;32m[jfrt ][0;39m [1;31m[ERROR][0;39m [49d6c676cca0402c] [okenAuthenticationProvider:110] [http-nio-8081-exec-7] - Failed to verify token with id 'a8317ffd-f6d2-4b44-a060-b4b4fcd23948': java.lang.RuntimeException: Failed to read root certificate from file: /opt/jfrog/artifactory/var/etc/artifactory/security/access/keys/root.crt
2020-04-22T10:12:05.044Z [33m[jffe ][39m [31m[1m[ERROR][22m[39m [                ] [                              ] [main                ] - Error: fetchAndUpdateAnonAccessEnabled failed with error Request failed with status code 401
at PlatformConfiguration.fetchAndUpdateAnonAccessEnabled.catch.e (/opt/jfrog/artifactory/app/frontend/bin/server/dist/webpack:/src/PlatformState/PlatformConfiguration.ts:70:15)
at process._tickCallback (internal/process/next_tick.js:68:7)
2020-04-22T10:12:23.025Z [1;32m[jfrt ][0;39m [1;31m[ERROR][0;39m [519edd3dc94b202f] [okenAuthenticationProvider:110] [http-nio-8081-exec-8] - Failed to verify token with id '83c73e64-ed42-4e45-beda-86143268c8b5': java.lang.RuntimeException: Failed to read root certificate from file: /opt/jfrog/artifactory/var/etc/artifactory/security/access/keys/root.crt
2020-04-22T10:12:35.036Z [33m[jffe ][39m [31m[1m[ERROR][22m[39m [                ] [                              ] [main                ] - Error: fetchAndUpdateCrowdEnabled failed with error Request failed with status code 403
at PlatformConfiguration.fetchAndUpdateCrowdEnabled.catch.e (/opt/jfrog/artifactory/app/frontend/bin/server/dist/webpack:/src/PlatformState/PlatformConfiguration.ts:73:15)
at process._tickCallback (internal/process/next_tick.js:68:7)
2020-04-22T10:12:45.283Z [36m[jfrou][0m [34m[INFO ][0m [                ] [server_configuration.go:319   ] [main                ] - Skipping same configuration for provider file
2020-04-22T10:12:45.289Z [36m[jfrou][0m [34m[INFO ][0m [                ] [server_configuration.go:319   ] [main                ] - Skipping same configuration for provider file
2020-04-22T10:12:45.292Z [36m[jfrou][0m [34m[INFO ][0m [                ] [server_configuration.go:319   ] [main                ] - Skipping same configuration for provider file
2020-04-22T10:12:45.297Z [36m[jfrou][0m [34m[INFO ][0m [                ] [server_configuration.go:319   ] [main                ] - Skipping same configuration for provider file
2020-04-22T10:12:45.300Z [36m[jfrou][0m [34m[INFO ][0m [                ] [server_configuration.go:319   ] [main                ] - Skipping same configuration for provider file
2020-04-22T10:15:40.000Z [shell] [38;5;69m[INFO ][0m [] [systemYamlHelper.sh:292       ] [main] - Resolved shared.extraJavaOpts (-Xms512m -Xmx2g) from /opt/jfrog/artifactory/var/etc/system.yaml
2020-04-22T10:15:40.000Z [shell] [38;5;69m[INFO ][0m [] [systemYamlHelper.sh:292       ] [main] - Resolved shared.extraJavaOpts (-Xms512m -Xmx2g) from /opt/jfrog/artifactory/var/etc/system.yaml
2020-04-22T10:15:40.000Z [shell] [38;5;69m[INFO ][0m [] [installerCommon.sh:1162       ] [main] - Checking open files and processes limits
2020-04-22T10:15:40.000Z [shell] [38;5;69m[INFO ][0m [] [installerCommon.sh:1165       ] [main] - Current max open files is 1048576
2020-04-22T10:15:41.000Z [shell] [38;5;69m[INFO ][0m [] [installerCommon.sh:1176       ] [main] - Current max open processes is unlimited
2020-04-22T10:15:41.000Z [shell] [38;5;69m[INFO ][0m [] [installerCommon.sh:1243       ] [main] - Testing directory /opt/jfrog/artifactory/var has read/write permissions for user id 1030
2020-04-22T10:15:41.000Z [shell] [38;5;69m[INFO ][0m [] [installerCommon.sh:1258       ] [main] - Permissions for /opt/jfrog/artifactory/var are good
2020-04-22T10:15:41.000Z [shell] [38;5;69m[INFO ][0m [] [installerCommon.sh:2721       ] [main] - Setting JF_SHARED_NODE_ID to 6de808c7c4e9
2020-04-22T10:15:41.000Z [shell] [38;5;69m[INFO ][0m [] [installerCommon.sh:2721       ] [main] - Setting JF_SHARED_NODE_IP to 172.18.0.3
2020-04-22T10:15:41.000Z [shell] [38;5;69m[INFO ][0m [] [installerCommon.sh:2721       ] [main] - Setting JF_SHARED_NODE_NAME to 6de808c7c4e9
2020-04-22T10:15:41.000Z [shell] [38;5;69m[INFO ][0m [] [systemYamlHelper.sh:292       ] [main] - Resolved shared.extraJavaOpts (-Xms512m -Xmx2g) from /opt/jfrog/artifactory/var/etc/system.yaml
2020-04-22T10:15:41.000Z [shell] [38;5;69m[INFO ][0m [] [installerCommon.sh:2272       ] [main] - Removed duplicate java argument -Xms512m
2020-04-22T10:15:41.000Z [shell] [38;5;69m[INFO ][0m [] [installerCommon.sh:2272       ] [main] - Removed duplicate java argument -Xmx2g
2020-04-22T10:15:41.000Z [shell] [38;5;69m[INFO ][0m [] [artifactoryCommon.sh:104      ] [main] - Final command: -server -Xss256k -XX:+UseG1GC -XX:OnOutOfMemoryError="kill -9 %p" --add-opens java.base/java.util=ALL-UNNAMED --add-opens java.base/java.lang.reflect=ALL-UNNAMED --add-opens java.base/java.lang.invoke=ALL-UNNAMED --add-opens java.base/java.text=ALL-UNNAMED --add-opens java.base/java.nio=ALL-UNNAMED --add-opens java.desktop/java.awt.font=ALL-UNNAMED -Dfile.encoding=UTF8 -Djruby.compile.invokedynamic=false -Djruby.bytecode.version=1.8 -Dorg.apache.tomcat.util.buf.UDecoder.ALLOW_ENCODED_SLASH=true -Djava.security.egd=file:/dev/./urandom -Dartdist=docker -Djf.product.home=/opt/jfrog/artifactory -Xms512m -Xmx2g
2020-04-22T10:15:41.000Z [shell] [38;5;69m[INFO ][0m [] [artifactoryCommon.sh:141      ] [main] - Saving /opt/jfrog/artifactory/app/artifactory/tomcat/conf/server.xml as /opt/jfrog/artifactory/app/artifactory/tomcat/conf/server.xml.orig
2020-04-22T10:15:41.000Z [shell] [38;5;69m[INFO ][0m [] [artifactoryCommon.sh:149      ] [main] - Using Tomcat template to generate : /opt/jfrog/artifactory/app/artifactory/tomcat/conf/server.xml
2020-04-22T10:15:41.000Z [shell] [38;5;69m[INFO ][0m [] [artifactoryCommon.sh:700      ] [main] - Resolved ${artifactory.port||8081} to default value : 8081
2020-04-22T10:15:42.000Z [shell] [38;5;69m[INFO ][0m [] [artifactoryCommon.sh:700      ] [main] - Resolved ${artifactory.tomcat.connector.maxThreads||200} to default value : 200
2020-04-22T10:15:42.000Z [shell] [38;5;69m[INFO ][0m [] [artifactoryCommon.sh:700      ] [main] - Resolved ${artifactory.tomcat.maintenanceConnector.port||8091} to default value : 8091
2020-04-22T10:15:42.000Z [shell] [38;5;69m[INFO ][0m [] [artifactoryCommon.sh:700      ] [main] - Resolved ${artifactory.tomcat.maintenanceConnector.maxThreads||5} to default value : 5
2020-04-22T10:15:42.000Z [shell] [38;5;69m[INFO ][0m [] [artifactoryCommon.sh:700      ] [main] - Resolved ${artifactory.tomcat.maintenanceConnector.acceptCount||5} to default value : 5
2020-04-22T10:15:42.000Z [shell] [38;5;69m[INFO ][0m [] [artifactoryCommon.sh:700      ] [main] - Resolved ${access.http.port||8040} to default value : 8040
2020-04-22T10:15:42.000Z [shell] [38;5;69m[INFO ][0m [] [artifactoryCommon.sh:700      ] [main] - Resolved ${access.tomcat.connector.maxThreads||50} to default value : 50
2020-04-22T10:15:42.000Z [shell] [38;5;69m[INFO ][0m [] [systemYamlHelper.sh:292       ] [main] - Resolved JF_PRODUCT_HOME (/opt/jfrog/artifactory) from environment variable
2020-04-22T10:15:42.000Z [shell] [38;5;69m[INFO ][0m [] [artifactoryCommon.sh:700      ] [main] - Resolved ${shared.tomcat.workDir||/opt/jfrog/artifactory/var/work/artifactory/tomcat} to default value : /opt/jfrog/artifactory/var/work/artifactory/tomcat
2020-04-22T10:15:43.280Z [36m[jfrou][0m [34m[INFO ][0m [2ddc295c071486ed] [bootstrap.go:70               ] [main                ] - Router (jfrou) service initialization started. Version: 1.2.1 Revision: fe2dd4ed3212d39bdd665c92e17293e8071eb99d PID: 2841 Home: /opt/jfrog/artifactory
2020-04-22T10:15:43.281Z [36m[jfrou][0m [34m[INFO ][0m [2ddc295c071486ed] [bootstrap.go:73               ] [main                ] - JFrog Router IP: 172.18.0.3
2020-04-22T10:15:43.286Z [36m[jfrou][0m [34m[INFO ][0m [2ddc295c071486ed] [bootstrap.go:165              ] [main                ] - System configuration encryption report:
shared.newrelic.licenseKey: does not exist in the config file
shared.security.joinKeyFile: file '/opt/jfrog/artifactory/var/etc/security/join.key' - already encrypted
2020-04-22T10:15:43.287Z [36m[jfrou][0m [34m[INFO ][0m [2ddc295c071486ed] [bootstrap.go:78               ] [main                ] - JFrog Router Service ID: jfrou@01e6gkz5mj75e8whsva5r4rjc6
2020-04-22T10:15:43.289Z [36m[jfrou][0m [34m[INFO ][0m [2ddc295c071486ed] [bootstrap.go:79               ] [main                ] - JFrog Router Node ID: 6de808c7c4e9
[DEBUG] Resolved system configuration file path: /opt/jfrog/artifactory/var/etc/system.yaml
2020-04-22T10:15:44.046Z [34;1m[jfmd ][0m [34m[INFO ][0m [44e5567bbce47da4] [database_bearer.go:71         ] [main                ] - Connecting to (db config: {sqlite /opt/jfrog/artifactory/var/data/metadata/sqlite.db?_fk=yes&_busy_timeout=5000&_txlock=immediate&cache=shared}) [database]
2020-04-22T10:15:44.129Z [34;1m[jfmd ][0m [34m[INFO ][0m [44e5567bbce47da4] [migrator.go:62                ] [main                ] - Applying 36 migrations files [database]
2020-04-22T10:15:44.131Z [34;1m[jfmd ][0m [34m[INFO ][0m [44e5567bbce47da4] [application.go:73             ] [main                ] - Metadata (jfmd) service initialization started. Version: 2.4.3 Revision: 20403900 PID: 3141 Home: /opt/jfrog/artifactory/var [app_initializer]
2020-04-22T10:15:44.137Z [34;1m[jfmd ][0m [34m[INFO ][0m [44e5567bbce47da4] [server_bearer.go:153          ] [main                ] - Got service_id from datastore: jfmd@01e6gkz74qm614k82x689eq128 [ServerInit]
NOTE: Picked up JDK_JAVA_OPTIONS:  --add-opens=java.base/java.lang=ALL-UNNAMED --add-opens=java.base/java.io=ALL-UNNAMED --add-opens=java.rmi/sun.rmi.transport=ALL-UNNAMED
2020-04-22T10:15:45.249Z [33m[jffe ][39m [34m[INFO ][39m [                ] [                              ] [main                ] - frontend (jffe) service initialization started. Version: 1.4.1 Revision: 0.0.0 PID: 2961 Home: /opt/jfrog/artifactory
2020-04-22T10:15:45.284Z [36m[jfrou][0m [34m[INFO ][0m [2ddc295c071486ed] [config_holder.go:107          ] [main                ] - configuration update detected
2020-04-22T10:15:46.455L [35m[tomct][0m [INFO ] [                ] [org.apache.coyote.http11.Http11NioProtocol] [org.apache.coyote.AbstractProtocol init] - Initializing ProtocolHandler ["http-nio-8081"]
2020-04-22T10:15:46.538L [35m[tomct][0m [INFO ] [                ] [org.apache.tomcat.util.net.NioSelectorPool] [org.apache.tomcat.util.net.NioSelectorPool getSharedSelector] - Using a shared selector for servlet write/read
2020-04-22T10:15:46.595L [35m[tomct][0m [INFO ] [                ] [org.apache.coyote.http11.Http11NioProtocol] [org.apache.coyote.AbstractProtocol init] - Initializing ProtocolHandler ["http-nio-127.0.0.1-8091"]
2020-04-22T10:15:46.597L [35m[tomct][0m [INFO ] [                ] [org.apache.tomcat.util.net.NioSelectorPool] [org.apache.tomcat.util.net.NioSelectorPool getSharedSelector] - Using a shared selector for servlet write/read
2020-04-22T10:15:46.604L [35m[tomct][0m [INFO ] [                ] [org.apache.coyote.http11.Http11NioProtocol] [org.apache.coyote.AbstractProtocol init] - Initializing ProtocolHandler ["http-nio-127.0.0.1-8040"]
2020-04-22T10:15:46.606L [35m[tomct][0m [INFO ] [                ] [org.apache.tomcat.util.net.NioSelectorPool] [org.apache.tomcat.util.net.NioSelectorPool getSharedSelector] - Using a shared selector for servlet write/read
2020-04-22T10:15:46.623L [35m[tomct][0m [INFO ] [                ] [org.apache.catalina.core.StandardService] [org.apache.catalina.core.StandardService startInternal] - Starting service [Catalina]
2020-04-22T10:15:46.630L [35m[tomct][0m [INFO ] [                ] [org.apache.catalina.core.StandardEngine] [org.apache.catalina.core.StandardEngine startInternal] - Starting Servlet Engine: Apache Tomcat/8.5.41
2020-04-22T10:15:46.737L [35m[tomct][0m [INFO ] [                ] [org.apache.catalina.startup.HostConfig] [org.apache.catalina.startup.HostConfig deployDescriptor] - Deploying configuration descriptor [/opt/jfrog/artifactory/app/artifactory/tomcat/conf/Catalina/localhost/access.xml]
2020-04-22T10:15:46.737L [35m[tomct][0m [INFO ] [                ] [org.apache.catalina.startup.HostConfig] [org.apache.catalina.startup.HostConfig deployDescriptor] - Deploying configuration descriptor [/opt/jfrog/artifactory/app/artifactory/tomcat/conf/Catalina/localhost/artifactory.xml]
2020-04-22T10:15:46.854L [35m[tomct][0m [WARNING] [                ] [org.apache.catalina.startup.HostConfig] [org.apache.catalina.startup.HostConfig deployDescriptor] - A docBase [/opt/jfrog/artifactory/app/artifactory/tomcat/webapps/access.war] inside the host appBase has been specified, and will be ignored
2020-04-22T10:15:46.854L [35m[tomct][0m [WARNING] [                ] [org.apache.catalina.startup.HostConfig] [org.apache.catalina.startup.HostConfig deployDescriptor] - A docBase [/opt/jfrog/artifactory/app/artifactory/tomcat/webapps/artifactory.war] inside the host appBase has been specified, and will be ignored
2020-04-22T10:15:48.185Z [34;1m[jfmd ][0m [34m[INFO ][0m [44e5567bbce47da4] [accessclient.go:51            ] [main                ] - Cluster join: Retry 5: Service registry ping failed, will retry. Error: Error while trying to connect to local router at address 'http://localhost:8046/access': Get http://localhost:8046/access/api/v1/system/ping: dial tcp 127.0.0.1:8046: connect: connection refused [access_client]
2020-04-22T10:15:50.930Z [1;32m[jfrt ][0;39m [34m[INFO ][0;39m [4251925ff398e478] [o.a.c.h.HaNodeProperties:67   ] [ocalhost-startStop-1] - Artifactory is running in non-clustered mode.
2020-04-22T10:15:50.949Z [1;32m[jfrt ][0;39m [34m[INFO ][0;39m [4251925ff398e478] [tifactoryHomeConfigListener:70] [ocalhost-startStop-1] - Resolved Home: '/opt/jfrog/artifactory
2020-04-22T10:15:51.073Z [1;32m[jfrt ][0;39m [34m[INFO ][0;39m [                ] [o.j.c.w.FileWatchingManager:75] [Thread-5            ] - Starting watch of folder configurations
2020-04-22T10:15:51.289Z [1;32m[jfrt ][0;39m [34m[INFO ][0;39m [4251925ff398e478] [.a.w.s.BasicConfigManagers:140] [ocalhost-startStop-1] - Artifactory (jfrt) service initialization started. Version: 7.4.1 Revision: 70401900 PID: 3228 Home: /opt/jfrog/artifactory
2020-04-22T10:15:51.320Z [1;32m[jfrt ][0;39m [34m[INFO ][0;39m [4251925ff398e478] [.a.c.ConvertersManagerImpl:142] [ocalhost-startStop-1] - Triggering PRE_INIT conversion, from 7.4.1 to 7.4.1
2020-04-22T10:15:51.330Z [1;32m[jfrt ][0;39m [34m[INFO ][0;39m [4251925ff398e478] [.a.c.ConvertersManagerImpl:144] [ocalhost-startStop-1] - Finished PRE_INIT conversion, current version is: 7.4.1
2020-04-22T10:15:53.201Z [34;1m[jfmd ][0m [34m[INFO ][0m [44e5567bbce47da4] [accessclient.go:51            ] [main                ] - Cluster join: Retry 10: Service registry ping failed, will retry. Error: Error while trying to connect to local router at address 'http://localhost:8046/access': Get http://localhost:8046/access/api/v1/system/ping: dial tcp 127.0.0.1:8046: connect: connection refused [access_client]
2020-04-22T10:15:54.283Z [1;33m[jfac ][0;39m [34m[INFO ][0;39m [89d9893e675e1d09] [licationContextInitializer:162] [ocalhost-startStop-2] - Access (jfac) service initialization started. Version: 5.4.4 Revision: 50404900 PID: 3228 Home: /opt/jfrog/artifactory
2020-04-22T10:15:54.430Z [1;33m[jfac ][0;39m [34m[INFO ][0;39m [89d9893e675e1d09] [o.j.a.AccessApplication:50    ] [ocalhost-startStop-2] - Starting AccessApplication v5.4.4 on 6de808c7c4e9 with PID 3228 (/opt/jfrog/artifactory/app/artifactory/tomcat/webapps/access/WEB-INF/lib/access-application-5.4.4.jar started by artifactory in /var/opt/jfrog/artifactory)
2020-04-22T10:15:54.434Z [1;33m[jfac ][0;39m [34m[INFO ][0;39m [89d9893e675e1d09] [o.j.a.AccessApplication:651   ] [ocalhost-startStop-2] - The following profiles are active: production
2020-04-22T10:15:56.150Z [1;32m[jfrt ][0;39m [34m[INFO ][0;39m [4251925ff398e478] [.w.ConfigurationManagerImpl:94] [ocalhost-startStop-1] - Starting file sync
2020-04-22T10:15:58.157Z [1;32m[jfrt ][0;39m [34m[INFO ][0;39m [20adc05cdf73304 ] [ctoryContextConfigListener:308] [art-init            ] -
_   _  __           _                      ____   _____ _____
/\        | | (_)/ _|         | |                    / __ \ / ____/ ____|
/  \   _ __| |_ _| |_ __ _  ___| |_ ___  _ __ _   _  | |  | | (___| (___
/ /\ \ | '__| __| |  _/ _` |/ __| __/ _ \| '__| | | | | |  | |\___ \\___ \
/ ____ \| |  | |_| | || (_| | (__| || (_) | |  | |_| | | |__| |____) |___) |
/_/    \_\_|   \__|_|_| \__,_|\___|\__\___/|_|   \__, |  \____/|_____/_____/
Version:  7.4.1                                   __/ |
Revision: 70401900                               |___/
Artifactory Home: '/opt/jfrog/artifactory'
Node ID: '6de808c7c4e9'

2020-04-22T10:15:58.178Z [1;32m[jfrt ][0;39m [31m[WARN ][0;39m [20adc05cdf73304 ] [o.a.f.l.ArtifactoryLockFile:65] [art-init            ] - Found existing lock file. Artifactory was not shutdown properly. [/opt/jfrog/artifactory/var/data/artifactory/.lock]
2020-04-22T10:15:58.218Z [34;1m[jfmd ][0m [34m[INFO ][0m [44e5567bbce47da4] [accessclient.go:51            ] [main                ] - Cluster join: Retry 15: Service registry ping failed, will retry. Error: Error while trying to connect to local router at address 'http://localhost:8046/access': Get http://localhost:8046/access/api/v1/system/ping: dial tcp 127.0.0.1:8046: connect: connection refused [access_client]
2020-04-22T10:15:58.454L [35m[tomct][0m [INFO ] [                ] [org.apache.catalina.startup.HostConfig] [org.apache.catalina.startup.HostConfig deployDescriptor] - Deployment of configuration descriptor [/opt/jfrog/artifactory/app/artifactory/tomcat/conf/Catalina/localhost/artifactory.xml] has finished in [11,703] ms
2020-04-22T10:15:58.644Z [1;32m[jfrt ][0;39m [34m[INFO ][0;39m [20adc05cdf73304 ] [ifactoryApplicationContext:523] [art-init            ] - Artifactory application context set to NOT READY by refresh
2020-04-22T10:16:03.232Z [34;1m[jfmd ][0m [34m[INFO ][0m [44e5567bbce47da4] [accessclient.go:51            ] [main                ] - Cluster join: Retry 20: Service registry ping failed, will retry. Error: Error while trying to connect to local router at address 'http://localhost:8046/access': Get http://localhost:8046/access/api/v1/system/ping: dial tcp 127.0.0.1:8046: connect: connection refused [access_client]
2020-04-22T10:16:06.907Z [1;33m[jfac ][0;39m [34m[INFO ][0;39m [89d9893e675e1d09] [s.d.u.AccessJdbcHelperImpl:138] [ocalhost-startStop-2] - Database: Apache Derby 10.14.2.0 - (1828579). Driver: Apache Derby Embedded JDBC Driver 10.14.2.0 - (1828579)
2020-04-22T10:16:06.907Z [1;33m[jfac ][0;39m [34m[INFO ][0;39m [89d9893e675e1d09] [s.d.u.AccessJdbcHelperImpl:141] [ocalhost-startStop-2] - Connection URL: jdbc:derby:/opt/jfrog/artifactory/var/data/access/derby
2020-04-22T10:16:08.250Z [34;1m[jfmd ][0m [34m[INFO ][0m [44e5567bbce47da4] [accessclient.go:51            ] [main                ] - Cluster join: Retry 25: Service registry ping failed, will retry. Error: Error while trying to connect to local router at address 'http://localhost:8046/access': Get http://localhost:8046/access/api/v1/system/ping: dial tcp 127.0.0.1:8046: connect: connection refused [access_client]
2020-04-22T10:16:09.233Z [1;33m[jfac ][0;39m [34m[INFO ][0;39m [89d9893e675e1d09] [alConfigurationServiceBase:182] [ocalhost-startStop-2] - Loading configuration from db finished successfully
2020-04-22T10:16:10.611Z [1;33m[jfac ][0;39m [34m[INFO ][0;39m [89d9893e675e1d09] [.h.AccessNodeIdProviderImpl:69] [ocalhost-startStop-2] - Service id initialized: jfac@01e6gkyy91wa2f00f3fdsf0gme
2020-04-22T10:16:13.082Z [1;33m[jfac ][0;39m [34m[INFO ][0;39m [89d9893e675e1d09] [j.a.s.s.t.TokenServiceImpl:106] [ocalhost-startStop-2] - Scheduling task for revoking expired tokens using cron expression: 0 0 0/1 * * ?
2020-04-22T10:16:13.269Z [34;1m[jfmd ][0m [34m[INFO ][0m [44e5567bbce47da4] [accessclient.go:51            ] [main                ] - Cluster join: Retry 30: Service registry ping failed, will retry. Error: Error while trying to connect to local router at address 'http://localhost:8046/access': Get http://localhost:8046/access/api/v1/system/ping: dial tcp 127.0.0.1:8046: connect: connection refused [access_client]
2020-04-22T10:16:15.024Z [1;32m[jfrt ][0;39m [34m[INFO ][0;39m [20adc05cdf73304 ] [o.a.s.d.DbServiceImpl:282     ] [art-init            ] - Database: Apache Derby 10.14.2.0 - (1828579). Driver: Apache Derby Embedded JDBC Driver 10.14.2.0 - (1828579) Pool: derby
2020-04-22T10:16:15.024Z [1;32m[jfrt ][0;39m [34m[INFO ][0;39m [20adc05cdf73304 ] [o.a.s.d.DbServiceImpl:285     ] [art-init            ] - Connection URL: jdbc:derby:/opt/jfrog/artifactory/var/data/artifactory/derby
2020-04-22T10:16:15.140Z [1;32m[jfrt ][0;39m [34m[INFO ][0;39m [20adc05cdf73304 ] [o.a.s.d.v.DerbyValidator:26   ] [art-init            ] - Validating connection collation for derby database
2020-04-22T10:16:15.669Z [1;33m[jfac ][0;39m [34m[INFO ][0;39m [89d9893e675e1d09] [b.AccessServerBootstrapImpl:36] [ocalhost-startStop-2] - [ACCESS BOOTSTRAP] Starting JFrog Access bootstrap...
2020-04-22T10:16:15.680Z [1;33m[jfac ][0;39m [34m[INFO ][0;39m [89d9893e675e1d09] [CertificateFileHandlerBase:108] [ocalhost-startStop-2] - [ACCESS BOOTSTRAP] Initializing root certificate.
2020-04-22T10:16:17.413Z [1;33m[jfac ][0;39m [34m[INFO ][0;39m [89d9893e675e1d09] [CertificateFileHandlerBase:331] [ocalhost-startStop-2] - [ACCESS BOOTSTRAP] Saved new root certificate at: /opt/jfrog/artifactory/var/etc/access/keys/root.crt
2020-04-22T10:16:17.415Z [1;33m[jfac ][0;39m [34m[INFO ][0;39m [89d9893e675e1d09] [CertificateFileHandlerBase:125] [ocalhost-startStop-2] - [ACCESS BOOTSTRAP] Finished initializing root certificate. Certificate source: DATABASE
2020-04-22T10:16:17.417Z [1;33m[jfac ][0;39m [34m[INFO ][0;39m [89d9893e675e1d09] [CertificateFileHandlerBase:108] [ocalhost-startStop-2] - [ACCESS BOOTSTRAP] Initializing ca certificate.
2020-04-22T10:16:17.548Z [1;33m[jfac ][0;39m [34m[INFO ][0;39m [89d9893e675e1d09] [CertificateFileHandlerBase:331] [ocalhost-startStop-2] - [ACCESS BOOTSTRAP] Saved new ca certificate at: /opt/jfrog/artifactory/var/etc/access/keys/ca.crt
2020-04-22T10:16:17.549Z [1;33m[jfac ][0;39m [34m[INFO ][0;39m [89d9893e675e1d09] [CertificateFileHandlerBase:125] [ocalhost-startStop-2] - [ACCESS BOOTSTRAP] Finished initializing ca certificate. Certificate source: DATABASE
2020-04-22T10:16:17.752Z [1;33m[jfac ][0;39m [34m[INFO ][0;39m [89d9893e675e1d09] [b.AccessServerBootstrapImpl:42] [ocalhost-startStop-2] - [ACCESS BOOTSTRAP] JFrog Access bootstrap finished.
2020-04-22T10:16:18.206Z [36m[jfrou][0m [34m[INFO ][0m [2ddc295c071486ed] [join_executor.go:148          ] [main                ] - Cluster join: Retry 5: Service registry ping failed, will retry. Error: Get http://localhost:8040/access/api/v1/system/ping: net/http: request canceled (Client.Timeout exceeded while awaiting headers)
2020-04-22T10:16:18.300Z [34;1m[jfmd ][0m [34m[INFO ][0m [44e5567bbce47da4] [accessclient.go:51            ] [main                ] - Cluster join: Retry 35: Service registry ping failed, will retry. Error: Error while trying to connect to local router at address 'http://localhost:8046/access': Get http://localhost:8046/access/api/v1/system/ping: dial tcp 127.0.0.1:8046: connect: connection refused [access_client]
2020-04-22T10:16:18.921Z [1;32m[jfrt ][0;39m [34m[INFO ][0;39m [20adc05cdf73304 ] [ritiesStorageServiceFactory:25] [art-init            ] - Initializing DB-based Priorities Storage Service
2020-04-22T10:16:19.649Z [1;33m[jfac ][0;39m [34m[INFO ][0;39m [89d9893e675e1d09] [o.j.a.s.s.JoinKeyAccess:166   ] [ocalhost-startStop-2] - Cluster join: Join key loaded successfully (from: /opt/jfrog/artifactory/var/etc/security/join.key)
2020-04-22T10:16:20.095Z [1;33m[jfac ][0;39m [34m[INFO ][0;39m [89d9893e675e1d09] [a.s.b.AccessServerRegistrar:62] [ocalhost-startStop-2] - [ACCESS BOOTSTRAP] Starting JFrog Access registrar...
2020-04-22T10:16:20.250Z [1;33m[jfac ][0;39m [34m[INFO ][0;39m [2748fb699826f81d] [a.c.RefreshableScheduledJob:53] [ocalhost-startStop-2] - Scheduling heartbeat task to run every 5 seconds
2020-04-22T10:16:20.253Z [1;33m[jfac ][0;39m [34m[INFO ][0;39m [2748fb699826f81d] [a.c.RefreshableScheduledJob:53] [ocalhost-startStop-2] - Scheduling federationCleanupService task to run every 1209600 seconds
2020-04-22T10:16:20.265Z [1;33m[jfac ][0;39m [34m[INFO ][0;39m [2748fb699826f81d] [a.c.RefreshableScheduledJob:53] [ocalhost-startStop-2] - Scheduling staleTokenCleanup task to run every 3600 seconds
2020-04-22T10:16:20.341Z [1;33m[jfac ][0;39m [34m[INFO ][0;39m [a02053e1c3fb3d96] [a.c.RefreshableScheduledJob:53] [ocalhost-startStop-2] - Scheduling loadCertificates task to run every 30 seconds
2020-04-22T10:16:21.090Z [1;33m[jfac ][0;39m [34m[INFO ][0;39m [a02053e1c3fb3d96] [o.j.a.s.r.s.GrpcServerImpl:65 ] [ocalhost-startStop-2] - Starting gRPC Server on port 8045
2020-04-22T10:16:21.682Z [1;33m[jfac ][0;39m [34m[INFO ][0;39m [a02053e1c3fb3d96] [o.j.a.s.r.s.GrpcServerImpl:84 ] [ocalhost-startStop-2] - gRPC Server started, listening on 8045
2020-04-22T10:16:23.305Z [1;32m[jfrt ][0;39m [34m[INFO ][0;39m [20adc05cdf73304 ] [actorySchedulerFactoryBean:727] [art-init            ] - Starting Quartz Scheduler now
2020-04-22T10:16:23.312Z [34;1m[jfmd ][0m [34m[INFO ][0m [44e5567bbce47da4] [accessclient.go:51            ] [main                ] - Cluster join: Retry 40: Service registry ping failed, will retry. Error: Error while trying to connect to local router at address 'http://localhost:8046/access': Get http://localhost:8046/access/api/v1/system/ping: dial tcp 127.0.0.1:8046: connect: connection refused [access_client]
2020-04-22T10:16:23.426Z [1;32m[jfrt ][0;39m [34m[INFO ][0;39m [20adc05cdf73304 ] [ifactoryApplicationContext:271] [art-init            ] - Artifactory context starting up 42 Spring Beans...
2020-04-22T10:16:25.457Z [1;33m[jfac ][0;39m [34m[INFO ][0;39m [a02053e1c3fb3d96] [o.j.a.AccessApplication:59    ] [ocalhost-startStop-2] - Started AccessApplication in 35.066 seconds (JVM running for 41.133)
2020-04-22T10:16:25.528Z [1;33m[jfac ][0;39m [31m[WARN ][0;39m [89d9893e675e1d09] [o.j.c.ExecutionUtils:141      ] [pool-6-thread-2     ] - Retry 10 Elapsed 5.42 secs failed: Registration with router on URL http://localhost:8046 failed with error: UNAVAILABLE: io exception. Trying again
2020-04-22T10:16:25.561L [35m[tomct][0m [INFO ] [                ] [org.apache.catalina.startup.HostConfig] [org.apache.catalina.startup.HostConfig deployDescriptor] - Deployment of configuration descriptor [/opt/jfrog/artifactory/app/artifactory/tomcat/conf/Catalina/localhost/access.xml] has finished in [38,824] ms
2020-04-22T10:16:25.566L [35m[tomct][0m [INFO ] [                ] [org.apache.catalina.startup.HostConfig] [org.apache.catalina.startup.HostConfig deployDirectory] - Deploying web application directory [/opt/jfrog/artifactory/app/artifactory/tomcat/webapps/ROOT]
2020-04-22T10:16:25.641L [35m[tomct][0m [INFO ] [                ] [org.apache.catalina.startup.HostConfig] [org.apache.catalina.startup.HostConfig deployDirectory] - Deployment of web application directory [/opt/jfrog/artifactory/app/artifactory/tomcat/webapps/ROOT] has finished in [74] ms
2020-04-22T10:16:25.672L [35m[tomct][0m [INFO ] [                ] [org.apache.coyote.http11.Http11NioProtocol] [org.apache.coyote.AbstractProtocol start] - Starting ProtocolHandler ["http-nio-8081"]
2020-04-22T10:16:25.760L [35m[tomct][0m [INFO ] [                ] [org.apache.coyote.http11.Http11NioProtocol] [org.apache.coyote.AbstractProtocol start] - Starting ProtocolHandler ["http-nio-127.0.0.1-8091"]
2020-04-22T10:16:25.778L [35m[tomct][0m [INFO ] [                ] [org.apache.coyote.http11.Http11NioProtocol] [org.apache.coyote.AbstractProtocol start] - Starting ProtocolHandler ["http-nio-127.0.0.1-8040"]
2020-04-22T10:16:25.779Z [1;32m[jfrt ][0;39m [34m[INFO ][0;39m [20adc05cdf73304 ] [o.a.s.a.AccessServiceImpl:408 ] [art-init            ] - Initialized new service id: jfrt@01e6gkzhtba2gz14rj5jrj009s
2020-04-22T10:16:25.898Z [1;32m[jfrt ][0;39m [34m[INFO ][0;39m [20adc05cdf73304 ] [oryAccessClientConfigStore:592] [art-init            ] - Using Access Server URL: http://localhost:8046/access source: System Config
2020-04-22T10:16:28.327Z [1;32m[jfrt ][0;39m [34m[INFO ][0;39m [20adc05cdf73304 ] [o.j.c.ExecutionUtils:141      ] [pool-13-thread-1    ] - Cluster join: Retry 5: Service registry ping failed, will retry. Error while trying to connect to local router at address ‘http://localhost:8046/access’: Connect to localhost:8046 [localhost/127.0.0.1] failed: Connection refused (Connection refused)
2020-04-22T10:16:28.328Z [34;1m[jfmd ][0m [34m[INFO ][0m [44e5567bbce47da4] [accessclient.go:51            ] [main                ] - Cluster join: Retry 45: Service registry ping failed, will retry. Error: Error while trying to connect to local router at address 'http://localhost:8046/access': Get http://localhost:8046/access/api/v1/system/ping: dial tcp 127.0.0.1:8046: connect: connection refused [access_client]
2020-04-22T10:16:29.031Z [1;33m[jfac ][0;39m [34m[INFO ][0;39m [5f49f99a2e24e753] [s.r.NodeRegistryServiceImpl:68] [27.0.0.1-8040-exec-2] - Cluster join: Successfully joined jfrou@01e6gkz5mj75e8whsva5r4rjc6 with node id 6de808c7c4e9
2020-04-22T10:16:29.472Z [36m[jfrou][0m [34m[INFO ][0m [2ddc295c071486ed] [join_executor.go:181          ] [main                ] - Cluster join: Successfully joined the cluster
2020-04-22T10:16:29.483Z [36m[jfrou][0m [34m[INFO ][0m [                ] [server.go:568                 ] [main                ] - Preparing server api &{Address:localhost:8049 TLS:<nil> Redirect:<nil> Auth:<nil> WhitelistSourceRange:[] WhiteList:<nil> Compress:false ProxyProtocol:<nil> ForwardedHeaders:0xc000611e40} with readTimeout=0s writeTimeout=0s idleTimeout=3m0s
2020-04-22T10:16:29.488Z [36m[jfrou][0m [34m[INFO ][0m [                ] [server.go:568                 ] [main                ] - Preparing server external &{Address::8082 TLS:<nil> Redirect:<nil> Auth:<nil> WhitelistSourceRange:[] WhiteList:<nil> Compress:false ProxyProtocol:<nil> ForwardedHeaders:0xc000611e60} with readTimeout=0s writeTimeout=0s idleTimeout=3m0s
2020-04-22T10:16:29.488Z [36m[jfrou][0m [34m[INFO ][0m [                ] [server.go:568                 ] [main                ] - Preparing server internal &{Address:localhost:8046 TLS:<nil> Redirect:<nil> Auth:<nil> WhitelistSourceRange:[] WhiteList:<nil> Compress:false ProxyProtocol:<nil> ForwardedHeaders:0xc000611e20} with readTimeout=0s writeTimeout=0s idleTimeout=3m0s
2020-04-22T10:16:29.489Z [36m[jfrou][0m [34m[INFO ][0m [                ] [server.go:524                 ] [main                ] - Starting server on localhost:8049
2020-04-22T10:16:29.489Z [36m[jfrou][0m [34m[INFO ][0m [                ] [server.go:524                 ] [main                ] - Starting server on :8082
2020-04-22T10:16:29.490Z [36m[jfrou][0m [34m[INFO ][0m [                ] [server.go:420                 ] [main                ] - Starting provider configuration.ProviderAggregator {}
2020-04-22T10:16:29.491Z [36m[jfrou][0m [34m[INFO ][0m [                ] [server.go:524                 ] [main                ] - Starting server on localhost:8046
2020-04-22T10:16:29.491Z [36m[jfrou][0m [34m[INFO ][0m [                ] [provider_aggregator.go:103    ] [main                ] - Starting provider *file.Provider {"Watch":true,"Filename":"","Constraints":null,"Trace":false,"TemplateVersion":0,"DebugLogGeneratedTemplate":false,"Directory":"/opt/jfrog/artifactory/var/data/router/traefik/routes","TraefikFile":""}
2020-04-22T10:16:29.493Z [36m[jfrou][0m [34m[INFO ][0m [                ] [server_configuration.go:61    ] [main                ] - Server configuration reloaded on localhost:8049
2020-04-22T10:16:29.493Z [36m[jfrou][0m [34m[INFO ][0m [                ] [server_configuration.go:61    ] [main                ] - Server configuration reloaded on :8082
2020-04-22T10:16:29.493Z [36m[jfrou][0m [34m[INFO ][0m [                ] [server_configuration.go:61    ] [main                ] - Server configuration reloaded on localhost:8046
2020-04-22T10:16:29.493Z [36m[jfrou][0m [34m[INFO ][0m [2ddc295c071486ed] [main.go:47                    ] [main                ] - Router (jfrou) service initialization completed in 46.216 seconds. Listening on port: 8082
2020-04-22T10:16:30.685Z [1;33m[jfac ][0;39m [34m[INFO ][0;39m [89d9893e675e1d09] [.AccessWithRouterRegistrar:106] [pool-6-thread-2     ] - Access Server successfully registered on Router on URL: http://localhost:8046
2020-04-22T10:16:31.493Z [36m[jfrou][0m [34m[INFO ][0m [                ] [server_configuration.go:61    ] [main                ] - Server configuration reloaded on localhost:8049
2020-04-22T10:16:31.493Z [36m[jfrou][0m [34m[INFO ][0m [                ] [server_configuration.go:61    ] [main                ] - Server configuration reloaded on :8082
2020-04-22T10:16:31.493Z [36m[jfrou][0m [34m[INFO ][0m [                ] [server_configuration.go:61    ] [main                ] - Server configuration reloaded on localhost:8046
2020-04-22T10:16:31.595Z [1;33m[jfac ][0;39m [34m[INFO ][0;39m [89d9893e675e1d09] [.s.b.AccessServerRegistrar:116] [pool-6-thread-2     ] - [ACCESS BOOTSTRAP] Updating server '6de808c7c4e9' private key finger print to: e9b5e97038a5840d41d4232ba279367eb59485327e52a7b60923c2d8af72c2f7 ca private key finger print to: 4d944a3e691697bde3d4ac60dac91894042816579d22e4a5eff90041ada87c09
2020-04-22T10:16:31.626Z [1;33m[jfac ][0;39m [34m[INFO ][0;39m [89d9893e675e1d09] [a.s.b.AccessServerRegistrar:72] [pool-6-thread-2     ] - [ACCESS BOOTSTRAP] JFrog Access registrar finished.
2020-04-22T10:16:32.447Z [1;33m[jfac ][0;39m [34m[INFO ][0;39m [32c83216ed2fe323] [s.r.NodeRegistryServiceImpl:68] [27.0.0.1-8040-exec-6] - Cluster join: Successfully joined jfmd@01e6gkz74qm614k82x689eq128 with node id 6de808c7c4e9
2020-04-22T10:16:32.466Z [34;1m[jfmd ][0m [34m[INFO ][0m [44e5567bbce47da4] [accessclient.go:51            ] [main                ] - Cluster join: Successfully joined the cluster [access_client]
2020-04-22T10:16:32.466Z [34;1m[jfmd ][0m [34m[INFO ][0m [44e5567bbce47da4] [accessclient.go:51            ] [main                ] - Executing Router register at: localhost:8046 [access_client]
2020-04-22T10:16:32.483Z [34;1m[jfmd ][0m [34m[INFO ][0m [44e5567bbce47da4] [router_middlewares.go:59      ] [main                ] - Metadata (jfmd) service initialization completed in 48.346 seconds. Listening on port: 8086 [router]
2020-04-22T10:16:32.915Z [1;33m[jfac ][0;39m [34m[INFO ][0;39m [5c2cf5c8c652fa9e] [s.r.NodeRegistryServiceImpl:68] [7.0.0.1-8040-exec-10] - Cluster join: Successfully joined jfrt@01e6gkzhtba2gz14rj5jrj009s with node id 6de808c7c4e9
2020-04-22T10:16:32.968Z [1;32m[jfrt ][0;39m [34m[INFO ][0;39m [                ] [o.j.c.w.ConfigWrapperImpl:504 ] [Thread-5            ] - [Node ID: 6de808c7c4e9]  detected local  modify for config 'artifactory.security.access/access.admin.token'
2020-04-22T10:16:32.967Z [1;32m[jfrt ][0;39m [34m[INFO ][0;39m [20adc05cdf73304 ] [.a.c.AccessClientBootstrap:169] [art-init            ] - Cluster join: Successfully joined the cluster
2020-04-22T10:16:32.990Z [1;32m[jfrt ][0;39m [34m[INFO ][0;39m [20adc05cdf73304 ] [o.j.a.c.g.AccessGrpcClient:74 ] [art-init            ] - Connecting to grpc server on localhost:8046
2020-04-22T10:16:33.494Z [36m[jfrou][0m [34m[INFO ][0m [                ] [server_configuration.go:61    ] [main                ] - Server configuration reloaded on localhost:8049
2020-04-22T10:16:33.494Z [36m[jfrou][0m [34m[INFO ][0m [                ] [server_configuration.go:61    ] [main                ] - Server configuration reloaded on :8082
2020-04-22T10:16:33.494Z [36m[jfrou][0m [34m[INFO ][0m [                ] [server_configuration.go:61    ] [main                ] - Server configuration reloaded on localhost:8046
2020-04-22T10:16:34.740Z [1;32m[jfrt ][0;39m [34m[INFO ][0;39m [20adc05cdf73304 ] [o.a.s.a.AccessServiceImpl:352 ] [art-init            ] - Initialized access service successfully with client id 521719953, closing old client id [null]
2020-04-22T10:16:34.741Z [1;32m[jfrt ][0;39m [34m[INFO ][0;39m [20adc05cdf73304 ] [o.a.s.a.AccessServiceImpl:1247] [art-init            ] - Updating access configuration with password expiration data
2020-04-22T10:16:35.494Z [36m[jfrou][0m [34m[INFO ][0m [                ] [server_configuration.go:61    ] [main                ] - Server configuration reloaded on localhost:8046
2020-04-22T10:16:35.495Z [36m[jfrou][0m [34m[INFO ][0m [                ] [server_configuration.go:61    ] [main                ] - Server configuration reloaded on localhost:8049
2020-04-22T10:16:35.495Z [36m[jfrou][0m [34m[INFO ][0m [                ] [server_configuration.go:61    ] [main                ] - Server configuration reloaded on :8082
2020-04-22T10:16:37.184Z [1;32m[jfrt ][0;39m [34m[INFO ][0;39m [20adc05cdf73304 ] [tegrationCleanupServiceImpl:75] [art-init            ] - Using generated cron 0 31 2 ? * * for jobs table cleanup
2020-04-22T10:16:37.392Z [1;32m[jfrt ][0;39m [34m[INFO ][0;39m [20adc05cdf73304 ] [ifactoryApplicationContext:523] [art-init            ] - Artifactory application context set to READY by refresh
2020-04-22T10:16:37.561Z [1;32m[jfrt ][0;39m [34m[INFO ][0;39m [20adc05cdf73304 ] [o.a.s.a.AccessServiceImpl:1550] [art-init            ] - Successful register of Artifactory serviceId jfrt@01e6gkzhtba2gz14rj5jrj009s in Access Federation
2020-04-22T10:16:37.673Z [1;32m[jfrt ][0;39m [34m[INFO ][0;39m [e40ea8dcee1fdca5] [adsFolderCleanupServiceImpl:51] [art-exec-3          ] - Starting docker temp folder cleanup
2020-04-22T10:16:37.683Z [1;32m[jfrt ][0;39m [34m[INFO ][0;39m [e40ea8dcee1fdca5] [adsFolderCleanupServiceImpl:53] [art-exec-3          ] - Docker temp folder cleanup finished, time took: 10 millis
2020-04-22T10:16:37.813Z [1;32m[jfrt ][0;39m [34m[INFO ][0;39m [20adc05cdf73304 ] [.w.NodeEventTaskManagerImpl:43] [art-init            ] - Event management started on behalf of Event Operator with ID 'metadata-operator-events'
2020-04-22T10:16:37.918Z [1;32m[jfrt ][0;39m [34m[INFO ][0;39m [20adc05cdf73304 ] [o.a.s.s.StorageServiceImpl:425] [art-init            ] - Scheduling CalculateReposStorageSummaryJob to run at '0 19 * ? * *'
2020-04-22T10:16:37.981Z [1;32m[jfrt ][0;39m [34m[INFO ][0;39m [20adc05cdf73304 ] [ctoryContextConfigListener:250] [art-init            ] - Artifactory (jfrt) service initialization completed in 39.887 seconds. Listening on port: 8081
2020-04-22T10:16:45.996Z [33m[jffe ][39m [34m[INFO ][39m [                ] [                              ] [main                ] - setting service id - jffe@000
2020-04-22T10:16:46.057Z [1;33m[jfac ][0;39m [34m[INFO ][0;39m [3e2cc66b05e84bca] [s.r.NodeRegistryServiceImpl:68] [27.0.0.1-8040-exec-6] - Cluster join: Successfully joined jffe@000 with node id 6de808c7c4e9
2020-04-22T10:16:46.063Z [33m[jffe ][39m [34m[INFO ][39m [                ] [                              ] [main                ] - Cluster join: Successfully joined the cluster
2020-04-22T10:16:46.101Z [33m[jffe ][39m [34m[INFO ][39m [                ] [                              ] [main                ] - UI service successfully registered on router, serviceId: jffe@000
2020-04-22T10:16:46.105Z [36m[jfrou][0m [34m[INFO ][0m [                ] [server_configuration.go:61    ] [main                ] - Server configuration reloaded on :8082
2020-04-22T10:16:46.106Z [36m[jfrou][0m [34m[INFO ][0m [                ] [server_configuration.go:61    ] [main                ] - Server configuration reloaded on localhost:8046
2020-04-22T10:16:46.106Z [36m[jfrou][0m [34m[INFO ][0m [                ] [server_configuration.go:61    ] [main                ] - Server configuration reloaded on localhost:8049
2020-04-22T10:16:46.518Z [33m[jffe ][39m [34m[INFO ][39m [                ] [                              ] [main                ] - Recurring tasks started
2020-04-22T10:16:47.346Z [33m[jffe ][39m [34m[INFO ][39m [                ] [                              ] [main                ] - frontend (jffe) service initialization completed in 62.10 seconds. Listening on port: port 8070
2020-04-22T10:16:54.532Z [36m[jfrou][0m [34m[INFO ][0m [67ae616dc9620bdc] [local_topology.go:213         ] [main                ] -
###############################################################
###   All services started successfully in 71.254 seconds   ###
###############################################################
2020-04-22T10:16:54.546Z [36m[jfrou][0m [34m[INFO ][0m [                ] [server_configuration.go:61    ] [main                ] - Server configuration reloaded on localhost:8049
2020-04-22T10:16:54.546Z [36m[jfrou][0m [34m[INFO ][0m [                ] [server_configuration.go:61    ] [main                ] - Server configuration reloaded on :8082
2020-04-22T10:16:54.546Z [36m[jfrou][0m [34m[INFO ][0m [                ] [server_configuration.go:61    ] [main                ] - Server configuration reloaded on localhost:8046
2020-04-22T10:16:54.571Z [1;33m[jfac ][0;39m [34m[INFO ][0;39m [                ] [alConfigurationServiceBase:182] [c-default-executor-0] - Loading configuration from db finished successfully
2020-04-22T10:16:54.585Z [1;33m[jfac ][0;39m [34m[INFO ][0;39m [                ] [CertificateFileHandlerBase:174] [c-default-executor-0] - Loading root certificate from database.
2020-04-22T10:16:54.650Z [1;33m[jfac ][0;39m [34m[INFO ][0;39m [                ] [CertificateFileHandlerBase:331] [c-default-executor-0] - [ACCESS BOOTSTRAP] Saved new root certificate at: /opt/jfrog/artifactory/var/etc/access/keys/root.crt
2020-04-22T10:16:54.652Z [1;33m[jfac ][0;39m [34m[INFO ][0;39m [                ] [CertificateFileHandlerBase:183] [c-default-executor-0] - Finished loading root certificate from database.
2020-04-22T10:16:54.652Z [1;33m[jfac ][0;39m [34m[INFO ][0;39m [                ] [CertificateFileHandlerBase:174] [c-default-executor-0] - Loading ca certificate from database.
2020-04-22T10:16:54.713Z [1;33m[jfac ][0;39m [34m[INFO ][0;39m [                ] [CertificateFileHandlerBase:331] [c-default-executor-0] - [ACCESS BOOTSTRAP] Saved new ca certificate at: /opt/jfrog/artifactory/var/etc/access/keys/ca.crt
2020-04-22T10:16:54.714Z [1;33m[jfac ][0;39m [34m[INFO ][0;39m [                ] [CertificateFileHandlerBase:183] [c-default-executor-0] - Finished loading ca certificate from database.
2020-04-22T10:16:56.549Z [36m[jfrou][0m [34m[INFO ][0m [                ] [server_configuration.go:61    ] [main                ] - Server configuration reloaded on localhost:8049
2020-04-22T10:16:56.549Z [36m[jfrou][0m [34m[INFO ][0m [                ] [server_configuration.go:61    ] [main                ] - Server configuration reloaded on :8082
2020-04-22T10:16:56.549Z [36m[jfrou][0m [34m[INFO ][0m [                ] [server_configuration.go:61    ] [main                ] - Server configuration reloaded on localhost:8046
2020-04-22T10:17:07.452Z [1;32m[jfrt ][0;39m [34m[INFO ][0;39m [136a85d38d0c0e13] [a.e.EventsLogCleanUpService:53] [art-exec-6          ] - Starting cleanup of old events from event log
2020-04-22T10:17:07.536Z [1;32m[jfrt ][0;39m [34m[INFO ][0;39m [136a85d38d0c0e13] [a.e.EventsLogCleanUpService:74] [art-exec-6          ] - Cleanup of old events from event log finished
2020-04-22T10:20:09.814Z [1;32m[jfrt ][0;39m [34m[INFO ][0;39m [c788041093b16f7e] [o.a.e.UploadServiceImpl:399   ] [ttp-nio-8081-exec-10] - Deploy to 'libs-snapshot-local:pl/pandait/panda/1.0.2-SNAPSHOT/panda-1.0.2-20200422.102009-1.jar' Content-Length: 27351426
2020-04-22T10:20:11.048Z [1;32m[jfrt ][0;39m [34m[INFO ][0;39m [c0463277996468bd] [o.a.e.UploadServiceImpl:279   ] [http-nio-8081-exec-9] - Deploy to 'libs-snapshot-local:pl/pandait/panda/1.0.2-SNAPSHOT/panda-1.0.2-20200422.102009-1.jar.sha1' Content-Length: 40
2020-04-22T10:20:11.079Z [1;32m[jfrt ][0;39m [34m[INFO ][0;39m [d8e4061abe598ba4] [o.a.e.UploadServiceImpl:279   ] [http-nio-8081-exec-9] - Deploy to 'libs-snapshot-local:pl/pandait/panda/1.0.2-SNAPSHOT/panda-1.0.2-20200422.102009-1.jar.md5' Content-Length: 32
2020-04-22T10:20:11.093Z [1;32m[jfrt ][0;39m [34m[INFO ][0;39m [1f7d0e6e2d809567] [o.a.e.UploadServiceImpl:399   ] [http-nio-8081-exec-9] - Deploy to 'libs-snapshot-local:pl/pandait/panda/1.0.2-SNAPSHOT/panda-1.0.2-20200422.102009-1.pom' Content-Length: 3723
2020-04-22T10:20:11.253Z [1;32m[jfrt ][0;39m [34m[INFO ][0;39m [79b5343521b4d4  ] [o.a.e.UploadServiceImpl:279   ] [http-nio-8081-exec-3] - Deploy to 'libs-snapshot-local:pl/pandait/panda/1.0.2-SNAPSHOT/panda-1.0.2-20200422.102009-1.pom.sha1' Content-Length: 40
2020-04-22T10:20:11.264Z [1;32m[jfrt ][0;39m [34m[INFO ][0;39m [bb8915d6b1b65c00] [o.a.e.UploadServiceImpl:279   ] [http-nio-8081-exec-2] - Deploy to 'libs-snapshot-local:pl/pandait/panda/1.0.2-SNAPSHOT/panda-1.0.2-20200422.102009-1.pom.md5' Content-Length: 32
2020-04-22T10:20:11.293Z [1;32m[jfrt ][0;39m [34m[INFO ][0;39m [3d956b3fdd0b2b53] [o.a.e.UploadServiceImpl:399   ] [http-nio-8081-exec-1] - Deploy to 'libs-snapshot-local:pl/pandait/panda/1.0.2-SNAPSHOT/maven-metadata.xml' Content-Length: 765
2020-04-22T10:20:11.304Z [1;32m[jfrt ][0;39m [34m[INFO ][0;39m [d42868f7bfc8e2c5] [o.a.e.UploadServiceImpl:279   ] [http-nio-8081-exec-6] - Deploy to 'libs-snapshot-local:pl/pandait/panda/1.0.2-SNAPSHOT/maven-metadata.xml.sha1' Content-Length: 40
2020-04-22T10:20:11.314Z [1;32m[jfrt ][0;39m [34m[INFO ][0;39m [8bd5b54934b8d945] [o.a.e.UploadServiceImpl:279   ] [http-nio-8081-exec-8] - Deploy to 'libs-snapshot-local:pl/pandait/panda/1.0.2-SNAPSHOT/maven-metadata.xml.md5' Content-Length: 32
2020-04-22T10:20:11.335Z [1;32m[jfrt ][0;39m [34m[INFO ][0;39m [e9ef7efd6209856d] [o.a.e.UploadServiceImpl:399   ] [http-nio-8081-exec-5] - Deploy to 'libs-snapshot-local:pl/pandait/panda/maven-metadata.xml' Content-Length: 275
2020-04-22T10:20:11.377Z [1;32m[jfrt ][0;39m [34m[INFO ][0;39m [9cc04e63293cff02] [o.a.e.UploadServiceImpl:279   ] [http-nio-8081-exec-4] - Deploy to 'libs-snapshot-local:pl/pandait/panda/maven-metadata.xml.sha1' Content-Length: 40
2020-04-22T10:20:11.383Z [1;32m[jfrt ][0;39m [34m[INFO ][0;39m [7c3fdece142c4ffa] [o.a.e.UploadServiceImpl:279   ] [http-nio-8081-exec-4] - Deploy to 'libs-snapshot-local:pl/pandait/panda/maven-metadata.xml.md5' Content-Length: 32
2020-04-22T10:20:19.616Z [1;32m[jfrt ][0;39m [34m[INFO ][0;39m [9e38f37083194310] [o.a.s.a.ArchiveIndexerImpl:146] [art-exec-6          ] - Indexing archive: libs-snapshot-local:pl/pandait/panda/1.0.2-SNAPSHOT/panda-1.0.2-20200422.102009-1.jar
2020-04-22T10:47:03.341Z [33m[jffe ][39m [31m[WARN ][39m [29744701e7668a9c] [                              ] [main                ] - could not refresh ui session token. request will still be accepted until the token expires. msg from access - Token matching the provided refresh token was not found.
2020-04-22T10:47:03.358Z [33m[jffe ][39m [31m[WARN ][39m [a935083aa0b197e ] [                              ] [main                ] - could not refresh ui session token. request will still be accepted until the token expires. msg from access - Token matching the provided refresh token was not found.
2020-04-22T10:48:38.464Z [34;1m[jfmd ][0m [34m[INFO ][0m [5dd9a2e41e384157] [path_service.go:58            ] [main                ] - Deleting versions 1 for path pl/pandait/panda/1.0.2-SNAPSHOT/panda-1.0.2-20200422.102009-1.pom [path_service]
2020-04-22T10:48:38.477Z [34;1m[jfmd ][0m [34m[INFO ][0m [5dd9a2e41e384157] [path_service.go:70            ] [main                ] - Deleting packages 1 for path pl/pandait/panda/1.0.2-SNAPSHOT/panda-1.0.2-20200422.102009-1.pom [path_service]
2020-04-22T10:59:30.759Z [1;32m[jfrt ][0;39m [34m[INFO ][0;39m [                ] [o.j.c.w.ConfigWrapperImpl:504 ] [Thread-5            ] - [Node ID: 6de808c7c4e9]  detected local  modify for config 'artifactory.security.access/access.admin.token'
