2020-03-25T19:20:23.998Z [jfmd ] [INFO ] [9f164e3da8fde2c ] [security_keys.go:114          ] [main                ] - Master key is missing. Pending for 5 seconds with 2m0s timeout [init]
2020-03-25T19:20:29.001Z [jfmd ] [INFO ] [9f164e3da8fde2c ] [security_keys.go:114          ] [main                ] - Master key is missing. Pending for 10 seconds with 2m0s timeout [init]
2020-03-25T19:20:34.002Z [jfmd ] [INFO ] [9f164e3da8fde2c ] [security_keys.go:128          ] [main                ] - Cluster join: Join key is missing. Pending for 15 seconds with 2m0s timeout [init]
2020-03-25T19:20:35.003Z [jfmd ] [INFO ] [9f164e3da8fde2c ] [database_bearer.go:67         ] [main                ] - Connecting to (db config: {sqlite /opt/jfrog/artifactory/var/data/metadata/sqlite.db?_fk=yes&_busy_timeout=5000&_txlock=immediate&cache=shared}) [database]
2020-03-25T19:20:35.028Z [jfmd ] [INFO ] [9f164e3da8fde2c ] [migrator.go:61                ] [main                ] - Applying 36 migrations files [database]
2020-03-25T19:20:36.399Z [jfmd ] [INFO ] [9f164e3da8fde2c ] [migrator.go:79                ] [main                ] - Applied 128 database migrations statements [database]
2020-03-25T19:20:36.399Z [jfmd ] [INFO ] [9f164e3da8fde2c ] [application.go:72             ] [main                ] - Metadata (jfmd) service initialization started. Version: 2.2.2  Revision: 20202900 PID: 2724 Home: /opt/jfrog/artifactory/var [app_initializer]
2020-03-25T19:20:36.413Z [jfmd ] [INFO ] [9f164e3da8fde2c ] [server_bearer.go:154          ] [main                ] - Created service_id and pushed to store: jfmd@01e49j7a9f9sx346488s7y6rc7 [ServerInit]
2020-03-25T19:20:40.427Z [jfmd ] [INFO ] [9f164e3da8fde2c ] [accessclient.go:49            ] [main                ] - Cluster join: Retry 5: Service registry ping failed, will retry. Error: Error while trying to connect to local router at address 'http://localhost:8046/access': Failed to access :http://localhost:8046/access/api/v1/system/ping return status code : 404 [access_client]
2020-03-25T19:20:42.501Z [jfmd ] [INFO ] [9f164e3da8fde2c ] [accessclient.go:49            ] [main                ] - Cluster join: Successfully joined the cluster [access_client]
2020-03-25T19:20:42.501Z [jfmd ] [INFO ] [9f164e3da8fde2c ] [accessclient.go:49            ] [main                ] - Executing Router register at: localhost:8046 [access_client]
2020-03-25T19:20:42.512Z [jfmd ] [INFO ] [9f164e3da8fde2c ] [router_middlewares.go:57      ] [main                ] - 

Go Info
========================

PATH                                                 | /usr/local/sbin:/usr/local/bin:/usr/sbin:/usr/bin:/sbin:/bin:/busybox:/curl:/opt/jfrog/artifactory/app/third-party/java/bin
GOMAXPROCS                                           | 3
Working Directory                                    | /opt/jfrog/artifactory/var
Hostname                                             | 83445bab5f1f
GOROOT                                               | /
GOPATH                                               | 

2020-03-25T19:20:42.512Z [jfmd ] [INFO ] [9f164e3da8fde2c ] [router_middlewares.go:58      ] [main                ] - 
Metadata Info
========================

Shared.NewRelic.EnableDebugLog                       | false
Logging.Application.FilePath                         | metadata-service.log
Logging.Application.Level                            | info
Logging.Application.Rotation.MaxAgeDays              | 365
Logging.Request.Rotation.MaxFiles                    | 10
Shared.NewRelic.AppName                              | 
Shared.NewRelic.LicenseKey                           | 
Logging.Application.Rotation.MaxFiles                | 10
Logging.Request.Rotation.MaxAgeDays                  | 365
Keys.ReadIntervalDuration                            | 1s
Port                                                 | 8086
Shared.NewRelic.DistributedTracerEnabled             | true
Logging.Application.Rotation.MaxSizeMb               | 25
Logging.Request.Rotation.Compress                    | true
Shared.NewRelic.Enabled                              | false
Logging.Application.Rotation.Compress                | true
Logging.Request.FilePath                             | metadata-request.log
Logging.Request.Rotation.MaxSizeMb                   | 25
Database.Type                                        | 0
AccessClient.Url                                     | http://localhost:8081/access
Keys.ReadAttempts                                    | 120
Profiling.Enabled                                    | false

2020-03-25T19:20:42.512Z [jfmd ] [INFO ] [9f164e3da8fde2c ] [router_middlewares.go:59      ] [main                ] - Metadata (jfmd) service initialization completed in 6.113 seconds. Listening on port: 8086 [router]
2020-03-25T19:22:10.812Z [jfmd ] [ERROR] [                ] [compatibility_logger.go:28    ] [main                ] - Refreshing affected permissions stream - got an error (status: [Internal]) [access_client]
2020-03-25T19:22:10.814Z [jfmd ] [WARN ] [                ] [compatibility_logger.go:25    ] [main                ] - Refreshing affected permissions stream - target server is unavailable%!(EXTRA []interface {}=[]) [access_client]
2020-03-25T19:22:10.825Z [jfmd ] [WARN ] [                ] [compatibility_logger.go:25    ] [main                ] - Refreshing affected permissions stream - target server is unavailable%!(EXTRA []interface {}=[]) [access_client]
2020-03-25T19:22:10.847Z [jfmd ] [WARN ] [                ] [compatibility_logger.go:25    ] [main                ] - Refreshing affected permissions stream - target server is unavailable%!(EXTRA []interface {}=[]) [access_client]
2020-03-25T19:22:10.889Z [jfmd ] [WARN ] [                ] [compatibility_logger.go:25    ] [main                ] - Refreshing affected permissions stream - target server is unavailable%!(EXTRA []interface {}=[]) [access_client]
2020-03-25T19:22:10.970Z [jfmd ] [WARN ] [                ] [compatibility_logger.go:25    ] [main                ] - Refreshing affected permissions stream - target server is unavailable%!(EXTRA []interface {}=[]) [access_client]
2020-03-25T19:22:11.132Z [jfmd ] [WARN ] [                ] [compatibility_logger.go:25    ] [main                ] - Refreshing affected permissions stream - target server is unavailable%!(EXTRA []interface {}=[]) [access_client]
2020-03-25T19:22:11.454Z [jfmd ] [WARN ] [                ] [compatibility_logger.go:25    ] [main                ] - Refreshing affected permissions stream - target server is unavailable%!(EXTRA []interface {}=[]) [access_client]
2020-03-25T19:22:12.096Z [jfmd ] [WARN ] [                ] [compatibility_logger.go:25    ] [main                ] - Refreshing affected permissions stream - target server is unavailable%!(EXTRA []interface {}=[]) [access_client]
2020-03-25T19:22:37.080Z [jfmd ] [INFO ] [6a6639e0fd191ee5] [database_bearer.go:67         ] [main                ] - Connecting to (db config: {sqlite /opt/jfrog/artifactory/var/data/metadata/sqlite.db?_fk=yes&_busy_timeout=5000&_txlock=immediate&cache=shared}) [database]
2020-03-25T19:22:37.098Z [jfmd ] [INFO ] [6a6639e0fd191ee5] [migrator.go:61                ] [main                ] - Applying 36 migrations files [database]
2020-03-25T19:22:37.099Z [jfmd ] [INFO ] [6a6639e0fd191ee5] [application.go:72             ] [main                ] - Metadata (jfmd) service initialization started. Version: 2.2.2  Revision: 20202900 PID: 3045 Home: /opt/jfrog/artifactory/var [app_initializer]
2020-03-25T19:22:37.099Z [jfmd ] [INFO ] [6a6639e0fd191ee5] [server_bearer.go:152          ] [main                ] - Got service_id from datastore: jfmd@01e49j7a9f9sx346488s7y6rc7 [ServerInit]
2020-03-25T19:22:41.112Z [jfmd ] [INFO ] [6a6639e0fd191ee5] [accessclient.go:49            ] [main                ] - Cluster join: Retry 5: Service registry ping failed, will retry. Error: Error while trying to connect to local router at address 'http://localhost:8046/access': Get http://localhost:8046/access/api/v1/system/ping: dial tcp 127.0.0.1:8046: connect: connection refused [access_client]
2020-03-25T19:22:46.117Z [jfmd ] [INFO ] [6a6639e0fd191ee5] [accessclient.go:49            ] [main                ] - Cluster join: Retry 10: Service registry ping failed, will retry. Error: Error while trying to connect to local router at address 'http://localhost:8046/access': Get http://localhost:8046/access/api/v1/system/ping: dial tcp 127.0.0.1:8046: connect: connection refused [access_client]
2020-03-25T19:22:51.123Z [jfmd ] [INFO ] [6a6639e0fd191ee5] [accessclient.go:49            ] [main                ] - Cluster join: Retry 15: Service registry ping failed, will retry. Error: Error while trying to connect to local router at address 'http://localhost:8046/access': Get http://localhost:8046/access/api/v1/system/ping: dial tcp 127.0.0.1:8046: connect: connection refused [access_client]
2020-03-25T19:22:56.126Z [jfmd ] [INFO ] [6a6639e0fd191ee5] [accessclient.go:49            ] [main                ] - Cluster join: Retry 20: Service registry ping failed, will retry. Error: Error while trying to connect to local router at address 'http://localhost:8046/access': Failed to access :http://localhost:8046/access/api/v1/system/ping return status code : 404 [access_client]
2020-03-25T19:23:00.187Z [jfmd ] [INFO ] [6a6639e0fd191ee5] [accessclient.go:49            ] [main                ] - Cluster join: Successfully joined the cluster [access_client]
2020-03-25T19:23:00.188Z [jfmd ] [INFO ] [6a6639e0fd191ee5] [accessclient.go:49            ] [main                ] - Executing Router register at: localhost:8046 [access_client]
2020-03-25T19:23:00.192Z [jfmd ] [INFO ] [6a6639e0fd191ee5] [router_middlewares.go:57      ] [main                ] - 

Go Info
========================

PATH                                                 | /usr/local/sbin:/usr/local/bin:/usr/sbin:/usr/bin:/sbin:/bin:/busybox:/curl:/opt/jfrog/artifactory/app/third-party/java/bin
GOMAXPROCS                                           | 3
Working Directory                                    | /opt/jfrog/artifactory/var
Hostname                                             | a25a48c41896
GOROOT                                               | /
GOPATH                                               | 

2020-03-25T19:23:00.192Z [jfmd ] [INFO ] [6a6639e0fd191ee5] [router_middlewares.go:58      ] [main                ] - 
Metadata Info
========================

Logging.Application.Rotation.MaxAgeDays              | 365
Database.Type                                        | 0
Profiling.Enabled                                    | false
Shared.NewRelic.AppName                              | 
Logging.Application.Level                            | info
Logging.Application.Rotation.MaxFiles                | 10
Logging.Request.Rotation.MaxAgeDays                  | 365
AccessClient.Url                                     | http://localhost:8081/access
Shared.NewRelic.Enabled                              | false
Shared.NewRelic.EnableDebugLog                       | false
Logging.Application.Rotation.Compress                | true
Logging.Request.Rotation.MaxFiles                    | 10
Logging.Request.Rotation.MaxSizeMb                   | 25
Keys.ReadAttempts                                    | 120
Keys.ReadIntervalDuration                            | 1s
Port                                                 | 8086
Logging.Application.FilePath                         | metadata-service.log
Logging.Application.Rotation.MaxSizeMb               | 25
Logging.Request.FilePath                             | metadata-request.log
Shared.NewRelic.LicenseKey                           | 
Shared.NewRelic.DistributedTracerEnabled             | true
Logging.Request.Rotation.Compress                    | true

2020-03-25T19:23:00.192Z [jfmd ] [INFO ] [6a6639e0fd191ee5] [router_middlewares.go:59      ] [main                ] - Metadata (jfmd) service initialization completed in 23.093 seconds. Listening on port: 8086 [router]
2020-03-25T19:25:41.143Z [jfmd ] [ERROR] [                ] [compatibility_logger.go:28    ] [main                ] - Refreshing affected permissions stream - got an error (status: [Internal]) [access_client]
2020-03-25T19:25:41.145Z [jfmd ] [WARN ] [                ] [compatibility_logger.go:25    ] [main                ] - Refreshing affected permissions stream - target server is unavailable%!(EXTRA []interface {}=[]) [access_client]
2020-03-25T19:25:41.156Z [jfmd ] [WARN ] [                ] [compatibility_logger.go:25    ] [main                ] - Refreshing affected permissions stream - target server is unavailable%!(EXTRA []interface {}=[]) [access_client]
2020-03-25T19:25:41.177Z [jfmd ] [WARN ] [                ] [compatibility_logger.go:25    ] [main                ] - Refreshing affected permissions stream - target server is unavailable%!(EXTRA []interface {}=[]) [access_client]
2020-03-25T19:25:41.219Z [jfmd ] [WARN ] [                ] [compatibility_logger.go:25    ] [main                ] - Refreshing affected permissions stream - target server is unavailable%!(EXTRA []interface {}=[]) [access_client]
2020-03-25T19:25:41.301Z [jfmd ] [WARN ] [                ] [compatibility_logger.go:25    ] [main                ] - Refreshing affected permissions stream - target server is unavailable%!(EXTRA []interface {}=[]) [access_client]
2020-03-25T19:25:41.462Z [jfmd ] [WARN ] [                ] [compatibility_logger.go:25    ] [main                ] - Refreshing affected permissions stream - target server is unavailable%!(EXTRA []interface {}=[]) [access_client]
2020-03-25T19:25:41.783Z [jfmd ] [WARN ] [                ] [compatibility_logger.go:25    ] [main                ] - Refreshing affected permissions stream - target server is unavailable%!(EXTRA []interface {}=[]) [access_client]
2020-03-25T19:25:42.424Z [jfmd ] [WARN ] [                ] [compatibility_logger.go:25    ] [main                ] - Refreshing affected permissions stream - target server is unavailable%!(EXTRA []interface {}=[]) [access_client]
2020-03-25T19:29:19.999Z [jfmd ] [INFO ] [1f16c7e922e94956] [database_bearer.go:67         ] [main                ] - Connecting to (db config: {sqlite /opt/jfrog/artifactory/var/data/metadata/sqlite.db?_fk=yes&_busy_timeout=5000&_txlock=immediate&cache=shared}) [database]
2020-03-25T19:29:20.033Z [jfmd ] [INFO ] [1f16c7e922e94956] [migrator.go:61                ] [main                ] - Applying 36 migrations files [database]
2020-03-25T19:29:20.040Z [jfmd ] [INFO ] [1f16c7e922e94956] [application.go:72             ] [main                ] - Metadata (jfmd) service initialization started. Version: 2.2.2  Revision: 20202900 PID: 3053 Home: /opt/jfrog/artifactory/var [app_initializer]
2020-03-25T19:29:20.041Z [jfmd ] [INFO ] [1f16c7e922e94956] [server_bearer.go:152          ] [main                ] - Got service_id from datastore: jfmd@01e49j7a9f9sx346488s7y6rc7 [ServerInit]
2020-03-25T19:29:24.059Z [jfmd ] [INFO ] [1f16c7e922e94956] [accessclient.go:49            ] [main                ] - Cluster join: Retry 5: Service registry ping failed, will retry. Error: Error while trying to connect to local router at address 'http://localhost:8046/access': Get http://localhost:8046/access/api/v1/system/ping: dial tcp 127.0.0.1:8046: connect: connection refused [access_client]
2020-03-25T19:29:29.080Z [jfmd ] [INFO ] [1f16c7e922e94956] [accessclient.go:49            ] [main                ] - Cluster join: Retry 10: Service registry ping failed, will retry. Error: Error while trying to connect to local router at address 'http://localhost:8046/access': Get http://localhost:8046/access/api/v1/system/ping: dial tcp 127.0.0.1:8046: connect: connection refused [access_client]
2020-03-25T19:30:53.164Z [jfmd ] [INFO ] [47a2b9e6080ce839] [database_bearer.go:67         ] [main                ] - Connecting to (db config: {sqlite /opt/jfrog/artifactory/var/data/metadata/sqlite.db?_fk=yes&_busy_timeout=5000&_txlock=immediate&cache=shared}) [database]
2020-03-25T19:30:53.207Z [jfmd ] [INFO ] [47a2b9e6080ce839] [migrator.go:61                ] [main                ] - Applying 36 migrations files [database]
2020-03-25T19:30:53.212Z [jfmd ] [INFO ] [47a2b9e6080ce839] [application.go:72             ] [main                ] - Metadata (jfmd) service initialization started. Version: 2.2.2  Revision: 20202900 PID: 3009 Home: /opt/jfrog/artifactory/var [app_initializer]
2020-03-25T19:30:53.213Z [jfmd ] [INFO ] [47a2b9e6080ce839] [server_bearer.go:152          ] [main                ] - Got service_id from datastore: jfmd@01e49j7a9f9sx346488s7y6rc7 [ServerInit]
2020-03-25T19:30:57.244Z [jfmd ] [INFO ] [47a2b9e6080ce839] [accessclient.go:49            ] [main                ] - Cluster join: Retry 5: Service registry ping failed, will retry. Error: Error while trying to connect to local router at address 'http://localhost:8046/access': Get http://localhost:8046/access/api/v1/system/ping: dial tcp 127.0.0.1:8046: connect: connection refused [access_client]
2020-03-25T19:31:02.273Z [jfmd ] [INFO ] [47a2b9e6080ce839] [accessclient.go:49            ] [main                ] - Cluster join: Retry 10: Service registry ping failed, will retry. Error: Error while trying to connect to local router at address 'http://localhost:8046/access': Get http://localhost:8046/access/api/v1/system/ping: dial tcp 127.0.0.1:8046: connect: connection refused [access_client]
2020-03-25T19:31:07.278Z [jfmd ] [INFO ] [47a2b9e6080ce839] [accessclient.go:49            ] [main                ] - Cluster join: Retry 15: Service registry ping failed, will retry. Error: Error while trying to connect to local router at address 'http://localhost:8046/access': Get http://localhost:8046/access/api/v1/system/ping: dial tcp 127.0.0.1:8046: connect: connection refused [access_client]
2020-03-25T19:31:12.282Z [jfmd ] [INFO ] [47a2b9e6080ce839] [accessclient.go:49            ] [main                ] - Cluster join: Retry 20: Service registry ping failed, will retry. Error: Error while trying to connect to local router at address 'http://localhost:8046/access': Get http://localhost:8046/access/api/v1/system/ping: dial tcp 127.0.0.1:8046: connect: connection refused [access_client]
2020-03-25T19:31:17.291Z [jfmd ] [INFO ] [47a2b9e6080ce839] [accessclient.go:49            ] [main                ] - Cluster join: Retry 25: Service registry ping failed, will retry. Error: Error while trying to connect to local router at address 'http://localhost:8046/access': Get http://localhost:8046/access/api/v1/system/ping: dial tcp 127.0.0.1:8046: connect: connection refused [access_client]
2020-03-25T19:31:22.297Z [jfmd ] [INFO ] [47a2b9e6080ce839] [accessclient.go:49            ] [main                ] - Cluster join: Retry 30: Service registry ping failed, will retry. Error: Error while trying to connect to local router at address 'http://localhost:8046/access': Get http://localhost:8046/access/api/v1/system/ping: dial tcp 127.0.0.1:8046: connect: connection refused [access_client]
2020-03-25T19:31:27.307Z [jfmd ] [INFO ] [47a2b9e6080ce839] [accessclient.go:49            ] [main                ] - Cluster join: Retry 35: Service registry ping failed, will retry. Error: Error while trying to connect to local router at address 'http://localhost:8046/access': Failed to access :http://localhost:8046/access/api/v1/system/ping return status code : 404 [access_client]
2020-03-25T19:31:31.379Z [jfmd ] [INFO ] [47a2b9e6080ce839] [accessclient.go:49            ] [main                ] - Cluster join: Successfully joined the cluster [access_client]
2020-03-25T19:31:31.381Z [jfmd ] [INFO ] [47a2b9e6080ce839] [accessclient.go:49            ] [main                ] - Executing Router register at: localhost:8046 [access_client]
2020-03-25T19:31:31.403Z [jfmd ] [INFO ] [47a2b9e6080ce839] [router_middlewares.go:57      ] [main                ] - 

Go Info
========================

PATH                                                 | /usr/local/sbin:/usr/local/bin:/usr/sbin:/usr/bin:/sbin:/bin:/busybox:/curl:/opt/jfrog/artifactory/app/third-party/java/bin
GOMAXPROCS                                           | 3
Working Directory                                    | /opt/jfrog/artifactory/var
Hostname                                             | f4a81002ab39
GOROOT                                               | /
GOPATH                                               | 

2020-03-25T19:31:31.404Z [jfmd ] [INFO ] [47a2b9e6080ce839] [router_middlewares.go:58      ] [main                ] - 
Metadata Info
========================

Shared.NewRelic.LicenseKey                           | 
Logging.Application.Rotation.MaxAgeDays              | 365
Logging.Application.Rotation.Compress                | true
Database.Type                                        | 0
Logging.Request.Rotation.Compress                    | true
AccessClient.Url                                     | http://localhost:8081/access
Keys.ReadAttempts                                    | 120
Shared.NewRelic.EnableDebugLog                       | false
Logging.Application.Level                            | info
Logging.Application.Rotation.MaxSizeMb               | 25
Logging.Request.Rotation.MaxFiles                    | 10
Logging.Request.Rotation.MaxAgeDays                  | 365
Profiling.Enabled                                    | false
Shared.NewRelic.AppName                              | 
Shared.NewRelic.DistributedTracerEnabled             | true
Logging.Application.Rotation.MaxFiles                | 10
Logging.Request.Rotation.MaxSizeMb                   | 25
Port                                                 | 8086
Shared.NewRelic.Enabled                              | false
Logging.Application.FilePath                         | metadata-service.log
Logging.Request.FilePath                             | metadata-request.log
Keys.ReadIntervalDuration                            | 1s

2020-03-25T19:31:31.404Z [jfmd ] [INFO ] [47a2b9e6080ce839] [router_middlewares.go:59      ] [main                ] - Metadata (jfmd) service initialization completed in 38.192 seconds. Listening on port: 8086 [router]
2020-03-25T19:36:36.719Z [jfmd ] [INFO ] [2de73bb89f2fae0a] [database_bearer.go:67         ] [main                ] - Connecting to (db config: {sqlite /opt/jfrog/artifactory/var/data/metadata/sqlite.db?_fk=yes&_busy_timeout=5000&_txlock=immediate&cache=shared}) [database]
2020-03-25T19:36:37.136Z [jfmd ] [INFO ] [2de73bb89f2fae0a] [migrator.go:61                ] [main                ] - Applying 36 migrations files [database]
2020-03-25T19:36:37.141Z [jfmd ] [INFO ] [2de73bb89f2fae0a] [application.go:72             ] [main                ] - Metadata (jfmd) service initialization started. Version: 2.2.2  Revision: 20202900 PID: 2950 Home: /opt/jfrog/artifactory/var [app_initializer]
2020-03-25T19:36:37.143Z [jfmd ] [INFO ] [2de73bb89f2fae0a] [server_bearer.go:152          ] [main                ] - Got service_id from datastore: jfmd@01e49j7a9f9sx346488s7y6rc7 [ServerInit]
2020-03-25T19:36:41.279Z [jfmd ] [INFO ] [2de73bb89f2fae0a] [accessclient.go:49            ] [main                ] - Cluster join: Retry 5: Service registry ping failed, will retry. Error: Error while trying to connect to local router at address 'http://localhost:8046/access': Get http://localhost:8046/access/api/v1/system/ping: dial tcp 127.0.0.1:8046: connect: connection refused [access_client]
2020-03-25T19:36:46.356Z [jfmd ] [INFO ] [2de73bb89f2fae0a] [accessclient.go:49            ] [main                ] - Cluster join: Retry 10: Service registry ping failed, will retry. Error: Error while trying to connect to local router at address 'http://localhost:8046/access': Get http://localhost:8046/access/api/v1/system/ping: dial tcp 127.0.0.1:8046: connect: connection refused [access_client]
2020-03-25T19:36:51.411Z [jfmd ] [INFO ] [2de73bb89f2fae0a] [accessclient.go:49            ] [main                ] - Cluster join: Retry 15: Service registry ping failed, will retry. Error: Error while trying to connect to local router at address 'http://localhost:8046/access': Get http://localhost:8046/access/api/v1/system/ping: dial tcp 127.0.0.1:8046: connect: connection refused [access_client]
2020-03-25T19:36:56.426Z [jfmd ] [INFO ] [2de73bb89f2fae0a] [accessclient.go:49            ] [main                ] - Cluster join: Retry 20: Service registry ping failed, will retry. Error: Error while trying to connect to local router at address 'http://localhost:8046/access': Get http://localhost:8046/access/api/v1/system/ping: dial tcp 127.0.0.1:8046: connect: connection refused [access_client]
2020-03-25T19:37:01.453Z [jfmd ] [INFO ] [2de73bb89f2fae0a] [accessclient.go:49            ] [main                ] - Cluster join: Retry 25: Service registry ping failed, will retry. Error: Error while trying to connect to local router at address 'http://localhost:8046/access': Get http://localhost:8046/access/api/v1/system/ping: dial tcp 127.0.0.1:8046: connect: connection refused [access_client]
2020-03-25T19:37:06.464Z [jfmd ] [INFO ] [2de73bb89f2fae0a] [accessclient.go:49            ] [main                ] - Cluster join: Retry 30: Service registry ping failed, will retry. Error: Error while trying to connect to local router at address 'http://localhost:8046/access': Get http://localhost:8046/access/api/v1/system/ping: dial tcp 127.0.0.1:8046: connect: connection refused [access_client]
2020-03-25T19:37:11.491Z [jfmd ] [INFO ] [2de73bb89f2fae0a] [accessclient.go:49            ] [main                ] - Cluster join: Retry 35: Service registry ping failed, will retry. Error: Error while trying to connect to local router at address 'http://localhost:8046/access': Get http://localhost:8046/access/api/v1/system/ping: dial tcp 127.0.0.1:8046: connect: connection refused [access_client]
2020-03-25T19:37:16.520Z [jfmd ] [INFO ] [2de73bb89f2fae0a] [accessclient.go:49            ] [main                ] - Cluster join: Retry 40: Service registry ping failed, will retry. Error: Error while trying to connect to local router at address 'http://localhost:8046/access': Get http://localhost:8046/access/api/v1/system/ping: dial tcp 127.0.0.1:8046: connect: connection refused [access_client]
2020-03-25T19:37:20.665Z [jfmd ] [INFO ] [2de73bb89f2fae0a] [accessclient.go:49            ] [main                ] - Cluster join: Successfully joined the cluster [access_client]
2020-03-25T19:37:20.665Z [jfmd ] [INFO ] [2de73bb89f2fae0a] [accessclient.go:49            ] [main                ] - Executing Router register at: localhost:8046 [access_client]
2020-03-25T19:37:20.678Z [jfmd ] [INFO ] [2de73bb89f2fae0a] [router_middlewares.go:57      ] [main                ] - 

Go Info
========================

Working Directory                                    | /opt/jfrog/artifactory/var
Hostname                                             | f4a81002ab39
GOROOT                                               | /
GOPATH                                               | 
PATH                                                 | /usr/local/sbin:/usr/local/bin:/usr/sbin:/usr/bin:/sbin:/bin:/busybox:/curl:/opt/jfrog/artifactory/app/third-party/java/bin
GOMAXPROCS                                           | 3

2020-03-25T19:37:20.679Z [jfmd ] [INFO ] [2de73bb89f2fae0a] [router_middlewares.go:58      ] [main                ] - 
Metadata Info
========================

Logging.Application.Rotation.Compress                | true
Logging.Request.Rotation.MaxFiles                    | 10
Logging.Request.Rotation.Compress                    | true
Database.Type                                        | 0
Keys.ReadAttempts                                    | 120
Logging.Application.FilePath                         | metadata-service.log
Shared.NewRelic.Enabled                              | false
Shared.NewRelic.AppName                              | 
Shared.NewRelic.EnableDebugLog                       | false
Logging.Request.Rotation.MaxSizeMb                   | 25
Profiling.Enabled                                    | false
Logging.Request.FilePath                             | metadata-request.log
Port                                                 | 8086
Shared.NewRelic.DistributedTracerEnabled             | true
Logging.Application.Level                            | info
Logging.Application.Rotation.MaxSizeMb               | 25
Logging.Application.Rotation.MaxFiles                | 10
Logging.Application.Rotation.MaxAgeDays              | 365
Logging.Request.Rotation.MaxAgeDays                  | 365
AccessClient.Url                                     | http://localhost:8081/access
Shared.NewRelic.LicenseKey                           | 
Keys.ReadIntervalDuration                            | 1s

2020-03-25T19:37:20.679Z [jfmd ] [INFO ] [2de73bb89f2fae0a] [router_middlewares.go:59      ] [main                ] - Metadata (jfmd) service initialization completed in 43.538 seconds. Listening on port: 8086 [router]
2020-03-25T20:54:09.242Z [jfmd ] [INFO ] [3c57701da9bf206a] [database_bearer.go:67         ] [main                ] - Connecting to (db config: {sqlite /opt/jfrog/artifactory/var/data/metadata/sqlite.db?_fk=yes&_busy_timeout=5000&_txlock=immediate&cache=shared}) [database]
2020-03-25T20:54:09.408Z [jfmd ] [INFO ] [3c57701da9bf206a] [migrator.go:61                ] [main                ] - Applying 36 migrations files [database]
2020-03-25T20:54:09.409Z [jfmd ] [INFO ] [3c57701da9bf206a] [application.go:72             ] [main                ] - Metadata (jfmd) service initialization started. Version: 2.2.2  Revision: 20202900 PID: 2954 Home: /opt/jfrog/artifactory/var [app_initializer]
2020-03-25T20:54:09.425Z [jfmd ] [INFO ] [3c57701da9bf206a] [server_bearer.go:152          ] [main                ] - Got service_id from datastore: jfmd@01e49j7a9f9sx346488s7y6rc7 [ServerInit]
2020-03-25T20:54:13.515Z [jfmd ] [INFO ] [3c57701da9bf206a] [accessclient.go:49            ] [main                ] - Cluster join: Retry 5: Service registry ping failed, will retry. Error: Error while trying to connect to local router at address 'http://localhost:8046/access': Get http://localhost:8046/access/api/v1/system/ping: dial tcp 127.0.0.1:8046: connect: connection refused [access_client]
2020-03-25T20:54:18.539Z [jfmd ] [INFO ] [3c57701da9bf206a] [accessclient.go:49            ] [main                ] - Cluster join: Retry 10: Service registry ping failed, will retry. Error: Error while trying to connect to local router at address 'http://localhost:8046/access': Get http://localhost:8046/access/api/v1/system/ping: dial tcp 127.0.0.1:8046: connect: connection refused [access_client]
2020-03-25T20:54:23.563Z [jfmd ] [INFO ] [3c57701da9bf206a] [accessclient.go:49            ] [main                ] - Cluster join: Retry 15: Service registry ping failed, will retry. Error: Error while trying to connect to local router at address 'http://localhost:8046/access': Get http://localhost:8046/access/api/v1/system/ping: dial tcp 127.0.0.1:8046: connect: connection refused [access_client]
2020-03-25T20:54:28.583Z [jfmd ] [INFO ] [3c57701da9bf206a] [accessclient.go:49            ] [main                ] - Cluster join: Retry 20: Service registry ping failed, will retry. Error: Error while trying to connect to local router at address 'http://localhost:8046/access': Get http://localhost:8046/access/api/v1/system/ping: dial tcp 127.0.0.1:8046: connect: connection refused [access_client]
2020-03-25T20:54:33.592Z [jfmd ] [INFO ] [3c57701da9bf206a] [accessclient.go:49            ] [main                ] - Cluster join: Retry 25: Service registry ping failed, will retry. Error: Error while trying to connect to local router at address 'http://localhost:8046/access': Get http://localhost:8046/access/api/v1/system/ping: dial tcp 127.0.0.1:8046: connect: connection refused [access_client]
2020-03-25T20:54:38.613Z [jfmd ] [INFO ] [3c57701da9bf206a] [accessclient.go:49            ] [main                ] - Cluster join: Retry 30: Service registry ping failed, will retry. Error: Error while trying to connect to local router at address 'http://localhost:8046/access': Get http://localhost:8046/access/api/v1/system/ping: dial tcp 127.0.0.1:8046: connect: connection refused [access_client]
2020-03-25T20:54:43.639Z [jfmd ] [INFO ] [3c57701da9bf206a] [accessclient.go:49            ] [main                ] - Cluster join: Retry 35: Service registry ping failed, will retry. Error: Error while trying to connect to local router at address 'http://localhost:8046/access': Get http://localhost:8046/access/api/v1/system/ping: dial tcp 127.0.0.1:8046: connect: connection refused [access_client]
2020-03-25T20:54:47.857Z [jfmd ] [INFO ] [3c57701da9bf206a] [accessclient.go:49            ] [main                ] - Cluster join: Successfully joined the cluster [access_client]
2020-03-25T20:54:47.857Z [jfmd ] [INFO ] [3c57701da9bf206a] [accessclient.go:49            ] [main                ] - Executing Router register at: localhost:8046 [access_client]
2020-03-25T20:54:47.868Z [jfmd ] [INFO ] [3c57701da9bf206a] [router_middlewares.go:57      ] [main                ] - 

Go Info
========================

Working Directory                                    | /opt/jfrog/artifactory/var
Hostname                                             | f4a81002ab39
GOROOT                                               | /
GOPATH                                               | 
PATH                                                 | /usr/local/sbin:/usr/local/bin:/usr/sbin:/usr/bin:/sbin:/bin:/busybox:/curl:/opt/jfrog/artifactory/app/third-party/java/bin
GOMAXPROCS                                           | 3

2020-03-25T20:54:47.868Z [jfmd ] [INFO ] [3c57701da9bf206a] [router_middlewares.go:58      ] [main                ] - 
Metadata Info
========================

Logging.Request.Rotation.MaxFiles                    | 10
Logging.Request.Rotation.MaxAgeDays                  | 365
Shared.NewRelic.Enabled                              | false
Shared.NewRelic.AppName                              | 
Shared.NewRelic.LicenseKey                           | 
Logging.Application.FilePath                         | metadata-service.log
Logging.Application.Rotation.MaxFiles                | 10
Logging.Application.Rotation.MaxAgeDays              | 365
Keys.ReadAttempts                                    | 120
Logging.Application.Rotation.MaxSizeMb               | 25
Logging.Application.Rotation.Compress                | true
Logging.Request.FilePath                             | metadata-request.log
Logging.Request.Rotation.MaxSizeMb                   | 25
Profiling.Enabled                                    | false
Shared.NewRelic.EnableDebugLog                       | false
Logging.Application.Level                            | info
AccessClient.Url                                     | http://localhost:8081/access
Keys.ReadIntervalDuration                            | 1s
Port                                                 | 8086
Shared.NewRelic.DistributedTracerEnabled             | true
Logging.Request.Rotation.Compress                    | true
Database.Type                                        | 0

2020-03-25T20:54:47.868Z [jfmd ] [INFO ] [3c57701da9bf206a] [router_middlewares.go:59      ] [main                ] - Metadata (jfmd) service initialization completed in 38.459 seconds. Listening on port: 8086 [router]
2020-03-25T21:23:19.334Z [jfmd ] [ERROR] [                ] [compatibility_logger.go:28    ] [main                ] - Refreshing affected permissions stream - got an error (status: [Internal]) [access_client]
2020-03-25T21:23:19.338Z [jfmd ] [WARN ] [                ] [compatibility_logger.go:25    ] [main                ] - Refreshing affected permissions stream - target server is unavailable%!(EXTRA []interface {}=[]) [access_client]
2020-03-25T21:23:19.350Z [jfmd ] [WARN ] [                ] [compatibility_logger.go:25    ] [main                ] - Refreshing affected permissions stream - target server is unavailable%!(EXTRA []interface {}=[]) [access_client]
2020-03-25T21:23:19.372Z [jfmd ] [WARN ] [                ] [compatibility_logger.go:25    ] [main                ] - Refreshing affected permissions stream - target server is unavailable%!(EXTRA []interface {}=[]) [access_client]
2020-03-25T21:23:19.413Z [jfmd ] [WARN ] [                ] [compatibility_logger.go:25    ] [main                ] - Refreshing affected permissions stream - target server is unavailable%!(EXTRA []interface {}=[]) [access_client]
2020-03-25T21:23:19.496Z [jfmd ] [WARN ] [                ] [compatibility_logger.go:25    ] [main                ] - Refreshing affected permissions stream - target server is unavailable%!(EXTRA []interface {}=[]) [access_client]
2020-03-25T21:23:19.659Z [jfmd ] [WARN ] [                ] [compatibility_logger.go:25    ] [main                ] - Refreshing affected permissions stream - target server is unavailable%!(EXTRA []interface {}=[]) [access_client]
2020-03-25T21:23:19.988Z [jfmd ] [WARN ] [                ] [compatibility_logger.go:25    ] [main                ] - Refreshing affected permissions stream - target server is unavailable%!(EXTRA []interface {}=[]) [access_client]
2020-03-25T21:23:20.630Z [jfmd ] [WARN ] [                ] [compatibility_logger.go:25    ] [main                ] - Refreshing affected permissions stream - target server is unavailable%!(EXTRA []interface {}=[]) [access_client]
2020-03-26T08:01:42.592Z [jfmd ] [INFO ] [d5a41340380b599 ] [database_bearer.go:67         ] [main                ] - Connecting to (db config: {sqlite /opt/jfrog/artifactory/var/data/metadata/sqlite.db?_fk=yes&_busy_timeout=5000&_txlock=immediate&cache=shared}) [database]
2020-03-26T08:01:42.637Z [jfmd ] [INFO ] [d5a41340380b599 ] [migrator.go:61                ] [main                ] - Applying 36 migrations files [database]
2020-03-26T08:01:42.638Z [jfmd ] [INFO ] [d5a41340380b599 ] [application.go:72             ] [main                ] - Metadata (jfmd) service initialization started. Version: 2.2.2  Revision: 20202900 PID: 3016 Home: /opt/jfrog/artifactory/var [app_initializer]
2020-03-26T08:01:42.641Z [jfmd ] [INFO ] [d5a41340380b599 ] [server_bearer.go:152          ] [main                ] - Got service_id from datastore: jfmd@01e49j7a9f9sx346488s7y6rc7 [ServerInit]
2020-03-26T08:01:46.738Z [jfmd ] [INFO ] [d5a41340380b599 ] [accessclient.go:49            ] [main                ] - Cluster join: Retry 5: Service registry ping failed, will retry. Error: Error while trying to connect to local router at address 'http://localhost:8046/access': Get http://localhost:8046/access/api/v1/system/ping: dial tcp 127.0.0.1:8046: connect: connection refused [access_client]
2020-03-26T08:01:51.760Z [jfmd ] [INFO ] [d5a41340380b599 ] [accessclient.go:49            ] [main                ] - Cluster join: Retry 10: Service registry ping failed, will retry. Error: Error while trying to connect to local router at address 'http://localhost:8046/access': Get http://localhost:8046/access/api/v1/system/ping: dial tcp 127.0.0.1:8046: connect: connection refused [access_client]
2020-03-26T08:01:56.775Z [jfmd ] [INFO ] [d5a41340380b599 ] [accessclient.go:49            ] [main                ] - Cluster join: Retry 15: Service registry ping failed, will retry. Error: Error while trying to connect to local router at address 'http://localhost:8046/access': Get http://localhost:8046/access/api/v1/system/ping: dial tcp 127.0.0.1:8046: connect: connection refused [access_client]
2020-03-26T08:02:01.787Z [jfmd ] [INFO ] [d5a41340380b599 ] [accessclient.go:49            ] [main                ] - Cluster join: Retry 20: Service registry ping failed, will retry. Error: Error while trying to connect to local router at address 'http://localhost:8046/access': Get http://localhost:8046/access/api/v1/system/ping: dial tcp 127.0.0.1:8046: connect: connection refused [access_client]
2020-03-26T08:02:06.811Z [jfmd ] [INFO ] [d5a41340380b599 ] [accessclient.go:49            ] [main                ] - Cluster join: Retry 25: Service registry ping failed, will retry. Error: Error while trying to connect to local router at address 'http://localhost:8046/access': Get http://localhost:8046/access/api/v1/system/ping: dial tcp 127.0.0.1:8046: connect: connection refused [access_client]
2020-03-26T08:02:11.835Z [jfmd ] [INFO ] [d5a41340380b599 ] [accessclient.go:49            ] [main                ] - Cluster join: Retry 30: Service registry ping failed, will retry. Error: Error while trying to connect to local router at address 'http://localhost:8046/access': Get http://localhost:8046/access/api/v1/system/ping: dial tcp 127.0.0.1:8046: connect: connection refused [access_client]
2020-03-26T08:02:16.859Z [jfmd ] [INFO ] [d5a41340380b599 ] [accessclient.go:49            ] [main                ] - Cluster join: Retry 35: Service registry ping failed, will retry. Error: Error while trying to connect to local router at address 'http://localhost:8046/access': Get http://localhost:8046/access/api/v1/system/ping: dial tcp 127.0.0.1:8046: connect: connection refused [access_client]
2020-03-26T08:02:21.899Z [jfmd ] [INFO ] [d5a41340380b599 ] [accessclient.go:49            ] [main                ] - Cluster join: Retry 40: Service registry ping failed, will retry. Error: Error while trying to connect to local router at address 'http://localhost:8046/access': Failed to access :http://localhost:8046/access/api/v1/system/ping return status code : 404 [access_client]
2020-03-26T08:02:26.927Z [jfmd ] [INFO ] [d5a41340380b599 ] [accessclient.go:49            ] [main                ] - Cluster join: Retry 45: Service registry ping failed, will retry. Error: Error while trying to connect to local router at address 'http://localhost:8046/access': Failed to access :http://localhost:8046/access/api/v1/system/ping return status code : 404 [access_client]
2020-03-26T08:02:28.038Z [jfmd ] [INFO ] [d5a41340380b599 ] [accessclient.go:49            ] [main                ] - Cluster join: Successfully joined the cluster [access_client]
2020-03-26T08:02:28.038Z [jfmd ] [INFO ] [d5a41340380b599 ] [accessclient.go:49            ] [main                ] - Executing Router register at: localhost:8046 [access_client]
2020-03-26T08:02:28.090Z [jfmd ] [INFO ] [d5a41340380b599 ] [router_middlewares.go:57      ] [main                ] - 

Go Info
========================

GOROOT                                               | /
GOPATH                                               | 
PATH                                                 | /usr/local/sbin:/usr/local/bin:/usr/sbin:/usr/bin:/sbin:/bin:/busybox:/curl:/opt/jfrog/artifactory/app/third-party/java/bin
GOMAXPROCS                                           | 3
Working Directory                                    | /opt/jfrog/artifactory/var
Hostname                                             | ce7748b97ec4

2020-03-26T08:02:28.093Z [jfmd ] [INFO ] [d5a41340380b599 ] [router_middlewares.go:58      ] [main                ] - 
Metadata Info
========================

Port                                                 | 8086
Shared.NewRelic.EnableDebugLog                       | false
Logging.Application.FilePath                         | metadata-service.log
Logging.Application.Rotation.MaxSizeMb               | 25
Logging.Request.Rotation.MaxAgeDays                  | 365
Logging.Application.Rotation.MaxAgeDays              | 365
Database.Type                                        | 0
AccessClient.Url                                     | http://localhost:8081/access
Keys.ReadIntervalDuration                            | 1s
Profiling.Enabled                                    | false
Shared.NewRelic.Enabled                              | false
Shared.NewRelic.LicenseKey                           | 
Logging.Application.Level                            | info
Logging.Request.Rotation.Compress                    | true
Keys.ReadAttempts                                    | 120
Shared.NewRelic.AppName                              | 
Shared.NewRelic.DistributedTracerEnabled             | true
Logging.Application.Rotation.MaxFiles                | 10
Logging.Application.Rotation.Compress                | true
Logging.Request.FilePath                             | metadata-request.log
Logging.Request.Rotation.MaxSizeMb                   | 25
Logging.Request.Rotation.MaxFiles                    | 10

2020-03-26T08:02:28.095Z [jfmd ] [INFO ] [d5a41340380b599 ] [router_middlewares.go:59      ] [main                ] - Metadata (jfmd) service initialization completed in 45.456 seconds. Listening on port: 8086 [router]
2020-03-26T08:06:33.446Z [jfmd ] [ERROR] [                ] [compatibility_logger.go:28    ] [main                ] - Refreshing affected permissions stream - got an error (status: [Internal]) [access_client]
2020-03-26T08:06:33.472Z [jfmd ] [WARN ] [                ] [compatibility_logger.go:25    ] [main                ] - Refreshing affected permissions stream - target server is unavailable%!(EXTRA []interface {}=[]) [access_client]
2020-03-26T08:06:33.486Z [jfmd ] [WARN ] [                ] [compatibility_logger.go:25    ] [main                ] - Refreshing affected permissions stream - target server is unavailable%!(EXTRA []interface {}=[]) [access_client]
2020-03-26T08:06:33.508Z [jfmd ] [WARN ] [                ] [compatibility_logger.go:25    ] [main                ] - Refreshing affected permissions stream - target server is unavailable%!(EXTRA []interface {}=[]) [access_client]
2020-03-26T08:06:33.549Z [jfmd ] [WARN ] [                ] [compatibility_logger.go:25    ] [main                ] - Refreshing affected permissions stream - target server is unavailable%!(EXTRA []interface {}=[]) [access_client]
2020-03-26T08:06:33.636Z [jfmd ] [WARN ] [                ] [compatibility_logger.go:25    ] [main                ] - Refreshing affected permissions stream - target server is unavailable%!(EXTRA []interface {}=[]) [access_client]
2020-03-26T08:06:33.800Z [jfmd ] [WARN ] [                ] [compatibility_logger.go:25    ] [main                ] - Refreshing affected permissions stream - target server is unavailable%!(EXTRA []interface {}=[]) [access_client]
2020-03-26T08:06:34.124Z [jfmd ] [WARN ] [                ] [compatibility_logger.go:25    ] [main                ] - Refreshing affected permissions stream - target server is unavailable%!(EXTRA []interface {}=[]) [access_client]
2020-03-26T11:47:50.814Z [jfmd ] [INFO ] [28df9c84bca0aba2] [database_bearer.go:67         ] [main                ] - Connecting to (db config: {sqlite /opt/jfrog/artifactory/var/data/metadata/sqlite.db?_fk=yes&_busy_timeout=5000&_txlock=immediate&cache=shared}) [database]
2020-03-26T11:47:50.893Z [jfmd ] [INFO ] [28df9c84bca0aba2] [migrator.go:61                ] [main                ] - Applying 36 migrations files [database]
2020-03-26T11:47:50.899Z [jfmd ] [INFO ] [28df9c84bca0aba2] [application.go:72             ] [main                ] - Metadata (jfmd) service initialization started. Version: 2.2.2  Revision: 20202900 PID: 3013 Home: /opt/jfrog/artifactory/var [app_initializer]
2020-03-26T11:47:50.910Z [jfmd ] [INFO ] [28df9c84bca0aba2] [server_bearer.go:152          ] [main                ] - Got service_id from datastore: jfmd@01e49j7a9f9sx346488s7y6rc7 [ServerInit]
2020-03-26T11:47:55.022Z [jfmd ] [INFO ] [28df9c84bca0aba2] [accessclient.go:49            ] [main                ] - Cluster join: Retry 5: Service registry ping failed, will retry. Error: Error while trying to connect to local router at address 'http://localhost:8046/access': Get http://localhost:8046/access/api/v1/system/ping: dial tcp 127.0.0.1:8046: connect: connection refused [access_client]
2020-03-26T11:48:00.046Z [jfmd ] [INFO ] [28df9c84bca0aba2] [accessclient.go:49            ] [main                ] - Cluster join: Retry 10: Service registry ping failed, will retry. Error: Error while trying to connect to local router at address 'http://localhost:8046/access': Get http://localhost:8046/access/api/v1/system/ping: dial tcp 127.0.0.1:8046: connect: connection refused [access_client]
2020-03-26T11:48:05.058Z [jfmd ] [INFO ] [28df9c84bca0aba2] [accessclient.go:49            ] [main                ] - Cluster join: Retry 15: Service registry ping failed, will retry. Error: Error while trying to connect to local router at address 'http://localhost:8046/access': Get http://localhost:8046/access/api/v1/system/ping: dial tcp 127.0.0.1:8046: connect: connection refused [access_client]
2020-03-26T11:48:10.070Z [jfmd ] [INFO ] [28df9c84bca0aba2] [accessclient.go:49            ] [main                ] - Cluster join: Retry 20: Service registry ping failed, will retry. Error: Error while trying to connect to local router at address 'http://localhost:8046/access': Get http://localhost:8046/access/api/v1/system/ping: dial tcp 127.0.0.1:8046: connect: connection refused [access_client]
2020-03-26T11:48:15.075Z [jfmd ] [INFO ] [28df9c84bca0aba2] [accessclient.go:49            ] [main                ] - Cluster join: Retry 25: Service registry ping failed, will retry. Error: Error while trying to connect to local router at address 'http://localhost:8046/access': Get http://localhost:8046/access/api/v1/system/ping: dial tcp 127.0.0.1:8046: connect: connection refused [access_client]
2020-03-26T11:48:20.093Z [jfmd ] [INFO ] [28df9c84bca0aba2] [accessclient.go:49            ] [main                ] - Cluster join: Retry 30: Service registry ping failed, will retry. Error: Error while trying to connect to local router at address 'http://localhost:8046/access': Get http://localhost:8046/access/api/v1/system/ping: dial tcp 127.0.0.1:8046: connect: connection refused [access_client]
2020-03-26T11:48:25.128Z [jfmd ] [INFO ] [28df9c84bca0aba2] [accessclient.go:49            ] [main                ] - Cluster join: Retry 35: Service registry ping failed, will retry. Error: Error while trying to connect to local router at address 'http://localhost:8046/access': Failed to access :http://localhost:8046/access/api/v1/system/ping return status code : 404 [access_client]
2020-03-26T11:48:28.246Z [jfmd ] [INFO ] [28df9c84bca0aba2] [accessclient.go:49            ] [main                ] - Cluster join: Successfully joined the cluster [access_client]
2020-03-26T11:48:28.247Z [jfmd ] [INFO ] [28df9c84bca0aba2] [accessclient.go:49            ] [main                ] - Executing Router register at: localhost:8046 [access_client]
2020-03-26T11:48:28.310Z [jfmd ] [INFO ] [28df9c84bca0aba2] [router_middlewares.go:57      ] [main                ] - 

Go Info
========================

Hostname                                             | d341d4b850ee
GOROOT                                               | /
GOPATH                                               | 
PATH                                                 | /usr/local/sbin:/usr/local/bin:/usr/sbin:/usr/bin:/sbin:/bin:/busybox:/curl:/opt/jfrog/artifactory/app/third-party/java/bin
GOMAXPROCS                                           | 3
Working Directory                                    | /opt/jfrog/artifactory/var

2020-03-26T11:48:28.311Z [jfmd ] [INFO ] [28df9c84bca0aba2] [router_middlewares.go:58      ] [main                ] - 
Metadata Info
========================

Keys.ReadAttempts                                    | 120
Shared.NewRelic.AppName                              | 
Shared.NewRelic.DistributedTracerEnabled             | true
Logging.Application.Level                            | info
Logging.Request.Rotation.Compress                    | true
AccessClient.Url                                     | http://localhost:8081/access
Keys.ReadIntervalDuration                            | 1s
Logging.Application.FilePath                         | metadata-service.log
Logging.Application.Rotation.MaxFiles                | 10
Logging.Request.FilePath                             | metadata-request.log
Logging.Request.Rotation.MaxSizeMb                   | 25
Logging.Request.Rotation.MaxAgeDays                  | 365
Database.Type                                        | 0
Profiling.Enabled                                    | false
Port                                                 | 8086
Shared.NewRelic.LicenseKey                           | 
Logging.Application.Rotation.MaxSizeMb               | 25
Logging.Request.Rotation.MaxFiles                    | 10
Shared.NewRelic.Enabled                              | false
Shared.NewRelic.EnableDebugLog                       | false
Logging.Application.Rotation.MaxAgeDays              | 365
Logging.Application.Rotation.Compress                | true

2020-03-26T11:48:28.311Z [jfmd ] [INFO ] [28df9c84bca0aba2] [router_middlewares.go:59      ] [main                ] - Metadata (jfmd) service initialization completed in 37.411 seconds. Listening on port: 8086 [router]
2020-03-26T11:50:43.479Z [jfmd ] [INFO ] [502b8c3a35d0c44e] [database_bearer.go:67         ] [main                ] - Connecting to (db config: {sqlite /opt/jfrog/artifactory/var/data/metadata/sqlite.db?_fk=yes&_busy_timeout=5000&_txlock=immediate&cache=shared}) [database]
2020-03-26T11:50:43.730Z [jfmd ] [INFO ] [502b8c3a35d0c44e] [migrator.go:61                ] [main                ] - Applying 36 migrations files [database]
2020-03-26T11:50:43.730Z [jfmd ] [INFO ] [502b8c3a35d0c44e] [application.go:72             ] [main                ] - Metadata (jfmd) service initialization started. Version: 2.2.2  Revision: 20202900 PID: 2990 Home: /opt/jfrog/artifactory/var [app_initializer]
2020-03-26T11:50:43.747Z [jfmd ] [INFO ] [502b8c3a35d0c44e] [server_bearer.go:152          ] [main                ] - Got service_id from datastore: jfmd@01e49j7a9f9sx346488s7y6rc7 [ServerInit]
2020-03-26T11:50:47.854Z [jfmd ] [INFO ] [502b8c3a35d0c44e] [accessclient.go:49            ] [main                ] - Cluster join: Retry 5: Service registry ping failed, will retry. Error: Error while trying to connect to local router at address 'http://localhost:8046/access': Get http://localhost:8046/access/api/v1/system/ping: dial tcp 127.0.0.1:8046: connect: connection refused [access_client]
2020-03-26T11:50:52.953Z [jfmd ] [INFO ] [502b8c3a35d0c44e] [accessclient.go:49            ] [main                ] - Cluster join: Retry 10: Service registry ping failed, will retry. Error: Error while trying to connect to local router at address 'http://localhost:8046/access': Get http://localhost:8046/access/api/v1/system/ping: dial tcp 127.0.0.1:8046: connect: connection refused [access_client]
2020-03-26T11:50:58.013Z [jfmd ] [INFO ] [502b8c3a35d0c44e] [accessclient.go:49            ] [main                ] - Cluster join: Retry 15: Service registry ping failed, will retry. Error: Error while trying to connect to local router at address 'http://localhost:8046/access': Get http://localhost:8046/access/api/v1/system/ping: dial tcp 127.0.0.1:8046: connect: connection refused [access_client]
2020-03-26T11:51:03.058Z [jfmd ] [INFO ] [502b8c3a35d0c44e] [accessclient.go:49            ] [main                ] - Cluster join: Retry 20: Service registry ping failed, will retry. Error: Error while trying to connect to local router at address 'http://localhost:8046/access': Get http://localhost:8046/access/api/v1/system/ping: dial tcp 127.0.0.1:8046: connect: connection refused [access_client]
2020-03-26T11:51:08.144Z [jfmd ] [INFO ] [502b8c3a35d0c44e] [accessclient.go:49            ] [main                ] - Cluster join: Retry 25: Service registry ping failed, will retry. Error: Error while trying to connect to local router at address 'http://localhost:8046/access': Get http://localhost:8046/access/api/v1/system/ping: dial tcp 127.0.0.1:8046: connect: connection refused [access_client]
2020-03-26T11:51:13.269Z [jfmd ] [INFO ] [502b8c3a35d0c44e] [accessclient.go:49            ] [main                ] - Cluster join: Retry 30: Service registry ping failed, will retry. Error: Error while trying to connect to local router at address 'http://localhost:8046/access': Get http://localhost:8046/access/api/v1/system/ping: dial tcp 127.0.0.1:8046: connect: connection refused [access_client]
2020-03-26T11:51:18.319Z [jfmd ] [INFO ] [502b8c3a35d0c44e] [accessclient.go:49            ] [main                ] - Cluster join: Retry 35: Service registry ping failed, will retry. Error: Error while trying to connect to local router at address 'http://localhost:8046/access': Get http://localhost:8046/access/api/v1/system/ping: dial tcp 127.0.0.1:8046: connect: connection refused [access_client]
2020-03-26T11:51:23.332Z [jfmd ] [INFO ] [502b8c3a35d0c44e] [accessclient.go:49            ] [main                ] - Cluster join: Retry 40: Service registry ping failed, will retry. Error: Error while trying to connect to local router at address 'http://localhost:8046/access': Get http://localhost:8046/access/api/v1/system/ping: dial tcp 127.0.0.1:8046: connect: connection refused [access_client]
2020-03-26T11:51:28.356Z [jfmd ] [INFO ] [502b8c3a35d0c44e] [accessclient.go:49            ] [main                ] - Cluster join: Retry 45: Service registry ping failed, will retry. Error: Error while trying to connect to local router at address 'http://localhost:8046/access': Get http://localhost:8046/access/api/v1/system/ping: dial tcp 127.0.0.1:8046: connect: connection refused [access_client]
2020-03-26T11:51:33.384Z [jfmd ] [INFO ] [502b8c3a35d0c44e] [accessclient.go:49            ] [main                ] - Cluster join: Retry 50: Service registry ping failed, will retry. Error: Error while trying to connect to local router at address 'http://localhost:8046/access': Get http://localhost:8046/access/api/v1/system/ping: dial tcp 127.0.0.1:8046: connect: connection refused [access_client]
2020-03-26T11:51:38.387Z [jfmd ] [INFO ] [502b8c3a35d0c44e] [accessclient.go:49            ] [main                ] - Cluster join: Retry 55: Service registry ping failed, will retry. Error: Error while trying to connect to local router at address 'http://localhost:8046/access': Get http://localhost:8046/access/api/v1/system/ping: dial tcp 127.0.0.1:8046: connect: connection refused [access_client]
2020-03-26T11:51:39.675Z [jfmd ] [INFO ] [502b8c3a35d0c44e] [accessclient.go:49            ] [main                ] - Cluster join: Successfully joined the cluster [access_client]
2020-03-26T11:51:39.675Z [jfmd ] [INFO ] [502b8c3a35d0c44e] [accessclient.go:49            ] [main                ] - Executing Router register at: localhost:8046 [access_client]
2020-03-26T11:51:39.687Z [jfmd ] [INFO ] [502b8c3a35d0c44e] [router_middlewares.go:57      ] [main                ] - 

Go Info
========================

GOPATH                                               | 
PATH                                                 | /usr/local/sbin:/usr/local/bin:/usr/sbin:/usr/bin:/sbin:/bin:/busybox:/curl:/opt/jfrog/artifactory/app/third-party/java/bin
GOMAXPROCS                                           | 3
Working Directory                                    | /opt/jfrog/artifactory/var
Hostname                                             | d341d4b850ee
GOROOT                                               | /

2020-03-26T11:51:39.687Z [jfmd ] [INFO ] [502b8c3a35d0c44e] [router_middlewares.go:58      ] [main                ] - 
Metadata Info
========================

Shared.NewRelic.Enabled                              | false
Shared.NewRelic.LicenseKey                           | 
Logging.Application.FilePath                         | metadata-service.log
Logging.Application.Rotation.MaxFiles                | 10
Logging.Request.Rotation.MaxFiles                    | 10
AccessClient.Url                                     | http://localhost:8081/access
Keys.ReadIntervalDuration                            | 1s
Port                                                 | 8086
Logging.Application.Rotation.MaxSizeMb               | 25
Logging.Application.Rotation.Compress                | true
Logging.Request.FilePath                             | metadata-request.log
Logging.Request.Rotation.MaxSizeMb                   | 25
Logging.Request.Rotation.MaxAgeDays                  | 365
Logging.Application.Level                            | info
Logging.Application.Rotation.MaxAgeDays              | 365
Database.Type                                        | 0
Keys.ReadAttempts                                    | 120
Profiling.Enabled                                    | false
Shared.NewRelic.AppName                              | 
Shared.NewRelic.EnableDebugLog                       | false
Shared.NewRelic.DistributedTracerEnabled             | true
Logging.Request.Rotation.Compress                    | true

2020-03-26T11:51:39.687Z [jfmd ] [INFO ] [502b8c3a35d0c44e] [router_middlewares.go:59      ] [main                ] - Metadata (jfmd) service initialization completed in 55.957 seconds. Listening on port: 8086 [router]
2020-03-26T11:58:12.451Z [jfmd ] [ERROR] [                ] [compatibility_logger.go:28    ] [main                ] - Refreshing affected permissions stream - got an error (status: [Internal]) [access_client]
2020-03-26T11:58:12.456Z [jfmd ] [WARN ] [                ] [compatibility_logger.go:25    ] [main                ] - Refreshing affected permissions stream - target server is unavailable%!(EXTRA []interface {}=[]) [access_client]
2020-03-26T11:58:12.468Z [jfmd ] [WARN ] [                ] [compatibility_logger.go:25    ] [main                ] - Refreshing affected permissions stream - target server is unavailable%!(EXTRA []interface {}=[]) [access_client]
2020-03-26T11:58:12.490Z [jfmd ] [WARN ] [                ] [compatibility_logger.go:25    ] [main                ] - Refreshing affected permissions stream - target server is unavailable%!(EXTRA []interface {}=[]) [access_client]
2020-03-26T11:58:12.534Z [jfmd ] [WARN ] [                ] [compatibility_logger.go:25    ] [main                ] - Refreshing affected permissions stream - target server is unavailable%!(EXTRA []interface {}=[]) [access_client]
2020-03-26T11:58:12.620Z [jfmd ] [WARN ] [                ] [compatibility_logger.go:25    ] [main                ] - Refreshing affected permissions stream - target server is unavailable%!(EXTRA []interface {}=[]) [access_client]
2020-03-26T11:58:12.787Z [jfmd ] [WARN ] [                ] [compatibility_logger.go:25    ] [main                ] - Refreshing affected permissions stream - target server is unavailable%!(EXTRA []interface {}=[]) [access_client]
2020-03-26T11:58:13.108Z [jfmd ] [WARN ] [                ] [compatibility_logger.go:25    ] [main                ] - Refreshing affected permissions stream - target server is unavailable%!(EXTRA []interface {}=[]) [access_client]
2020-03-26T11:59:12.625Z [jfmd ] [INFO ] [3be866c58a196157] [database_bearer.go:67         ] [main                ] - Connecting to (db config: {sqlite /opt/jfrog/artifactory/var/data/metadata/sqlite.db?_fk=yes&_busy_timeout=5000&_txlock=immediate&cache=shared}) [database]
2020-03-26T11:59:12.645Z [jfmd ] [INFO ] [3be866c58a196157] [migrator.go:61                ] [main                ] - Applying 36 migrations files [database]
2020-03-26T11:59:12.647Z [jfmd ] [INFO ] [3be866c58a196157] [application.go:72             ] [main                ] - Metadata (jfmd) service initialization started. Version: 2.2.2  Revision: 20202900 PID: 2998 Home: /opt/jfrog/artifactory/var [app_initializer]
2020-03-26T11:59:12.649Z [jfmd ] [INFO ] [3be866c58a196157] [server_bearer.go:152          ] [main                ] - Got service_id from datastore: jfmd@01e49j7a9f9sx346488s7y6rc7 [ServerInit]
2020-03-26T11:59:16.676Z [jfmd ] [INFO ] [3be866c58a196157] [accessclient.go:49            ] [main                ] - Cluster join: Retry 5: Service registry ping failed, will retry. Error: Error while trying to connect to local router at address 'http://localhost:8046/access': Get http://localhost:8046/access/api/v1/system/ping: dial tcp 127.0.0.1:8046: connect: connection refused [access_client]
2020-03-26T11:59:21.685Z [jfmd ] [INFO ] [3be866c58a196157] [accessclient.go:49            ] [main                ] - Cluster join: Retry 10: Service registry ping failed, will retry. Error: Error while trying to connect to local router at address 'http://localhost:8046/access': Get http://localhost:8046/access/api/v1/system/ping: dial tcp 127.0.0.1:8046: connect: connection refused [access_client]
2020-03-26T11:59:26.694Z [jfmd ] [INFO ] [3be866c58a196157] [accessclient.go:49            ] [main                ] - Cluster join: Retry 15: Service registry ping failed, will retry. Error: Error while trying to connect to local router at address 'http://localhost:8046/access': Get http://localhost:8046/access/api/v1/system/ping: dial tcp 127.0.0.1:8046: connect: connection refused [access_client]
2020-03-26T11:59:31.697Z [jfmd ] [INFO ] [3be866c58a196157] [accessclient.go:49            ] [main                ] - Cluster join: Retry 20: Service registry ping failed, will retry. Error: Error while trying to connect to local router at address 'http://localhost:8046/access': Get http://localhost:8046/access/api/v1/system/ping: dial tcp 127.0.0.1:8046: connect: connection refused [access_client]
2020-03-26T11:59:36.723Z [jfmd ] [INFO ] [3be866c58a196157] [accessclient.go:49            ] [main                ] - Cluster join: Retry 25: Service registry ping failed, will retry. Error: Error while trying to connect to local router at address 'http://localhost:8046/access': Get http://localhost:8046/access/api/v1/system/ping: dial tcp 127.0.0.1:8046: connect: connection refused [access_client]
2020-03-26T11:59:41.737Z [jfmd ] [INFO ] [3be866c58a196157] [accessclient.go:49            ] [main                ] - Cluster join: Retry 30: Service registry ping failed, will retry. Error: Error while trying to connect to local router at address 'http://localhost:8046/access': Failed to access :http://localhost:8046/access/api/v1/system/ping return status code : 404 [access_client]
2020-03-26T11:59:42.821Z [jfmd ] [INFO ] [3be866c58a196157] [accessclient.go:49            ] [main                ] - Cluster join: Successfully joined the cluster [access_client]
2020-03-26T11:59:42.821Z [jfmd ] [INFO ] [3be866c58a196157] [accessclient.go:49            ] [main                ] - Executing Router register at: localhost:8046 [access_client]
2020-03-26T11:59:42.826Z [jfmd ] [INFO ] [3be866c58a196157] [router_middlewares.go:57      ] [main                ] - 

Go Info
========================

PATH                                                 | /usr/local/sbin:/usr/local/bin:/usr/sbin:/usr/bin:/sbin:/bin:/busybox:/curl:/opt/jfrog/artifactory/app/third-party/java/bin
GOMAXPROCS                                           | 3
Working Directory                                    | /opt/jfrog/artifactory/var
Hostname                                             | 9a39cb09b316
GOROOT                                               | /
GOPATH                                               | 

2020-03-26T11:59:42.826Z [jfmd ] [INFO ] [3be866c58a196157] [router_middlewares.go:58      ] [main                ] - 
Metadata Info
========================

Shared.NewRelic.Enabled                              | false
Logging.Application.Level                            | info
Logging.Application.Rotation.MaxSizeMb               | 25
Logging.Request.Rotation.MaxSizeMb                   | 25
Database.Type                                        | 0
Shared.NewRelic.EnableDebugLog                       | false
Logging.Application.Rotation.Compress                | true
Logging.Request.Rotation.MaxAgeDays                  | 365
Logging.Request.Rotation.Compress                    | true
Logging.Application.FilePath                         | metadata-service.log
Logging.Application.Rotation.MaxFiles                | 10
Logging.Application.Rotation.MaxAgeDays              | 365
Logging.Request.FilePath                             | metadata-request.log
Keys.ReadAttempts                                    | 120
Profiling.Enabled                                    | false
Port                                                 | 8086
Shared.NewRelic.AppName                              | 
Shared.NewRelic.LicenseKey                           | 
Shared.NewRelic.DistributedTracerEnabled             | true
Logging.Request.Rotation.MaxFiles                    | 10
AccessClient.Url                                     | http://localhost:8081/access
Keys.ReadIntervalDuration                            | 1s

2020-03-26T11:59:42.826Z [jfmd ] [INFO ] [3be866c58a196157] [router_middlewares.go:59      ] [main                ] - Metadata (jfmd) service initialization completed in 30.179 seconds. Listening on port: 8086 [router]
2020-03-26T12:07:19.054Z [jfmd ] [ERROR] [                ] [compatibility_logger.go:28    ] [main                ] - Refreshing affected permissions stream - got an error (status: [Internal]) [access_client]
2020-03-26T12:07:19.059Z [jfmd ] [WARN ] [                ] [compatibility_logger.go:25    ] [main                ] - Refreshing affected permissions stream - target server is unavailable%!(EXTRA []interface {}=[]) [access_client]
2020-03-26T12:07:19.072Z [jfmd ] [WARN ] [                ] [compatibility_logger.go:25    ] [main                ] - Refreshing affected permissions stream - target server is unavailable%!(EXTRA []interface {}=[]) [access_client]
2020-03-26T12:07:19.101Z [jfmd ] [WARN ] [                ] [compatibility_logger.go:25    ] [main                ] - Refreshing affected permissions stream - target server is unavailable%!(EXTRA []interface {}=[]) [access_client]
2020-03-26T12:07:19.144Z [jfmd ] [WARN ] [                ] [compatibility_logger.go:25    ] [main                ] - Refreshing affected permissions stream - target server is unavailable%!(EXTRA []interface {}=[]) [access_client]
2020-03-26T12:07:19.226Z [jfmd ] [WARN ] [                ] [compatibility_logger.go:25    ] [main                ] - Refreshing affected permissions stream - target server is unavailable%!(EXTRA []interface {}=[]) [access_client]
2020-03-26T12:07:19.388Z [jfmd ] [WARN ] [                ] [compatibility_logger.go:25    ] [main                ] - Refreshing affected permissions stream - target server is unavailable%!(EXTRA []interface {}=[]) [access_client]
2020-03-26T12:07:19.717Z [jfmd ] [WARN ] [                ] [compatibility_logger.go:25    ] [main                ] - Refreshing affected permissions stream - target server is unavailable%!(EXTRA []interface {}=[]) [access_client]
2020-03-26T12:07:20.361Z [jfmd ] [WARN ] [                ] [compatibility_logger.go:25    ] [main                ] - Refreshing affected permissions stream - target server is unavailable%!(EXTRA []interface {}=[]) [access_client]
2020-03-26T12:14:27.160Z [jfmd ] [INFO ] [51caef9a57600a83] [database_bearer.go:67         ] [main                ] - Connecting to (db config: {sqlite /opt/jfrog/artifactory/var/data/metadata/sqlite.db?_fk=yes&_busy_timeout=5000&_txlock=immediate&cache=shared}) [database]
2020-03-26T12:14:27.186Z [jfmd ] [INFO ] [51caef9a57600a83] [migrator.go:61                ] [main                ] - Applying 36 migrations files [database]
2020-03-26T12:14:27.187Z [jfmd ] [INFO ] [51caef9a57600a83] [application.go:72             ] [main                ] - Metadata (jfmd) service initialization started. Version: 2.2.2  Revision: 20202900 PID: 3016 Home: /opt/jfrog/artifactory/var [app_initializer]
2020-03-26T12:14:27.189Z [jfmd ] [INFO ] [51caef9a57600a83] [server_bearer.go:152          ] [main                ] - Got service_id from datastore: jfmd@01e49j7a9f9sx346488s7y6rc7 [ServerInit]
2020-03-26T12:14:31.207Z [jfmd ] [INFO ] [51caef9a57600a83] [accessclient.go:49            ] [main                ] - Cluster join: Retry 5: Service registry ping failed, will retry. Error: Error while trying to connect to local router at address 'http://localhost:8046/access': Get http://localhost:8046/access/api/v1/system/ping: dial tcp 127.0.0.1:8046: connect: connection refused [access_client]
2020-03-26T12:14:36.219Z [jfmd ] [INFO ] [51caef9a57600a83] [accessclient.go:49            ] [main                ] - Cluster join: Retry 10: Service registry ping failed, will retry. Error: Error while trying to connect to local router at address 'http://localhost:8046/access': Get http://localhost:8046/access/api/v1/system/ping: dial tcp 127.0.0.1:8046: connect: connection refused [access_client]
2020-03-26T12:14:41.231Z [jfmd ] [INFO ] [51caef9a57600a83] [accessclient.go:49            ] [main                ] - Cluster join: Retry 15: Service registry ping failed, will retry. Error: Error while trying to connect to local router at address 'http://localhost:8046/access': Get http://localhost:8046/access/api/v1/system/ping: dial tcp 127.0.0.1:8046: connect: connection refused [access_client]
2020-03-26T12:14:46.234Z [jfmd ] [INFO ] [51caef9a57600a83] [accessclient.go:49            ] [main                ] - Cluster join: Retry 20: Service registry ping failed, will retry. Error: Error while trying to connect to local router at address 'http://localhost:8046/access': Get http://localhost:8046/access/api/v1/system/ping: dial tcp 127.0.0.1:8046: connect: connection refused [access_client]
2020-03-26T12:14:51.248Z [jfmd ] [INFO ] [51caef9a57600a83] [accessclient.go:49            ] [main                ] - Cluster join: Retry 25: Service registry ping failed, will retry. Error: Error while trying to connect to local router at address 'http://localhost:8046/access': Get http://localhost:8046/access/api/v1/system/ping: dial tcp 127.0.0.1:8046: connect: connection refused [access_client]
2020-03-26T12:14:56.268Z [jfmd ] [INFO ] [51caef9a57600a83] [accessclient.go:49            ] [main                ] - Cluster join: Retry 30: Service registry ping failed, will retry. Error: Error while trying to connect to local router at address 'http://localhost:8046/access': Failed to access :http://localhost:8046/access/api/v1/system/ping return status code : 404 [access_client]
2020-03-26T12:14:57.417Z [jfmd ] [INFO ] [51caef9a57600a83] [accessclient.go:49            ] [main                ] - Cluster join: Successfully joined the cluster [access_client]
2020-03-26T12:14:57.417Z [jfmd ] [INFO ] [51caef9a57600a83] [accessclient.go:49            ] [main                ] - Executing Router register at: localhost:8046 [access_client]
2020-03-26T12:14:57.433Z [jfmd ] [INFO ] [51caef9a57600a83] [router_middlewares.go:57      ] [main                ] - 

Go Info
========================

GOROOT                                               | /
GOPATH                                               | 
PATH                                                 | /usr/local/sbin:/usr/local/bin:/usr/sbin:/usr/bin:/sbin:/bin:/busybox:/curl:/opt/jfrog/artifactory/app/third-party/java/bin
GOMAXPROCS                                           | 3
Working Directory                                    | /opt/jfrog/artifactory/var
Hostname                                             | 0626da7bb99e

2020-03-26T12:14:57.433Z [jfmd ] [INFO ] [51caef9a57600a83] [router_middlewares.go:58      ] [main                ] - 
Metadata Info
========================

Logging.Request.Rotation.MaxSizeMb                   | 25
Logging.Request.Rotation.MaxFiles                    | 10
Logging.Request.Rotation.MaxAgeDays                  | 365
AccessClient.Url                                     | http://localhost:8081/access
Keys.ReadAttempts                                    | 120
Shared.NewRelic.EnableDebugLog                       | false
Logging.Application.Rotation.Compress                | true
Logging.Request.FilePath                             | metadata-request.log
Keys.ReadIntervalDuration                            | 1s
Logging.Application.Rotation.MaxFiles                | 10
Profiling.Enabled                                    | false
Shared.NewRelic.Enabled                              | false
Logging.Application.FilePath                         | metadata-service.log
Logging.Request.Rotation.Compress                    | true
Database.Type                                        | 0
Port                                                 | 8086
Shared.NewRelic.DistributedTracerEnabled             | true
Logging.Application.Level                            | info
Logging.Application.Rotation.MaxAgeDays              | 365
Shared.NewRelic.AppName                              | 
Shared.NewRelic.LicenseKey                           | 
Logging.Application.Rotation.MaxSizeMb               | 25

2020-03-26T12:14:57.433Z [jfmd ] [INFO ] [51caef9a57600a83] [router_middlewares.go:59      ] [main                ] - Metadata (jfmd) service initialization completed in 30.246 seconds. Listening on port: 8086 [router]
2020-03-26T12:22:09.943Z [jfmd ] [INFO ] [698fdc03c2fc8b9b] [database_bearer.go:67         ] [main                ] - Connecting to (db config: {sqlite /opt/jfrog/artifactory/var/data/metadata/sqlite.db?_fk=yes&_busy_timeout=5000&_txlock=immediate&cache=shared}) [database]
2020-03-26T12:22:09.989Z [jfmd ] [INFO ] [698fdc03c2fc8b9b] [migrator.go:61                ] [main                ] - Applying 36 migrations files [database]
2020-03-26T12:22:09.990Z [jfmd ] [INFO ] [698fdc03c2fc8b9b] [application.go:72             ] [main                ] - Metadata (jfmd) service initialization started. Version: 2.2.2  Revision: 20202900 PID: 2987 Home: /opt/jfrog/artifactory/var [app_initializer]
2020-03-26T12:22:09.997Z [jfmd ] [INFO ] [698fdc03c2fc8b9b] [server_bearer.go:152          ] [main                ] - Got service_id from datastore: jfmd@01e49j7a9f9sx346488s7y6rc7 [ServerInit]
2020-03-26T12:22:14.037Z [jfmd ] [INFO ] [698fdc03c2fc8b9b] [accessclient.go:49            ] [main                ] - Cluster join: Retry 5: Service registry ping failed, will retry. Error: Error while trying to connect to local router at address 'http://localhost:8046/access': Get http://localhost:8046/access/api/v1/system/ping: dial tcp 127.0.0.1:8046: connect: connection refused [access_client]
2020-03-26T12:22:19.049Z [jfmd ] [INFO ] [698fdc03c2fc8b9b] [accessclient.go:49            ] [main                ] - Cluster join: Retry 10: Service registry ping failed, will retry. Error: Error while trying to connect to local router at address 'http://localhost:8046/access': Get http://localhost:8046/access/api/v1/system/ping: dial tcp 127.0.0.1:8046: connect: connection refused [access_client]
2020-03-26T12:22:24.072Z [jfmd ] [INFO ] [698fdc03c2fc8b9b] [accessclient.go:49            ] [main                ] - Cluster join: Retry 15: Service registry ping failed, will retry. Error: Error while trying to connect to local router at address 'http://localhost:8046/access': Get http://localhost:8046/access/api/v1/system/ping: dial tcp 127.0.0.1:8046: connect: connection refused [access_client]
2020-03-26T12:22:29.083Z [jfmd ] [INFO ] [698fdc03c2fc8b9b] [accessclient.go:49            ] [main                ] - Cluster join: Retry 20: Service registry ping failed, will retry. Error: Error while trying to connect to local router at address 'http://localhost:8046/access': Get http://localhost:8046/access/api/v1/system/ping: dial tcp 127.0.0.1:8046: connect: connection refused [access_client]
2020-03-26T12:22:34.106Z [jfmd ] [INFO ] [698fdc03c2fc8b9b] [accessclient.go:49            ] [main                ] - Cluster join: Retry 25: Service registry ping failed, will retry. Error: Error while trying to connect to local router at address 'http://localhost:8046/access': Get http://localhost:8046/access/api/v1/system/ping: dial tcp 127.0.0.1:8046: connect: connection refused [access_client]
2020-03-26T12:22:39.142Z [jfmd ] [INFO ] [698fdc03c2fc8b9b] [accessclient.go:49            ] [main                ] - Cluster join: Retry 30: Service registry ping failed, will retry. Error: Error while trying to connect to local router at address 'http://localhost:8046/access': Get http://localhost:8046/access/api/v1/system/ping: dial tcp 127.0.0.1:8046: connect: connection refused [access_client]
2020-03-26T12:22:43.355Z [jfmd ] [INFO ] [698fdc03c2fc8b9b] [accessclient.go:49            ] [main                ] - Cluster join: Successfully joined the cluster [access_client]
2020-03-26T12:22:43.355Z [jfmd ] [INFO ] [698fdc03c2fc8b9b] [accessclient.go:49            ] [main                ] - Executing Router register at: localhost:8046 [access_client]
2020-03-26T12:22:43.368Z [jfmd ] [INFO ] [698fdc03c2fc8b9b] [router_middlewares.go:57      ] [main                ] - 

Go Info
========================

Hostname                                             | 0626da7bb99e
GOROOT                                               | /
GOPATH                                               | 
PATH                                                 | /usr/local/sbin:/usr/local/bin:/usr/sbin:/usr/bin:/sbin:/bin:/busybox:/curl:/opt/jfrog/artifactory/app/third-party/java/bin
GOMAXPROCS                                           | 3
Working Directory                                    | /opt/jfrog/artifactory/var

2020-03-26T12:22:43.368Z [jfmd ] [INFO ] [698fdc03c2fc8b9b] [router_middlewares.go:58      ] [main                ] - 
Metadata Info
========================

Logging.Request.Rotation.MaxAgeDays                  | 365
Logging.Request.Rotation.Compress                    | true
Keys.ReadAttempts                                    | 120
Keys.ReadIntervalDuration                            | 1s
Shared.NewRelic.Enabled                              | false
Shared.NewRelic.AppName                              | 
Shared.NewRelic.DistributedTracerEnabled             | true
Logging.Application.Level                            | info
Database.Type                                        | 0
Profiling.Enabled                                    | false
Logging.Application.Rotation.MaxFiles                | 10
Logging.Application.Rotation.MaxAgeDays              | 365
Logging.Request.FilePath                             | metadata-request.log
Port                                                 | 8086
Shared.NewRelic.EnableDebugLog                       | false
Logging.Application.Rotation.MaxSizeMb               | 25
Logging.Request.Rotation.MaxFiles                    | 10
AccessClient.Url                                     | http://localhost:8081/access
Shared.NewRelic.LicenseKey                           | 
Logging.Application.FilePath                         | metadata-service.log
Logging.Application.Rotation.Compress                | true
Logging.Request.Rotation.MaxSizeMb                   | 25

2020-03-26T12:22:43.368Z [jfmd ] [INFO ] [698fdc03c2fc8b9b] [router_middlewares.go:59      ] [main                ] - Metadata (jfmd) service initialization completed in 33.372 seconds. Listening on port: 8086 [router]
2020-03-27T09:19:54.694Z [jfmd ] [INFO ] [55852c6d098cfa30] [database_bearer.go:67         ] [main                ] - Connecting to (db config: {sqlite /opt/jfrog/artifactory/var/data/metadata/sqlite.db?_fk=yes&_busy_timeout=5000&_txlock=immediate&cache=shared}) [database]
2020-03-27T09:19:54.749Z [jfmd ] [INFO ] [55852c6d098cfa30] [migrator.go:61                ] [main                ] - Applying 36 migrations files [database]
2020-03-27T09:19:54.750Z [jfmd ] [INFO ] [55852c6d098cfa30] [application.go:72             ] [main                ] - Metadata (jfmd) service initialization started. Version: 2.2.2  Revision: 20202900 PID: 3023 Home: /opt/jfrog/artifactory/var [app_initializer]
2020-03-27T09:19:54.752Z [jfmd ] [INFO ] [55852c6d098cfa30] [server_bearer.go:152          ] [main                ] - Got service_id from datastore: jfmd@01e49j7a9f9sx346488s7y6rc7 [ServerInit]
2020-03-27T09:19:58.789Z [jfmd ] [INFO ] [55852c6d098cfa30] [accessclient.go:49            ] [main                ] - Cluster join: Retry 5: Service registry ping failed, will retry. Error: Error while trying to connect to local router at address 'http://localhost:8046/access': Get http://localhost:8046/access/api/v1/system/ping: dial tcp 127.0.0.1:8046: connect: connection refused [access_client]
2020-03-27T09:20:03.810Z [jfmd ] [INFO ] [55852c6d098cfa30] [accessclient.go:49            ] [main                ] - Cluster join: Retry 10: Service registry ping failed, will retry. Error: Error while trying to connect to local router at address 'http://localhost:8046/access': Get http://localhost:8046/access/api/v1/system/ping: dial tcp 127.0.0.1:8046: connect: connection refused [access_client]
2020-03-27T09:20:08.815Z [jfmd ] [INFO ] [55852c6d098cfa30] [accessclient.go:49            ] [main                ] - Cluster join: Retry 15: Service registry ping failed, will retry. Error: Error while trying to connect to local router at address 'http://localhost:8046/access': Get http://localhost:8046/access/api/v1/system/ping: dial tcp 127.0.0.1:8046: connect: connection refused [access_client]
2020-03-27T09:20:13.825Z [jfmd ] [INFO ] [55852c6d098cfa30] [accessclient.go:49            ] [main                ] - Cluster join: Retry 20: Service registry ping failed, will retry. Error: Error while trying to connect to local router at address 'http://localhost:8046/access': Get http://localhost:8046/access/api/v1/system/ping: dial tcp 127.0.0.1:8046: connect: connection refused [access_client]
2020-03-27T09:20:18.844Z [jfmd ] [INFO ] [55852c6d098cfa30] [accessclient.go:49            ] [main                ] - Cluster join: Retry 25: Service registry ping failed, will retry. Error: Error while trying to connect to local router at address 'http://localhost:8046/access': Get http://localhost:8046/access/api/v1/system/ping: dial tcp 127.0.0.1:8046: connect: connection refused [access_client]
2020-03-27T09:20:23.868Z [jfmd ] [INFO ] [55852c6d098cfa30] [accessclient.go:49            ] [main                ] - Cluster join: Retry 30: Service registry ping failed, will retry. Error: Error while trying to connect to local router at address 'http://localhost:8046/access': Get http://localhost:8046/access/api/v1/system/ping: dial tcp 127.0.0.1:8046: connect: connection refused [access_client]
2020-03-27T09:20:28.885Z [jfmd ] [INFO ] [55852c6d098cfa30] [accessclient.go:49            ] [main                ] - Cluster join: Retry 35: Service registry ping failed, will retry. Error: Error while trying to connect to local router at address 'http://localhost:8046/access': Failed to access :http://localhost:8046/access/api/v1/system/ping return status code : 404 [access_client]
2020-03-27T09:20:30.983Z [jfmd ] [INFO ] [55852c6d098cfa30] [accessclient.go:49            ] [main                ] - Cluster join: Successfully joined the cluster [access_client]
2020-03-27T09:20:30.984Z [jfmd ] [INFO ] [55852c6d098cfa30] [accessclient.go:49            ] [main                ] - Executing Router register at: localhost:8046 [access_client]
2020-03-27T09:20:31.021Z [jfmd ] [INFO ] [55852c6d098cfa30] [router_middlewares.go:57      ] [main                ] - 

Go Info
========================

PATH                                                 | /usr/local/sbin:/usr/local/bin:/usr/sbin:/usr/bin:/sbin:/bin:/busybox:/curl:/opt/jfrog/artifactory/app/third-party/java/bin
GOMAXPROCS                                           | 3
Working Directory                                    | /opt/jfrog/artifactory/var
Hostname                                             | 84aaf299c769
GOROOT                                               | /
GOPATH                                               | 

2020-03-27T09:20:31.021Z [jfmd ] [INFO ] [55852c6d098cfa30] [router_middlewares.go:58      ] [main                ] - 
Metadata Info
========================

Keys.ReadAttempts                                    | 120
Keys.ReadIntervalDuration                            | 1s
Shared.NewRelic.LicenseKey                           | 
Shared.NewRelic.EnableDebugLog                       | false
Logging.Request.Rotation.MaxSizeMb                   | 25
Database.Type                                        | 0
Port                                                 | 8086
Logging.Application.Level                            | info
Logging.Request.Rotation.MaxAgeDays                  | 365
Logging.Request.Rotation.MaxFiles                    | 10
Profiling.Enabled                                    | false
Shared.NewRelic.Enabled                              | false
Shared.NewRelic.DistributedTracerEnabled             | true
Logging.Application.Rotation.MaxSizeMb               | 25
Logging.Application.Rotation.Compress                | true
Logging.Request.FilePath                             | metadata-request.log
Logging.Request.Rotation.Compress                    | true
AccessClient.Url                                     | http://localhost:8081/access
Shared.NewRelic.AppName                              | 
Logging.Application.FilePath                         | metadata-service.log
Logging.Application.Rotation.MaxFiles                | 10
Logging.Application.Rotation.MaxAgeDays              | 365

2020-03-27T09:20:31.021Z [jfmd ] [INFO ] [55852c6d098cfa30] [router_middlewares.go:59      ] [main                ] - Metadata (jfmd) service initialization completed in 36.270 seconds. Listening on port: 8086 [router]
