2020-03-25T19:20:38.160Z [jfrou] [INFO ] [                ] [server.go:568                 ] [main                ] - Preparing server api &{Address:localhost:8049 TLS:<nil> Redirect:<nil> Auth:<nil> WhitelistSourceRange:[] WhiteList:<nil> Compress:false ProxyProtocol:<nil> ForwardedHeaders:0xc000b64a00} with readTimeout=0s writeTimeout=0s idleTimeout=3m0s
2020-03-25T19:20:38.161Z [jfrou] [INFO ] [                ] [server.go:568                 ] [main                ] - Preparing server external &{Address::8082 TLS:<nil> Redirect:<nil> Auth:<nil> WhitelistSourceRange:[] WhiteList:<nil> Compress:false ProxyProtocol:<nil> ForwardedHeaders:0xc000b64a20} with readTimeout=0s writeTimeout=0s idleTimeout=3m0s
2020-03-25T19:20:38.162Z [jfrou] [INFO ] [                ] [server.go:568                 ] [main                ] - Preparing server internal &{Address:localhost:8046 TLS:<nil> Redirect:<nil> Auth:<nil> WhitelistSourceRange:[] WhiteList:<nil> Compress:false ProxyProtocol:<nil> ForwardedHeaders:0xc000b649e0} with readTimeout=0s writeTimeout=0s idleTimeout=3m0s
2020-03-25T19:20:38.162Z [jfrou] [INFO ] [                ] [server.go:524                 ] [main                ] - Starting server on localhost:8049
2020-03-25T19:20:38.162Z [jfrou] [INFO ] [                ] [server.go:524                 ] [main                ] - Starting server on :8082
2020-03-25T19:20:38.163Z [jfrou] [INFO ] [                ] [server.go:420                 ] [main                ] - Starting provider configuration.ProviderAggregator {}
2020-03-25T19:20:38.163Z [jfrou] [INFO ] [                ] [server.go:524                 ] [main                ] - Starting server on localhost:8046
2020-03-25T19:20:38.163Z [jfrou] [INFO ] [                ] [provider_aggregator.go:103    ] [main                ] - Starting provider *file.Provider {"Watch":true,"Filename":"","Constraints":null,"Trace":false,"TemplateVersion":0,"DebugLogGeneratedTemplate":false,"Directory":"/opt/jfrog/artifactory/var/data/router/traefik/routes","TraefikFile":""}
2020-03-25T19:20:38.164Z [jfrou] [INFO ] [                ] [server_configuration.go:61    ] [main                ] - Server configuration reloaded on localhost:8046
2020-03-25T19:20:38.164Z [jfrou] [INFO ] [                ] [server_configuration.go:61    ] [main                ] - Server configuration reloaded on localhost:8049
2020-03-25T19:20:38.164Z [jfrou] [INFO ] [                ] [server_configuration.go:61    ] [main                ] - Server configuration reloaded on :8082
2020-03-25T19:20:40.164Z [jfrou] [INFO ] [                ] [server_configuration.go:61    ] [main                ] - Server configuration reloaded on localhost:8046
2020-03-25T19:20:40.164Z [jfrou] [INFO ] [                ] [server_configuration.go:61    ] [main                ] - Server configuration reloaded on localhost:8049
2020-03-25T19:20:40.164Z [jfrou] [INFO ] [                ] [server_configuration.go:61    ] [main                ] - Server configuration reloaded on :8082
2020-03-25T19:20:42.164Z [jfrou] [INFO ] [                ] [server_configuration.go:61    ] [main                ] - Server configuration reloaded on localhost:8049
2020-03-25T19:20:42.164Z [jfrou] [INFO ] [                ] [server_configuration.go:61    ] [main                ] - Server configuration reloaded on :8082
2020-03-25T19:20:42.164Z [jfrou] [INFO ] [                ] [server_configuration.go:61    ] [main                ] - Server configuration reloaded on localhost:8046
2020-03-25T19:20:44.165Z [jfrou] [INFO ] [                ] [server_configuration.go:61    ] [main                ] - Server configuration reloaded on :8082
2020-03-25T19:20:44.165Z [jfrou] [INFO ] [                ] [server_configuration.go:61    ] [main                ] - Server configuration reloaded on localhost:8046
2020-03-25T19:20:44.165Z [jfrou] [INFO ] [                ] [server_configuration.go:61    ] [main                ] - Server configuration reloaded on localhost:8049
2020-03-25T19:20:49.413Z [jfrou] [INFO ] [                ] [server_configuration.go:61    ] [main                ] - Server configuration reloaded on localhost:8049
2020-03-25T19:20:49.413Z [jfrou] [INFO ] [                ] [server_configuration.go:61    ] [main                ] - Server configuration reloaded on :8082
2020-03-25T19:20:49.413Z [jfrou] [INFO ] [                ] [server_configuration.go:61    ] [main                ] - Server configuration reloaded on localhost:8046
2020-03-25T19:20:57.928Z [jfrou] [INFO ] [                ] [server_configuration.go:61    ] [main                ] - Server configuration reloaded on :8082
2020-03-25T19:20:57.928Z [jfrou] [INFO ] [                ] [server_configuration.go:61    ] [main                ] - Server configuration reloaded on localhost:8046
2020-03-25T19:20:57.928Z [jfrou] [INFO ] [                ] [server_configuration.go:61    ] [main                ] - Server configuration reloaded on localhost:8049
2020-03-25T19:21:08.192Z [jfrou] [INFO ] [                ] [server_configuration.go:61    ] [main                ] - Server configuration reloaded on localhost:8049
2020-03-25T19:21:08.193Z [jfrou] [INFO ] [                ] [server_configuration.go:61    ] [main                ] - Server configuration reloaded on :8082
2020-03-25T19:21:08.193Z [jfrou] [INFO ] [                ] [server_configuration.go:61    ] [main                ] - Server configuration reloaded on localhost:8046
2020-03-25T19:21:11.186Z [jfrou] [INFO ] [                ] [server_configuration.go:61    ] [main                ] - Server configuration reloaded on localhost:8049
2020-03-25T19:21:11.186Z [jfrou] [INFO ] [                ] [server_configuration.go:61    ] [main                ] - Server configuration reloaded on :8082
2020-03-25T19:21:11.187Z [jfrou] [INFO ] [                ] [server_configuration.go:61    ] [main                ] - Server configuration reloaded on localhost:8046
2020-03-25T19:22:55.948Z [jfrou] [INFO ] [                ] [server.go:568                 ] [main                ] - Preparing server internal &{Address:localhost:8046 TLS:<nil> Redirect:<nil> Auth:<nil> WhitelistSourceRange:[] WhiteList:<nil> Compress:false ProxyProtocol:<nil> ForwardedHeaders:0xc000806800} with readTimeout=0s writeTimeout=0s idleTimeout=3m0s
2020-03-25T19:22:55.949Z [jfrou] [INFO ] [                ] [server.go:568                 ] [main                ] - Preparing server api &{Address:localhost:8049 TLS:<nil> Redirect:<nil> Auth:<nil> WhitelistSourceRange:[] WhiteList:<nil> Compress:false ProxyProtocol:<nil> ForwardedHeaders:0xc000806820} with readTimeout=0s writeTimeout=0s idleTimeout=3m0s
2020-03-25T19:22:55.949Z [jfrou] [INFO ] [                ] [server.go:524                 ] [main                ] - Starting server on localhost:8046
2020-03-25T19:22:55.949Z [jfrou] [INFO ] [                ] [server.go:568                 ] [main                ] - Preparing server external &{Address::8082 TLS:<nil> Redirect:<nil> Auth:<nil> WhitelistSourceRange:[] WhiteList:<nil> Compress:false ProxyProtocol:<nil> ForwardedHeaders:0xc000806860} with readTimeout=0s writeTimeout=0s idleTimeout=3m0s
2020-03-25T19:22:55.949Z [jfrou] [INFO ] [                ] [server.go:524                 ] [main                ] - Starting server on localhost:8049
2020-03-25T19:22:55.950Z [jfrou] [INFO ] [                ] [server.go:420                 ] [main                ] - Starting provider configuration.ProviderAggregator {}
2020-03-25T19:22:55.950Z [jfrou] [INFO ] [                ] [server.go:524                 ] [main                ] - Starting server on :8082
2020-03-25T19:22:55.950Z [jfrou] [INFO ] [                ] [provider_aggregator.go:103    ] [main                ] - Starting provider *file.Provider {"Watch":true,"Filename":"","Constraints":null,"Trace":false,"TemplateVersion":0,"DebugLogGeneratedTemplate":false,"Directory":"/opt/jfrog/artifactory/var/data/router/traefik/routes","TraefikFile":""}
2020-03-25T19:22:55.952Z [jfrou] [INFO ] [                ] [server_configuration.go:61    ] [main                ] - Server configuration reloaded on localhost:8046
2020-03-25T19:22:55.952Z [jfrou] [INFO ] [                ] [server_configuration.go:61    ] [main                ] - Server configuration reloaded on localhost:8049
2020-03-25T19:22:55.952Z [jfrou] [INFO ] [                ] [server_configuration.go:61    ] [main                ] - Server configuration reloaded on :8082
2020-03-25T19:22:57.952Z [jfrou] [INFO ] [                ] [server_configuration.go:61    ] [main                ] - Server configuration reloaded on localhost:8046
2020-03-25T19:22:57.952Z [jfrou] [INFO ] [                ] [server_configuration.go:61    ] [main                ] - Server configuration reloaded on localhost:8049
2020-03-25T19:22:57.952Z [jfrou] [INFO ] [                ] [server_configuration.go:61    ] [main                ] - Server configuration reloaded on :8082
2020-03-25T19:22:59.953Z [jfrou] [INFO ] [                ] [server_configuration.go:61    ] [main                ] - Server configuration reloaded on :8082
2020-03-25T19:22:59.953Z [jfrou] [INFO ] [                ] [server_configuration.go:61    ] [main                ] - Server configuration reloaded on localhost:8046
2020-03-25T19:22:59.953Z [jfrou] [INFO ] [                ] [server_configuration.go:61    ] [main                ] - Server configuration reloaded on localhost:8049
2020-03-25T19:23:01.954Z [jfrou] [INFO ] [                ] [server_configuration.go:61    ] [main                ] - Server configuration reloaded on localhost:8046
2020-03-25T19:23:01.954Z [jfrou] [INFO ] [                ] [server_configuration.go:61    ] [main                ] - Server configuration reloaded on localhost:8049
2020-03-25T19:23:01.954Z [jfrou] [INFO ] [                ] [server_configuration.go:61    ] [main                ] - Server configuration reloaded on :8082
2020-03-25T19:23:09.762Z [jfrou] [INFO ] [                ] [server_configuration.go:61    ] [main                ] - Server configuration reloaded on localhost:8046
2020-03-25T19:23:09.762Z [jfrou] [INFO ] [                ] [server_configuration.go:61    ] [main                ] - Server configuration reloaded on localhost:8049
2020-03-25T19:23:09.762Z [jfrou] [INFO ] [                ] [server_configuration.go:61    ] [main                ] - Server configuration reloaded on :8082
2020-03-25T19:23:16.039Z [jfrou] [INFO ] [                ] [server_configuration.go:61    ] [main                ] - Server configuration reloaded on localhost:8046
2020-03-25T19:23:16.040Z [jfrou] [INFO ] [                ] [server_configuration.go:61    ] [main                ] - Server configuration reloaded on localhost:8049
2020-03-25T19:23:16.040Z [jfrou] [INFO ] [                ] [server_configuration.go:61    ] [main                ] - Server configuration reloaded on :8082
2020-03-25T19:23:18.038Z [jfrou] [INFO ] [                ] [server_configuration.go:61    ] [main                ] - Server configuration reloaded on localhost:8046
2020-03-25T19:23:18.038Z [jfrou] [INFO ] [                ] [server_configuration.go:61    ] [main                ] - Server configuration reloaded on localhost:8049
2020-03-25T19:23:18.039Z [jfrou] [INFO ] [                ] [server_configuration.go:61    ] [main                ] - Server configuration reloaded on :8082
2020-03-25T19:25:41.330Z [jfrou] [INFO ] [                ] [server_configuration.go:61    ] [main                ] - Server configuration reloaded on localhost:8046
2020-03-25T19:25:41.330Z [jfrou] [INFO ] [                ] [server_configuration.go:61    ] [main                ] - Server configuration reloaded on localhost:8049
2020-03-25T19:25:41.331Z [jfrou] [INFO ] [                ] [server_configuration.go:61    ] [main                ] - Server configuration reloaded on :8082
2020-03-25T19:31:23.703Z [jfrou] [INFO ] [                ] [server.go:568                 ] [main                ] - Preparing server api &{Address:localhost:8049 TLS:<nil> Redirect:<nil> Auth:<nil> WhitelistSourceRange:[] WhiteList:<nil> Compress:false ProxyProtocol:<nil> ForwardedHeaders:0xc0006b72a0} with readTimeout=0s writeTimeout=0s idleTimeout=3m0s
2020-03-25T19:31:23.706Z [jfrou] [INFO ] [                ] [server.go:568                 ] [main                ] - Preparing server external &{Address::8082 TLS:<nil> Redirect:<nil> Auth:<nil> WhitelistSourceRange:[] WhiteList:<nil> Compress:false ProxyProtocol:<nil> ForwardedHeaders:0xc0006b72c0} with readTimeout=0s writeTimeout=0s idleTimeout=3m0s
2020-03-25T19:31:23.706Z [jfrou] [INFO ] [                ] [server.go:568                 ] [main                ] - Preparing server internal &{Address:localhost:8046 TLS:<nil> Redirect:<nil> Auth:<nil> WhitelistSourceRange:[] WhiteList:<nil> Compress:false ProxyProtocol:<nil> ForwardedHeaders:0xc0006b7280} with readTimeout=0s writeTimeout=0s idleTimeout=3m0s
2020-03-25T19:31:23.707Z [jfrou] [INFO ] [                ] [server.go:524                 ] [main                ] - Starting server on :8082
2020-03-25T19:31:23.708Z [jfrou] [INFO ] [                ] [server.go:420                 ] [main                ] - Starting provider configuration.ProviderAggregator {}
2020-03-25T19:31:23.708Z [jfrou] [INFO ] [                ] [server.go:524                 ] [main                ] - Starting server on localhost:8046
2020-03-25T19:31:23.708Z [jfrou] [INFO ] [                ] [server.go:524                 ] [main                ] - Starting server on localhost:8049
2020-03-25T19:31:23.710Z [jfrou] [INFO ] [                ] [provider_aggregator.go:103    ] [main                ] - Starting provider *file.Provider {"Watch":true,"Filename":"","Constraints":null,"Trace":false,"TemplateVersion":0,"DebugLogGeneratedTemplate":false,"Directory":"/opt/jfrog/artifactory/var/data/router/traefik/routes","TraefikFile":""}
2020-03-25T19:31:23.734Z [jfrou] [INFO ] [                ] [server_configuration.go:61    ] [main                ] - Server configuration reloaded on localhost:8046
2020-03-25T19:31:23.735Z [jfrou] [INFO ] [                ] [server_configuration.go:61    ] [main                ] - Server configuration reloaded on localhost:8049
2020-03-25T19:31:23.735Z [jfrou] [INFO ] [                ] [server_configuration.go:61    ] [main                ] - Server configuration reloaded on :8082
2020-03-25T19:31:25.727Z [jfrou] [INFO ] [                ] [server_configuration.go:61    ] [main                ] - Server configuration reloaded on localhost:8046
2020-03-25T19:31:25.727Z [jfrou] [INFO ] [                ] [server_configuration.go:61    ] [main                ] - Server configuration reloaded on localhost:8049
2020-03-25T19:31:25.727Z [jfrou] [INFO ] [                ] [server_configuration.go:61    ] [main                ] - Server configuration reloaded on :8082
2020-03-25T19:31:31.087Z [jfrou] [INFO ] [                ] [server_configuration.go:61    ] [main                ] - Server configuration reloaded on localhost:8049
2020-03-25T19:31:31.087Z [jfrou] [INFO ] [                ] [server_configuration.go:61    ] [main                ] - Server configuration reloaded on :8082
2020-03-25T19:31:31.087Z [jfrou] [INFO ] [                ] [server_configuration.go:61    ] [main                ] - Server configuration reloaded on localhost:8046
2020-03-25T19:31:33.088Z [jfrou] [INFO ] [                ] [server_configuration.go:61    ] [main                ] - Server configuration reloaded on localhost:8046
2020-03-25T19:31:33.088Z [jfrou] [INFO ] [                ] [server_configuration.go:61    ] [main                ] - Server configuration reloaded on localhost:8049
2020-03-25T19:31:33.088Z [jfrou] [INFO ] [                ] [server_configuration.go:61    ] [main                ] - Server configuration reloaded on :8082
2020-03-25T19:31:35.088Z [jfrou] [INFO ] [                ] [server_configuration.go:61    ] [main                ] - Server configuration reloaded on localhost:8049
2020-03-25T19:31:35.088Z [jfrou] [INFO ] [                ] [server_configuration.go:61    ] [main                ] - Server configuration reloaded on :8082
2020-03-25T19:31:35.088Z [jfrou] [INFO ] [                ] [server_configuration.go:61    ] [main                ] - Server configuration reloaded on localhost:8046
2020-03-25T19:31:46.290Z [jfrou] [INFO ] [                ] [server_configuration.go:61    ] [main                ] - Server configuration reloaded on localhost:8046
2020-03-25T19:31:46.291Z [jfrou] [INFO ] [                ] [server_configuration.go:61    ] [main                ] - Server configuration reloaded on localhost:8049
2020-03-25T19:31:46.291Z [jfrou] [INFO ] [                ] [server_configuration.go:61    ] [main                ] - Server configuration reloaded on :8082
2020-03-25T19:31:53.789Z [jfrou] [INFO ] [                ] [server_configuration.go:61    ] [main                ] - Server configuration reloaded on localhost:8046
2020-03-25T19:31:53.790Z [jfrou] [INFO ] [                ] [server_configuration.go:61    ] [main                ] - Server configuration reloaded on localhost:8049
2020-03-25T19:31:53.790Z [jfrou] [INFO ] [                ] [server_configuration.go:61    ] [main                ] - Server configuration reloaded on :8082
2020-03-25T19:31:56.779Z [jfrou] [INFO ] [                ] [server_configuration.go:61    ] [main                ] - Server configuration reloaded on localhost:8046
2020-03-25T19:31:56.779Z [jfrou] [INFO ] [                ] [server_configuration.go:61    ] [main                ] - Server configuration reloaded on localhost:8049
2020-03-25T19:31:56.780Z [jfrou] [INFO ] [                ] [server_configuration.go:61    ] [main                ] - Server configuration reloaded on :8082
2020-03-25T19:37:19.740Z [jfrou] [INFO ] [                ] [server.go:568                 ] [main                ] - Preparing server internal &{Address:localhost:8046 TLS:<nil> Redirect:<nil> Auth:<nil> WhitelistSourceRange:[] WhiteList:<nil> Compress:false ProxyProtocol:<nil> ForwardedHeaders:0xc0008f9160} with readTimeout=0s writeTimeout=0s idleTimeout=3m0s
2020-03-25T19:37:19.743Z [jfrou] [INFO ] [                ] [server.go:568                 ] [main                ] - Preparing server api &{Address:localhost:8049 TLS:<nil> Redirect:<nil> Auth:<nil> WhitelistSourceRange:[] WhiteList:<nil> Compress:false ProxyProtocol:<nil> ForwardedHeaders:0xc0008f9180} with readTimeout=0s writeTimeout=0s idleTimeout=3m0s
2020-03-25T19:37:19.744Z [jfrou] [INFO ] [                ] [server.go:524                 ] [main                ] - Starting server on localhost:8046
2020-03-25T19:37:19.747Z [jfrou] [INFO ] [                ] [server.go:568                 ] [main                ] - Preparing server external &{Address::8082 TLS:<nil> Redirect:<nil> Auth:<nil> WhitelistSourceRange:[] WhiteList:<nil> Compress:false ProxyProtocol:<nil> ForwardedHeaders:0xc0008f91a0} with readTimeout=0s writeTimeout=0s idleTimeout=3m0s
2020-03-25T19:37:19.748Z [jfrou] [INFO ] [                ] [server.go:524                 ] [main                ] - Starting server on localhost:8049
2020-03-25T19:37:19.749Z [jfrou] [INFO ] [                ] [server.go:524                 ] [main                ] - Starting server on :8082
2020-03-25T19:37:19.750Z [jfrou] [INFO ] [                ] [server.go:420                 ] [main                ] - Starting provider configuration.ProviderAggregator {}
2020-03-25T19:37:19.751Z [jfrou] [INFO ] [                ] [provider_aggregator.go:103    ] [main                ] - Starting provider *file.Provider {"Watch":true,"Filename":"","Constraints":null,"Trace":false,"TemplateVersion":0,"DebugLogGeneratedTemplate":false,"Directory":"/opt/jfrog/artifactory/var/data/router/traefik/routes","TraefikFile":""}
2020-03-25T19:37:19.760Z [jfrou] [INFO ] [                ] [server_configuration.go:61    ] [main                ] - Server configuration reloaded on localhost:8046
2020-03-25T19:37:19.760Z [jfrou] [INFO ] [                ] [server_configuration.go:61    ] [main                ] - Server configuration reloaded on localhost:8049
2020-03-25T19:37:19.761Z [jfrou] [INFO ] [                ] [server_configuration.go:61    ] [main                ] - Server configuration reloaded on :8082
2020-03-25T19:37:21.758Z [jfrou] [INFO ] [                ] [server_configuration.go:61    ] [main                ] - Server configuration reloaded on localhost:8046
2020-03-25T19:37:21.758Z [jfrou] [INFO ] [                ] [server_configuration.go:61    ] [main                ] - Server configuration reloaded on localhost:8049
2020-03-25T19:37:21.759Z [jfrou] [INFO ] [                ] [server_configuration.go:61    ] [main                ] - Server configuration reloaded on :8082
2020-03-25T19:37:23.317Z [jfrou] [INFO ] [                ] [server_configuration.go:319   ] [main                ] - Skipping same configuration for provider file
2020-03-25T19:37:25.120Z [jfrou] [INFO ] [                ] [server_configuration.go:319   ] [main                ] - Skipping same configuration for provider file
2020-03-25T19:37:30.723Z [jfrou] [INFO ] [                ] [server_configuration.go:319   ] [main                ] - Skipping same configuration for provider file
2020-03-25T19:37:39.782Z [jfrou] [INFO ] [                ] [server_configuration.go:61    ] [main                ] - Server configuration reloaded on localhost:8049
2020-03-25T19:37:39.782Z [jfrou] [INFO ] [                ] [server_configuration.go:61    ] [main                ] - Server configuration reloaded on :8082
2020-03-25T19:37:39.782Z [jfrou] [INFO ] [                ] [server_configuration.go:61    ] [main                ] - Server configuration reloaded on localhost:8046
2020-03-25T19:37:41.777Z [jfrou] [INFO ] [                ] [server_configuration.go:61    ] [main                ] - Server configuration reloaded on localhost:8046
2020-03-25T19:37:41.777Z [jfrou] [INFO ] [                ] [server_configuration.go:61    ] [main                ] - Server configuration reloaded on localhost:8049
2020-03-25T19:37:41.777Z [jfrou] [INFO ] [                ] [server_configuration.go:61    ] [main                ] - Server configuration reloaded on :8082
2020-03-25T20:54:47.531Z [jfrou] [INFO ] [                ] [server.go:568                 ] [main                ] - Preparing server external &{Address::8082 TLS:<nil> Redirect:<nil> Auth:<nil> WhitelistSourceRange:[] WhiteList:<nil> Compress:false ProxyProtocol:<nil> ForwardedHeaders:0xc0005a8960} with readTimeout=0s writeTimeout=0s idleTimeout=3m0s
2020-03-25T20:54:47.534Z [jfrou] [INFO ] [                ] [server.go:568                 ] [main                ] - Preparing server internal &{Address:localhost:8046 TLS:<nil> Redirect:<nil> Auth:<nil> WhitelistSourceRange:[] WhiteList:<nil> Compress:false ProxyProtocol:<nil> ForwardedHeaders:0xc0005a8920} with readTimeout=0s writeTimeout=0s idleTimeout=3m0s
2020-03-25T20:54:47.534Z [jfrou] [INFO ] [                ] [server.go:568                 ] [main                ] - Preparing server api &{Address:localhost:8049 TLS:<nil> Redirect:<nil> Auth:<nil> WhitelistSourceRange:[] WhiteList:<nil> Compress:false ProxyProtocol:<nil> ForwardedHeaders:0xc0005a8940} with readTimeout=0s writeTimeout=0s idleTimeout=3m0s
2020-03-25T20:54:47.534Z [jfrou] [INFO ] [                ] [server.go:524                 ] [main                ] - Starting server on :8082
2020-03-25T20:54:47.534Z [jfrou] [INFO ] [                ] [server.go:524                 ] [main                ] - Starting server on localhost:8046
2020-03-25T20:54:47.537Z [jfrou] [INFO ] [                ] [server.go:524                 ] [main                ] - Starting server on localhost:8049
2020-03-25T20:54:47.537Z [jfrou] [INFO ] [                ] [server.go:420                 ] [main                ] - Starting provider configuration.ProviderAggregator {}
2020-03-25T20:54:47.538Z [jfrou] [INFO ] [                ] [provider_aggregator.go:103    ] [main                ] - Starting provider *file.Provider {"Watch":true,"Filename":"","Constraints":null,"Trace":false,"TemplateVersion":0,"DebugLogGeneratedTemplate":false,"Directory":"/opt/jfrog/artifactory/var/data/router/traefik/routes","TraefikFile":""}
2020-03-25T20:54:47.557Z [jfrou] [INFO ] [                ] [server_configuration.go:61    ] [main                ] - Server configuration reloaded on localhost:8049
2020-03-25T20:54:47.557Z [jfrou] [INFO ] [                ] [server_configuration.go:61    ] [main                ] - Server configuration reloaded on :8082
2020-03-25T20:54:47.557Z [jfrou] [INFO ] [                ] [server_configuration.go:61    ] [main                ] - Server configuration reloaded on localhost:8046
2020-03-25T20:54:49.548Z [jfrou] [INFO ] [                ] [server_configuration.go:61    ] [main                ] - Server configuration reloaded on localhost:8046
2020-03-25T20:54:49.548Z [jfrou] [INFO ] [                ] [server_configuration.go:61    ] [main                ] - Server configuration reloaded on localhost:8049
2020-03-25T20:54:49.548Z [jfrou] [INFO ] [                ] [server_configuration.go:61    ] [main                ] - Server configuration reloaded on :8082
2020-03-25T20:54:54.352Z [jfrou] [INFO ] [                ] [server_configuration.go:319   ] [main                ] - Skipping same configuration for provider file
2020-03-25T20:54:57.625Z [jfrou] [INFO ] [                ] [server_configuration.go:319   ] [main                ] - Skipping same configuration for provider file
2020-03-25T20:55:02.658Z [jfrou] [INFO ] [                ] [server_configuration.go:61    ] [main                ] - Server configuration reloaded on localhost:8046
2020-03-25T20:55:02.671Z [jfrou] [INFO ] [                ] [server_configuration.go:61    ] [main                ] - Server configuration reloaded on localhost:8049
2020-03-25T20:55:02.671Z [jfrou] [INFO ] [                ] [server_configuration.go:61    ] [main                ] - Server configuration reloaded on :8082
2020-03-25T20:55:05.579Z [jfrou] [INFO ] [                ] [server_configuration.go:61    ] [main                ] - Server configuration reloaded on localhost:8049
2020-03-25T20:55:05.579Z [jfrou] [INFO ] [                ] [server_configuration.go:61    ] [main                ] - Server configuration reloaded on :8082
2020-03-25T20:55:05.579Z [jfrou] [INFO ] [                ] [server_configuration.go:61    ] [main                ] - Server configuration reloaded on localhost:8046
2020-03-25T21:23:19.058Z [jfrou] [INFO ] [                ] [server_configuration.go:61    ] [main                ] - Server configuration reloaded on :8082
2020-03-25T21:23:19.059Z [jfrou] [INFO ] [                ] [server_configuration.go:61    ] [main                ] - Server configuration reloaded on localhost:8046
2020-03-25T21:23:19.059Z [jfrou] [INFO ] [                ] [server_configuration.go:61    ] [main                ] - Server configuration reloaded on localhost:8049
2020-03-26T08:02:21.662Z [jfrou] [INFO ] [                ] [server.go:568                 ] [main                ] - Preparing server internal &{Address:localhost:8046 TLS:<nil> Redirect:<nil> Auth:<nil> WhitelistSourceRange:[] WhiteList:<nil> Compress:false ProxyProtocol:<nil> ForwardedHeaders:0xc000650660} with readTimeout=0s writeTimeout=0s idleTimeout=3m0s
2020-03-26T08:02:21.670Z [jfrou] [INFO ] [                ] [server.go:568                 ] [main                ] - Preparing server api &{Address:localhost:8049 TLS:<nil> Redirect:<nil> Auth:<nil> WhitelistSourceRange:[] WhiteList:<nil> Compress:false ProxyProtocol:<nil> ForwardedHeaders:0xc000650680} with readTimeout=0s writeTimeout=0s idleTimeout=3m0s
2020-03-26T08:02:21.671Z [jfrou] [INFO ] [                ] [server.go:524                 ] [main                ] - Starting server on localhost:8046
2020-03-26T08:02:21.680Z [jfrou] [INFO ] [                ] [server.go:568                 ] [main                ] - Preparing server external &{Address::8082 TLS:<nil> Redirect:<nil> Auth:<nil> WhitelistSourceRange:[] WhiteList:<nil> Compress:false ProxyProtocol:<nil> ForwardedHeaders:0xc0006506a0} with readTimeout=0s writeTimeout=0s idleTimeout=3m0s
2020-03-26T08:02:21.680Z [jfrou] [INFO ] [                ] [server.go:524                 ] [main                ] - Starting server on localhost:8049
2020-03-26T08:02:21.680Z [jfrou] [INFO ] [                ] [server.go:524                 ] [main                ] - Starting server on :8082
2020-03-26T08:02:21.680Z [jfrou] [INFO ] [                ] [server.go:420                 ] [main                ] - Starting provider configuration.ProviderAggregator {}
2020-03-26T08:02:21.681Z [jfrou] [INFO ] [                ] [provider_aggregator.go:103    ] [main                ] - Starting provider *file.Provider {"Watch":true,"Filename":"","Constraints":null,"Trace":false,"TemplateVersion":0,"DebugLogGeneratedTemplate":false,"Directory":"/opt/jfrog/artifactory/var/data/router/traefik/routes","TraefikFile":""}
2020-03-26T08:02:21.700Z [jfrou] [INFO ] [                ] [server_configuration.go:61    ] [main                ] - Server configuration reloaded on localhost:8049
2020-03-26T08:02:21.700Z [jfrou] [INFO ] [                ] [server_configuration.go:61    ] [main                ] - Server configuration reloaded on :8082
2020-03-26T08:02:21.700Z [jfrou] [INFO ] [                ] [server_configuration.go:61    ] [main                ] - Server configuration reloaded on localhost:8046
2020-03-26T08:02:23.692Z [jfrou] [INFO ] [                ] [server_configuration.go:61    ] [main                ] - Server configuration reloaded on localhost:8046
2020-03-26T08:02:23.693Z [jfrou] [INFO ] [                ] [server_configuration.go:61    ] [main                ] - Server configuration reloaded on localhost:8049
2020-03-26T08:02:23.693Z [jfrou] [INFO ] [                ] [server_configuration.go:61    ] [main                ] - Server configuration reloaded on :8082
2020-03-26T08:02:27.293Z [jfrou] [INFO ] [                ] [server_configuration.go:61    ] [main                ] - Server configuration reloaded on localhost:8049
2020-03-26T08:02:27.293Z [jfrou] [INFO ] [                ] [server_configuration.go:61    ] [main                ] - Server configuration reloaded on :8082
2020-03-26T08:02:27.293Z [jfrou] [INFO ] [                ] [server_configuration.go:61    ] [main                ] - Server configuration reloaded on localhost:8046
2020-03-26T08:02:29.293Z [jfrou] [INFO ] [                ] [server_configuration.go:61    ] [main                ] - Server configuration reloaded on localhost:8046
2020-03-26T08:02:29.293Z [jfrou] [INFO ] [                ] [server_configuration.go:61    ] [main                ] - Server configuration reloaded on localhost:8049
2020-03-26T08:02:29.293Z [jfrou] [INFO ] [                ] [server_configuration.go:61    ] [main                ] - Server configuration reloaded on :8082
2020-03-26T08:02:37.255Z [jfrou] [INFO ] [                ] [server_configuration.go:61    ] [main                ] - Server configuration reloaded on localhost:8049
2020-03-26T08:02:37.255Z [jfrou] [INFO ] [                ] [server_configuration.go:61    ] [main                ] - Server configuration reloaded on :8082
2020-03-26T08:02:37.255Z [jfrou] [INFO ] [                ] [server_configuration.go:61    ] [main                ] - Server configuration reloaded on localhost:8046
2020-03-26T08:02:41.795Z [jfrou] [INFO ] [                ] [server_configuration.go:61    ] [main                ] - Server configuration reloaded on localhost:8046
2020-03-26T08:02:41.795Z [jfrou] [INFO ] [                ] [server_configuration.go:61    ] [main                ] - Server configuration reloaded on localhost:8049
2020-03-26T08:02:41.795Z [jfrou] [INFO ] [                ] [server_configuration.go:61    ] [main                ] - Server configuration reloaded on :8082
2020-03-26T08:02:43.802Z [jfrou] [INFO ] [                ] [server_configuration.go:61    ] [main                ] - Server configuration reloaded on localhost:8046
2020-03-26T08:02:43.802Z [jfrou] [INFO ] [                ] [server_configuration.go:61    ] [main                ] - Server configuration reloaded on localhost:8049
2020-03-26T08:02:43.802Z [jfrou] [INFO ] [                ] [server_configuration.go:61    ] [main                ] - Server configuration reloaded on :8082
2020-03-26T11:48:22.736Z [jfrou] [INFO ] [                ] [server.go:568                 ] [main                ] - Preparing server api &{Address:localhost:8049 TLS:<nil> Redirect:<nil> Auth:<nil> WhitelistSourceRange:[] WhiteList:<nil> Compress:false ProxyProtocol:<nil> ForwardedHeaders:0xc000b058e0} with readTimeout=0s writeTimeout=0s idleTimeout=3m0s
2020-03-26T11:48:22.770Z [jfrou] [INFO ] [                ] [server.go:568                 ] [main                ] - Preparing server external &{Address::8082 TLS:<nil> Redirect:<nil> Auth:<nil> WhitelistSourceRange:[] WhiteList:<nil> Compress:false ProxyProtocol:<nil> ForwardedHeaders:0xc000b05900} with readTimeout=0s writeTimeout=0s idleTimeout=3m0s
2020-03-26T11:48:22.771Z [jfrou] [INFO ] [                ] [server.go:568                 ] [main                ] - Preparing server internal &{Address:localhost:8046 TLS:<nil> Redirect:<nil> Auth:<nil> WhitelistSourceRange:[] WhiteList:<nil> Compress:false ProxyProtocol:<nil> ForwardedHeaders:0xc000b058c0} with readTimeout=0s writeTimeout=0s idleTimeout=3m0s
2020-03-26T11:48:22.775Z [jfrou] [INFO ] [                ] [server.go:524                 ] [main                ] - Starting server on localhost:8049
2020-03-26T11:48:22.775Z [jfrou] [INFO ] [                ] [server.go:524                 ] [main                ] - Starting server on :8082
2020-03-26T11:48:22.779Z [jfrou] [INFO ] [                ] [server.go:420                 ] [main                ] - Starting provider configuration.ProviderAggregator {}
2020-03-26T11:48:22.779Z [jfrou] [INFO ] [                ] [server.go:524                 ] [main                ] - Starting server on localhost:8046
2020-03-26T11:48:22.796Z [jfrou] [INFO ] [                ] [provider_aggregator.go:103    ] [main                ] - Starting provider *file.Provider {"Watch":true,"Filename":"","Constraints":null,"Trace":false,"TemplateVersion":0,"DebugLogGeneratedTemplate":false,"Directory":"/opt/jfrog/artifactory/var/data/router/traefik/routes","TraefikFile":""}
2020-03-26T11:48:22.850Z [jfrou] [INFO ] [                ] [server_configuration.go:61    ] [main                ] - Server configuration reloaded on :8082
2020-03-26T11:48:22.850Z [jfrou] [INFO ] [                ] [server_configuration.go:61    ] [main                ] - Server configuration reloaded on localhost:8046
2020-03-26T11:48:22.851Z [jfrou] [INFO ] [                ] [server_configuration.go:61    ] [main                ] - Server configuration reloaded on localhost:8049
2020-03-26T11:48:24.831Z [jfrou] [INFO ] [                ] [server_configuration.go:61    ] [main                ] - Server configuration reloaded on localhost:8046
2020-03-26T11:48:24.831Z [jfrou] [INFO ] [                ] [server_configuration.go:61    ] [main                ] - Server configuration reloaded on localhost:8049
2020-03-26T11:48:24.831Z [jfrou] [INFO ] [                ] [server_configuration.go:61    ] [main                ] - Server configuration reloaded on :8082
2020-03-26T11:48:27.986Z [jfrou] [INFO ] [                ] [server_configuration.go:61    ] [main                ] - Server configuration reloaded on :8082
2020-03-26T11:48:27.986Z [jfrou] [INFO ] [                ] [server_configuration.go:61    ] [main                ] - Server configuration reloaded on localhost:8046
2020-03-26T11:48:27.986Z [jfrou] [INFO ] [                ] [server_configuration.go:61    ] [main                ] - Server configuration reloaded on localhost:8049
2020-03-26T11:48:29.991Z [jfrou] [INFO ] [                ] [server_configuration.go:61    ] [main                ] - Server configuration reloaded on :8082
2020-03-26T11:48:29.991Z [jfrou] [INFO ] [                ] [server_configuration.go:61    ] [main                ] - Server configuration reloaded on localhost:8046
2020-03-26T11:48:29.992Z [jfrou] [INFO ] [                ] [server_configuration.go:61    ] [main                ] - Server configuration reloaded on localhost:8049
2020-03-26T11:48:32.005Z [jfrou] [INFO ] [                ] [server_configuration.go:61    ] [main                ] - Server configuration reloaded on localhost:8049
2020-03-26T11:48:32.005Z [jfrou] [INFO ] [                ] [server_configuration.go:61    ] [main                ] - Server configuration reloaded on :8082
2020-03-26T11:48:32.006Z [jfrou] [INFO ] [                ] [server_configuration.go:61    ] [main                ] - Server configuration reloaded on localhost:8046
2020-03-26T11:48:39.834Z [jfrou] [INFO ] [                ] [server_configuration.go:61    ] [main                ] - Server configuration reloaded on localhost:8049
2020-03-26T11:48:39.836Z [jfrou] [INFO ] [                ] [server_configuration.go:61    ] [main                ] - Server configuration reloaded on :8082
2020-03-26T11:48:39.836Z [jfrou] [INFO ] [                ] [server_configuration.go:61    ] [main                ] - Server configuration reloaded on localhost:8046
2020-03-26T11:48:47.979Z [jfrou] [INFO ] [                ] [server_configuration.go:61    ] [main                ] - Server configuration reloaded on localhost:8046
2020-03-26T11:48:47.979Z [jfrou] [INFO ] [                ] [server_configuration.go:61    ] [main                ] - Server configuration reloaded on localhost:8049
2020-03-26T11:48:47.979Z [jfrou] [INFO ] [                ] [server_configuration.go:61    ] [main                ] - Server configuration reloaded on :8082
2020-03-26T11:48:50.053Z [jfrou] [INFO ] [                ] [server_configuration.go:61    ] [main                ] - Server configuration reloaded on localhost:8049
2020-03-26T11:48:50.055Z [jfrou] [INFO ] [                ] [server_configuration.go:61    ] [main                ] - Server configuration reloaded on :8082
2020-03-26T11:48:50.055Z [jfrou] [INFO ] [                ] [server_configuration.go:61    ] [main                ] - Server configuration reloaded on localhost:8046
2020-03-26T11:51:39.339Z [jfrou] [INFO ] [                ] [server.go:568                 ] [main                ] - Preparing server api &{Address:localhost:8049 TLS:<nil> Redirect:<nil> Auth:<nil> WhitelistSourceRange:[] WhiteList:<nil> Compress:false ProxyProtocol:<nil> ForwardedHeaders:0xc0006f6680} with readTimeout=0s writeTimeout=0s idleTimeout=3m0s
2020-03-26T11:51:39.359Z [jfrou] [INFO ] [                ] [server.go:568                 ] [main                ] - Preparing server external &{Address::8082 TLS:<nil> Redirect:<nil> Auth:<nil> WhitelistSourceRange:[] WhiteList:<nil> Compress:false ProxyProtocol:<nil> ForwardedHeaders:0xc0006f6640} with readTimeout=0s writeTimeout=0s idleTimeout=3m0s
2020-03-26T11:51:39.359Z [jfrou] [INFO ] [                ] [server.go:568                 ] [main                ] - Preparing server internal &{Address:localhost:8046 TLS:<nil> Redirect:<nil> Auth:<nil> WhitelistSourceRange:[] WhiteList:<nil> Compress:false ProxyProtocol:<nil> ForwardedHeaders:0xc0006f6660} with readTimeout=0s writeTimeout=0s idleTimeout=3m0s
2020-03-26T11:51:39.359Z [jfrou] [INFO ] [                ] [server.go:524                 ] [main                ] - Starting server on localhost:8049
2020-03-26T11:51:39.359Z [jfrou] [INFO ] [                ] [server.go:524                 ] [main                ] - Starting server on :8082
2020-03-26T11:51:39.360Z [jfrou] [INFO ] [                ] [server.go:524                 ] [main                ] - Starting server on localhost:8046
2020-03-26T11:51:39.361Z [jfrou] [INFO ] [                ] [server.go:420                 ] [main                ] - Starting provider configuration.ProviderAggregator {}
2020-03-26T11:51:39.362Z [jfrou] [INFO ] [                ] [provider_aggregator.go:103    ] [main                ] - Starting provider *file.Provider {"Watch":true,"Filename":"","Constraints":null,"Trace":false,"TemplateVersion":0,"DebugLogGeneratedTemplate":false,"Directory":"/opt/jfrog/artifactory/var/data/router/traefik/routes","TraefikFile":""}
2020-03-26T11:51:39.369Z [jfrou] [INFO ] [                ] [server_configuration.go:61    ] [main                ] - Server configuration reloaded on :8082
2020-03-26T11:51:39.369Z [jfrou] [INFO ] [                ] [server_configuration.go:61    ] [main                ] - Server configuration reloaded on localhost:8046
2020-03-26T11:51:39.369Z [jfrou] [INFO ] [                ] [server_configuration.go:61    ] [main                ] - Server configuration reloaded on localhost:8049
2020-03-26T11:51:41.367Z [jfrou] [INFO ] [                ] [server_configuration.go:61    ] [main                ] - Server configuration reloaded on localhost:8046
2020-03-26T11:51:41.367Z [jfrou] [INFO ] [                ] [server_configuration.go:61    ] [main                ] - Server configuration reloaded on localhost:8049
2020-03-26T11:51:41.367Z [jfrou] [INFO ] [                ] [server_configuration.go:61    ] [main                ] - Server configuration reloaded on :8082
2020-03-26T11:51:41.932Z [jfrou] [INFO ] [                ] [server_configuration.go:319   ] [main                ] - Skipping same configuration for provider file
2020-03-26T11:51:49.762Z [jfrou] [INFO ] [                ] [server_configuration.go:319   ] [main                ] - Skipping same configuration for provider file
2020-03-26T11:51:54.455Z [jfrou] [INFO ] [                ] [server_configuration.go:61    ] [main                ] - Server configuration reloaded on localhost:8049
2020-03-26T11:51:54.455Z [jfrou] [INFO ] [                ] [server_configuration.go:61    ] [main                ] - Server configuration reloaded on :8082
2020-03-26T11:51:54.456Z [jfrou] [INFO ] [                ] [server_configuration.go:61    ] [main                ] - Server configuration reloaded on localhost:8046
2020-03-26T11:51:57.400Z [jfrou] [INFO ] [                ] [server_configuration.go:61    ] [main                ] - Server configuration reloaded on :8082
2020-03-26T11:51:57.400Z [jfrou] [INFO ] [                ] [server_configuration.go:61    ] [main                ] - Server configuration reloaded on localhost:8046
2020-03-26T11:51:57.400Z [jfrou] [INFO ] [                ] [server_configuration.go:61    ] [main                ] - Server configuration reloaded on localhost:8049
2020-03-26T11:59:37.884Z [jfrou] [INFO ] [                ] [server.go:568                 ] [main                ] - Preparing server external &{Address::8082 TLS:<nil> Redirect:<nil> Auth:<nil> WhitelistSourceRange:[] WhiteList:<nil> Compress:false ProxyProtocol:<nil> ForwardedHeaders:0xc0009a8f00} with readTimeout=0s writeTimeout=0s idleTimeout=3m0s
2020-03-26T11:59:37.891Z [jfrou] [INFO ] [                ] [server.go:568                 ] [main                ] - Preparing server internal &{Address:localhost:8046 TLS:<nil> Redirect:<nil> Auth:<nil> WhitelistSourceRange:[] WhiteList:<nil> Compress:false ProxyProtocol:<nil> ForwardedHeaders:0xc0009a8ec0} with readTimeout=0s writeTimeout=0s idleTimeout=3m0s
2020-03-26T11:59:37.892Z [jfrou] [INFO ] [                ] [server.go:568                 ] [main                ] - Preparing server api &{Address:localhost:8049 TLS:<nil> Redirect:<nil> Auth:<nil> WhitelistSourceRange:[] WhiteList:<nil> Compress:false ProxyProtocol:<nil> ForwardedHeaders:0xc0009a8ee0} with readTimeout=0s writeTimeout=0s idleTimeout=3m0s
2020-03-26T11:59:37.892Z [jfrou] [INFO ] [                ] [server.go:420                 ] [main                ] - Starting provider configuration.ProviderAggregator {}
2020-03-26T11:59:37.892Z [jfrou] [INFO ] [                ] [server.go:524                 ] [main                ] - Starting server on :8082
2020-03-26T11:59:37.892Z [jfrou] [INFO ] [                ] [server.go:524                 ] [main                ] - Starting server on localhost:8046
2020-03-26T11:59:37.892Z [jfrou] [INFO ] [                ] [server.go:524                 ] [main                ] - Starting server on localhost:8049
2020-03-26T11:59:37.900Z [jfrou] [INFO ] [                ] [provider_aggregator.go:103    ] [main                ] - Starting provider *file.Provider {"Watch":true,"Filename":"","Constraints":null,"Trace":false,"TemplateVersion":0,"DebugLogGeneratedTemplate":false,"Directory":"/opt/jfrog/artifactory/var/data/router/traefik/routes","TraefikFile":""}
2020-03-26T11:59:37.908Z [jfrou] [INFO ] [                ] [server_configuration.go:61    ] [main                ] - Server configuration reloaded on localhost:8049
2020-03-26T11:59:37.908Z [jfrou] [INFO ] [                ] [server_configuration.go:61    ] [main                ] - Server configuration reloaded on :8082
2020-03-26T11:59:37.908Z [jfrou] [INFO ] [                ] [server_configuration.go:61    ] [main                ] - Server configuration reloaded on localhost:8046
2020-03-26T11:59:39.902Z [jfrou] [INFO ] [                ] [server_configuration.go:61    ] [main                ] - Server configuration reloaded on localhost:8049
2020-03-26T11:59:39.902Z [jfrou] [INFO ] [                ] [server_configuration.go:61    ] [main                ] - Server configuration reloaded on :8082
2020-03-26T11:59:39.902Z [jfrou] [INFO ] [                ] [server_configuration.go:61    ] [main                ] - Server configuration reloaded on localhost:8046
2020-03-26T11:59:41.902Z [jfrou] [INFO ] [                ] [server_configuration.go:61    ] [main                ] - Server configuration reloaded on :8082
2020-03-26T11:59:41.902Z [jfrou] [INFO ] [                ] [server_configuration.go:61    ] [main                ] - Server configuration reloaded on localhost:8046
2020-03-26T11:59:41.902Z [jfrou] [INFO ] [                ] [server_configuration.go:61    ] [main                ] - Server configuration reloaded on localhost:8049
2020-03-26T11:59:43.902Z [jfrou] [INFO ] [                ] [server_configuration.go:61    ] [main                ] - Server configuration reloaded on localhost:8049
2020-03-26T11:59:43.902Z [jfrou] [INFO ] [                ] [server_configuration.go:61    ] [main                ] - Server configuration reloaded on :8082
2020-03-26T11:59:43.902Z [jfrou] [INFO ] [                ] [server_configuration.go:61    ] [main                ] - Server configuration reloaded on localhost:8046
2020-03-26T11:59:50.826Z [jfrou] [INFO ] [                ] [server_configuration.go:61    ] [main                ] - Server configuration reloaded on :8082
2020-03-26T11:59:50.826Z [jfrou] [INFO ] [                ] [server_configuration.go:61    ] [main                ] - Server configuration reloaded on localhost:8046
2020-03-26T11:59:50.826Z [jfrou] [INFO ] [                ] [server_configuration.go:61    ] [main                ] - Server configuration reloaded on localhost:8049
2020-03-26T11:59:57.933Z [jfrou] [INFO ] [                ] [server_configuration.go:61    ] [main                ] - Server configuration reloaded on localhost:8049
2020-03-26T11:59:57.933Z [jfrou] [INFO ] [                ] [server_configuration.go:61    ] [main                ] - Server configuration reloaded on :8082
2020-03-26T11:59:57.933Z [jfrou] [INFO ] [                ] [server_configuration.go:61    ] [main                ] - Server configuration reloaded on localhost:8046
2020-03-26T11:59:59.938Z [jfrou] [INFO ] [                ] [server_configuration.go:61    ] [main                ] - Server configuration reloaded on localhost:8046
2020-03-26T11:59:59.939Z [jfrou] [INFO ] [                ] [server_configuration.go:61    ] [main                ] - Server configuration reloaded on localhost:8049
2020-03-26T11:59:59.939Z [jfrou] [INFO ] [                ] [server_configuration.go:61    ] [main                ] - Server configuration reloaded on :8082
2020-03-26T12:14:54.537Z [jfrou] [INFO ] [                ] [server.go:568                 ] [main                ] - Preparing server internal &{Address:localhost:8046 TLS:<nil> Redirect:<nil> Auth:<nil> WhitelistSourceRange:[] WhiteList:<nil> Compress:false ProxyProtocol:<nil> ForwardedHeaders:0xc000847a20} with readTimeout=0s writeTimeout=0s idleTimeout=3m0s
2020-03-26T12:14:54.541Z [jfrou] [INFO ] [                ] [server.go:568                 ] [main                ] - Preparing server api &{Address:localhost:8049 TLS:<nil> Redirect:<nil> Auth:<nil> WhitelistSourceRange:[] WhiteList:<nil> Compress:false ProxyProtocol:<nil> ForwardedHeaders:0xc000847a40} with readTimeout=0s writeTimeout=0s idleTimeout=3m0s
2020-03-26T12:14:54.542Z [jfrou] [INFO ] [                ] [server.go:568                 ] [main                ] - Preparing server external &{Address::8082 TLS:<nil> Redirect:<nil> Auth:<nil> WhitelistSourceRange:[] WhiteList:<nil> Compress:false ProxyProtocol:<nil> ForwardedHeaders:0xc000847a80} with readTimeout=0s writeTimeout=0s idleTimeout=3m0s
2020-03-26T12:14:54.542Z [jfrou] [INFO ] [                ] [server.go:524                 ] [main                ] - Starting server on localhost:8046
2020-03-26T12:14:54.542Z [jfrou] [INFO ] [                ] [server.go:524                 ] [main                ] - Starting server on localhost:8049
2020-03-26T12:14:54.542Z [jfrou] [INFO ] [                ] [server.go:524                 ] [main                ] - Starting server on :8082
2020-03-26T12:14:54.542Z [jfrou] [INFO ] [                ] [server.go:420                 ] [main                ] - Starting provider configuration.ProviderAggregator {}
2020-03-26T12:14:54.544Z [jfrou] [INFO ] [                ] [provider_aggregator.go:103    ] [main                ] - Starting provider *file.Provider {"Watch":true,"Filename":"","Constraints":null,"Trace":false,"TemplateVersion":0,"DebugLogGeneratedTemplate":false,"Directory":"/opt/jfrog/artifactory/var/data/router/traefik/routes","TraefikFile":""}
2020-03-26T12:14:54.563Z [jfrou] [INFO ] [                ] [server_configuration.go:61    ] [main                ] - Server configuration reloaded on localhost:8049
2020-03-26T12:14:54.563Z [jfrou] [INFO ] [                ] [server_configuration.go:61    ] [main                ] - Server configuration reloaded on :8082
2020-03-26T12:14:54.563Z [jfrou] [INFO ] [                ] [server_configuration.go:61    ] [main                ] - Server configuration reloaded on localhost:8046
2020-03-26T12:14:56.559Z [jfrou] [INFO ] [                ] [server_configuration.go:61    ] [main                ] - Server configuration reloaded on localhost:8046
2020-03-26T12:14:56.559Z [jfrou] [INFO ] [                ] [server_configuration.go:61    ] [main                ] - Server configuration reloaded on localhost:8049
2020-03-26T12:14:56.560Z [jfrou] [INFO ] [                ] [server_configuration.go:61    ] [main                ] - Server configuration reloaded on :8082
2020-03-26T12:14:58.560Z [jfrou] [INFO ] [                ] [server_configuration.go:61    ] [main                ] - Server configuration reloaded on localhost:8046
2020-03-26T12:14:58.560Z [jfrou] [INFO ] [                ] [server_configuration.go:61    ] [main                ] - Server configuration reloaded on localhost:8049
2020-03-26T12:14:58.560Z [jfrou] [INFO ] [                ] [server_configuration.go:61    ] [main                ] - Server configuration reloaded on :8082
2020-03-26T12:15:00.560Z [jfrou] [INFO ] [                ] [server_configuration.go:61    ] [main                ] - Server configuration reloaded on localhost:8046
2020-03-26T12:15:00.560Z [jfrou] [INFO ] [                ] [server_configuration.go:61    ] [main                ] - Server configuration reloaded on localhost:8049
2020-03-26T12:15:00.561Z [jfrou] [INFO ] [                ] [server_configuration.go:61    ] [main                ] - Server configuration reloaded on :8082
2020-03-26T12:15:06.934Z [jfrou] [INFO ] [                ] [server_configuration.go:61    ] [main                ] - Server configuration reloaded on localhost:8049
2020-03-26T12:15:06.934Z [jfrou] [INFO ] [                ] [server_configuration.go:61    ] [main                ] - Server configuration reloaded on :8082
2020-03-26T12:15:06.934Z [jfrou] [INFO ] [                ] [server_configuration.go:61    ] [main                ] - Server configuration reloaded on localhost:8046
2020-03-26T12:15:14.590Z [jfrou] [INFO ] [                ] [server_configuration.go:61    ] [main                ] - Server configuration reloaded on localhost:8046
2020-03-26T12:15:14.590Z [jfrou] [INFO ] [                ] [server_configuration.go:61    ] [main                ] - Server configuration reloaded on localhost:8049
2020-03-26T12:15:14.590Z [jfrou] [INFO ] [                ] [server_configuration.go:61    ] [main                ] - Server configuration reloaded on :8082
2020-03-26T12:15:16.591Z [jfrou] [INFO ] [                ] [server_configuration.go:61    ] [main                ] - Server configuration reloaded on localhost:8046
2020-03-26T12:15:16.591Z [jfrou] [INFO ] [                ] [server_configuration.go:61    ] [main                ] - Server configuration reloaded on localhost:8049
2020-03-26T12:15:16.592Z [jfrou] [INFO ] [                ] [server_configuration.go:61    ] [main                ] - Server configuration reloaded on :8082
2020-03-26T12:22:42.448Z [jfrou] [INFO ] [                ] [server.go:568                 ] [main                ] - Preparing server internal &{Address:localhost:8046 TLS:<nil> Redirect:<nil> Auth:<nil> WhitelistSourceRange:[] WhiteList:<nil> Compress:false ProxyProtocol:<nil> ForwardedHeaders:0xc00084aa40} with readTimeout=0s writeTimeout=0s idleTimeout=3m0s
2020-03-26T12:22:42.453Z [jfrou] [INFO ] [                ] [server.go:568                 ] [main                ] - Preparing server api &{Address:localhost:8049 TLS:<nil> Redirect:<nil> Auth:<nil> WhitelistSourceRange:[] WhiteList:<nil> Compress:false ProxyProtocol:<nil> ForwardedHeaders:0xc00084aa60} with readTimeout=0s writeTimeout=0s idleTimeout=3m0s
2020-03-26T12:22:42.454Z [jfrou] [INFO ] [                ] [server.go:524                 ] [main                ] - Starting server on localhost:8046
2020-03-26T12:22:42.456Z [jfrou] [INFO ] [                ] [server.go:568                 ] [main                ] - Preparing server external &{Address::8082 TLS:<nil> Redirect:<nil> Auth:<nil> WhitelistSourceRange:[] WhiteList:<nil> Compress:false ProxyProtocol:<nil> ForwardedHeaders:0xc00084aa80} with readTimeout=0s writeTimeout=0s idleTimeout=3m0s
2020-03-26T12:22:42.456Z [jfrou] [INFO ] [                ] [server.go:420                 ] [main                ] - Starting provider configuration.ProviderAggregator {}
2020-03-26T12:22:42.456Z [jfrou] [INFO ] [                ] [server.go:524                 ] [main                ] - Starting server on localhost:8049
2020-03-26T12:22:42.456Z [jfrou] [INFO ] [                ] [server.go:524                 ] [main                ] - Starting server on :8082
2020-03-26T12:22:42.457Z [jfrou] [INFO ] [                ] [provider_aggregator.go:103    ] [main                ] - Starting provider *file.Provider {"Watch":true,"Filename":"","Constraints":null,"Trace":false,"TemplateVersion":0,"DebugLogGeneratedTemplate":false,"Directory":"/opt/jfrog/artifactory/var/data/router/traefik/routes","TraefikFile":""}
2020-03-26T12:22:42.465Z [jfrou] [INFO ] [                ] [server_configuration.go:61    ] [main                ] - Server configuration reloaded on localhost:8046
2020-03-26T12:22:42.465Z [jfrou] [INFO ] [                ] [server_configuration.go:61    ] [main                ] - Server configuration reloaded on localhost:8049
2020-03-26T12:22:42.465Z [jfrou] [INFO ] [                ] [server_configuration.go:61    ] [main                ] - Server configuration reloaded on :8082
2020-03-26T12:22:44.466Z [jfrou] [INFO ] [                ] [server_configuration.go:61    ] [main                ] - Server configuration reloaded on localhost:8046
2020-03-26T12:22:44.466Z [jfrou] [INFO ] [                ] [server_configuration.go:61    ] [main                ] - Server configuration reloaded on localhost:8049
2020-03-26T12:22:44.466Z [jfrou] [INFO ] [                ] [server_configuration.go:61    ] [main                ] - Server configuration reloaded on :8082
2020-03-26T12:22:46.179Z [jfrou] [INFO ] [                ] [server_configuration.go:319   ] [main                ] - Skipping same configuration for provider file
2020-03-26T12:22:46.427Z [jfrou] [INFO ] [                ] [server_configuration.go:319   ] [main                ] - Skipping same configuration for provider file
2020-03-26T12:22:53.903Z [jfrou] [INFO ] [                ] [server_configuration.go:319   ] [main                ] - Skipping same configuration for provider file
2020-03-26T12:23:02.486Z [jfrou] [INFO ] [                ] [server_configuration.go:61    ] [main                ] - Server configuration reloaded on localhost:8046
2020-03-26T12:23:02.486Z [jfrou] [INFO ] [                ] [server_configuration.go:61    ] [main                ] - Server configuration reloaded on localhost:8049
2020-03-26T12:23:02.486Z [jfrou] [INFO ] [                ] [server_configuration.go:61    ] [main                ] - Server configuration reloaded on :8082
2020-03-26T12:23:04.487Z [jfrou] [INFO ] [                ] [server_configuration.go:61    ] [main                ] - Server configuration reloaded on :8082
2020-03-26T12:23:04.487Z [jfrou] [INFO ] [                ] [server_configuration.go:61    ] [main                ] - Server configuration reloaded on localhost:8046
2020-03-26T12:23:04.487Z [jfrou] [INFO ] [                ] [server_configuration.go:61    ] [main                ] - Server configuration reloaded on localhost:8049
2020-03-26T12:56:53.148Z [jfrou] [INFO ] [                ] [server_configuration.go:61    ] [main                ] - Server configuration reloaded on localhost:8046
2020-03-26T12:56:53.157Z [jfrou] [INFO ] [                ] [server_configuration.go:61    ] [main                ] - Server configuration reloaded on localhost:8049
2020-03-26T12:56:53.157Z [jfrou] [INFO ] [                ] [server_configuration.go:61    ] [main                ] - Server configuration reloaded on :8082
2020-03-27T09:20:26.216Z [jfrou] [INFO ] [                ] [server.go:568                 ] [main                ] - Preparing server internal &{Address:localhost:8046 TLS:<nil> Redirect:<nil> Auth:<nil> WhitelistSourceRange:[] WhiteList:<nil> Compress:false ProxyProtocol:<nil> ForwardedHeaders:0xc000b48b00} with readTimeout=0s writeTimeout=0s idleTimeout=3m0s
2020-03-27T09:20:26.219Z [jfrou] [INFO ] [                ] [server.go:524                 ] [main                ] - Starting server on localhost:8046
2020-03-27T09:20:26.219Z [jfrou] [INFO ] [                ] [server.go:568                 ] [main                ] - Preparing server api &{Address:localhost:8049 TLS:<nil> Redirect:<nil> Auth:<nil> WhitelistSourceRange:[] WhiteList:<nil> Compress:false ProxyProtocol:<nil> ForwardedHeaders:0xc000b48b20} with readTimeout=0s writeTimeout=0s idleTimeout=3m0s
2020-03-27T09:20:26.223Z [jfrou] [INFO ] [                ] [server.go:568                 ] [main                ] - Preparing server external &{Address::8082 TLS:<nil> Redirect:<nil> Auth:<nil> WhitelistSourceRange:[] WhiteList:<nil> Compress:false ProxyProtocol:<nil> ForwardedHeaders:0xc000b48b40} with readTimeout=0s writeTimeout=0s idleTimeout=3m0s
2020-03-27T09:20:26.223Z [jfrou] [INFO ] [                ] [server.go:524                 ] [main                ] - Starting server on localhost:8049
2020-03-27T09:20:26.223Z [jfrou] [INFO ] [                ] [server.go:524                 ] [main                ] - Starting server on :8082
2020-03-27T09:20:26.224Z [jfrou] [INFO ] [                ] [server.go:420                 ] [main                ] - Starting provider configuration.ProviderAggregator {}
2020-03-27T09:20:26.224Z [jfrou] [INFO ] [                ] [provider_aggregator.go:103    ] [main                ] - Starting provider *file.Provider {"Watch":true,"Filename":"","Constraints":null,"Trace":false,"TemplateVersion":0,"DebugLogGeneratedTemplate":false,"Directory":"/opt/jfrog/artifactory/var/data/router/traefik/routes","TraefikFile":""}
2020-03-27T09:20:26.255Z [jfrou] [INFO ] [                ] [server_configuration.go:61    ] [main                ] - Server configuration reloaded on localhost:8046
2020-03-27T09:20:26.255Z [jfrou] [INFO ] [                ] [server_configuration.go:61    ] [main                ] - Server configuration reloaded on localhost:8049
2020-03-27T09:20:26.255Z [jfrou] [INFO ] [                ] [server_configuration.go:61    ] [main                ] - Server configuration reloaded on :8082
2020-03-27T09:20:28.250Z [jfrou] [INFO ] [                ] [server_configuration.go:61    ] [main                ] - Server configuration reloaded on localhost:8046
2020-03-27T09:20:28.250Z [jfrou] [INFO ] [                ] [server_configuration.go:61    ] [main                ] - Server configuration reloaded on localhost:8049
2020-03-27T09:20:28.251Z [jfrou] [INFO ] [                ] [server_configuration.go:61    ] [main                ] - Server configuration reloaded on :8082
2020-03-27T09:20:30.251Z [jfrou] [INFO ] [                ] [server_configuration.go:61    ] [main                ] - Server configuration reloaded on localhost:8046
2020-03-27T09:20:30.251Z [jfrou] [INFO ] [                ] [server_configuration.go:61    ] [main                ] - Server configuration reloaded on localhost:8049
2020-03-27T09:20:30.251Z [jfrou] [INFO ] [                ] [server_configuration.go:61    ] [main                ] - Server configuration reloaded on :8082
2020-03-27T09:20:32.252Z [jfrou] [INFO ] [                ] [server_configuration.go:61    ] [main                ] - Server configuration reloaded on localhost:8049
2020-03-27T09:20:32.252Z [jfrou] [INFO ] [                ] [server_configuration.go:61    ] [main                ] - Server configuration reloaded on :8082
2020-03-27T09:20:32.252Z [jfrou] [INFO ] [                ] [server_configuration.go:61    ] [main                ] - Server configuration reloaded on localhost:8046
2020-03-27T09:20:34.254Z [jfrou] [INFO ] [                ] [server_configuration.go:61    ] [main                ] - Server configuration reloaded on localhost:8046
2020-03-27T09:20:34.254Z [jfrou] [INFO ] [                ] [server_configuration.go:61    ] [main                ] - Server configuration reloaded on localhost:8049
2020-03-27T09:20:34.254Z [jfrou] [INFO ] [                ] [server_configuration.go:61    ] [main                ] - Server configuration reloaded on :8082
2020-03-27T09:20:40.673Z [jfrou] [INFO ] [                ] [server_configuration.go:61    ] [main                ] - Server configuration reloaded on localhost:8046
2020-03-27T09:20:40.673Z [jfrou] [INFO ] [                ] [server_configuration.go:61    ] [main                ] - Server configuration reloaded on localhost:8049
2020-03-27T09:20:40.673Z [jfrou] [INFO ] [                ] [server_configuration.go:61    ] [main                ] - Server configuration reloaded on :8082
2020-03-27T09:20:51.291Z [jfrou] [INFO ] [                ] [server_configuration.go:61    ] [main                ] - Server configuration reloaded on localhost:8046
2020-03-27T09:20:51.291Z [jfrou] [INFO ] [                ] [server_configuration.go:61    ] [main                ] - Server configuration reloaded on localhost:8049
2020-03-27T09:20:51.291Z [jfrou] [INFO ] [                ] [server_configuration.go:61    ] [main                ] - Server configuration reloaded on :8082
2020-03-27T09:20:53.304Z [jfrou] [INFO ] [                ] [server_configuration.go:61    ] [main                ] - Server configuration reloaded on :8082
2020-03-27T09:20:53.304Z [jfrou] [INFO ] [                ] [server_configuration.go:61    ] [main                ] - Server configuration reloaded on localhost:8046
2020-03-27T09:20:53.304Z [jfrou] [INFO ] [                ] [server_configuration.go:61    ] [main                ] - Server configuration reloaded on localhost:8049
2020-03-27T10:16:54.453Z [jfrou] [INFO ] [                ] [server.go:568                 ] [main                ] - Preparing server internal &{Address:localhost:8046 TLS:<nil> Redirect:<nil> Auth:<nil> WhitelistSourceRange:[] WhiteList:<nil> Compress:false ProxyProtocol:<nil> ForwardedHeaders:0xc000b22ea0} with readTimeout=0s writeTimeout=0s idleTimeout=3m0s
2020-03-27T10:16:54.456Z [jfrou] [INFO ] [                ] [server.go:568                 ] [main                ] - Preparing server api &{Address:localhost:8049 TLS:<nil> Redirect:<nil> Auth:<nil> WhitelistSourceRange:[] WhiteList:<nil> Compress:false ProxyProtocol:<nil> ForwardedHeaders:0xc000b22ec0} with readTimeout=0s writeTimeout=0s idleTimeout=3m0s
2020-03-27T10:16:54.456Z [jfrou] [INFO ] [                ] [server.go:524                 ] [main                ] - Starting server on localhost:8046
2020-03-27T10:16:54.458Z [jfrou] [INFO ] [                ] [server.go:568                 ] [main                ] - Preparing server external &{Address::8082 TLS:<nil> Redirect:<nil> Auth:<nil> WhitelistSourceRange:[] WhiteList:<nil> Compress:false ProxyProtocol:<nil> ForwardedHeaders:0xc000b22ee0} with readTimeout=0s writeTimeout=0s idleTimeout=3m0s
2020-03-27T10:16:54.459Z [jfrou] [INFO ] [                ] [server.go:524                 ] [main                ] - Starting server on localhost:8049
2020-03-27T10:16:54.459Z [jfrou] [INFO ] [                ] [server.go:524                 ] [main                ] - Starting server on :8082
2020-03-27T10:16:54.459Z [jfrou] [INFO ] [                ] [server.go:420                 ] [main                ] - Starting provider configuration.ProviderAggregator {}
2020-03-27T10:16:54.460Z [jfrou] [INFO ] [                ] [provider_aggregator.go:103    ] [main                ] - Starting provider *file.Provider {"Watch":true,"Filename":"","Constraints":null,"Trace":false,"TemplateVersion":0,"DebugLogGeneratedTemplate":false,"Directory":"/opt/jfrog/artifactory/var/data/router/traefik/routes","TraefikFile":""}
2020-03-27T10:16:54.485Z [jfrou] [INFO ] [                ] [server_configuration.go:61    ] [main                ] - Server configuration reloaded on localhost:8049
2020-03-27T10:16:54.485Z [jfrou] [INFO ] [                ] [server_configuration.go:61    ] [main                ] - Server configuration reloaded on :8082
2020-03-27T10:16:54.485Z [jfrou] [INFO ] [                ] [server_configuration.go:61    ] [main                ] - Server configuration reloaded on localhost:8046
2020-03-27T10:16:56.482Z [jfrou] [INFO ] [                ] [server_configuration.go:61    ] [main                ] - Server configuration reloaded on localhost:8049
2020-03-27T10:16:56.482Z [jfrou] [INFO ] [                ] [server_configuration.go:61    ] [main                ] - Server configuration reloaded on :8082
2020-03-27T10:16:56.482Z [jfrou] [INFO ] [                ] [server_configuration.go:61    ] [main                ] - Server configuration reloaded on localhost:8046
2020-03-27T10:16:58.492Z [jfrou] [INFO ] [                ] [server_configuration.go:61    ] [main                ] - Server configuration reloaded on localhost:8046
2020-03-27T10:16:58.493Z [jfrou] [INFO ] [                ] [server_configuration.go:61    ] [main                ] - Server configuration reloaded on localhost:8049
2020-03-27T10:16:58.493Z [jfrou] [INFO ] [                ] [server_configuration.go:61    ] [main                ] - Server configuration reloaded on :8082
2020-03-27T10:17:00.493Z [jfrou] [INFO ] [                ] [server_configuration.go:61    ] [main                ] - Server configuration reloaded on localhost:8046
2020-03-27T10:17:00.493Z [jfrou] [INFO ] [                ] [server_configuration.go:61    ] [main                ] - Server configuration reloaded on localhost:8049
2020-03-27T10:17:00.493Z [jfrou] [INFO ] [                ] [server_configuration.go:61    ] [main                ] - Server configuration reloaded on :8082
2020-03-27T10:17:07.125Z [jfrou] [INFO ] [                ] [server_configuration.go:61    ] [main                ] - Server configuration reloaded on localhost:8046
2020-03-27T10:17:07.125Z [jfrou] [INFO ] [                ] [server_configuration.go:61    ] [main                ] - Server configuration reloaded on localhost:8049
2020-03-27T10:17:07.125Z [jfrou] [INFO ] [                ] [server_configuration.go:61    ] [main                ] - Server configuration reloaded on :8082
2020-03-27T10:17:14.510Z [jfrou] [INFO ] [                ] [server_configuration.go:61    ] [main                ] - Server configuration reloaded on localhost:8046
2020-03-27T10:17:14.510Z [jfrou] [INFO ] [                ] [server_configuration.go:61    ] [main                ] - Server configuration reloaded on localhost:8049
2020-03-27T10:17:14.510Z [jfrou] [INFO ] [                ] [server_configuration.go:61    ] [main                ] - Server configuration reloaded on :8082
2020-03-27T10:17:16.513Z [jfrou] [INFO ] [                ] [server_configuration.go:61    ] [main                ] - Server configuration reloaded on :8082
2020-03-27T10:17:16.513Z [jfrou] [INFO ] [                ] [server_configuration.go:61    ] [main                ] - Server configuration reloaded on localhost:8046
2020-03-27T10:17:16.513Z [jfrou] [INFO ] [                ] [server_configuration.go:61    ] [main                ] - Server configuration reloaded on localhost:8049
2020-03-27T10:25:43.241Z [jfrou] [INFO ] [                ] [server.go:568                 ] [main                ] - Preparing server external &{Address::8082 TLS:<nil> Redirect:<nil> Auth:<nil> WhitelistSourceRange:[] WhiteList:<nil> Compress:false ProxyProtocol:<nil> ForwardedHeaders:0xc00056eb80} with readTimeout=0s writeTimeout=0s idleTimeout=3m0s
2020-03-27T10:25:43.248Z [jfrou] [INFO ] [                ] [server.go:568                 ] [main                ] - Preparing server internal &{Address:localhost:8046 TLS:<nil> Redirect:<nil> Auth:<nil> WhitelistSourceRange:[] WhiteList:<nil> Compress:false ProxyProtocol:<nil> ForwardedHeaders:0xc00056eba0} with readTimeout=0s writeTimeout=0s idleTimeout=3m0s
2020-03-27T10:25:43.248Z [jfrou] [INFO ] [                ] [server.go:524                 ] [main                ] - Starting server on :8082
2020-03-27T10:25:43.249Z [jfrou] [INFO ] [                ] [server.go:568                 ] [main                ] - Preparing server api &{Address:localhost:8049 TLS:<nil> Redirect:<nil> Auth:<nil> WhitelistSourceRange:[] WhiteList:<nil> Compress:false ProxyProtocol:<nil> ForwardedHeaders:0xc00056eb60} with readTimeout=0s writeTimeout=0s idleTimeout=3m0s
2020-03-27T10:25:43.249Z [jfrou] [INFO ] [                ] [server.go:524                 ] [main                ] - Starting server on localhost:8046
2020-03-27T10:25:43.274Z [jfrou] [INFO ] [                ] [server.go:524                 ] [main                ] - Starting server on localhost:8049
2020-03-27T10:25:43.274Z [jfrou] [INFO ] [                ] [server.go:420                 ] [main                ] - Starting provider configuration.ProviderAggregator {}
2020-03-27T10:25:43.276Z [jfrou] [INFO ] [                ] [provider_aggregator.go:103    ] [main                ] - Starting provider *file.Provider {"Watch":true,"Filename":"","Constraints":null,"Trace":false,"TemplateVersion":0,"DebugLogGeneratedTemplate":false,"Directory":"/opt/jfrog/artifactory/var/data/router/traefik/routes","TraefikFile":""}
2020-03-27T10:25:43.297Z [jfrou] [INFO ] [                ] [server_configuration.go:61    ] [main                ] - Server configuration reloaded on localhost:8046
2020-03-27T10:25:43.297Z [jfrou] [INFO ] [                ] [server_configuration.go:61    ] [main                ] - Server configuration reloaded on localhost:8049
2020-03-27T10:25:43.297Z [jfrou] [INFO ] [                ] [server_configuration.go:61    ] [main                ] - Server configuration reloaded on :8082
2020-03-27T10:25:45.295Z [jfrou] [INFO ] [                ] [server_configuration.go:61    ] [main                ] - Server configuration reloaded on localhost:8046
2020-03-27T10:25:45.295Z [jfrou] [INFO ] [                ] [server_configuration.go:61    ] [main                ] - Server configuration reloaded on localhost:8049
2020-03-27T10:25:45.295Z [jfrou] [INFO ] [                ] [server_configuration.go:61    ] [main                ] - Server configuration reloaded on :8082
2020-03-27T10:25:47.294Z [jfrou] [INFO ] [                ] [server_configuration.go:61    ] [main                ] - Server configuration reloaded on localhost:8049
2020-03-27T10:25:47.294Z [jfrou] [INFO ] [                ] [server_configuration.go:61    ] [main                ] - Server configuration reloaded on :8082
2020-03-27T10:25:47.294Z [jfrou] [INFO ] [                ] [server_configuration.go:61    ] [main                ] - Server configuration reloaded on localhost:8046
2020-03-27T10:25:49.295Z [jfrou] [INFO ] [                ] [server_configuration.go:61    ] [main                ] - Server configuration reloaded on :8082
2020-03-27T10:25:49.295Z [jfrou] [INFO ] [                ] [server_configuration.go:61    ] [main                ] - Server configuration reloaded on localhost:8046
2020-03-27T10:25:49.295Z [jfrou] [INFO ] [                ] [server_configuration.go:61    ] [main                ] - Server configuration reloaded on localhost:8049
2020-03-27T10:25:56.066Z [jfrou] [INFO ] [                ] [server_configuration.go:61    ] [main                ] - Server configuration reloaded on localhost:8049
2020-03-27T10:25:56.066Z [jfrou] [INFO ] [                ] [server_configuration.go:61    ] [main                ] - Server configuration reloaded on :8082
2020-03-27T10:25:56.066Z [jfrou] [INFO ] [                ] [server_configuration.go:61    ] [main                ] - Server configuration reloaded on localhost:8046
2020-03-27T10:26:03.318Z [jfrou] [INFO ] [                ] [server_configuration.go:61    ] [main                ] - Server configuration reloaded on :8082
2020-03-27T10:26:03.318Z [jfrou] [INFO ] [                ] [server_configuration.go:61    ] [main                ] - Server configuration reloaded on localhost:8046
2020-03-27T10:26:03.318Z [jfrou] [INFO ] [                ] [server_configuration.go:61    ] [main                ] - Server configuration reloaded on localhost:8049
2020-03-27T10:26:05.323Z [jfrou] [INFO ] [                ] [server_configuration.go:61    ] [main                ] - Server configuration reloaded on localhost:8046
2020-03-27T10:26:05.323Z [jfrou] [INFO ] [                ] [server_configuration.go:61    ] [main                ] - Server configuration reloaded on localhost:8049
2020-03-27T10:26:05.323Z [jfrou] [INFO ] [                ] [server_configuration.go:61    ] [main                ] - Server configuration reloaded on :8082
2020-03-27T10:35:15.511Z [jfrou] [INFO ] [                ] [server.go:568                 ] [main                ] - Preparing server external &{Address::8082 TLS:<nil> Redirect:<nil> Auth:<nil> WhitelistSourceRange:[] WhiteList:<nil> Compress:false ProxyProtocol:<nil> ForwardedHeaders:0xc00000e780} with readTimeout=0s writeTimeout=0s idleTimeout=3m0s
2020-03-27T10:35:15.512Z [jfrou] [INFO ] [                ] [server.go:568                 ] [main                ] - Preparing server internal &{Address:localhost:8046 TLS:<nil> Redirect:<nil> Auth:<nil> WhitelistSourceRange:[] WhiteList:<nil> Compress:false ProxyProtocol:<nil> ForwardedHeaders:0xc00000e740} with readTimeout=0s writeTimeout=0s idleTimeout=3m0s
2020-03-27T10:35:15.513Z [jfrou] [INFO ] [                ] [server.go:568                 ] [main                ] - Preparing server api &{Address:localhost:8049 TLS:<nil> Redirect:<nil> Auth:<nil> WhitelistSourceRange:[] WhiteList:<nil> Compress:false ProxyProtocol:<nil> ForwardedHeaders:0xc00000e760} with readTimeout=0s writeTimeout=0s idleTimeout=3m0s
2020-03-27T10:35:15.513Z [jfrou] [INFO ] [                ] [server.go:524                 ] [main                ] - Starting server on :8082
2020-03-27T10:35:15.513Z [jfrou] [INFO ] [                ] [server.go:524                 ] [main                ] - Starting server on localhost:8046
2020-03-27T10:35:15.515Z [jfrou] [INFO ] [                ] [server.go:420                 ] [main                ] - Starting provider configuration.ProviderAggregator {}
2020-03-27T10:35:15.515Z [jfrou] [INFO ] [                ] [server.go:524                 ] [main                ] - Starting server on localhost:8049
2020-03-27T10:35:15.515Z [jfrou] [INFO ] [                ] [provider_aggregator.go:103    ] [main                ] - Starting provider *file.Provider {"Watch":true,"Filename":"","Constraints":null,"Trace":false,"TemplateVersion":0,"DebugLogGeneratedTemplate":false,"Directory":"/opt/jfrog/artifactory/var/data/router/traefik/routes","TraefikFile":""}
2020-03-27T10:35:15.518Z [jfrou] [INFO ] [                ] [server_configuration.go:61    ] [main                ] - Server configuration reloaded on localhost:8046
2020-03-27T10:35:15.518Z [jfrou] [INFO ] [                ] [server_configuration.go:61    ] [main                ] - Server configuration reloaded on localhost:8049
2020-03-27T10:35:15.518Z [jfrou] [INFO ] [                ] [server_configuration.go:61    ] [main                ] - Server configuration reloaded on :8082
2020-03-27T10:35:17.523Z [jfrou] [INFO ] [                ] [server_configuration.go:61    ] [main                ] - Server configuration reloaded on localhost:8046
2020-03-27T10:35:17.523Z [jfrou] [INFO ] [                ] [server_configuration.go:61    ] [main                ] - Server configuration reloaded on localhost:8049
2020-03-27T10:35:17.523Z [jfrou] [INFO ] [                ] [server_configuration.go:61    ] [main                ] - Server configuration reloaded on :8082
2020-03-27T10:35:19.524Z [jfrou] [INFO ] [                ] [server_configuration.go:61    ] [main                ] - Server configuration reloaded on localhost:8049
2020-03-27T10:35:19.524Z [jfrou] [INFO ] [                ] [server_configuration.go:61    ] [main                ] - Server configuration reloaded on :8082
2020-03-27T10:35:19.524Z [jfrou] [INFO ] [                ] [server_configuration.go:61    ] [main                ] - Server configuration reloaded on localhost:8046
2020-03-27T10:35:26.266Z [jfrou] [INFO ] [                ] [server_configuration.go:61    ] [main                ] - Server configuration reloaded on :8082
2020-03-27T10:35:26.266Z [jfrou] [INFO ] [                ] [server_configuration.go:61    ] [main                ] - Server configuration reloaded on localhost:8046
2020-03-27T10:35:26.266Z [jfrou] [INFO ] [                ] [server_configuration.go:61    ] [main                ] - Server configuration reloaded on localhost:8049
2020-03-27T10:35:30.753Z [jfrou] [INFO ] [                ] [server_configuration.go:61    ] [main                ] - Server configuration reloaded on :8082
2020-03-27T10:35:30.753Z [jfrou] [INFO ] [                ] [server_configuration.go:61    ] [main                ] - Server configuration reloaded on localhost:8046
2020-03-27T10:35:30.753Z [jfrou] [INFO ] [                ] [server_configuration.go:61    ] [main                ] - Server configuration reloaded on localhost:8049
2020-03-27T10:35:33.544Z [jfrou] [INFO ] [                ] [server_configuration.go:61    ] [main                ] - Server configuration reloaded on :8082
2020-03-27T10:35:33.544Z [jfrou] [INFO ] [                ] [server_configuration.go:61    ] [main                ] - Server configuration reloaded on localhost:8046
2020-03-27T10:35:33.544Z [jfrou] [INFO ] [                ] [server_configuration.go:61    ] [main                ] - Server configuration reloaded on localhost:8049
2020-03-27T10:39:55.633Z [jfrou] [INFO ] [                ] [server_configuration.go:61    ] [main                ] - Server configuration reloaded on localhost:8049
2020-03-27T10:39:55.634Z [jfrou] [INFO ] [                ] [server_configuration.go:61    ] [main                ] - Server configuration reloaded on :8082
2020-03-27T10:39:55.634Z [jfrou] [INFO ] [                ] [server_configuration.go:61    ] [main                ] - Server configuration reloaded on localhost:8046
2020-03-27T10:40:56.548Z [jfrou] [INFO ] [                ] [server.go:568                 ] [main                ] - Preparing server api &{Address:localhost:8049 TLS:<nil> Redirect:<nil> Auth:<nil> WhitelistSourceRange:[] WhiteList:<nil> Compress:false ProxyProtocol:<nil> ForwardedHeaders:0xc00000e480} with readTimeout=0s writeTimeout=0s idleTimeout=3m0s
2020-03-27T10:40:56.550Z [jfrou] [INFO ] [                ] [server.go:568                 ] [main                ] - Preparing server external &{Address::8082 TLS:<nil> Redirect:<nil> Auth:<nil> WhitelistSourceRange:[] WhiteList:<nil> Compress:false ProxyProtocol:<nil> ForwardedHeaders:0xc00000e4a0} with readTimeout=0s writeTimeout=0s idleTimeout=3m0s
2020-03-27T10:40:56.551Z [jfrou] [INFO ] [                ] [server.go:568                 ] [main                ] - Preparing server internal &{Address:localhost:8046 TLS:<nil> Redirect:<nil> Auth:<nil> WhitelistSourceRange:[] WhiteList:<nil> Compress:false ProxyProtocol:<nil> ForwardedHeaders:0xc00000e460} with readTimeout=0s writeTimeout=0s idleTimeout=3m0s
2020-03-27T10:40:56.551Z [jfrou] [INFO ] [                ] [server.go:420                 ] [main                ] - Starting provider configuration.ProviderAggregator {}
2020-03-27T10:40:56.551Z [jfrou] [INFO ] [                ] [server.go:524                 ] [main                ] - Starting server on localhost:8049
2020-03-27T10:40:56.551Z [jfrou] [INFO ] [                ] [server.go:524                 ] [main                ] - Starting server on :8082
2020-03-27T10:40:56.551Z [jfrou] [INFO ] [                ] [server.go:524                 ] [main                ] - Starting server on localhost:8046
2020-03-27T10:40:56.551Z [jfrou] [INFO ] [                ] [provider_aggregator.go:103    ] [main                ] - Starting provider *file.Provider {"Watch":true,"Filename":"","Constraints":null,"Trace":false,"TemplateVersion":0,"DebugLogGeneratedTemplate":false,"Directory":"/opt/jfrog/artifactory/var/data/router/traefik/routes","TraefikFile":""}
2020-03-27T10:40:56.553Z [jfrou] [INFO ] [                ] [server_configuration.go:61    ] [main                ] - Server configuration reloaded on :8082
2020-03-27T10:40:56.553Z [jfrou] [INFO ] [                ] [server_configuration.go:61    ] [main                ] - Server configuration reloaded on localhost:8046
2020-03-27T10:40:56.553Z [jfrou] [INFO ] [                ] [server_configuration.go:61    ] [main                ] - Server configuration reloaded on localhost:8049
2020-03-27T10:40:58.553Z [jfrou] [INFO ] [                ] [server_configuration.go:61    ] [main                ] - Server configuration reloaded on localhost:8046
2020-03-27T10:40:58.553Z [jfrou] [INFO ] [                ] [server_configuration.go:61    ] [main                ] - Server configuration reloaded on localhost:8049
2020-03-27T10:40:58.553Z [jfrou] [INFO ] [                ] [server_configuration.go:61    ] [main                ] - Server configuration reloaded on :8082
2020-03-27T10:41:00.553Z [jfrou] [INFO ] [                ] [server_configuration.go:61    ] [main                ] - Server configuration reloaded on localhost:8046
2020-03-27T10:41:00.553Z [jfrou] [INFO ] [                ] [server_configuration.go:61    ] [main                ] - Server configuration reloaded on localhost:8049
2020-03-27T10:41:00.553Z [jfrou] [INFO ] [                ] [server_configuration.go:61    ] [main                ] - Server configuration reloaded on :8082
2020-03-27T10:41:02.558Z [jfrou] [INFO ] [                ] [server_configuration.go:61    ] [main                ] - Server configuration reloaded on :8082
2020-03-27T10:41:02.558Z [jfrou] [INFO ] [                ] [server_configuration.go:61    ] [main                ] - Server configuration reloaded on localhost:8046
2020-03-27T10:41:02.558Z [jfrou] [INFO ] [                ] [server_configuration.go:61    ] [main                ] - Server configuration reloaded on localhost:8049
2020-03-27T10:41:09.622Z [jfrou] [INFO ] [                ] [server_configuration.go:61    ] [main                ] - Server configuration reloaded on localhost:8046
2020-03-27T10:41:09.622Z [jfrou] [INFO ] [                ] [server_configuration.go:61    ] [main                ] - Server configuration reloaded on localhost:8049
2020-03-27T10:41:09.622Z [jfrou] [INFO ] [                ] [server_configuration.go:61    ] [main                ] - Server configuration reloaded on :8082
2020-03-27T10:41:16.567Z [jfrou] [INFO ] [                ] [server_configuration.go:61    ] [main                ] - Server configuration reloaded on :8082
2020-03-27T10:41:16.567Z [jfrou] [INFO ] [                ] [server_configuration.go:61    ] [main                ] - Server configuration reloaded on localhost:8046
2020-03-27T10:41:16.567Z [jfrou] [INFO ] [                ] [server_configuration.go:61    ] [main                ] - Server configuration reloaded on localhost:8049
2020-03-27T10:41:18.576Z [jfrou] [INFO ] [                ] [server_configuration.go:61    ] [main                ] - Server configuration reloaded on localhost:8046
2020-03-27T10:41:18.576Z [jfrou] [INFO ] [                ] [server_configuration.go:61    ] [main                ] - Server configuration reloaded on localhost:8049
2020-03-27T10:41:18.576Z [jfrou] [INFO ] [                ] [server_configuration.go:61    ] [main                ] - Server configuration reloaded on :8082
2020-03-27T10:52:56.832Z [jfrou] [INFO ] [                ] [server_configuration.go:61    ] [main                ] - Server configuration reloaded on localhost:8046
2020-03-27T10:52:56.833Z [jfrou] [INFO ] [                ] [server_configuration.go:61    ] [main                ] - Server configuration reloaded on localhost:8049
2020-03-27T10:52:56.833Z [jfrou] [INFO ] [                ] [server_configuration.go:61    ] [main                ] - Server configuration reloaded on :8082
2020-03-27T10:54:23.750Z [jfrou] [INFO ] [                ] [server.go:568                 ] [main                ] - Preparing server api &{Address:localhost:8049 TLS:<nil> Redirect:<nil> Auth:<nil> WhitelistSourceRange:[] WhiteList:<nil> Compress:false ProxyProtocol:<nil> ForwardedHeaders:0xc0006e30c0} with readTimeout=0s writeTimeout=0s idleTimeout=3m0s
2020-03-27T10:54:23.754Z [jfrou] [INFO ] [                ] [server.go:568                 ] [main                ] - Preparing server external &{Address::8082 TLS:<nil> Redirect:<nil> Auth:<nil> WhitelistSourceRange:[] WhiteList:<nil> Compress:false ProxyProtocol:<nil> ForwardedHeaders:0xc0006e3080} with readTimeout=0s writeTimeout=0s idleTimeout=3m0s
2020-03-27T10:54:23.754Z [jfrou] [INFO ] [                ] [server.go:568                 ] [main                ] - Preparing server internal &{Address:localhost:8046 TLS:<nil> Redirect:<nil> Auth:<nil> WhitelistSourceRange:[] WhiteList:<nil> Compress:false ProxyProtocol:<nil> ForwardedHeaders:0xc0006e30a0} with readTimeout=0s writeTimeout=0s idleTimeout=3m0s
2020-03-27T10:54:23.755Z [jfrou] [INFO ] [                ] [server.go:420                 ] [main                ] - Starting provider configuration.ProviderAggregator {}
2020-03-27T10:54:23.755Z [jfrou] [INFO ] [                ] [server.go:524                 ] [main                ] - Starting server on localhost:8049
2020-03-27T10:54:23.755Z [jfrou] [INFO ] [                ] [server.go:524                 ] [main                ] - Starting server on :8082
2020-03-27T10:54:23.755Z [jfrou] [INFO ] [                ] [server.go:524                 ] [main                ] - Starting server on localhost:8046
2020-03-27T10:54:23.756Z [jfrou] [INFO ] [                ] [provider_aggregator.go:103    ] [main                ] - Starting provider *file.Provider {"Watch":true,"Filename":"","Constraints":null,"Trace":false,"TemplateVersion":0,"DebugLogGeneratedTemplate":false,"Directory":"/opt/jfrog/artifactory/var/data/router/traefik/routes","TraefikFile":""}
2020-03-27T10:54:23.760Z [jfrou] [INFO ] [                ] [server_configuration.go:61    ] [main                ] - Server configuration reloaded on localhost:8046
2020-03-27T10:54:23.761Z [jfrou] [INFO ] [                ] [server_configuration.go:61    ] [main                ] - Server configuration reloaded on localhost:8049
2020-03-27T10:54:23.762Z [jfrou] [INFO ] [                ] [server_configuration.go:61    ] [main                ] - Server configuration reloaded on :8082
2020-03-27T10:54:25.771Z [jfrou] [INFO ] [                ] [server_configuration.go:61    ] [main                ] - Server configuration reloaded on localhost:8046
2020-03-27T10:54:25.771Z [jfrou] [INFO ] [                ] [server_configuration.go:61    ] [main                ] - Server configuration reloaded on localhost:8049
2020-03-27T10:54:25.771Z [jfrou] [INFO ] [                ] [server_configuration.go:61    ] [main                ] - Server configuration reloaded on :8082
2020-03-27T10:54:27.771Z [jfrou] [INFO ] [                ] [server_configuration.go:61    ] [main                ] - Server configuration reloaded on localhost:8049
2020-03-27T10:54:27.771Z [jfrou] [INFO ] [                ] [server_configuration.go:61    ] [main                ] - Server configuration reloaded on :8082
2020-03-27T10:54:27.771Z [jfrou] [INFO ] [                ] [server_configuration.go:61    ] [main                ] - Server configuration reloaded on localhost:8046
2020-03-27T10:54:29.778Z [jfrou] [INFO ] [                ] [server_configuration.go:61    ] [main                ] - Server configuration reloaded on :8082
2020-03-27T10:54:29.778Z [jfrou] [INFO ] [                ] [server_configuration.go:61    ] [main                ] - Server configuration reloaded on localhost:8046
2020-03-27T10:54:29.778Z [jfrou] [INFO ] [                ] [server_configuration.go:61    ] [main                ] - Server configuration reloaded on localhost:8049
2020-03-27T10:54:31.783Z [jfrou] [INFO ] [                ] [server_configuration.go:61    ] [main                ] - Server configuration reloaded on localhost:8046
2020-03-27T10:54:31.783Z [jfrou] [INFO ] [                ] [server_configuration.go:61    ] [main                ] - Server configuration reloaded on localhost:8049
2020-03-27T10:54:31.783Z [jfrou] [INFO ] [                ] [server_configuration.go:61    ] [main                ] - Server configuration reloaded on :8082
2020-03-27T10:54:42.154Z [jfrou] [INFO ] [                ] [server_configuration.go:61    ] [main                ] - Server configuration reloaded on localhost:8049
2020-03-27T10:54:42.154Z [jfrou] [INFO ] [                ] [server_configuration.go:61    ] [main                ] - Server configuration reloaded on :8082
2020-03-27T10:54:42.154Z [jfrou] [INFO ] [                ] [server_configuration.go:61    ] [main                ] - Server configuration reloaded on localhost:8046
2020-03-27T10:54:48.791Z [jfrou] [INFO ] [                ] [server_configuration.go:61    ] [main                ] - Server configuration reloaded on localhost:8046
2020-03-27T10:54:48.791Z [jfrou] [INFO ] [                ] [server_configuration.go:61    ] [main                ] - Server configuration reloaded on localhost:8049
2020-03-27T10:54:48.791Z [jfrou] [INFO ] [                ] [server_configuration.go:61    ] [main                ] - Server configuration reloaded on :8082
2020-03-27T10:54:50.798Z [jfrou] [INFO ] [                ] [server_configuration.go:61    ] [main                ] - Server configuration reloaded on localhost:8046
2020-03-27T10:54:50.799Z [jfrou] [INFO ] [                ] [server_configuration.go:61    ] [main                ] - Server configuration reloaded on localhost:8049
2020-03-27T10:54:50.799Z [jfrou] [INFO ] [                ] [server_configuration.go:61    ] [main                ] - Server configuration reloaded on :8082
2020-03-27T10:58:16.283Z [jfrou] [ERROR] [                ] [file.go:141                   ] [main                ] - Error occurred during watcher callback: unable to load content configuration from subdirectory &{external %!s(int64=4096) %!s(os.FileMode=2147484141) {%!s(uint64=854464241) %!s(int64=63720903263) %!s(*time.Location=&{UTC [] [] 0 0 <nil>})} {%!s(uint64=2049) %!s(uint64=434550) %!s(uint64=2) %!s(uint32=16877) %!s(uint32=1000) %!s(uint32=1000) %!s(int32=0) %!s(uint64=0) %!s(int64=4096) %!s(int64=4096) %!s(int64=8) {%!s(int64=1585306467) %!s(int64=112092294)} {%!s(int64=1585306463) %!s(int64=854464241)} {%!s(int64=1585306696) %!s(int64=278574574)} [%!s(int64=0) %!s(int64=0) %!s(int64=0)]}}: error reading configuration file: /opt/jfrog/artifactory/var/data/router/traefik/routes/external/external-routes.toml - open /opt/jfrog/artifactory/var/data/router/traefik/routes/external/external-routes.toml: permission denied
2020-03-27T10:58:16.285Z [jfrou] [ERROR] [                ] [file.go:141                   ] [main                ] - Error occurred during watcher callback: unable to load content configuration from subdirectory &{external %!s(int64=4096) %!s(os.FileMode=2147484141) {%!s(uint64=854464241) %!s(int64=63720903263) %!s(*time.Location=&{UTC [] [] 0 0 <nil>})} {%!s(uint64=2049) %!s(uint64=434550) %!s(uint64=2) %!s(uint32=16877) %!s(uint32=1000) %!s(uint32=1000) %!s(int32=0) %!s(uint64=0) %!s(int64=4096) %!s(int64=4096) %!s(int64=8) {%!s(int64=1585306696) %!s(int64=278574574)} {%!s(int64=1585306463) %!s(int64=854464241)} {%!s(int64=1585306696) %!s(int64=278574574)} [%!s(int64=0) %!s(int64=0) %!s(int64=0)]}}: error reading configuration file: /opt/jfrog/artifactory/var/data/router/traefik/routes/external/external-routes.toml - open /opt/jfrog/artifactory/var/data/router/traefik/routes/external/external-routes.toml: permission denied
2020-03-27T10:58:16.285Z [jfrou] [ERROR] [                ] [file.go:141                   ] [main                ] - Error occurred during watcher callback: unable to load content configuration from subdirectory &{external %!s(int64=4096) %!s(os.FileMode=2147484141) {%!s(uint64=854464241) %!s(int64=63720903263) %!s(*time.Location=&{UTC [] [] 0 0 <nil>})} {%!s(uint64=2049) %!s(uint64=434550) %!s(uint64=2) %!s(uint32=16877) %!s(uint32=1000) %!s(uint32=1000) %!s(int32=0) %!s(uint64=0) %!s(int64=4096) %!s(int64=4096) %!s(int64=8) {%!s(int64=1585306696) %!s(int64=282574574)} {%!s(int64=1585306463) %!s(int64=854464241)} {%!s(int64=1585306696) %!s(int64=278574574)} [%!s(int64=0) %!s(int64=0) %!s(int64=0)]}}: error reading configuration file: /opt/jfrog/artifactory/var/data/router/traefik/routes/external/external-routes.toml - open /opt/jfrog/artifactory/var/data/router/traefik/routes/external/external-routes.toml: permission denied
2020-03-27T10:58:16.285Z [jfrou] [ERROR] [                ] [file.go:141                   ] [main                ] - Error occurred during watcher callback: unable to load content configuration from subdirectory &{external %!s(int64=4096) %!s(os.FileMode=2147484141) {%!s(uint64=854464241) %!s(int64=63720903263) %!s(*time.Location=&{UTC [] [] 0 0 <nil>})} {%!s(uint64=2049) %!s(uint64=434550) %!s(uint64=2) %!s(uint32=16877) %!s(uint32=1000) %!s(uint32=1000) %!s(int32=0) %!s(uint64=0) %!s(int64=4096) %!s(int64=4096) %!s(int64=8) {%!s(int64=1585306696) %!s(int64=282574574)} {%!s(int64=1585306463) %!s(int64=854464241)} {%!s(int64=1585306696) %!s(int64=278574574)} [%!s(int64=0) %!s(int64=0) %!s(int64=0)]}}: error reading configuration file: /opt/jfrog/artifactory/var/data/router/traefik/routes/external/external-routes.toml - open /opt/jfrog/artifactory/var/data/router/traefik/routes/external/external-routes.toml: permission denied
2020-03-27T10:58:16.286Z [jfrou] [ERROR] [                ] [file.go:141                   ] [main                ] - Error occurred during watcher callback: unable to load content configuration from subdirectory &{external %!s(int64=4096) %!s(os.FileMode=2147484141) {%!s(uint64=854464241) %!s(int64=63720903263) %!s(*time.Location=&{UTC [] [] 0 0 <nil>})} {%!s(uint64=2049) %!s(uint64=434550) %!s(uint64=2) %!s(uint32=16877) %!s(uint32=1000) %!s(uint32=1000) %!s(int32=0) %!s(uint64=0) %!s(int64=4096) %!s(int64=4096) %!s(int64=8) {%!s(int64=1585306696) %!s(int64=282574574)} {%!s(int64=1585306463) %!s(int64=854464241)} {%!s(int64=1585306696) %!s(int64=278574574)} [%!s(int64=0) %!s(int64=0) %!s(int64=0)]}}: error reading configuration file: /opt/jfrog/artifactory/var/data/router/traefik/routes/external/external-routes.toml - open /opt/jfrog/artifactory/var/data/router/traefik/routes/external/external-routes.toml: permission denied
