27-Mar-2020 09:19:56.891 INFO [main] org.apache.coyote.AbstractProtocol.init Initializing ProtocolHandler ["http-nio-8081"]
27-Mar-2020 09:19:56.972 INFO [main] org.apache.tomcat.util.net.NioSelectorPool.getSharedSelector Using a shared selector for servlet write/read
27-Mar-2020 09:19:57.001 INFO [main] org.apache.coyote.AbstractProtocol.init Initializing ProtocolHandler ["http-nio-8040"]
27-Mar-2020 09:19:57.002 INFO [main] org.apache.tomcat.util.net.NioSelectorPool.getSharedSelector Using a shared selector for servlet write/read
27-Mar-2020 09:19:57.010 INFO [main] org.apache.catalina.core.StandardService.startInternal Starting service [Catalina]
27-Mar-2020 09:19:57.010 INFO [main] org.apache.catalina.core.StandardEngine.startInternal Starting Servlet Engine: Apache Tomcat/8.5.41
27-Mar-2020 09:19:57.066 INFO [localhost-startStop-1] org.apache.catalina.startup.HostConfig.deployDescriptor Deploying configuration descriptor [/opt/jfrog/artifactory/app/artifactory/tomcat/conf/Catalina/localhost/access.xml]
27-Mar-2020 09:19:57.068 INFO [localhost-startStop-2] org.apache.catalina.startup.HostConfig.deployDescriptor Deploying configuration descriptor [/opt/jfrog/artifactory/app/artifactory/tomcat/conf/Catalina/localhost/artifactory.xml]
27-Mar-2020 09:19:57.168 WARNING [localhost-startStop-2] org.apache.catalina.startup.HostConfig.deployDescriptor A docBase [/opt/jfrog/artifactory/app/artifactory/tomcat/webapps/artifactory.war] inside the host appBase has been specified, and will be ignored
27-Mar-2020 09:19:57.172 WARNING [localhost-startStop-1] org.apache.catalina.startup.HostConfig.deployDescriptor A docBase [/opt/jfrog/artifactory/app/artifactory/tomcat/webapps/access.war] inside the host appBase has been specified, and will be ignored
27-Mar-2020 09:20:07.758 INFO [localhost-startStop-2] org.apache.catalina.startup.HostConfig.deployDescriptor Deployment of configuration descriptor [/opt/jfrog/artifactory/app/artifactory/tomcat/conf/Catalina/localhost/artifactory.xml] has finished in [10,685] ms
27-Mar-2020 09:20:20.854 INFO [localhost-startStop-1] org.apache.catalina.startup.HostConfig.deployDescriptor Deployment of configuration descriptor [/opt/jfrog/artifactory/app/artifactory/tomcat/conf/Catalina/localhost/access.xml] has finished in [23,788] ms
27-Mar-2020 09:20:20.855 INFO [localhost-startStop-3] org.apache.catalina.startup.HostConfig.deployDirectory Deploying web application directory [/opt/jfrog/artifactory/app/artifactory/tomcat/webapps/ROOT]
27-Mar-2020 09:20:20.962 INFO [localhost-startStop-3] org.apache.catalina.startup.HostConfig.deployDirectory Deployment of web application directory [/opt/jfrog/artifactory/app/artifactory/tomcat/webapps/ROOT] has finished in [107] ms
27-Mar-2020 09:20:21.000 INFO [main] org.apache.coyote.AbstractProtocol.start Starting ProtocolHandler ["http-nio-8081"]
27-Mar-2020 09:20:21.098 INFO [main] org.apache.coyote.AbstractProtocol.start Starting ProtocolHandler ["http-nio-8040"]
27-Mar-2020 10:16:27.283 INFO [main] org.apache.coyote.AbstractProtocol.init Initializing ProtocolHandler ["http-nio-8081"]
27-Mar-2020 10:16:27.326 INFO [main] org.apache.tomcat.util.net.NioSelectorPool.getSharedSelector Using a shared selector for servlet write/read
27-Mar-2020 10:16:27.342 INFO [main] org.apache.coyote.AbstractProtocol.init Initializing ProtocolHandler ["http-nio-8040"]
27-Mar-2020 10:16:27.343 INFO [main] org.apache.tomcat.util.net.NioSelectorPool.getSharedSelector Using a shared selector for servlet write/read
27-Mar-2020 10:16:27.351 INFO [main] org.apache.catalina.core.StandardService.startInternal Starting service [Catalina]
27-Mar-2020 10:16:27.352 INFO [main] org.apache.catalina.core.StandardEngine.startInternal Starting Servlet Engine: Apache Tomcat/8.5.41
27-Mar-2020 10:16:27.393 INFO [localhost-startStop-1] org.apache.catalina.startup.HostConfig.deployDescriptor Deploying configuration descriptor [/opt/jfrog/artifactory/app/artifactory/tomcat/conf/Catalina/localhost/access.xml]
27-Mar-2020 10:16:27.404 INFO [localhost-startStop-2] org.apache.catalina.startup.HostConfig.deployDescriptor Deploying configuration descriptor [/opt/jfrog/artifactory/app/artifactory/tomcat/conf/Catalina/localhost/artifactory.xml]
27-Mar-2020 10:16:27.460 WARNING [localhost-startStop-2] org.apache.catalina.startup.HostConfig.deployDescriptor A docBase [/opt/jfrog/artifactory/app/artifactory/tomcat/webapps/artifactory.war] inside the host appBase has been specified, and will be ignored
27-Mar-2020 10:16:27.461 WARNING [localhost-startStop-1] org.apache.catalina.startup.HostConfig.deployDescriptor A docBase [/opt/jfrog/artifactory/app/artifactory/tomcat/webapps/access.war] inside the host appBase has been specified, and will be ignored
27-Mar-2020 10:16:36.260 INFO [localhost-startStop-2] org.apache.catalina.startup.HostConfig.deployDescriptor Deployment of configuration descriptor [/opt/jfrog/artifactory/app/artifactory/tomcat/conf/Catalina/localhost/artifactory.xml] has finished in [8,849] ms
27-Mar-2020 10:16:50.534 INFO [localhost-startStop-1] org.apache.catalina.startup.HostConfig.deployDescriptor Deployment of configuration descriptor [/opt/jfrog/artifactory/app/artifactory/tomcat/conf/Catalina/localhost/access.xml] has finished in [23,142] ms
27-Mar-2020 10:16:50.536 INFO [localhost-startStop-3] org.apache.catalina.startup.HostConfig.deployDirectory Deploying web application directory [/opt/jfrog/artifactory/app/artifactory/tomcat/webapps/ROOT]
27-Mar-2020 10:16:50.553 INFO [localhost-startStop-3] org.apache.catalina.startup.HostConfig.deployDirectory Deployment of web application directory [/opt/jfrog/artifactory/app/artifactory/tomcat/webapps/ROOT] has finished in [17] ms
27-Mar-2020 10:16:50.560 INFO [main] org.apache.coyote.AbstractProtocol.start Starting ProtocolHandler ["http-nio-8081"]
27-Mar-2020 10:16:50.586 INFO [main] org.apache.coyote.AbstractProtocol.start Starting ProtocolHandler ["http-nio-8040"]
27-Mar-2020 10:25:19.571 INFO [main] org.apache.coyote.AbstractProtocol.init Initializing ProtocolHandler ["http-nio-8081"]
27-Mar-2020 10:25:19.626 INFO [main] org.apache.tomcat.util.net.NioSelectorPool.getSharedSelector Using a shared selector for servlet write/read
27-Mar-2020 10:25:19.659 INFO [main] org.apache.coyote.AbstractProtocol.init Initializing ProtocolHandler ["http-nio-8040"]
27-Mar-2020 10:25:19.661 INFO [main] org.apache.tomcat.util.net.NioSelectorPool.getSharedSelector Using a shared selector for servlet write/read
27-Mar-2020 10:25:19.676 INFO [main] org.apache.catalina.core.StandardService.startInternal Starting service [Catalina]
27-Mar-2020 10:25:19.677 INFO [main] org.apache.catalina.core.StandardEngine.startInternal Starting Servlet Engine: Apache Tomcat/8.5.41
27-Mar-2020 10:25:19.706 INFO [localhost-startStop-1] org.apache.catalina.startup.HostConfig.deployDescriptor Deploying configuration descriptor [/opt/jfrog/artifactory/app/artifactory/tomcat/conf/Catalina/localhost/access.xml]
27-Mar-2020 10:25:19.722 INFO [localhost-startStop-2] org.apache.catalina.startup.HostConfig.deployDescriptor Deploying configuration descriptor [/opt/jfrog/artifactory/app/artifactory/tomcat/conf/Catalina/localhost/artifactory.xml]
27-Mar-2020 10:25:19.771 WARNING [localhost-startStop-2] org.apache.catalina.startup.HostConfig.deployDescriptor A docBase [/opt/jfrog/artifactory/app/artifactory/tomcat/webapps/artifactory.war] inside the host appBase has been specified, and will be ignored
27-Mar-2020 10:25:19.772 WARNING [localhost-startStop-1] org.apache.catalina.startup.HostConfig.deployDescriptor A docBase [/opt/jfrog/artifactory/app/artifactory/tomcat/webapps/access.war] inside the host appBase has been specified, and will be ignored
27-Mar-2020 10:25:29.380 INFO [localhost-startStop-2] org.apache.catalina.startup.HostConfig.deployDescriptor Deployment of configuration descriptor [/opt/jfrog/artifactory/app/artifactory/tomcat/conf/Catalina/localhost/artifactory.xml] has finished in [9,653] ms
27-Mar-2020 10:25:40.134 INFO [localhost-startStop-1] org.apache.catalina.startup.HostConfig.deployDescriptor Deployment of configuration descriptor [/opt/jfrog/artifactory/app/artifactory/tomcat/conf/Catalina/localhost/access.xml] has finished in [20,428] ms
27-Mar-2020 10:25:40.139 INFO [localhost-startStop-3] org.apache.catalina.startup.HostConfig.deployDirectory Deploying web application directory [/opt/jfrog/artifactory/app/artifactory/tomcat/webapps/ROOT]
27-Mar-2020 10:25:40.154 INFO [localhost-startStop-3] org.apache.catalina.startup.HostConfig.deployDirectory Deployment of web application directory [/opt/jfrog/artifactory/app/artifactory/tomcat/webapps/ROOT] has finished in [15] ms
27-Mar-2020 10:25:40.161 INFO [main] org.apache.coyote.AbstractProtocol.start Starting ProtocolHandler ["http-nio-8081"]
27-Mar-2020 10:25:40.227 INFO [main] org.apache.coyote.AbstractProtocol.start Starting ProtocolHandler ["http-nio-8040"]
27-Mar-2020 10:33:20.095 INFO [main] org.apache.catalina.core.StandardServer.await A valid shutdown command was received via the shutdown port. Stopping the Server instance.
27-Mar-2020 10:33:20.098 INFO [main] org.apache.coyote.AbstractProtocol.pause Pausing ProtocolHandler ["http-nio-8081"]
27-Mar-2020 10:33:20.106 INFO [main] org.apache.coyote.AbstractProtocol.pause Pausing ProtocolHandler ["http-nio-8040"]
27-Mar-2020 10:33:20.112 INFO [main] org.apache.catalina.core.StandardService.stopInternal Stopping service [Catalina]
27-Mar-2020 10:33:25.401 INFO [main] org.apache.coyote.AbstractProtocol.stop Stopping ProtocolHandler ["http-nio-8081"]
27-Mar-2020 10:33:25.403 INFO [main] org.apache.coyote.AbstractProtocol.stop Stopping ProtocolHandler ["http-nio-8040"]
27-Mar-2020 10:33:25.405 INFO [main] org.apache.coyote.AbstractProtocol.destroy Destroying ProtocolHandler ["http-nio-8081"]
27-Mar-2020 10:33:25.406 INFO [main] org.apache.coyote.AbstractProtocol.destroy Destroying ProtocolHandler ["http-nio-8040"]
27-Mar-2020 10:34:46.871 INFO [main] org.apache.coyote.AbstractProtocol.init Initializing ProtocolHandler ["http-nio-8081"]
27-Mar-2020 10:34:46.917 INFO [main] org.apache.tomcat.util.net.NioSelectorPool.getSharedSelector Using a shared selector for servlet write/read
27-Mar-2020 10:34:46.936 INFO [main] org.apache.coyote.AbstractProtocol.init Initializing ProtocolHandler ["http-nio-8040"]
27-Mar-2020 10:34:46.938 INFO [main] org.apache.tomcat.util.net.NioSelectorPool.getSharedSelector Using a shared selector for servlet write/read
27-Mar-2020 10:34:46.946 INFO [main] org.apache.catalina.core.StandardService.startInternal Starting service [Catalina]
27-Mar-2020 10:34:46.946 INFO [main] org.apache.catalina.core.StandardEngine.startInternal Starting Servlet Engine: Apache Tomcat/8.5.41
27-Mar-2020 10:34:46.984 INFO [localhost-startStop-1] org.apache.catalina.startup.HostConfig.deployDescriptor Deploying configuration descriptor [/opt/jfrog/artifactory/app/artifactory/tomcat/conf/Catalina/localhost/access.xml]
27-Mar-2020 10:34:46.988 INFO [localhost-startStop-2] org.apache.catalina.startup.HostConfig.deployDescriptor Deploying configuration descriptor [/opt/jfrog/artifactory/app/artifactory/tomcat/conf/Catalina/localhost/artifactory.xml]
27-Mar-2020 10:34:47.053 WARNING [localhost-startStop-2] org.apache.catalina.startup.HostConfig.deployDescriptor A docBase [/opt/jfrog/artifactory/app/artifactory/tomcat/webapps/artifactory.war] inside the host appBase has been specified, and will be ignored
27-Mar-2020 10:34:47.054 WARNING [localhost-startStop-1] org.apache.catalina.startup.HostConfig.deployDescriptor A docBase [/opt/jfrog/artifactory/app/artifactory/tomcat/webapps/access.war] inside the host appBase has been specified, and will be ignored
27-Mar-2020 10:34:56.644 INFO [localhost-startStop-2] org.apache.catalina.startup.HostConfig.deployDescriptor Deployment of configuration descriptor [/opt/jfrog/artifactory/app/artifactory/tomcat/conf/Catalina/localhost/artifactory.xml] has finished in [9,645] ms
27-Mar-2020 10:35:11.330 INFO [localhost-startStop-1] org.apache.catalina.startup.HostConfig.deployDescriptor Deployment of configuration descriptor [/opt/jfrog/artifactory/app/artifactory/tomcat/conf/Catalina/localhost/access.xml] has finished in [24,346] ms
27-Mar-2020 10:35:11.333 INFO [localhost-startStop-3] org.apache.catalina.startup.HostConfig.deployDirectory Deploying web application directory [/opt/jfrog/artifactory/app/artifactory/tomcat/webapps/ROOT]
27-Mar-2020 10:35:11.379 INFO [localhost-startStop-3] org.apache.catalina.startup.HostConfig.deployDirectory Deployment of web application directory [/opt/jfrog/artifactory/app/artifactory/tomcat/webapps/ROOT] has finished in [46] ms
27-Mar-2020 10:35:11.395 INFO [main] org.apache.coyote.AbstractProtocol.start Starting ProtocolHandler ["http-nio-8081"]
27-Mar-2020 10:35:11.437 INFO [main] org.apache.coyote.AbstractProtocol.start Starting ProtocolHandler ["http-nio-8040"]
27-Mar-2020 10:39:49.560 INFO [main] org.apache.catalina.core.StandardServer.await A valid shutdown command was received via the shutdown port. Stopping the Server instance.
27-Mar-2020 10:39:49.561 INFO [main] org.apache.coyote.AbstractProtocol.pause Pausing ProtocolHandler ["http-nio-8081"]
27-Mar-2020 10:39:49.575 INFO [main] org.apache.coyote.AbstractProtocol.pause Pausing ProtocolHandler ["http-nio-8040"]
27-Mar-2020 10:39:49.581 INFO [main] org.apache.catalina.core.StandardService.stopInternal Stopping service [Catalina]
27-Mar-2020 10:39:54.875 INFO [main] org.apache.coyote.AbstractProtocol.stop Stopping ProtocolHandler ["http-nio-8081"]
27-Mar-2020 10:39:54.878 INFO [main] org.apache.coyote.AbstractProtocol.stop Stopping ProtocolHandler ["http-nio-8040"]
27-Mar-2020 10:39:54.880 INFO [main] org.apache.coyote.AbstractProtocol.destroy Destroying ProtocolHandler ["http-nio-8081"]
27-Mar-2020 10:39:54.881 INFO [main] org.apache.coyote.AbstractProtocol.destroy Destroying ProtocolHandler ["http-nio-8040"]
27-Mar-2020 10:40:32.943 INFO [main] org.apache.coyote.AbstractProtocol.init Initializing ProtocolHandler ["http-nio-8081"]
27-Mar-2020 10:40:32.982 INFO [main] org.apache.tomcat.util.net.NioSelectorPool.getSharedSelector Using a shared selector for servlet write/read
27-Mar-2020 10:40:32.998 INFO [main] org.apache.coyote.AbstractProtocol.init Initializing ProtocolHandler ["http-nio-8040"]
27-Mar-2020 10:40:32.998 INFO [main] org.apache.tomcat.util.net.NioSelectorPool.getSharedSelector Using a shared selector for servlet write/read
27-Mar-2020 10:40:33.005 INFO [main] org.apache.catalina.core.StandardService.startInternal Starting service [Catalina]
27-Mar-2020 10:40:33.005 INFO [main] org.apache.catalina.core.StandardEngine.startInternal Starting Servlet Engine: Apache Tomcat/8.5.41
27-Mar-2020 10:40:33.034 INFO [localhost-startStop-2] org.apache.catalina.startup.HostConfig.deployDescriptor Deploying configuration descriptor [/opt/jfrog/artifactory/app/artifactory/tomcat/conf/Catalina/localhost/artifactory.xml]
27-Mar-2020 10:40:33.034 INFO [localhost-startStop-1] org.apache.catalina.startup.HostConfig.deployDescriptor Deploying configuration descriptor [/opt/jfrog/artifactory/app/artifactory/tomcat/conf/Catalina/localhost/access.xml]
27-Mar-2020 10:40:33.093 WARNING [localhost-startStop-1] org.apache.catalina.startup.HostConfig.deployDescriptor A docBase [/opt/jfrog/artifactory/app/artifactory/tomcat/webapps/access.war] inside the host appBase has been specified, and will be ignored
27-Mar-2020 10:40:33.093 WARNING [localhost-startStop-2] org.apache.catalina.startup.HostConfig.deployDescriptor A docBase [/opt/jfrog/artifactory/app/artifactory/tomcat/webapps/artifactory.war] inside the host appBase has been specified, and will be ignored
27-Mar-2020 10:40:41.735 INFO [localhost-startStop-2] org.apache.catalina.startup.HostConfig.deployDescriptor Deployment of configuration descriptor [/opt/jfrog/artifactory/app/artifactory/tomcat/conf/Catalina/localhost/artifactory.xml] has finished in [8,688] ms
27-Mar-2020 10:40:52.961 INFO [localhost-startStop-1] org.apache.catalina.startup.HostConfig.deployDescriptor Deployment of configuration descriptor [/opt/jfrog/artifactory/app/artifactory/tomcat/conf/Catalina/localhost/access.xml] has finished in [19,927] ms
27-Mar-2020 10:40:52.963 INFO [localhost-startStop-3] org.apache.catalina.startup.HostConfig.deployDirectory Deploying web application directory [/opt/jfrog/artifactory/app/artifactory/tomcat/webapps/ROOT]
27-Mar-2020 10:40:52.988 INFO [localhost-startStop-3] org.apache.catalina.startup.HostConfig.deployDirectory Deployment of web application directory [/opt/jfrog/artifactory/app/artifactory/tomcat/webapps/ROOT] has finished in [25] ms
27-Mar-2020 10:40:52.993 INFO [main] org.apache.coyote.AbstractProtocol.start Starting ProtocolHandler ["http-nio-8081"]
27-Mar-2020 10:40:53.011 INFO [main] org.apache.coyote.AbstractProtocol.start Starting ProtocolHandler ["http-nio-8040"]
27-Mar-2020 10:52:50.415 INFO [main] org.apache.catalina.core.StandardServer.await A valid shutdown command was received via the shutdown port. Stopping the Server instance.
27-Mar-2020 10:52:50.416 INFO [main] org.apache.coyote.AbstractProtocol.pause Pausing ProtocolHandler ["http-nio-8081"]
27-Mar-2020 10:52:50.425 INFO [main] org.apache.coyote.AbstractProtocol.pause Pausing ProtocolHandler ["http-nio-8040"]
27-Mar-2020 10:52:50.431 INFO [main] org.apache.catalina.core.StandardService.stopInternal Stopping service [Catalina]
27-Mar-2020 10:52:55.706 INFO [main] org.apache.coyote.AbstractProtocol.stop Stopping ProtocolHandler ["http-nio-8081"]
27-Mar-2020 10:52:55.711 INFO [main] org.apache.coyote.AbstractProtocol.stop Stopping ProtocolHandler ["http-nio-8040"]
27-Mar-2020 10:52:55.712 INFO [main] org.apache.coyote.AbstractProtocol.destroy Destroying ProtocolHandler ["http-nio-8081"]
27-Mar-2020 10:52:55.713 INFO [main] org.apache.coyote.AbstractProtocol.destroy Destroying ProtocolHandler ["http-nio-8040"]
27-Mar-2020 10:53:54.163 INFO [main] org.apache.coyote.AbstractProtocol.init Initializing ProtocolHandler ["http-nio-8081"]
27-Mar-2020 10:53:54.216 INFO [main] org.apache.tomcat.util.net.NioSelectorPool.getSharedSelector Using a shared selector for servlet write/read
27-Mar-2020 10:53:54.234 INFO [main] org.apache.coyote.AbstractProtocol.init Initializing ProtocolHandler ["http-nio-8040"]
27-Mar-2020 10:53:54.236 INFO [main] org.apache.tomcat.util.net.NioSelectorPool.getSharedSelector Using a shared selector for servlet write/read
27-Mar-2020 10:53:54.244 INFO [main] org.apache.catalina.core.StandardService.startInternal Starting service [Catalina]
27-Mar-2020 10:53:54.245 INFO [main] org.apache.catalina.core.StandardEngine.startInternal Starting Servlet Engine: Apache Tomcat/8.5.41
27-Mar-2020 10:53:54.263 INFO [localhost-startStop-1] org.apache.catalina.startup.HostConfig.deployDescriptor Deploying configuration descriptor [/opt/jfrog/artifactory/app/artifactory/tomcat/conf/Catalina/localhost/access.xml]
27-Mar-2020 10:53:54.265 INFO [localhost-startStop-2] org.apache.catalina.startup.HostConfig.deployDescriptor Deploying configuration descriptor [/opt/jfrog/artifactory/app/artifactory/tomcat/conf/Catalina/localhost/artifactory.xml]
27-Mar-2020 10:53:54.324 WARNING [localhost-startStop-1] org.apache.catalina.startup.HostConfig.deployDescriptor A docBase [/opt/jfrog/artifactory/app/artifactory/tomcat/webapps/access.war] inside the host appBase has been specified, and will be ignored
27-Mar-2020 10:53:54.324 WARNING [localhost-startStop-2] org.apache.catalina.startup.HostConfig.deployDescriptor A docBase [/opt/jfrog/artifactory/app/artifactory/tomcat/webapps/artifactory.war] inside the host appBase has been specified, and will be ignored
27-Mar-2020 10:54:03.759 INFO [localhost-startStop-2] org.apache.catalina.startup.HostConfig.deployDescriptor Deployment of configuration descriptor [/opt/jfrog/artifactory/app/artifactory/tomcat/conf/Catalina/localhost/artifactory.xml] has finished in [9,489] ms
27-Mar-2020 10:54:18.913 INFO [localhost-startStop-1] org.apache.catalina.startup.HostConfig.deployDescriptor Deployment of configuration descriptor [/opt/jfrog/artifactory/app/artifactory/tomcat/conf/Catalina/localhost/access.xml] has finished in [24,650] ms
27-Mar-2020 10:54:18.926 INFO [localhost-startStop-3] org.apache.catalina.startup.HostConfig.deployDirectory Deploying web application directory [/opt/jfrog/artifactory/app/artifactory/tomcat/webapps/ROOT]
27-Mar-2020 10:54:18.956 INFO [localhost-startStop-3] org.apache.catalina.startup.HostConfig.deployDirectory Deployment of web application directory [/opt/jfrog/artifactory/app/artifactory/tomcat/webapps/ROOT] has finished in [30] ms
27-Mar-2020 10:54:18.983 INFO [main] org.apache.coyote.AbstractProtocol.start Starting ProtocolHandler ["http-nio-8081"]
27-Mar-2020 10:54:19.078 INFO [main] org.apache.coyote.AbstractProtocol.start Starting ProtocolHandler ["http-nio-8040"]
