2020-03-25 19:20:37,977 [AUDIT] Token created by 'anonymous': tokenId='12d525be-2cec-4491-b222-fd72bfd63ded', issuer='jfrou@01e49j78r7vs30xv5qb9mj5w52', subject='jfrou@01e49j78r7vs30xv5qb9mj5w52', expiry=none, refreshable=false
2020-03-25 19:20:41,700 [AUDIT] Token created by 'anonymous': tokenId='226895b6-17a4-4aba-b669-ea4e12976adf', issuer='jfac@01e49j73ccnr7c17gd5ayt0916', subject='jfac@01e49j73ccnr7c17gd5ayt0916', expiry=1585164161693, refreshable=false
2020-03-25 19:20:41,879 [AUDIT] Token created by 'anonymous': tokenId='47d09384-2377-4ceb-a936-a683420267ee', issuer='jfac@01e49j73ccnr7c17gd5ayt0916', subject='jfac@01e49j73ccnr7c17gd5ayt0916', expiry=1585164161853, refreshable=false
2020-03-25 19:20:42,097 [AUDIT] Token created by 'anonymous': tokenId='5ab74e56-db31-4c32-8549-3e88acb9acc4', issuer='jfac@01e49j73ccnr7c17gd5ayt0916', subject='jfac@01e49j73ccnr7c17gd5ayt0916', expiry=1585164162092, refreshable=false
2020-03-25 19:20:42,486 [AUDIT] Token created by 'anonymous': tokenId='74e40318-96c6-4a1e-9b83-2b2dedfa6df9', issuer='jfmd@01e49j7a9f9sx346488s7y6rc7', subject='jfmd@01e49j7a9f9sx346488s7y6rc7', expiry=none, refreshable=false
2020-03-25 19:20:42,521 [AUDIT] Token created by 'anonymous': tokenId='f2acba76-9d01-4114-aed1-cf08ee917651', issuer='jfac@01e49j73ccnr7c17gd5ayt0916', subject='jfac@01e49j73ccnr7c17gd5ayt0916', expiry=1585164162509, refreshable=false
2020-03-25 19:20:48,651 [AUDIT] Token created by 'anonymous': tokenId='97db47a7-e3a5-4e43-899a-071b2aba13b3', issuer='jfrt@01e49j7nt5qc6w0satw40506g3', subject='jfrt@01e49j7nt5qc6w0satw40506g3', expiry=none, refreshable=false
2020-03-25 19:20:50,611 [AUDIT] Token created by 'jfrt@01e49j7nt5qc6w0satw40506g3': tokenId='af57055c-e771-440a-bf5d-06f25742c08f', issuer='jfrt@01e49j7nt5qc6w0satw40506g3', subject='jfrt@01e49j7nt5qc6w0satw40506g3', expiry=2531244050606, refreshable=false
2020-03-25 19:20:57,874 [AUDIT] Token created by 'anonymous': tokenId='28a7a970-e9ec-471f-8cd1-92e410aeb137', issuer='jffe@000', subject='jffe@000', expiry=none, refreshable=false
2020-03-25 19:20:57,941 [AUDIT] Token created by 'jffe@000': tokenId='78a4c9cc-9123-4f9d-a7c6-a33dfa3cfc43', issuer='jffe@000', subject='jffe@000', expiry=1585164657934, refreshable=false
2020-03-25 19:21:11,330 [AUDIT] Token created by 'jffe@000': tokenId='4ded5093-229e-45da-aa8b-b8a73d6e3fbe', issuer='jffe@000', subject='jffe@000/users/anonymous', expiry=1585164671328, refreshable=false
2020-03-25 19:21:32,319 [AUDIT] Token created by 'jffe@000': tokenId='0f5c6854-785a-45de-bbac-3f8853016a5a', issuer='jffe@000', subject='admin', expiry=1585165892316, refreshable=true
2020-03-25 19:21:32,399 [AUDIT] Token created by 'jffe@000': tokenId='26f71af9-7841-46f5-b8ff-55990fb08476', issuer='jffe@000', subject='jffe@000/users/admin', expiry=1585164692395, refreshable=false
2020-03-25 19:21:32,402 [AUDIT] Token created by 'jffe@000': tokenId='0148511e-9858-4c36-8aa8-681224714c22', issuer='jffe@000', subject='jffe@000/users/admin', expiry=1585164692398, refreshable=false
2020-03-25 19:21:54,597 [AUDIT] Token created by 'jffe@000': tokenId='c64d4972-0b8e-492a-a500-44fb7f8313b1', issuer='jffe@000', subject='jffe@000/users/admin', expiry=1585164714592, refreshable=false
2020-03-25 19:22:55,546 [AUDIT] Token created by 'anonymous': tokenId='7564de38-74e5-4e3d-b373-959595bd0c61', issuer='jfrou@01e49j78r7vs30xv5qb9mj5w52', subject='jfrou@01e49j78r7vs30xv5qb9mj5w52', expiry=none, refreshable=false
2020-03-25 19:22:59,534 [AUDIT] Token created by 'anonymous': tokenId='2edc0f12-ce23-4004-ad90-eada75454bf0', issuer='jfac@01e49j73ccnr7c17gd5ayt0916', subject='jfac@01e49j73ccnr7c17gd5ayt0916', expiry=1585164299531, refreshable=false
2020-03-25 19:22:59,677 [AUDIT] Token created by 'anonymous': tokenId='7f1176c8-4fcd-494a-8a6d-78b96227e140', issuer='jfac@01e49j73ccnr7c17gd5ayt0916', subject='jfac@01e49j73ccnr7c17gd5ayt0916', expiry=1585164299668, refreshable=false
2020-03-25 19:22:59,899 [AUDIT] Token created by 'anonymous': tokenId='5fe48d8d-fafc-4ab8-bf2b-679340b19eda', issuer='jfac@01e49j73ccnr7c17gd5ayt0916', subject='jfac@01e49j73ccnr7c17gd5ayt0916', expiry=1585164299895, refreshable=false
2020-03-25 19:23:00,172 [AUDIT] Token created by 'anonymous': tokenId='93be8ac5-2622-4421-82c7-c42a75abde30', issuer='jfmd@01e49j7a9f9sx346488s7y6rc7', subject='jfmd@01e49j7a9f9sx346488s7y6rc7', expiry=none, refreshable=false
2020-03-25 19:23:00,317 [AUDIT] Token created by 'anonymous': tokenId='a28088a8-3373-4e23-bce6-2c312a220714', issuer='jfac@01e49j73ccnr7c17gd5ayt0916', subject='jfac@01e49j73ccnr7c17gd5ayt0916', expiry=1585164300311, refreshable=false
2020-03-25 19:23:01,023 [AUDIT] Token created by 'anonymous': tokenId='9a9d88ec-e7ac-42f9-9e1e-3e78c8cc9a23', issuer='jfrt@01e49j7nt5qc6w0satw40506g3', subject='jfrt@01e49j7nt5qc6w0satw40506g3', expiry=none, refreshable=false
2020-03-25 19:23:02,700 [AUDIT] Token created by 'jfrt@01e49j7nt5qc6w0satw40506g3': tokenId='0629eccd-0620-476c-b67e-3153456c9d64', issuer='jfrt@01e49j7nt5qc6w0satw40506g3', subject='jfrt@01e49j7nt5qc6w0satw40506g3', expiry=2531244182697, refreshable=false
2020-03-25 19:23:09,719 [AUDIT] Token created by 'anonymous': tokenId='ff7b316a-566e-4b35-a430-17b92fe864f3', issuer='jffe@000', subject='jffe@000', expiry=none, refreshable=false
2020-03-25 19:23:09,765 [AUDIT] Token created by 'jffe@000': tokenId='2113cdba-81fb-4e46-aa0b-10b3f63a50f4', issuer='jffe@000', subject='jffe@000', expiry=1585164789763, refreshable=false
2020-03-25 19:23:37,423 [AUDIT] Token created by 'jffe@000': tokenId='8410cfa6-9433-4c14-bdf6-6635882439db', issuer='jffe@000', subject='jffe@000/users/admin', expiry=1585164817421, refreshable=false
2020-03-25 19:25:20,236 [AUDIT] Token created by 'jffe@000': tokenId='f0cade13-569b-4bda-8663-b834897c4cb0', issuer='jffe@000', subject='jffe@000/users/anonymous', expiry=1585164920223, refreshable=false
2020-03-25 19:31:23,157 [AUDIT] Token created by 'anonymous': tokenId='37d741b0-72d3-4c0d-833f-45556387b1da', issuer='jfrou@01e49j78r7vs30xv5qb9mj5w52', subject='jfrou@01e49j78r7vs30xv5qb9mj5w52', expiry=none, refreshable=false
2020-03-25 19:31:31,121 [AUDIT] Token created by 'anonymous': tokenId='04aa40af-4ae1-4891-bf6e-ff2d6fa04a8b', issuer='jfac@01e49j73ccnr7c17gd5ayt0916', subject='jfac@01e49j73ccnr7c17gd5ayt0916', expiry=1585164811113, refreshable=false
2020-03-25 19:31:31,364 [AUDIT] Token created by 'anonymous': tokenId='debfb760-48f1-4986-8812-bb99193231b5', issuer='jfmd@01e49j7a9f9sx346488s7y6rc7', subject='jfmd@01e49j7a9f9sx346488s7y6rc7', expiry=none, refreshable=false
2020-03-25 19:31:32,220 [AUDIT] Token created by 'anonymous': tokenId='b6a95f58-a751-4b66-ad97-ce4a9ecb071f', issuer='jfrt@01e49j7nt5qc6w0satw40506g3', subject='jfrt@01e49j7nt5qc6w0satw40506g3', expiry=none, refreshable=false
2020-03-25 19:31:34,558 [AUDIT] Token created by 'jfrt@01e49j7nt5qc6w0satw40506g3': tokenId='7fc9e927-fd99-44c0-9121-9dc0d81f5885', issuer='jfrt@01e49j7nt5qc6w0satw40506g3', subject='jfrt@01e49j7nt5qc6w0satw40506g3', expiry=2531244694550, refreshable=false
2020-03-25 19:31:46,143 [AUDIT] Token created by 'anonymous': tokenId='b6e104dc-1e9d-49eb-a91e-ff22705e6e48', issuer='jffe@000', subject='jffe@000', expiry=none, refreshable=false
2020-03-25 19:31:46,360 [AUDIT] Token created by 'jffe@000': tokenId='e675ff39-654d-4d8b-baba-4a3584278858', issuer='jffe@000', subject='jffe@000', expiry=1585165306351, refreshable=false
2020-03-25 19:31:57,240 [AUDIT] Token created by 'jffe@000': tokenId='94f789ae-98a0-406f-8336-044f3fb03403', issuer='jffe@000', subject='jffe@000/users/anonymous', expiry=1585165317226, refreshable=false
2020-03-25 19:31:58,102 [AUDIT] Token refreshed by 'jffe@000': oldTokenId='0f5c6854-785a-45de-bbac-3f8853016a5a', tokenId='08c1bb51-bf4e-492b-8b82-887de916ab43', issuer='jffe@000', subject='admin', expiry=1585166518081, refreshable=true
2020-03-25 19:31:58,135 [AUDIT] Token created by 'jffe@000': tokenId='0e1ff9e4-6533-45e6-9a8d-9eab320355ca', issuer='jffe@000', subject='jffe@000/users/admin', expiry=1585165318128, refreshable=false
2020-03-25 19:31:58,148 [AUDIT] Token created by 'jffe@000': tokenId='ee8224a2-b796-4a4b-98d0-7e1b48813fd8', issuer='jffe@000', subject='jffe@000/users/admin', expiry=1585165318143, refreshable=false
2020-03-25 19:31:58,152 [AUDIT] Token created by 'jffe@000': tokenId='9da2b114-1f59-4af3-b2de-1b85cc3a4b4b', issuer='jffe@000', subject='jffe@000/users/admin', expiry=1585165318146, refreshable=false
2020-03-25 19:37:19,321 [AUDIT] Token created by 'anonymous': tokenId='e1b01c0d-403e-4692-a0cd-65de46beb5aa', issuer='jfrou@01e49j78r7vs30xv5qb9mj5w52', subject='jfrou@01e49j78r7vs30xv5qb9mj5w52', expiry=none, refreshable=false
2020-03-25 19:37:19,479 [AUDIT] Token revoked by 'anonymous': tokenId='37d741b0-72d3-4c0d-833f-45556387b1da', issuer='jfrou@01e49j78r7vs30xv5qb9mj5w52', subject='jfrou@01e49j78r7vs30xv5qb9mj5w52', expiry=none, refreshable=false
2020-03-25 19:37:20,615 [AUDIT] Token created by 'anonymous': tokenId='5c8a6e59-50c0-48ce-adf9-a8b066090387', issuer='jfmd@01e49j7a9f9sx346488s7y6rc7', subject='jfmd@01e49j7a9f9sx346488s7y6rc7', expiry=none, refreshable=false
2020-03-25 19:37:20,645 [AUDIT] Token revoked by 'anonymous': tokenId='debfb760-48f1-4986-8812-bb99193231b5', issuer='jfmd@01e49j7a9f9sx346488s7y6rc7', subject='jfmd@01e49j7a9f9sx346488s7y6rc7', expiry=none, refreshable=false
2020-03-25 19:37:22,470 [AUDIT] Token created by 'anonymous': tokenId='54f58bd4-f47e-4266-94ac-35ca1dffb41b', issuer='jfrt@01e49j7nt5qc6w0satw40506g3', subject='jfrt@01e49j7nt5qc6w0satw40506g3', expiry=none, refreshable=false
2020-03-25 19:37:22,480 [AUDIT] Token revoked by 'anonymous': tokenId='b6a95f58-a751-4b66-ad97-ce4a9ecb071f', issuer='jfrt@01e49j7nt5qc6w0satw40506g3', subject='jfrt@01e49j7nt5qc6w0satw40506g3', expiry=none, refreshable=false
2020-03-25 19:37:24,836 [AUDIT] Token created by 'jfrt@01e49j7nt5qc6w0satw40506g3': tokenId='347fc069-4fda-468a-8c2d-14ebbfc0a641', issuer='jfrt@01e49j7nt5qc6w0satw40506g3', subject='jfrt@01e49j7nt5qc6w0satw40506g3', expiry=2531245044830, refreshable=false
2020-03-25 19:37:25,133 [AUDIT] Token created by 'anonymous': tokenId='93927400-5664-45b6-94c8-f4c1b4c4a779', issuer='jfac@01e49j73ccnr7c17gd5ayt0916', subject='jfac@01e49j73ccnr7c17gd5ayt0916', expiry=1585165165131, refreshable=false
2020-03-25 19:37:30,682 [AUDIT] Token created by 'anonymous': tokenId='e7dd1e7c-e616-47f9-8aaf-483976c89a7e', issuer='jffe@000', subject='jffe@000', expiry=none, refreshable=false
2020-03-25 19:37:30,691 [AUDIT] Token revoked by 'anonymous': tokenId='b6e104dc-1e9d-49eb-a91e-ff22705e6e48', issuer='jffe@000', subject='jffe@000', expiry=none, refreshable=false
2020-03-25 19:37:30,739 [AUDIT] Token created by 'jffe@000': tokenId='2e270047-4136-4edc-8a22-3658152c0c6f', issuer='jffe@000', subject='jffe@000', expiry=1585165650736, refreshable=false
2020-03-25 19:47:33,166 [AUDIT] Token created by 'jffe@000': tokenId='933864f2-4335-4708-88d8-85f3c3cb6df7', issuer='jffe@000', subject='jffe@000', expiry=1585166253161, refreshable=false
2020-03-25 19:47:33,168 [AUDIT] Token created by 'jffe@000': tokenId='6933d585-143e-422d-93ac-7f4aab05ff12', issuer='jffe@000', subject='jffe@000', expiry=1585166253163, refreshable=false
2020-03-25 19:47:33,168 [AUDIT] Token created by 'jffe@000': tokenId='dcfdccd5-2b81-4b00-aaea-8ae0c49047ad', issuer='jffe@000', subject='jffe@000', expiry=1585166253163, refreshable=false
2020-03-25 19:47:33,168 [AUDIT] Token created by 'jffe@000': tokenId='35cfc792-0a93-4e6a-9ad3-11000a6331e3', issuer='jffe@000', subject='jffe@000', expiry=1585166253163, refreshable=false
2020-03-25 19:57:33,258 [AUDIT] Token created by 'jffe@000': tokenId='11a8b3e4-da7c-42bc-ba91-2dcb1f18ec8c', issuer='jffe@000', subject='jffe@000', expiry=1585166853254, refreshable=false
2020-03-25 19:57:33,260 [AUDIT] Token created by 'jffe@000': tokenId='14a7e35d-9696-462d-abb5-363505337691', issuer='jffe@000', subject='jffe@000', expiry=1585166853257, refreshable=false
2020-03-25 19:57:33,271 [AUDIT] Token created by 'jffe@000': tokenId='8f28cb3c-caf3-4616-8580-0c4455b46581', issuer='jffe@000', subject='jffe@000', expiry=1585166853257, refreshable=false
2020-03-25 19:57:33,272 [AUDIT] Token created by 'jffe@000': tokenId='e496471d-f51f-448d-9ebb-91cbfbd26452', issuer='jffe@000', subject='jffe@000', expiry=1585166853258, refreshable=false
2020-03-25 20:07:33,419 [AUDIT] Token created by 'jffe@000': tokenId='ad62f1d9-6120-49db-b74f-94d8fd5647e9', issuer='jffe@000', subject='jffe@000', expiry=1585167453417, refreshable=false
2020-03-25 20:07:33,422 [AUDIT] Token created by 'jffe@000': tokenId='62fcd3e9-6484-4a09-90eb-3a7f76aa56e6', issuer='jffe@000', subject='jffe@000', expiry=1585167453417, refreshable=false
2020-03-25 20:07:33,427 [AUDIT] Token created by 'jffe@000': tokenId='baeb98f2-0444-4101-80a3-4726d0bb2789', issuer='jffe@000', subject='jffe@000', expiry=1585167453419, refreshable=false
2020-03-25 20:07:33,436 [AUDIT] Token created by 'jffe@000': tokenId='0bb675cd-0c3d-4662-bb32-eda693d358c5', issuer='jffe@000', subject='jffe@000', expiry=1585167453419, refreshable=false
2020-03-25 20:17:33,486 [AUDIT] Token created by 'jffe@000': tokenId='fe4b58e7-ecd1-40a9-ae37-715b14eb11d5', issuer='jffe@000', subject='jffe@000', expiry=1585168053480, refreshable=false
2020-03-25 20:17:33,489 [AUDIT] Token created by 'jffe@000': tokenId='6827c2b2-ff36-43bf-a891-4281f5fd4174', issuer='jffe@000', subject='jffe@000', expiry=1585168053481, refreshable=false
2020-03-25 20:17:33,489 [AUDIT] Token created by 'jffe@000': tokenId='ca0944f3-7f0b-44c0-87c9-bb2411c63e1c', issuer='jffe@000', subject='jffe@000', expiry=1585168053482, refreshable=false
2020-03-25 20:17:33,490 [AUDIT] Token created by 'jffe@000': tokenId='767fa266-0c68-4540-847f-53af43f9f55a', issuer='jffe@000', subject='jffe@000', expiry=1585168053481, refreshable=false
2020-03-25 20:27:33,546 [AUDIT] Token created by 'jffe@000': tokenId='ed081ef8-76c3-439a-8315-b441d989fad7', issuer='jffe@000', subject='jffe@000', expiry=1585168653543, refreshable=false
2020-03-25 20:27:33,549 [AUDIT] Token created by 'jffe@000': tokenId='508f18b9-7b41-4f5c-b3e4-901bfe1883e0', issuer='jffe@000', subject='jffe@000', expiry=1585168653543, refreshable=false
2020-03-25 20:27:33,552 [AUDIT] Token created by 'jffe@000': tokenId='deca17f7-3820-46e5-8e01-cc8886a72c09', issuer='jffe@000', subject='jffe@000', expiry=1585168653544, refreshable=false
2020-03-25 20:27:33,559 [AUDIT] Token created by 'jffe@000': tokenId='625092a5-7bdc-4fec-9ac2-ad844a7c2dd8', issuer='jffe@000', subject='jffe@000', expiry=1585168653543, refreshable=false
2020-03-25 20:37:33,751 [AUDIT] Token created by 'jffe@000': tokenId='19a11c3c-644c-4918-b072-23fa1ba8354f', issuer='jffe@000', subject='jffe@000', expiry=1585169253747, refreshable=false
2020-03-25 20:37:33,753 [AUDIT] Token created by 'jffe@000': tokenId='11113b51-83e7-4ee1-9599-563189a368d0', issuer='jffe@000', subject='jffe@000', expiry=1585169253748, refreshable=false
2020-03-25 20:37:33,756 [AUDIT] Token created by 'jffe@000': tokenId='f27de8d2-459a-40f6-91dc-c28194f33e21', issuer='jffe@000', subject='jffe@000', expiry=1585169253748, refreshable=false
2020-03-25 20:37:33,758 [AUDIT] Token created by 'jffe@000': tokenId='4fdc1775-843c-4d22-bc2b-0c80f6523dab', issuer='jffe@000', subject='jffe@000', expiry=1585169253748, refreshable=false
2020-03-25 20:47:33,947 [AUDIT] Token created by 'jffe@000': tokenId='b4051514-ac6e-4628-894e-9325cb240e09', issuer='jffe@000', subject='jffe@000', expiry=1585169853946, refreshable=false
2020-03-25 20:47:33,949 [AUDIT] Token created by 'jffe@000': tokenId='baf23344-f743-400a-966b-649f37188ef6', issuer='jffe@000', subject='jffe@000', expiry=1585169853946, refreshable=false
2020-03-25 20:47:33,953 [AUDIT] Token created by 'jffe@000': tokenId='e78964b3-1b25-4224-ac3b-09cd6a6613bc', issuer='jffe@000', subject='jffe@000', expiry=1585169853948, refreshable=false
2020-03-25 20:47:33,956 [AUDIT] Token created by 'jffe@000': tokenId='3ad8623c-696f-413b-926a-a046b03722bb', issuer='jffe@000', subject='jffe@000', expiry=1585169853948, refreshable=false
2020-03-25 20:54:46,940 [AUDIT] Token created by 'anonymous': tokenId='d3888ca8-370a-4142-9014-26434045971a', issuer='jfrou@01e49j78r7vs30xv5qb9mj5w52', subject='jfrou@01e49j78r7vs30xv5qb9mj5w52', expiry=none, refreshable=false
2020-03-25 20:54:47,089 [AUDIT] Token revoked by 'anonymous': tokenId='e1b01c0d-403e-4692-a0cd-65de46beb5aa', issuer='jfrou@01e49j78r7vs30xv5qb9mj5w52', subject='jfrou@01e49j78r7vs30xv5qb9mj5w52', expiry=none, refreshable=false
2020-03-25 20:54:47,780 [AUDIT] Token created by 'anonymous': tokenId='94ff813e-e695-49e5-8bdc-6f8347cd2735', issuer='jfmd@01e49j7a9f9sx346488s7y6rc7', subject='jfmd@01e49j7a9f9sx346488s7y6rc7', expiry=none, refreshable=false
2020-03-25 20:54:47,813 [AUDIT] Token revoked by 'anonymous': tokenId='5c8a6e59-50c0-48ce-adf9-a8b066090387', issuer='jfmd@01e49j7a9f9sx346488s7y6rc7', subject='jfmd@01e49j7a9f9sx346488s7y6rc7', expiry=none, refreshable=false
2020-03-25 20:54:48,147 [AUDIT] Token created by 'anonymous': tokenId='a59227f9-067a-46f2-90b3-9a5cd25be8bb', issuer='jfrt@01e49j7nt5qc6w0satw40506g3', subject='jfrt@01e49j7nt5qc6w0satw40506g3', expiry=none, refreshable=false
2020-03-25 20:54:48,159 [AUDIT] Token revoked by 'anonymous': tokenId='54f58bd4-f47e-4266-94ac-35ca1dffb41b', issuer='jfrt@01e49j7nt5qc6w0satw40506g3', subject='jfrt@01e49j7nt5qc6w0satw40506g3', expiry=none, refreshable=false
2020-03-25 20:54:50,043 [AUDIT] Token created by 'jfrt@01e49j7nt5qc6w0satw40506g3': tokenId='84565aa8-d933-48c8-a4ed-90c0f203409c', issuer='jfrt@01e49j7nt5qc6w0satw40506g3', subject='jfrt@01e49j7nt5qc6w0satw40506g3', expiry=2531249690035, refreshable=false
2020-03-25 20:54:54,456 [AUDIT] Token created by 'anonymous': tokenId='971ba55c-0f69-4192-9731-254c21cf603b', issuer='jfac@01e49j73ccnr7c17gd5ayt0916', subject='jfac@01e49j73ccnr7c17gd5ayt0916', expiry=1585169814374, refreshable=false
2020-03-25 20:54:57,554 [AUDIT] Token created by 'anonymous': tokenId='e5a56d47-13e4-4fe9-9e6f-3b334b45783c', issuer='jffe@000', subject='jffe@000', expiry=none, refreshable=false
2020-03-25 20:54:57,583 [AUDIT] Token revoked by 'anonymous': tokenId='e7dd1e7c-e616-47f9-8aaf-483976c89a7e', issuer='jffe@000', subject='jffe@000', expiry=none, refreshable=false
2020-03-25 20:54:57,640 [AUDIT] Token created by 'jffe@000': tokenId='315de50d-0646-4ae3-80d9-774ddbf8902e', issuer='jffe@000', subject='jffe@000', expiry=1585170297633, refreshable=false
2020-03-25 21:05:00,054 [AUDIT] Token created by 'jffe@000': tokenId='3aa6d813-cbce-48fc-9b05-f612bf969b22', issuer='jffe@000', subject='jffe@000', expiry=1585170900037, refreshable=false
2020-03-25 21:05:00,054 [AUDIT] Token created by 'jffe@000': tokenId='628c08c3-b4a6-4831-a793-676a87a28c9b', issuer='jffe@000', subject='jffe@000', expiry=1585170900044, refreshable=false
2020-03-25 21:05:00,055 [AUDIT] Token created by 'jffe@000': tokenId='344f0137-4619-496f-b745-17461a21e1be', issuer='jffe@000', subject='jffe@000', expiry=1585170900037, refreshable=false
2020-03-25 21:05:00,055 [AUDIT] Token created by 'jffe@000': tokenId='846f1b45-1193-4567-8d12-560d2d0d0b36', issuer='jffe@000', subject='jffe@000', expiry=1585170900041, refreshable=false
2020-03-25 21:15:00,050 [AUDIT] Token created by 'jffe@000': tokenId='f773b044-6321-4e66-af12-83eeeed8aa8f', issuer='jffe@000', subject='jffe@000', expiry=1585171500049, refreshable=false
2020-03-25 21:15:00,056 [AUDIT] Token created by 'jffe@000': tokenId='e99e2be8-748b-4a4b-94a1-3dd60b369ad5', issuer='jffe@000', subject='jffe@000', expiry=1585171500053, refreshable=false
2020-03-25 21:15:00,060 [AUDIT] Token created by 'jffe@000': tokenId='8ed0b9a5-7b06-4c2b-9c84-0b538f407d51', issuer='jffe@000', subject='jffe@000', expiry=1585171500053, refreshable=false
2020-03-25 21:15:00,063 [AUDIT] Token created by 'jffe@000': tokenId='f14da226-b407-465c-8228-d4ccca92f301', issuer='jffe@000', subject='jffe@000', expiry=1585171500055, refreshable=false
2020-03-26 08:02:20,806 [AUDIT] Token created by 'anonymous': tokenId='a5281c88-cc21-434f-80f6-58a181af19d3', issuer='jfrou@01e49j78r7vs30xv5qb9mj5w52', subject='jfrou@01e49j78r7vs30xv5qb9mj5w52', expiry=none, refreshable=false
2020-03-26 08:02:27,331 [AUDIT] Token created by 'anonymous': tokenId='86b0cf3e-c16a-454f-989f-e314c7c6231f', issuer='jfac@01e49j73ccnr7c17gd5ayt0916', subject='jfac@01e49j73ccnr7c17gd5ayt0916', expiry=1585209867327, refreshable=false
2020-03-26 08:02:27,768 [AUDIT] Token created by 'anonymous': tokenId='02c3be1e-7f60-4201-a21b-e4346328d3d9', issuer='jfrt@01e49j7nt5qc6w0satw40506g3', subject='jfrt@01e49j7nt5qc6w0satw40506g3', expiry=none, refreshable=false
2020-03-26 08:02:28,020 [AUDIT] Token created by 'anonymous': tokenId='92a3c062-bf9e-4f9e-8d27-9a0285187401', issuer='jfmd@01e49j7a9f9sx346488s7y6rc7', subject='jfmd@01e49j7a9f9sx346488s7y6rc7', expiry=none, refreshable=false
2020-03-26 08:02:30,084 [AUDIT] Token created by 'jfrt@01e49j7nt5qc6w0satw40506g3': tokenId='8cff7b4e-a4a5-4735-9b8e-9f01443847ea', issuer='jfrt@01e49j7nt5qc6w0satw40506g3', subject='jfrt@01e49j7nt5qc6w0satw40506g3', expiry=2531289750082, refreshable=false
2020-03-26 08:02:37,162 [AUDIT] Token created by 'anonymous': tokenId='04b6130e-85e5-4ea0-ae01-f79215b141a2', issuer='jffe@000', subject='jffe@000', expiry=none, refreshable=false
2020-03-26 08:02:37,292 [AUDIT] Token created by 'jffe@000': tokenId='1ad96eea-b159-4ff5-bb44-7e66c747c103', issuer='jffe@000', subject='jffe@000', expiry=1585210357286, refreshable=false
2020-03-26 11:48:22,114 [AUDIT] Token created by 'anonymous': tokenId='93b95c72-696a-477e-93ea-d1df40329d69', issuer='jfrou@01e49j78r7vs30xv5qb9mj5w52', subject='jfrou@01e49j78r7vs30xv5qb9mj5w52', expiry=none, refreshable=false
2020-03-26 11:48:28,014 [AUDIT] Token created by 'anonymous': tokenId='8c105f20-a781-4185-a142-549f8c8f9222', issuer='jfac@01e49j73ccnr7c17gd5ayt0916', subject='jfac@01e49j73ccnr7c17gd5ayt0916', expiry=1585223428009, refreshable=false
2020-03-26 11:48:28,229 [AUDIT] Token created by 'anonymous': tokenId='162ee129-7153-4291-83cf-8fcf32d8d497', issuer='jfmd@01e49j7a9f9sx346488s7y6rc7', subject='jfmd@01e49j7a9f9sx346488s7y6rc7', expiry=none, refreshable=false
2020-03-26 11:48:28,776 [AUDIT] Token created by 'anonymous': tokenId='270b28df-dd52-4516-9398-31e8058057e7', issuer='jfrt@01e49j7nt5qc6w0satw40506g3', subject='jfrt@01e49j7nt5qc6w0satw40506g3', expiry=none, refreshable=false
2020-03-26 11:48:32,384 [AUDIT] Token created by 'jfrt@01e49j7nt5qc6w0satw40506g3': tokenId='30efbc1a-80ff-4eb2-b2cb-22d87eb1ebc6', issuer='jfrt@01e49j7nt5qc6w0satw40506g3', subject='jfrt@01e49j7nt5qc6w0satw40506g3', expiry=2531303312382, refreshable=false
2020-03-26 11:48:39,724 [AUDIT] Token created by 'anonymous': tokenId='f8d5afe9-6c7f-4fca-a994-07d6d3a82eb8', issuer='jffe@000', subject='jffe@000', expiry=none, refreshable=false
2020-03-26 11:48:39,845 [AUDIT] Token created by 'jffe@000': tokenId='9440341b-66d2-481b-b4d5-c5cf930d6506', issuer='jffe@000', subject='jffe@000', expiry=1585223919841, refreshable=false
2020-03-26 11:48:51,792 [AUDIT] Token created by 'jffe@000': tokenId='49ab439f-d582-4506-aaba-1e702d5e0a4b', issuer='jffe@000', subject='jffe@000/users/anonymous', expiry=1585223931784, refreshable=false
2020-03-26 11:48:51,803 [AUDIT] Token created by 'jffe@000': tokenId='0706b39c-4fe8-46d5-9e96-862f49b33707', issuer='jffe@000', subject='jffe@000/users/anonymous', expiry=1585223931796, refreshable=false
2020-03-26 11:48:51,826 [AUDIT] Token created by 'jffe@000': tokenId='1056402e-77dc-4641-9afd-5655a64cdabb', issuer='jffe@000', subject='jffe@000/users/anonymous', expiry=1585223931809, refreshable=false
2020-03-26 11:48:51,872 [AUDIT] Token created by 'jffe@000': tokenId='a2d6cabb-f0c6-4c7f-bbea-e275c438cf9e', issuer='jffe@000', subject='jffe@000/users/anonymous', expiry=1585223931855, refreshable=false
2020-03-26 11:51:38,997 [AUDIT] Token created by 'anonymous': tokenId='e2332981-859a-4fa2-b3ff-e60001f7fbe1', issuer='jfrou@01e49j78r7vs30xv5qb9mj5w52', subject='jfrou@01e49j78r7vs30xv5qb9mj5w52', expiry=none, refreshable=false
2020-03-26 11:51:39,099 [AUDIT] Token revoked by 'anonymous': tokenId='93b95c72-696a-477e-93ea-d1df40329d69', issuer='jfrou@01e49j78r7vs30xv5qb9mj5w52', subject='jfrou@01e49j78r7vs30xv5qb9mj5w52', expiry=none, refreshable=false
2020-03-26 11:51:39,596 [AUDIT] Token created by 'anonymous': tokenId='ccaa1df2-c49f-4d2b-852b-34c89e2acf8f', issuer='jfmd@01e49j7a9f9sx346488s7y6rc7', subject='jfmd@01e49j7a9f9sx346488s7y6rc7', expiry=none, refreshable=false
2020-03-26 11:51:39,633 [AUDIT] Token revoked by 'anonymous': tokenId='162ee129-7153-4291-83cf-8fcf32d8d497', issuer='jfmd@01e49j7a9f9sx346488s7y6rc7', subject='jfmd@01e49j7a9f9sx346488s7y6rc7', expiry=none, refreshable=false
2020-03-26 11:51:41,130 [AUDIT] Token created by 'anonymous': tokenId='7593c6c4-a7b3-4941-a2ca-c283dcbd24bb', issuer='jfrt@01e49j7nt5qc6w0satw40506g3', subject='jfrt@01e49j7nt5qc6w0satw40506g3', expiry=none, refreshable=false
2020-03-26 11:51:41,150 [AUDIT] Token revoked by 'anonymous': tokenId='270b28df-dd52-4516-9398-31e8058057e7', issuer='jfrt@01e49j7nt5qc6w0satw40506g3', subject='jfrt@01e49j7nt5qc6w0satw40506g3', expiry=none, refreshable=false
2020-03-26 11:51:41,160 [AUDIT] Token created by 'anonymous': tokenId='96076d8a-c5d6-4ef8-b175-c1c8d06d8f6e', issuer='jfac@01e49j73ccnr7c17gd5ayt0916', subject='jfac@01e49j73ccnr7c17gd5ayt0916', expiry=1585223621156, refreshable=false
2020-03-26 11:51:42,357 [AUDIT] Token created by 'jfrt@01e49j7nt5qc6w0satw40506g3': tokenId='d6756005-9f8a-40da-bd9a-fb406cd1ecf1', issuer='jfrt@01e49j7nt5qc6w0satw40506g3', subject='jfrt@01e49j7nt5qc6w0satw40506g3', expiry=2531303502355, refreshable=false
2020-03-26 11:51:49,701 [AUDIT] Token created by 'anonymous': tokenId='12454048-531d-43de-a799-dfc9b1eacc0a', issuer='jffe@000', subject='jffe@000', expiry=none, refreshable=false
2020-03-26 11:51:49,709 [AUDIT] Token revoked by 'anonymous': tokenId='f8d5afe9-6c7f-4fca-a994-07d6d3a82eb8', issuer='jffe@000', subject='jffe@000', expiry=none, refreshable=false
2020-03-26 11:51:49,772 [AUDIT] Token created by 'jffe@000': tokenId='24f5555b-7d2f-4c48-9e98-3a532e6cb999', issuer='jffe@000', subject='jffe@000', expiry=1585224109769, refreshable=false
2020-03-26 11:59:37,161 [AUDIT] Token created by 'anonymous': tokenId='30123ad3-1cd1-4542-8e13-15c7d1454dbc', issuer='jfrou@01e49j78r7vs30xv5qb9mj5w52', subject='jfrou@01e49j78r7vs30xv5qb9mj5w52', expiry=none, refreshable=false
2020-03-26 11:59:41,292 [AUDIT] Token created by 'anonymous': tokenId='33b113d6-d43c-40c1-804a-41e59c4408ec', issuer='jfac@01e49j73ccnr7c17gd5ayt0916', subject='jfac@01e49j73ccnr7c17gd5ayt0916', expiry=1585224101289, refreshable=false
2020-03-26 11:59:41,426 [AUDIT] Token created by 'anonymous': tokenId='09667c60-8701-4722-ae8d-10272d75218f', issuer='jfac@01e49j73ccnr7c17gd5ayt0916', subject='jfac@01e49j73ccnr7c17gd5ayt0916', expiry=1585224101421, refreshable=false
2020-03-26 11:59:41,646 [AUDIT] Token created by 'anonymous': tokenId='507f6ee9-39fa-41ea-b658-4565bc369a85', issuer='jfac@01e49j73ccnr7c17gd5ayt0916', subject='jfac@01e49j73ccnr7c17gd5ayt0916', expiry=1585224101642, refreshable=false
2020-03-26 11:59:42,062 [AUDIT] Token created by 'anonymous': tokenId='a9964616-d9cc-4fb5-9139-52fba352df56', issuer='jfac@01e49j73ccnr7c17gd5ayt0916', subject='jfac@01e49j73ccnr7c17gd5ayt0916', expiry=1585224102056, refreshable=false
2020-03-26 11:59:42,802 [AUDIT] Token created by 'anonymous': tokenId='10941cdc-ea50-49ba-a67f-e7f7483f99ea', issuer='jfmd@01e49j7a9f9sx346488s7y6rc7', subject='jfmd@01e49j7a9f9sx346488s7y6rc7', expiry=none, refreshable=false
2020-03-26 11:59:42,856 [AUDIT] Token created by 'anonymous': tokenId='8a4d09f9-c1ed-4ae9-a2f5-9c8815642d78', issuer='jfrt@01e49j7nt5qc6w0satw40506g3', subject='jfrt@01e49j7nt5qc6w0satw40506g3', expiry=none, refreshable=false
2020-03-26 11:59:44,042 [AUDIT] Token created by 'jfrt@01e49j7nt5qc6w0satw40506g3': tokenId='bc504934-1c41-46de-86fc-6222a5982a46', issuer='jfrt@01e49j7nt5qc6w0satw40506g3', subject='jfrt@01e49j7nt5qc6w0satw40506g3', expiry=2531303984040, refreshable=false
2020-03-26 11:59:50,794 [AUDIT] Token created by 'anonymous': tokenId='7b2cce77-ed6b-4dbd-8c8e-553e753c1bba', issuer='jffe@000', subject='jffe@000', expiry=none, refreshable=false
2020-03-26 11:59:50,838 [AUDIT] Token created by 'jffe@000': tokenId='2a706d6f-12ee-4d33-b774-715538ceabd2', issuer='jffe@000', subject='jffe@000', expiry=1585224590833, refreshable=false
2020-03-26 12:14:53,574 [AUDIT] Token created by 'anonymous': tokenId='acc8913c-d7d6-4482-88a7-6eb286bee9ff', issuer='jfrou@01e49j78r7vs30xv5qb9mj5w52', subject='jfrou@01e49j78r7vs30xv5qb9mj5w52', expiry=none, refreshable=false
2020-03-26 12:14:55,576 [AUDIT] Token created by 'anonymous': tokenId='ecc78d46-59f6-4333-b2f5-68e9196c62e9', issuer='jfac@01e49j73ccnr7c17gd5ayt0916', subject='jfac@01e49j73ccnr7c17gd5ayt0916', expiry=1585225015569, refreshable=false
2020-03-26 12:14:55,739 [AUDIT] Token created by 'anonymous': tokenId='3c3f1fa5-84c0-42d9-83c6-814a3f332afe', issuer='jfac@01e49j73ccnr7c17gd5ayt0916', subject='jfac@01e49j73ccnr7c17gd5ayt0916', expiry=1585225015732, refreshable=false
2020-03-26 12:14:55,983 [AUDIT] Token created by 'anonymous': tokenId='e859a87e-b7be-4719-b492-c6b721e2d228', issuer='jfac@01e49j73ccnr7c17gd5ayt0916', subject='jfac@01e49j73ccnr7c17gd5ayt0916', expiry=1585225015975, refreshable=false
2020-03-26 12:14:56,399 [AUDIT] Token created by 'anonymous': tokenId='68e4a4d0-e366-45d1-95f1-fa8b562514ce', issuer='jfac@01e49j73ccnr7c17gd5ayt0916', subject='jfac@01e49j73ccnr7c17gd5ayt0916', expiry=1585225016395, refreshable=false
2020-03-26 12:14:57,220 [AUDIT] Token created by 'anonymous': tokenId='53d4447b-9b27-4a87-b5cd-ef00d4703c66', issuer='jfac@01e49j73ccnr7c17gd5ayt0916', subject='jfac@01e49j73ccnr7c17gd5ayt0916', expiry=1585225017215, refreshable=false
2020-03-26 12:14:57,378 [AUDIT] Token created by 'anonymous': tokenId='ae512acd-f863-4941-b76e-a6c5008acd7e', issuer='jfmd@01e49j7a9f9sx346488s7y6rc7', subject='jfmd@01e49j7a9f9sx346488s7y6rc7', expiry=none, refreshable=false
2020-03-26 12:14:57,755 [AUDIT] Token created by 'anonymous': tokenId='d912dd8a-1b2f-4429-a483-eccc85fb7a4a', issuer='jfrt@01e49j7nt5qc6w0satw40506g3', subject='jfrt@01e49j7nt5qc6w0satw40506g3', expiry=none, refreshable=false
2020-03-26 12:14:59,902 [AUDIT] Token created by 'jfrt@01e49j7nt5qc6w0satw40506g3': tokenId='a497cacc-0aa2-4e22-a3c2-96fb5ca98c9e', issuer='jfrt@01e49j7nt5qc6w0satw40506g3', subject='jfrt@01e49j7nt5qc6w0satw40506g3', expiry=2531304899894, refreshable=false
2020-03-26 12:15:06,851 [AUDIT] Token created by 'anonymous': tokenId='41b9740d-0233-4412-aab1-4bd2c498de2a', issuer='jffe@000', subject='jffe@000', expiry=none, refreshable=false
2020-03-26 12:15:06,945 [AUDIT] Token created by 'jffe@000': tokenId='6943be70-70e8-4efe-ad0a-aac71f593915', issuer='jffe@000', subject='jffe@000', expiry=1585225506942, refreshable=false
2020-03-26 12:19:18,043 [AUDIT] Token created by 'jffe@000': tokenId='33ff06c9-8cd4-40f6-add3-56652b9b2c18', issuer='jffe@000', subject='jffe@000/users/anonymous', expiry=1585225758041, refreshable=false
2020-03-26 12:19:18,047 [AUDIT] Token created by 'jffe@000': tokenId='a8de3f29-8f09-418b-bd60-99eac62cc9aa', issuer='jffe@000', subject='jffe@000/users/anonymous', expiry=1585225758042, refreshable=false
2020-03-26 12:19:18,092 [AUDIT] Token created by 'jffe@000': tokenId='f9e686f1-f489-4da7-94b4-ab571b40174b', issuer='jffe@000', subject='jffe@000/users/anonymous', expiry=1585225758088, refreshable=false
2020-03-26 12:19:18,094 [AUDIT] Token created by 'jffe@000': tokenId='c6d244a8-9864-40b2-8aa6-7e644b5258e2', issuer='jffe@000', subject='jffe@000/users/anonymous', expiry=1585225758089, refreshable=false
2020-03-26 12:19:22,573 [AUDIT] Token created by 'jffe@000': tokenId='d153b6fb-86d7-4bb4-be16-088f60708207', issuer='jffe@000', subject='admin', expiry=1585226962556, refreshable=true
2020-03-26 12:19:22,826 [AUDIT] Token created by 'jffe@000': tokenId='58dba167-26f9-45aa-98c5-531617c3d798', issuer='jffe@000', subject='jffe@000/users/admin', expiry=1585225762823, refreshable=false
2020-03-26 12:19:22,845 [AUDIT] Token created by 'jffe@000': tokenId='4734336f-2807-45f5-ae56-5cba06009190', issuer='jffe@000', subject='jffe@000/users/admin', expiry=1585225762842, refreshable=false
2020-03-26 12:19:23,714 [AUDIT] Token created by 'jffe@000': tokenId='05c86858-478a-4ad8-b806-71d02399a3ce', issuer='jffe@000', subject='jffe@000/users/admin', expiry=1585225763712, refreshable=false
2020-03-26 12:22:41,823 [AUDIT] Token created by 'anonymous': tokenId='f781d421-38d1-4cb0-a1e3-21ee3d5c838b', issuer='jfrou@01e49j78r7vs30xv5qb9mj5w52', subject='jfrou@01e49j78r7vs30xv5qb9mj5w52', expiry=none, refreshable=false
2020-03-26 12:22:42,124 [AUDIT] Token revoked by 'anonymous': tokenId='acc8913c-d7d6-4482-88a7-6eb286bee9ff', issuer='jfrou@01e49j78r7vs30xv5qb9mj5w52', subject='jfrou@01e49j78r7vs30xv5qb9mj5w52', expiry=none, refreshable=false
2020-03-26 12:22:43,309 [AUDIT] Token created by 'anonymous': tokenId='c829fec0-934f-4b2e-aa62-4b2d34e161a2', issuer='jfmd@01e49j7a9f9sx346488s7y6rc7', subject='jfmd@01e49j7a9f9sx346488s7y6rc7', expiry=none, refreshable=false
2020-03-26 12:22:43,340 [AUDIT] Token revoked by 'anonymous': tokenId='ae512acd-f863-4941-b76e-a6c5008acd7e', issuer='jfmd@01e49j7a9f9sx346488s7y6rc7', subject='jfmd@01e49j7a9f9sx346488s7y6rc7', expiry=none, refreshable=false
2020-03-26 12:22:45,391 [AUDIT] Token created by 'anonymous': tokenId='b50335f6-ca84-4b56-ab46-e44921d7179b', issuer='jfrt@01e49j7nt5qc6w0satw40506g3', subject='jfrt@01e49j7nt5qc6w0satw40506g3', expiry=none, refreshable=false
2020-03-26 12:22:45,403 [AUDIT] Token revoked by 'anonymous': tokenId='d912dd8a-1b2f-4429-a483-eccc85fb7a4a', issuer='jfrt@01e49j7nt5qc6w0satw40506g3', subject='jfrt@01e49j7nt5qc6w0satw40506g3', expiry=none, refreshable=false
2020-03-26 12:22:46,450 [AUDIT] Token created by 'anonymous': tokenId='a5ac74d4-2f56-4684-be88-23b4fb3b61f9', issuer='jfac@01e49j73ccnr7c17gd5ayt0916', subject='jfac@01e49j73ccnr7c17gd5ayt0916', expiry=1585225486445, refreshable=false
2020-03-26 12:22:47,671 [AUDIT] Token created by 'jfrt@01e49j7nt5qc6w0satw40506g3': tokenId='be999795-b8b3-48dd-ace2-b8060422d1eb', issuer='jfrt@01e49j7nt5qc6w0satw40506g3', subject='jfrt@01e49j7nt5qc6w0satw40506g3', expiry=2531305367669, refreshable=false
2020-03-26 12:22:53,857 [AUDIT] Token created by 'anonymous': tokenId='ae566b75-d6e5-4d27-a271-c601796b36d1', issuer='jffe@000', subject='jffe@000', expiry=none, refreshable=false
2020-03-26 12:22:53,867 [AUDIT] Token revoked by 'anonymous': tokenId='41b9740d-0233-4412-aab1-4bd2c498de2a', issuer='jffe@000', subject='jffe@000', expiry=none, refreshable=false
2020-03-26 12:22:53,920 [AUDIT] Token created by 'jffe@000': tokenId='2c7ac120-646c-42e4-a2f6-0d6701b21c6c', issuer='jffe@000', subject='jffe@000', expiry=1585225973909, refreshable=false
2020-03-26 12:23:09,627 [AUDIT] Token created by 'jffe@000': tokenId='776b72a5-d4b6-436f-805c-d2c3f1940867', issuer='jffe@000', subject='jffe@000/users/anonymous', expiry=1585225989610, refreshable=false
2020-03-26 12:23:09,641 [AUDIT] Token created by 'jffe@000': tokenId='abf954a0-5d75-4fbb-acd1-8d9c460392a9', issuer='jffe@000', subject='jffe@000/users/anonymous', expiry=1585225989634, refreshable=false
2020-03-26 12:23:09,673 [AUDIT] Token created by 'jffe@000': tokenId='eff7a53d-cbad-4a07-ab00-e2214730dca5', issuer='jffe@000', subject='jffe@000/users/anonymous', expiry=1585225989657, refreshable=false
2020-03-26 12:23:09,737 [AUDIT] Token created by 'jffe@000': tokenId='7da4dd85-b603-48d0-8caa-251f185d73df', issuer='jffe@000', subject='jffe@000/users/anonymous', expiry=1585225989731, refreshable=false
2020-03-26 12:23:15,850 [AUDIT] Token created by 'jffe@000': tokenId='7d9363b9-f412-43b2-a981-839fbc116ced', issuer='jffe@000', subject='admin', expiry=1585227195829, refreshable=true
2020-03-26 12:23:16,037 [AUDIT] Token created by 'jffe@000': tokenId='9be0dd09-a1af-4499-83e8-2faf3f6f4253', issuer='jffe@000', subject='jffe@000/users/admin', expiry=1585225996032, refreshable=false
2020-03-26 12:23:16,054 [AUDIT] Token created by 'jffe@000': tokenId='19eb7c3d-f3f0-424f-8741-b75dcfbb18f9', issuer='jffe@000', subject='jffe@000/users/admin', expiry=1585225996049, refreshable=false
2020-03-26 12:23:16,833 [AUDIT] Token created by 'jffe@000': tokenId='7e24727b-5812-4f75-9ca7-c1620092faf9', issuer='jffe@000', subject='jffe@000/users/admin', expiry=1585225996826, refreshable=false
2020-03-26 12:26:49,071 [AUDIT] Token created by 'jffe@000': tokenId='dbebf546-5dc5-443b-8995-e13a670d6481', issuer='jffe@000', subject='admin', expiry=1585227409067, refreshable=true
2020-03-26 12:26:49,158 [AUDIT] Token created by 'jffe@000': tokenId='ce302b74-e007-44ac-bdfd-e76d1410dbed', issuer='jffe@000', subject='jffe@000/users/admin', expiry=1585226209154, refreshable=false
2020-03-26 12:26:49,177 [AUDIT] Token created by 'jffe@000': tokenId='7802b7de-a5a1-4b20-a257-4ab15c75b907', issuer='jffe@000', subject='jffe@000/users/admin', expiry=1585226209174, refreshable=false
2020-03-26 12:26:49,612 [AUDIT] Token created by 'jffe@000': tokenId='1263fdd1-1b16-443f-b7e5-93149505dd5b', issuer='jffe@000', subject='jffe@000/users/admin', expiry=1585226209610, refreshable=false
2020-03-26 12:32:56,293 [AUDIT] Token created by 'jffe@000': tokenId='8e1f7482-7556-457f-8c5c-7c3a4d5934c2', issuer='jffe@000', subject='jffe@000', expiry=1585226576292, refreshable=false
2020-03-26 12:32:56,298 [AUDIT] Token created by 'jffe@000': tokenId='46cdbf2e-7226-403b-acf6-3c5eb39437f1', issuer='jffe@000', subject='jffe@000', expiry=1585226576294, refreshable=false
2020-03-26 12:32:56,303 [AUDIT] Token created by 'jffe@000': tokenId='e901e157-03ac-40c5-a846-4f7ac469280e', issuer='jffe@000', subject='jffe@000', expiry=1585226576299, refreshable=false
2020-03-26 12:32:56,304 [AUDIT] Token created by 'jffe@000': tokenId='04568221-8dd8-49c2-8e6c-c7b020de00c8', issuer='jffe@000', subject='jffe@000', expiry=1585226576295, refreshable=false
2020-03-26 12:36:49,176 [AUDIT] Token created by 'jffe@000': tokenId='4bd98e71-2d62-4be8-84dc-3d4d3068a124', issuer='jffe@000', subject='jffe@000/users/admin', expiry=1585226809173, refreshable=false
2020-03-26 12:42:56,355 [AUDIT] Token created by 'jffe@000': tokenId='a8264f3f-6d30-4b51-9b33-1e884f3b59cd', issuer='jffe@000', subject='jffe@000', expiry=1585227176351, refreshable=false
2020-03-26 12:42:56,359 [AUDIT] Token created by 'jffe@000': tokenId='b37e0151-02e3-40a3-8fea-a85758eb69c0', issuer='jffe@000', subject='jffe@000', expiry=1585227176352, refreshable=false
2020-03-26 12:42:56,360 [AUDIT] Token created by 'jffe@000': tokenId='0ac58c62-2f57-4fb4-8e3d-0ef70c0ded42', issuer='jffe@000', subject='jffe@000', expiry=1585227176351, refreshable=false
2020-03-26 12:42:56,362 [AUDIT] Token created by 'jffe@000': tokenId='77645d20-74bc-4214-a346-21ed0c58b521', issuer='jffe@000', subject='jffe@000', expiry=1585227176352, refreshable=false
2020-03-26 12:46:49,227 [AUDIT] Token created by 'jffe@000': tokenId='afd83e4f-f89c-470c-864e-a1b0c677c748', issuer='jffe@000', subject='jffe@000/users/admin', expiry=1585227409216, refreshable=false
2020-03-26 12:52:56,419 [AUDIT] Token created by 'jffe@000': tokenId='366218b8-b61a-46b6-ad08-717cc0dc2baa', issuer='jffe@000', subject='jffe@000', expiry=1585227776410, refreshable=false
2020-03-26 12:52:56,431 [AUDIT] Token created by 'jffe@000': tokenId='496df576-094a-48bd-9cf4-236557724f3d', issuer='jffe@000', subject='jffe@000', expiry=1585227776410, refreshable=false
2020-03-26 12:52:56,431 [AUDIT] Token created by 'jffe@000': tokenId='343963e1-ec07-4749-bab8-5346e17b5ff9', issuer='jffe@000', subject='jffe@000', expiry=1585227776410, refreshable=false
2020-03-26 12:52:56,432 [AUDIT] Token created by 'jffe@000': tokenId='03df240c-897b-4217-8ec0-7f43aa71cf7d', issuer='jffe@000', subject='jffe@000', expiry=1585227776411, refreshable=false
