2020-03-26T12:22:11.312Z [33m[jffe ][39m [34m[INFO ][39m [1m[                ][22m [                              ] [main                ] - frontend (jffe) service initialization started. Version: 1.2.0 Revision: 0.0.0 PID: 2798 Home: /opt/jfrog/artifactory
2020-03-26T12:22:53.811Z [33m[jffe ][39m [34m[INFO ][39m [1m[                ][22m [                              ] [main                ] - setting service id - jffe@000
2020-03-26T12:22:53.879Z [33m[jffe ][39m [34m[INFO ][39m [1m[                ][22m [                              ] [main                ] - Cluster join: Successfully joined the cluster
2020-03-26T12:22:53.902Z [33m[jffe ][39m [34m[INFO ][39m [1m[                ][22m [                              ] [main                ] - UI service successfully registered on router, serviceId: jffe@000
2020-03-26T12:22:54.213Z [33m[jffe ][39m [34m[INFO ][39m [1m[                ][22m [                              ] [main                ] - Recurring tasks started
2020-03-26T12:22:54.331Z [33m[jffe ][39m [34m[INFO ][39m [1m[                ][22m [                              ] [main                ] - frontend (jffe) service initialization completed in 43.02 seconds. Listening on port: port 8070
2020-03-26T12:56:49.267Z [33m[jffe ][39m [31m[1m[ERROR][22m[39m [1m[40ffa682ff325068][22m [                              ] [main                ] - Error: error verifying token :: Received http2 header with status: 502
    at Function.verifyToken (/opt/jfrog/artifactory/app/frontend/bin/server/dist/webpack:/src/Services/AccessTokenService.ts:65:20)
2020-03-26T12:56:49.269Z [33m[jffe ][39m [31m[1m[ERROR][22m[39m [1m[40ffa682ff325068][22m [                              ] [main                ] - Error: GRPC error - CANCELLED Received http2 header with status: 502
    at Function.handleError (/opt/jfrog/artifactory/app/frontend/bin/server/dist/webpack:/src/Services/AccessTokenService.ts:300:20)
    at Function.verifyToken (/opt/jfrog/artifactory/app/frontend/bin/server/dist/webpack:/src/Services/AccessTokenService.ts:66:26)
2020-03-26T12:56:49.272Z [33m[jffe ][39m [31m[1m[ERROR][22m[39m [1m[40ffa682ff325068][22m [                              ] [main                ] - Error: error creating impersonation token for user - anonymous for service - artifactory
    at Function.createImpersonationToken (/opt/jfrog/artifactory/app/frontend/bin/server/dist/webpack:/src/Services/AccessTokenService.ts:113:20)
2020-03-26T12:56:49.273Z [33m[jffe ][39m [31m[1m[ERROR][22m[39m [1m[40ffa682ff325068][22m [                              ] [main                ] - Error: error getting impersonation token for user - anonymous with sessionId -  for service artifactory
    at Function.getImpersonationToken (/opt/jfrog/artifactory/app/frontend/bin/server/dist/webpack:/src/Services/AccessTokenService.ts:164:9)
2020-03-26T12:56:49.274Z [33m[jffe ][39m [31m[1m[ERROR][22m[39m [1m[40ffa682ff325068][22m [                              ] [main                ] - Error: GRPC error - CANCELLED Received http2 header with status: 502
    at Function.handleError (/opt/jfrog/artifactory/app/frontend/bin/server/dist/webpack:/src/Services/AccessTokenService.ts:300:20)
    at Function.getImpersonationToken (/opt/jfrog/artifactory/app/frontend/bin/server/dist/webpack:/src/Services/AccessTokenService.ts:168:26)
2020-03-26T12:56:49.458Z [33m[jffe ][39m [31m[1m[ERROR][22m[39m [1m[6bda16d3ddfc94b4][22m [                              ] [main                ] - Error: error creating impersonation token for user - anonymous for service - artifactory
    at Function.createImpersonationToken (/opt/jfrog/artifactory/app/frontend/bin/server/dist/webpack:/src/Services/AccessTokenService.ts:113:20)
2020-03-26T12:56:49.459Z [33m[jffe ][39m [31m[1m[ERROR][22m[39m [1m[6bda16d3ddfc94b4][22m [                              ] [main                ] - Error: error getting impersonation token for user - anonymous with sessionId -  for service artifactory
    at Function.getImpersonationToken (/opt/jfrog/artifactory/app/frontend/bin/server/dist/webpack:/src/Services/AccessTokenService.ts:164:9)
2020-03-26T12:56:49.459Z [33m[jffe ][39m [31m[1m[ERROR][22m[39m [1m[6bda16d3ddfc94b4][22m [                              ] [main                ] - Error: GRPC error - CANCELLED Received http2 header with status: 502
    at Function.handleError (/opt/jfrog/artifactory/app/frontend/bin/server/dist/webpack:/src/Services/AccessTokenService.ts:300:20)
    at Function.getImpersonationToken (/opt/jfrog/artifactory/app/frontend/bin/server/dist/webpack:/src/Services/AccessTokenService.ts:168:26)
2020-03-26T12:56:51.693Z [33m[jffe ][39m [31m[1m[ERROR][22m[39m [1m[6bda16d3ddfc94b4][22m [                              ] [main                ] - Error: Request failed with status code 502
    at createError (/opt/jfrog/artifactory/app/frontend/bin/server/dist/webpack:/node_modules/axios/lib/core/createError.js:16:1)
    at settle (/opt/jfrog/artifactory/app/frontend/bin/server/dist/webpack:/node_modules/axios/lib/core/settle.js:17:1)
    at IncomingMessage.handleStreamEnd (/opt/jfrog/artifactory/app/frontend/bin/server/dist/webpack:/node_modules/axios/lib/adapters/http.js:237:1)
    at IncomingMessage.emit (events.js:203:15)
    at endReadableNT (_stream_readable.js:1145:12)
    at process._tickCallback (internal/process/next_tick.js:63:19)
